<?xml version="1.0" encoding="UTF-8"?>
<coverage generated="1788553293224" clover="3.2.0">
  <project timestamp="1788553293224" name="All files">
    <metrics statements="6073" coveredstatements="2970" conditionals="3044" coveredconditionals="891" methods="2135" coveredmethods="640" elements="11252" coveredelements="4501" complexity="0" loc="6073" ncloc="6073" packages="77" files="322" classes="322"/>
    <package name="src">
      <metrics statements="220" coveredstatements="220" conditionals="0" coveredconditionals="0" methods="3" coveredmethods="3"/>
      <file name="constants.ts" path="/var/lib/buildkite-agent/builds/buildkite-x86-8core-ac5db0f8-i-0585c5498de529e63-1/terraformation/terraware-web/src/constants.ts">
        <metrics statements="174" coveredstatements="174" conditionals="0" coveredconditionals="0" methods="2" coveredmethods="2"/>
        <line num="0" count="8" type="stmt"/>
        <line num="1" count="8" type="stmt"/>
        <line num="2" count="8" type="stmt"/>
        <line num="3" count="8" type="stmt"/>
        <line num="5" count="8" type="stmt"/>
        <line num="9" count="8" type="stmt"/>
        <line num="11" count="8" type="stmt"/>
        <line num="12" count="8" type="stmt"/>
        <line num="13" count="8" type="stmt"/>
        <line num="14" count="8" type="stmt"/>
        <line num="16" count="8" type="stmt"/>
        <line num="19" count="8" type="stmt"/>
        <line num="20" count="8" type="stmt"/>
        <line num="23" count="8" type="stmt"/>
        <line num="24" count="8" type="stmt"/>
        <line num="25" count="8" type="stmt"/>
        <line num="26" count="8" type="stmt"/>
        <line num="27" count="8" type="stmt"/>
        <line num="28" count="8" type="stmt"/>
        <line num="29" count="8" type="stmt"/>
        <line num="30" count="8" type="stmt"/>
        <line num="31" count="8" type="stmt"/>
        <line num="32" count="8" type="stmt"/>
        <line num="33" count="8" type="stmt"/>
        <line num="34" count="8" type="stmt"/>
        <line num="35" count="8" type="stmt"/>
        <line num="36" count="8" type="stmt"/>
        <line num="37" count="8" type="stmt"/>
        <line num="38" count="8" type="stmt"/>
        <line num="39" count="8" type="stmt"/>
        <line num="40" count="8" type="stmt"/>
        <line num="41" count="8" type="stmt"/>
        <line num="42" count="8" type="stmt"/>
        <line num="43" count="8" type="stmt"/>
        <line num="44" count="8" type="stmt"/>
        <line num="45" count="8" type="stmt"/>
        <line num="46" count="8" type="stmt"/>
        <line num="47" count="8" type="stmt"/>
        <line num="48" count="8" type="stmt"/>
        <line num="49" count="8" type="stmt"/>
        <line num="50" count="8" type="stmt"/>
        <line num="51" count="8" type="stmt"/>
        <line num="52" count="8" type="stmt"/>
        <line num="53" count="8" type="stmt"/>
        <line num="54" count="8" type="stmt"/>
        <line num="55" count="8" type="stmt"/>
        <line num="56" count="8" type="stmt"/>
        <line num="57" count="8" type="stmt"/>
        <line num="58" count="8" type="stmt"/>
        <line num="59" count="8" type="stmt"/>
        <line num="60" count="8" type="stmt"/>
        <line num="61" count="8" type="stmt"/>
        <line num="62" count="8" type="stmt"/>
        <line num="63" count="8" type="stmt"/>
        <line num="64" count="8" type="stmt"/>
        <line num="65" count="8" type="stmt"/>
        <line num="66" count="8" type="stmt"/>
        <line num="67" count="8" type="stmt"/>
        <line num="68" count="8" type="stmt"/>
        <line num="69" count="8" type="stmt"/>
        <line num="70" count="8" type="stmt"/>
        <line num="71" count="8" type="stmt"/>
        <line num="72" count="8" type="stmt"/>
        <line num="73" count="8" type="stmt"/>
        <line num="74" count="8" type="stmt"/>
        <line num="75" count="8" type="stmt"/>
        <line num="76" count="8" type="stmt"/>
        <line num="77" count="8" type="stmt"/>
        <line num="78" count="8" type="stmt"/>
        <line num="79" count="8" type="stmt"/>
        <line num="80" count="8" type="stmt"/>
        <line num="81" count="8" type="stmt"/>
        <line num="82" count="8" type="stmt"/>
        <line num="83" count="8" type="stmt"/>
        <line num="84" count="8" type="stmt"/>
        <line num="85" count="8" type="stmt"/>
        <line num="86" count="8" type="stmt"/>
        <line num="87" count="8" type="stmt"/>
        <line num="88" count="8" type="stmt"/>
        <line num="89" count="8" type="stmt"/>
        <line num="90" count="8" type="stmt"/>
        <line num="91" count="8" type="stmt"/>
        <line num="92" count="8" type="stmt"/>
        <line num="93" count="8" type="stmt"/>
        <line num="94" count="8" type="stmt"/>
        <line num="95" count="8" type="stmt"/>
        <line num="96" count="8" type="stmt"/>
        <line num="97" count="8" type="stmt"/>
        <line num="98" count="8" type="stmt"/>
        <line num="99" count="8" type="stmt"/>
        <line num="100" count="8" type="stmt"/>
        <line num="101" count="8" type="stmt"/>
        <line num="102" count="8" type="stmt"/>
        <line num="103" count="8" type="stmt"/>
        <line num="104" count="8" type="stmt"/>
        <line num="105" count="8" type="stmt"/>
        <line num="106" count="8" type="stmt"/>
        <line num="107" count="8" type="stmt"/>
        <line num="108" count="8" type="stmt"/>
        <line num="109" count="8" type="stmt"/>
        <line num="110" count="8" type="stmt"/>
        <line num="111" count="8" type="stmt"/>
        <line num="112" count="8" type="stmt"/>
        <line num="113" count="8" type="stmt"/>
        <line num="114" count="8" type="stmt"/>
        <line num="115" count="8" type="stmt"/>
        <line num="116" count="8" type="stmt"/>
        <line num="117" count="8" type="stmt"/>
        <line num="118" count="8" type="stmt"/>
        <line num="119" count="8" type="stmt"/>
        <line num="120" count="8" type="stmt"/>
        <line num="121" count="8" type="stmt"/>
        <line num="122" count="8" type="stmt"/>
        <line num="123" count="8" type="stmt"/>
        <line num="124" count="8" type="stmt"/>
        <line num="125" count="8" type="stmt"/>
        <line num="126" count="8" type="stmt"/>
        <line num="127" count="8" type="stmt"/>
        <line num="128" count="8" type="stmt"/>
        <line num="129" count="8" type="stmt"/>
        <line num="130" count="8" type="stmt"/>
        <line num="131" count="8" type="stmt"/>
        <line num="132" count="8" type="stmt"/>
        <line num="133" count="8" type="stmt"/>
        <line num="134" count="8" type="stmt"/>
        <line num="135" count="8" type="stmt"/>
        <line num="136" count="8" type="stmt"/>
        <line num="137" count="8" type="stmt"/>
        <line num="138" count="8" type="stmt"/>
        <line num="139" count="8" type="stmt"/>
        <line num="140" count="8" type="stmt"/>
        <line num="141" count="8" type="stmt"/>
        <line num="142" count="8" type="stmt"/>
        <line num="143" count="8" type="stmt"/>
        <line num="144" count="8" type="stmt"/>
        <line num="145" count="8" type="stmt"/>
        <line num="146" count="8" type="stmt"/>
        <line num="147" count="8" type="stmt"/>
        <line num="148" count="8" type="stmt"/>
        <line num="149" count="8" type="stmt"/>
        <line num="150" count="8" type="stmt"/>
        <line num="151" count="8" type="stmt"/>
        <line num="152" count="8" type="stmt"/>
        <line num="153" count="8" type="stmt"/>
        <line num="154" count="8" type="stmt"/>
        <line num="155" count="8" type="stmt"/>
        <line num="156" count="8" type="stmt"/>
        <line num="157" count="8" type="stmt"/>
        <line num="158" count="8" type="stmt"/>
        <line num="159" count="8" type="stmt"/>
        <line num="160" count="8" type="stmt"/>
        <line num="161" count="8" type="stmt"/>
        <line num="162" count="8" type="stmt"/>
        <line num="163" count="8" type="stmt"/>
        <line num="164" count="8" type="stmt"/>
        <line num="165" count="8" type="stmt"/>
        <line num="166" count="8" type="stmt"/>
        <line num="167" count="8" type="stmt"/>
        <line num="168" count="8" type="stmt"/>
        <line num="172" count="8" type="stmt"/>
        <line num="173" count="8" type="stmt"/>
        <line num="174" count="8" type="stmt"/>
        <line num="175" count="8" type="stmt"/>
        <line num="176" count="8" type="stmt"/>
        <line num="177" count="8" type="stmt"/>
        <line num="178" count="8" type="stmt"/>
        <line num="179" count="8" type="stmt"/>
        <line num="180" count="8" type="stmt"/>
        <line num="181" count="8" type="stmt"/>
        <line num="182" count="8" type="stmt"/>
        <line num="183" count="8" type="stmt"/>
        <line num="184" count="8" type="stmt"/>
        <line num="185" count="8" type="stmt"/>
        <line num="186" count="8" type="stmt"/>
      </file>
      <file name="mixpanelEvents.ts" path="/var/lib/buildkite-agent/builds/buildkite-x86-8core-ac5db0f8-i-0585c5498de529e63-1/terraformation/terraware-web/src/mixpanelEvents.ts">
        <metrics statements="46" coveredstatements="46" conditionals="0" coveredconditionals="0" methods="1" coveredmethods="1"/>
        <line num="0" count="2" type="stmt"/>
        <line num="1" count="2" type="stmt"/>
        <line num="11" count="2" type="stmt"/>
        <line num="12" count="2" type="stmt"/>
        <line num="13" count="2" type="stmt"/>
        <line num="16" count="2" type="stmt"/>
        <line num="17" count="2" type="stmt"/>
        <line num="18" count="2" type="stmt"/>
        <line num="19" count="2" type="stmt"/>
        <line num="20" count="2" type="stmt"/>
        <line num="23" count="2" type="stmt"/>
        <line num="26" count="2" type="stmt"/>
        <line num="27" count="2" type="stmt"/>
        <line num="30" count="2" type="stmt"/>
        <line num="31" count="2" type="stmt"/>
        <line num="32" count="2" type="stmt"/>
        <line num="35" count="2" type="stmt"/>
        <line num="36" count="2" type="stmt"/>
        <line num="39" count="2" type="stmt"/>
        <line num="40" count="2" type="stmt"/>
        <line num="41" count="2" type="stmt"/>
        <line num="42" count="2" type="stmt"/>
        <line num="45" count="2" type="stmt"/>
        <line num="46" count="2" type="stmt"/>
        <line num="47" count="2" type="stmt"/>
        <line num="48" count="2" type="stmt"/>
        <line num="49" count="2" type="stmt"/>
        <line num="52" count="2" type="stmt"/>
        <line num="53" count="2" type="stmt"/>
        <line num="56" count="2" type="stmt"/>
        <line num="57" count="2" type="stmt"/>
        <line num="60" count="2" type="stmt"/>
        <line num="61" count="2" type="stmt"/>
        <line num="62" count="2" type="stmt"/>
        <line num="65" count="2" type="stmt"/>
        <line num="66" count="2" type="stmt"/>
        <line num="67" count="2" type="stmt"/>
        <line num="68" count="2" type="stmt"/>
        <line num="69" count="2" type="stmt"/>
        <line num="70" count="2" type="stmt"/>
        <line num="71" count="2" type="stmt"/>
        <line num="72" count="2" type="stmt"/>
        <line num="73" count="2" type="stmt"/>
        <line num="74" count="2" type="stmt"/>
        <line num="75" count="2" type="stmt"/>
        <line num="76" count="2" type="stmt"/>
      </file>
      <file name="theme.ts" path="/var/lib/buildkite-agent/builds/buildkite-x86-8core-ac5db0f8-i-0585c5498de529e63-1/terraformation/terraware-web/src/theme.ts">
        <metrics statements="0" coveredstatements="0" conditionals="0" coveredconditionals="0" methods="0" coveredmethods="0"/>
      </file>
    </package>
    <package name="src.api.helpers">
      <metrics statements="8" coveredstatements="8" conditionals="4" coveredconditionals="3" methods="2" coveredmethods="2"/>
      <file name="addQueryParams.ts" path="/var/lib/buildkite-agent/builds/buildkite-x86-8core-ac5db0f8-i-0585c5498de529e63-1/terraformation/terraware-web/src/api/helpers/addQueryParams.ts">
        <metrics statements="8" coveredstatements="8" conditionals="4" coveredconditionals="3" methods="2" coveredmethods="2"/>
        <line num="8" count="8" type="stmt"/>
        <line num="9" count="3" type="stmt"/>
        <line num="11" count="3" type="stmt"/>
        <line num="12" count="3" type="stmt"/>
        <line num="13" count="4" type="cond" truecount="1" falsecount="1"/>
        <line num="14" count="4" type="cond" truecount="2" falsecount="0"/>
        <line num="15" count="4" type="stmt"/>
        <line num="19" count="3" type="stmt"/>
      </file>
    </package>
    <package name="src.components">
      <metrics statements="19" coveredstatements="14" conditionals="16" coveredconditionals="5" methods="7" coveredmethods="5"/>
      <file name="PageSnackbar.tsx" path="/var/lib/buildkite-agent/builds/buildkite-x86-8core-ac5db0f8-i-0585c5498de529e63-1/terraformation/terraware-web/src/components/PageSnackbar.tsx">
        <metrics statements="19" coveredstatements="14" conditionals="16" coveredconditionals="5" methods="7" coveredmethods="5"/>
        <line num="21" count="125" type="stmt"/>
        <line num="22" count="125" type="stmt"/>
        <line num="23" count="125" type="stmt"/>
        <line num="24" count="19" type="cond" truecount="1" falsecount="1"/>
        <line num="26" count="125" type="stmt"/>
        <line num="27" count="19" type="stmt"/>
        <line num="30" count="125" type="stmt"/>
        <line num="31" count="19" type="cond" truecount="1" falsecount="1"/>
        <line num="33" count="19" type="stmt"/>
        <line num="37" count="125" type="stmt"/>
        <line num="38" count="0" type="cond" truecount="0" falsecount="2"/>
        <line num="39" count="0" type="stmt"/>
        <line num="48" count="125" type="stmt"/>
        <line num="49" count="0" type="cond" truecount="0" falsecount="2"/>
        <line num="50" count="0" type="stmt"/>
        <line num="51" count="0" type="stmt"/>
        <line num="55" count="125" type="stmt"/>
        <line num="69" count="125" type="stmt"/>
        <line num="71" count="125" type="stmt"/>
      </file>
    </package>
    <package name="src.components.AcceleratorReports">
      <metrics statements="159" coveredstatements="70" conditionals="112" coveredconditionals="61" methods="63" coveredmethods="31"/>
      <file name="useExportReportCsv.ts" path="/var/lib/buildkite-agent/builds/buildkite-x86-8core-ac5db0f8-i-0585c5498de529e63-1/terraformation/terraware-web/src/components/AcceleratorReports/useExportReportCsv.ts">
        <metrics statements="72" coveredstatements="23" conditionals="46" coveredconditionals="25" methods="27" coveredmethods="13"/>
        <line num="71" count="1" type="stmt"/>
        <line num="72" count="4" type="cond" truecount="3" falsecount="0"/>
        <line num="93" count="1" type="stmt"/>
        <line num="94" count="9" type="cond" truecount="2" falsecount="0"/>
        <line num="96" count="9" type="cond" truecount="2" falsecount="0"/>
        <line num="98" count="9" type="stmt"/>
        <line num="129" count="1" type="stmt"/>
        <line num="130" count="2" type="stmt"/>
        <line num="134" count="1" type="stmt"/>
        <line num="135" count="2" type="stmt"/>
        <line num="137" count="1" type="stmt"/>
        <line num="164" count="10" type="stmt"/>
        <line num="198" count="1" type="stmt"/>
        <line num="199" count="132" type="cond" truecount="2" falsecount="0"/>
        <line num="200" count="123" type="stmt"/>
        <line num="203" count="9" type="cond" truecount="2" falsecount="0"/>
        <line num="207" count="1" type="stmt"/>
        <line num="208" count="6" type="stmt"/>
        <line num="209" count="132" type="stmt"/>
        <line num="212" count="44" type="stmt"/>
        <line num="214" count="7" type="stmt"/>
        <line num="218" count="11" type="stmt"/>
        <line num="267" count="1" type="stmt"/>
        <line num="268" count="0" type="stmt"/>
        <line num="269" count="0" type="stmt"/>
        <line num="270" count="0" type="stmt"/>
        <line num="272" count="0" type="stmt"/>
        <line num="273" count="0" type="stmt"/>
        <line num="275" count="0" type="stmt"/>
        <line num="277" count="0" type="cond" truecount="0" falsecount="4"/>
        <line num="279" count="0" type="stmt"/>
        <line num="281" count="0" type="stmt"/>
        <line num="283" count="0" type="stmt"/>
        <line num="285" count="0" type="stmt"/>
        <line num="291" count="0" type="stmt"/>
        <line num="293" count="0" type="cond" truecount="0" falsecount="2"/>
        <line num="294" count="0" type="stmt"/>
        <line num="297" count="0" type="cond" truecount="0" falsecount="9"/>
        <line num="299" count="0" type="cond" truecount="0" falsecount="2"/>
        <line num="301" count="0" type="stmt"/>
        <line num="303" count="0" type="stmt"/>
        <line num="305" count="0" type="stmt"/>
        <line num="307" count="0" type="stmt"/>
        <line num="309" count="0" type="stmt"/>
        <line num="311" count="0" type="stmt"/>
        <line num="313" count="0" type="stmt"/>
        <line num="315" count="0" type="stmt"/>
        <line num="322" count="0" type="stmt"/>
        <line num="339" count="0" type="stmt"/>
        <line num="369" count="0" type="stmt"/>
        <line num="371" count="0" type="stmt"/>
        <line num="372" count="0" type="stmt"/>
        <line num="375" count="0" type="stmt"/>
        <line num="378" count="0" type="stmt"/>
        <line num="383" count="0" type="stmt"/>
        <line num="385" count="0" type="stmt"/>
        <line num="392" count="0" type="stmt"/>
        <line num="429" count="0" type="stmt"/>
        <line num="431" count="0" type="stmt"/>
        <line num="432" count="0" type="stmt"/>
        <line num="434" count="0" type="stmt"/>
        <line num="441" count="0" type="stmt"/>
        <line num="447" count="0" type="stmt"/>
        <line num="449" count="0" type="stmt"/>
        <line num="450" count="0" type="stmt"/>
        <line num="451" count="0" type="stmt"/>
        <line num="453" count="0" type="cond" truecount="0" falsecount="2"/>
        <line num="454" count="0" type="stmt"/>
        <line num="455" count="0" type="stmt"/>
        <line num="458" count="0" type="stmt"/>
        <line num="465" count="0" type="stmt"/>
        <line num="471" count="0" type="stmt"/>
      </file>
      <file name="utils.ts" path="/var/lib/buildkite-agent/builds/buildkite-x86-8core-ac5db0f8-i-0585c5498de529e63-1/terraformation/terraware-web/src/components/AcceleratorReports/utils.ts">
        <metrics statements="87" coveredstatements="47" conditionals="66" coveredconditionals="36" methods="36" coveredmethods="18"/>
        <line num="12" count="2" type="stmt"/>
        <line num="13" count="11" type="stmt"/>
        <line num="14" count="11" type="cond" truecount="2" falsecount="0"/>
        <line num="49" count="2" type="stmt"/>
        <line num="50" count="24" type="stmt"/>
        <line num="51" count="24" type="stmt"/>
        <line num="53" count="24" type="stmt"/>
        <line num="54" count="39" type="cond" truecount="3" falsecount="1"/>
        <line num="56" count="39" type="cond" truecount="2" falsecount="0"/>
        <line num="57" count="23" type="stmt"/>
        <line num="61" count="1" type="stmt"/>
        <line num="65" count="2" type="stmt"/>
        <line num="66" count="13" type="stmt"/>
        <line num="68" count="2" type="stmt"/>
        <line num="69" count="7" type="stmt"/>
        <line num="70" count="4" type="cond" truecount="2" falsecount="0"/>
        <line num="71" count="2" type="cond" truecount="2" falsecount="0"/>
        <line num="72" count="5" type="cond" truecount="2" falsecount="0"/>
        <line num="80" count="2" type="stmt"/>
        <line num="81" count="2" type="stmt"/>
        <line num="83" count="2" type="stmt"/>
        <line num="84" count="3" type="stmt"/>
        <line num="85" count="2" type="cond" truecount="2" falsecount="0"/>
        <line num="86" count="2" type="cond" truecount="2" falsecount="0"/>
        <line num="87" count="2" type="cond" truecount="2" falsecount="0"/>
        <line num="97" count="2" type="stmt"/>
        <line num="103" count="18" type="stmt"/>
        <line num="104" count="18" type="stmt"/>
        <line num="106" count="18" type="cond" truecount="4" falsecount="0"/>
        <line num="107" count="10" type="stmt"/>
        <line num="112" count="8" type="cond" truecount="4" falsecount="0"/>
        <line num="113" count="1" type="stmt"/>
        <line num="117" count="7" type="cond" truecount="5" falsecount="0"/>
        <line num="119" count="9" type="stmt"/>
        <line num="123" count="2" type="stmt"/>
        <line num="124" count="3" type="stmt"/>
        <line num="136" count="3" type="cond" truecount="2" falsecount="0"/>
        <line num="139" count="2" type="stmt"/>
        <line num="144" count="0" type="cond" truecount="0" falsecount="6"/>
        <line num="146" count="0" type="stmt"/>
        <line num="148" count="0" type="cond" truecount="0" falsecount="2"/>
        <line num="150" count="0" type="stmt"/>
        <line num="152" count="0" type="stmt"/>
        <line num="154" count="0" type="stmt"/>
        <line num="156" count="0" type="stmt"/>
        <line num="160" count="2" type="stmt"/>
        <line num="164" count="0" type="cond" truecount="0" falsecount="5"/>
        <line num="166" count="0" type="stmt"/>
        <line num="168" count="0" type="stmt"/>
        <line num="170" count="0" type="stmt"/>
        <line num="172" count="0" type="stmt"/>
        <line num="174" count="0" type="stmt"/>
        <line num="178" count="2" type="stmt"/>
        <line num="179" count="0" type="cond" truecount="0" falsecount="5"/>
        <line num="181" count="0" type="stmt"/>
        <line num="183" count="0" type="stmt"/>
        <line num="185" count="0" type="stmt"/>
        <line num="187" count="0" type="stmt"/>
        <line num="189" count="0" type="stmt"/>
        <line num="193" count="2" type="stmt"/>
        <line num="194" count="0" type="cond" truecount="0" falsecount="5"/>
        <line num="196" count="0" type="stmt"/>
        <line num="198" count="0" type="stmt"/>
        <line num="200" count="0" type="stmt"/>
        <line num="202" count="0" type="stmt"/>
        <line num="204" count="0" type="stmt"/>
        <line num="208" count="2" type="stmt"/>
        <line num="209" count="0" type="cond" truecount="0" falsecount="4"/>
        <line num="211" count="0" type="stmt"/>
        <line num="213" count="0" type="stmt"/>
        <line num="215" count="0" type="stmt"/>
        <line num="217" count="0" type="stmt"/>
        <line num="221" count="2" type="stmt"/>
        <line num="222" count="0" type="stmt"/>
        <line num="224" count="2" type="stmt"/>
        <line num="225" count="0" type="stmt"/>
        <line num="226" count="0" type="stmt"/>
        <line num="230" count="0" type="cond" truecount="0" falsecount="2"/>
        <line num="232" count="2" type="stmt"/>
        <line num="240" count="0" type="stmt"/>
        <line num="247" count="0" type="stmt"/>
        <line num="248" count="0" type="stmt"/>
        <line num="253" count="0" type="stmt"/>
        <line num="258" count="0" type="stmt"/>
        <line num="266" count="2" type="stmt"/>
        <line num="268" count="0" type="stmt"/>
        <line num="277" count="2" type="stmt"/>
      </file>
    </package>
    <package name="src.components.DeliverableView">
      <metrics statements="19" coveredstatements="1" conditionals="17" coveredconditionals="0" methods="2" coveredmethods="0"/>
      <file name="DeliverableStatusBadge.tsx" path="/var/lib/buildkite-agent/builds/buildkite-x86-8core-ac5db0f8-i-0585c5498de529e63-1/terraformation/terraware-web/src/components/DeliverableView/DeliverableStatusBadge.tsx">
        <metrics statements="19" coveredstatements="1" conditionals="17" coveredconditionals="0" methods="2" coveredmethods="0"/>
        <line num="16" count="1" type="stmt"/>
        <line num="17" count="0" type="stmt"/>
        <line num="18" count="0" type="stmt"/>
        <line num="19" count="0" type="stmt"/>
        <line num="20" count="0" type="stmt"/>
        <line num="22" count="0" type="stmt"/>
        <line num="23" count="0" type="cond" truecount="0" falsecount="2"/>
        <line num="24" count="0" type="stmt"/>
        <line num="27" count="0" type="cond" truecount="0" falsecount="9"/>
        <line num="29" count="0" type="stmt"/>
        <line num="36" count="0" type="stmt"/>
        <line num="43" count="0" type="stmt"/>
        <line num="50" count="0" type="stmt"/>
        <line num="57" count="0" type="stmt"/>
        <line num="64" count="0" type="stmt"/>
        <line num="71" count="0" type="stmt"/>
        <line num="78" count="0" type="stmt"/>
        <line num="85" count="0" type="stmt"/>
        <line num="89" count="0" type="cond" truecount="0" falsecount="2"/>
      </file>
    </package>
    <package name="src.components.DocumentProducer.EditableTableModal">
      <metrics statements="20" coveredstatements="4" conditionals="15" coveredconditionals="0" methods="7" coveredmethods="0"/>
      <file name="helpers.ts" path="/var/lib/buildkite-agent/builds/buildkite-x86-8core-ac5db0f8-i-0585c5498de529e63-1/terraformation/terraware-web/src/components/DocumentProducer/EditableTableModal/helpers.ts">
        <metrics statements="20" coveredstatements="4" conditionals="15" coveredconditionals="0" methods="7" coveredmethods="0"/>
        <line num="14" count="1" type="stmt"/>
        <line num="18" count="0" type="stmt"/>
        <line num="21" count="1" type="stmt"/>
        <line num="22" count="0" type="cond" truecount="0" falsecount="5"/>
        <line num="24" count="0" type="stmt"/>
        <line num="31" count="0" type="stmt"/>
        <line num="38" count="0" type="stmt"/>
        <line num="45" count="0" type="stmt"/>
        <line num="52" count="0" type="stmt"/>
        <line num="56" count="1" type="stmt"/>
        <line num="57" count="0" type="cond" truecount="0" falsecount="6"/>
        <line num="59" count="0" type="stmt"/>
        <line num="61" count="0" type="stmt"/>
        <line num="63" count="0" type="cond" truecount="0" falsecount="2"/>
        <line num="65" count="0" type="stmt"/>
        <line num="67" count="0" type="stmt"/>
        <line num="69" count="0" type="cond" truecount="0" falsecount="2"/>
        <line num="73" count="1" type="stmt"/>
        <line num="74" count="0" type="stmt"/>
        <line num="75" count="0" type="stmt"/>
      </file>
    </package>
    <package name="src.components.Map">
      <metrics statements="85" coveredstatements="70" conditionals="74" coveredconditionals="48" methods="26" coveredmethods="20"/>
      <file name="testdata.ts" path="/var/lib/buildkite-agent/builds/buildkite-x86-8core-ac5db0f8-i-0585c5498de529e63-1/terraformation/terraware-web/src/components/Map/testdata.ts">
        <metrics statements="12" coveredstatements="12" conditionals="0" coveredconditionals="0" methods="0" coveredmethods="0"/>
        <line num="5" count="2" type="stmt"/>
        <line num="25" count="2" type="stmt"/>
        <line num="45" count="2" type="stmt"/>
        <line num="65" count="2" type="stmt"/>
        <line num="85" count="2" type="stmt"/>
        <line num="105" count="2" type="stmt"/>
        <line num="120" count="2" type="stmt"/>
        <line num="135" count="2" type="stmt"/>
        <line num="136" count="2" type="stmt"/>
        <line num="137" count="2" type="stmt"/>
        <line num="139" count="2" type="stmt"/>
        <line num="145" count="2" type="stmt"/>
      </file>
      <file name="utils.tsx" path="/var/lib/buildkite-agent/builds/buildkite-x86-8core-ac5db0f8-i-0585c5498de529e63-1/terraformation/terraware-web/src/components/Map/utils.tsx">
        <metrics statements="73" coveredstatements="58" conditionals="74" coveredconditionals="48" methods="26" coveredmethods="20"/>
        <line num="24" count="10" type="cond" truecount="2" falsecount="0"/>
        <line num="25" count="2" type="stmt"/>
        <line num="26" count="8" type="cond" truecount="1" falsecount="1"/>
        <line num="27" count="8" type="stmt"/>
        <line num="29" count="0" type="stmt"/>
        <line num="35" count="0" type="stmt"/>
        <line num="36" count="0" type="stmt"/>
        <line num="38" count="0" type="cond" truecount="0" falsecount="2"/>
        <line num="39" count="0" type="stmt"/>
        <line num="42" count="0" type="stmt"/>
        <line num="43" count="0" type="stmt"/>
        <line num="44" count="0" type="cond" truecount="0" falsecount="2"/>
        <line num="45" count="0" type="cond" truecount="0" falsecount="2"/>
        <line num="54" count="0" type="cond" truecount="0" falsecount="2"/>
        <line num="55" count="0" type="cond" truecount="0" falsecount="2"/>
        <line num="57" count="0" type="stmt"/>
        <line num="65" count="2" type="stmt"/>
        <line num="66" count="4" type="cond" truecount="4" falsecount="0"/>
        <line num="68" count="1" type="cond" truecount="2" falsecount="0"/>
        <line num="70" count="1" type="cond" truecount="2" falsecount="0"/>
        <line num="72" count="1" type="cond" truecount="2" falsecount="0"/>
        <line num="74" count="1" type="stmt"/>
        <line num="78" count="2" type="stmt"/>
        <line num="114" count="2" type="stmt"/>
        <line num="115" count="1" type="stmt"/>
        <line num="203" count="2" type="stmt"/>
        <line num="204" count="6" type="cond" truecount="4" falsecount="0"/>
        <line num="205" count="1" type="stmt"/>
        <line num="208" count="11" type="stmt"/>
        <line num="210" count="7" type="cond" truecount="2" falsecount="0"/>
        <line num="211" count="2" type="stmt"/>
        <line num="214" count="3" type="stmt"/>
        <line num="216" count="4" type="cond" truecount="2" falsecount="0"/>
        <line num="218" count="3" type="cond" truecount="1" falsecount="1"/>
        <line num="219" count="0" type="stmt"/>
        <line num="221" count="3" type="stmt"/>
        <line num="224" count="1" type="stmt"/>
        <line num="228" count="3" type="stmt"/>
        <line num="229" count="7" type="stmt"/>
        <line num="232" count="7" type="cond" truecount="4" falsecount="0"/>
        <line num="233" count="6" type="stmt"/>
        <line num="234" count="6" type="cond" truecount="1" falsecount="1"/>
        <line num="235" count="6" type="stmt"/>
        <line num="236" count="6" type="cond" truecount="1" falsecount="1"/>
        <line num="237" count="6" type="stmt"/>
        <line num="241" count="6" type="stmt"/>
        <line num="245" count="0" type="stmt"/>
        <line num="248" count="1" type="stmt"/>
        <line num="251" count="3" type="cond" truecount="1" falsecount="1"/>
        <line num="252" count="3" type="cond" truecount="1" falsecount="1"/>
        <line num="253" count="3" type="stmt"/>
        <line num="259" count="3" type="cond" truecount="1" falsecount="1"/>
        <line num="270" count="2" type="stmt"/>
        <line num="271" count="2" type="cond" truecount="2" falsecount="0"/>
        <line num="277" count="2" type="stmt"/>
        <line num="278" count="2" type="stmt"/>
        <line num="279" count="2" type="stmt"/>
        <line num="283" count="2" type="stmt"/>
        <line num="285" count="1" type="cond" truecount="1" falsecount="1"/>
        <line num="286" count="0" type="stmt"/>
        <line num="288" count="1" type="stmt"/>
        <line num="293" count="2" type="stmt"/>
        <line num="295" count="1" type="stmt"/>
        <line num="296" count="1" type="stmt"/>
        <line num="297" count="1" type="stmt"/>
        <line num="298" count="1" type="stmt"/>
        <line num="300" count="2" type="stmt"/>
        <line num="312" count="2" type="stmt"/>
        <line num="313" count="3" type="cond" truecount="2" falsecount="0"/>
        <line num="314" count="2" type="stmt"/>
        <line num="317" count="1" type="stmt"/>
        <line num="318" count="1" type="stmt"/>
        <line num="319" count="1" type="stmt"/>
      </file>
    </package>
    <package name="src.components.common">
      <metrics statements="54" coveredstatements="47" conditionals="80" coveredconditionals="47" methods="19" coveredmethods="17"/>
      <file name="BackToLink.tsx" path="/var/lib/buildkite-agent/builds/buildkite-x86-8core-ac5db0f8-i-0585c5498de529e63-1/terraformation/terraware-web/src/components/common/BackToLink.tsx">
        <metrics statements="2" coveredstatements="2" conditionals="0" coveredconditionals="0" methods="1" coveredmethods="1"/>
        <line num="27" count="40" type="stmt"/>
        <line num="29" count="40" type="stmt"/>
      </file>
      <file name="Card.tsx" path="/var/lib/buildkite-agent/builds/buildkite-x86-8core-ac5db0f8-i-0585c5498de529e63-1/terraformation/terraware-web/src/components/common/Card.tsx">
        <metrics statements="4" coveredstatements="4" conditionals="16" coveredconditionals="8" methods="1" coveredmethods="1"/>
        <line num="28" count="85" type="stmt"/>
        <line num="29" count="85" type="stmt"/>
        <line num="30" count="85" type="cond" truecount="1" falsecount="1"/>
        <line num="32" count="85" type="stmt"/>
      </file>
      <file name="Checkbox.tsx" path="/var/lib/buildkite-agent/builds/buildkite-x86-8core-ac5db0f8-i-0585c5498de529e63-1/terraformation/terraware-web/src/components/common/Checkbox.tsx">
        <metrics statements="0" coveredstatements="0" conditionals="0" coveredconditionals="0" methods="0" coveredmethods="0"/>
      </file>
      <file name="DetectAppVersion.tsx" path="/var/lib/buildkite-agent/builds/buildkite-x86-8core-ac5db0f8-i-0585c5498de529e63-1/terraformation/terraware-web/src/components/common/DetectAppVersion.tsx">
        <metrics statements="10" coveredstatements="7" conditionals="8" coveredconditionals="3" methods="3" coveredmethods="2"/>
        <line num="15" count="153" type="stmt"/>
        <line num="16" count="153" type="stmt"/>
        <line num="17" count="153" type="stmt"/>
        <line num="19" count="153" type="stmt"/>
        <line num="20" count="19" type="cond" truecount="2" falsecount="2"/>
        <line num="21" count="0" type="stmt"/>
        <line num="25" count="153" type="cond" truecount="1" falsecount="1"/>
        <line num="26" count="153" type="stmt"/>
        <line num="29" count="0" type="stmt"/>
        <line num="45" count="0" type="stmt"/>
      </file>
      <file name="Link.tsx" path="/var/lib/buildkite-agent/builds/buildkite-x86-8core-ac5db0f8-i-0585c5498de529e63-1/terraformation/terraware-web/src/components/common/Link.tsx">
        <metrics statements="6" coveredstatements="5" conditionals="10" coveredconditionals="7" methods="1" coveredmethods="1"/>
        <line num="25" count="197" type="stmt"/>
        <line num="27" count="197" type="stmt"/>
        <line num="29" count="197" type="stmt"/>
        <line num="41" count="197" type="cond" truecount="1" falsecount="1"/>
        <line num="42" count="197" type="stmt"/>
        <line num="56" count="0" type="stmt"/>
      </file>
      <file name="OptionsMenu.tsx" path="/var/lib/buildkite-agent/builds/buildkite-x86-8core-ac5db0f8-i-0585c5498de529e63-1/terraformation/terraware-web/src/components/common/OptionsMenu.tsx">
        <metrics statements="15" coveredstatements="13" conditionals="14" coveredconditionals="10" methods="5" coveredmethods="5"/>
        <line num="32" count="42" type="stmt"/>
        <line num="34" count="42" type="stmt"/>
        <line num="35" count="6" type="cond" truecount="1" falsecount="1"/>
        <line num="36" count="0" type="stmt"/>
        <line num="38" count="6" type="stmt"/>
        <line num="41" count="42" type="stmt"/>
        <line num="42" count="5" type="cond" truecount="1" falsecount="1"/>
        <line num="43" count="0" type="stmt"/>
        <line num="45" count="5" type="stmt"/>
        <line num="48" count="42" type="stmt"/>
        <line num="49" count="5" type="stmt"/>
        <line num="50" count="5" type="cond" truecount="1" falsecount="1"/>
        <line num="51" count="5" type="stmt"/>
        <line num="55" count="42" type="stmt"/>
        <line num="62" count="6" type="cond" truecount="2" falsecount="0"/>
      </file>
      <file name="OverviewItemCard.tsx" path="/var/lib/buildkite-agent/builds/buildkite-x86-8core-ac5db0f8-i-0585c5498de529e63-1/terraformation/terraware-web/src/components/common/OverviewItemCard.tsx">
        <metrics statements="4" coveredstatements="3" conditionals="16" coveredconditionals="8" methods="2" coveredmethods="1"/>
        <line num="34" count="36" type="stmt"/>
        <line num="35" count="36" type="stmt"/>
        <line num="37" count="36" type="stmt"/>
        <line num="92" count="0" type="cond" truecount="0" falsecount="3"/>
      </file>
      <file name="ScrollableDialogBox.tsx" path="/var/lib/buildkite-agent/builds/buildkite-x86-8core-ac5db0f8-i-0585c5498de529e63-1/terraformation/terraware-web/src/components/common/ScrollableDialogBox.tsx">
        <metrics statements="2" coveredstatements="2" conditionals="0" coveredconditionals="0" methods="1" coveredmethods="1"/>
        <line num="11" count="81" type="stmt"/>
        <line num="12" count="81" type="stmt"/>
      </file>
      <file name="TextTruncated.tsx" path="/var/lib/buildkite-agent/builds/buildkite-x86-8core-ac5db0f8-i-0585c5498de529e63-1/terraformation/terraware-web/src/components/common/TextTruncated.tsx">
        <metrics statements="3" coveredstatements="3" conditionals="10" coveredconditionals="7" methods="1" coveredmethods="1"/>
        <line num="8" count="1" type="stmt"/>
        <line num="27" count="4" type="stmt"/>
        <line num="29" count="4" type="stmt"/>
      </file>
      <file name="TfMain.tsx" path="/var/lib/buildkite-agent/builds/buildkite-x86-8core-ac5db0f8-i-0585c5498de529e63-1/terraformation/terraware-web/src/components/common/TfMain.tsx">
        <metrics statements="2" coveredstatements="2" conditionals="2" coveredconditionals="1" methods="1" coveredmethods="1"/>
        <line num="14" count="40" type="stmt"/>
        <line num="16" count="40" type="stmt"/>
      </file>
      <file name="Timestamp.tsx" path="/var/lib/buildkite-agent/builds/buildkite-x86-8core-ac5db0f8-i-0585c5498de529e63-1/terraformation/terraware-web/src/components/common/Timestamp.tsx">
        <metrics statements="6" coveredstatements="6" conditionals="4" coveredconditionals="3" methods="3" coveredmethods="3"/>
        <line num="17" count="5" type="cond" truecount="3" falsecount="1"/>
        <line num="18" count="5" type="stmt"/>
        <line num="27" count="5" type="stmt"/>
        <line num="28" count="5" type="stmt"/>
        <line num="30" count="5" type="stmt"/>
        <line num="34" count="5" type="stmt"/>
      </file>
    </package>
    <package name="src.components.common.DialogBox">
      <metrics statements="0" coveredstatements="0" conditionals="0" coveredconditionals="0" methods="0" coveredmethods="0"/>
      <file name="DialogBox.tsx" path="/var/lib/buildkite-agent/builds/buildkite-x86-8core-ac5db0f8-i-0585c5498de529e63-1/terraformation/terraware-web/src/components/common/DialogBox/DialogBox.tsx">
        <metrics statements="0" coveredstatements="0" conditionals="0" coveredconditionals="0" methods="0" coveredmethods="0"/>
      </file>
    </package>
    <package name="src.components.common.ErrorBox">
      <metrics statements="0" coveredstatements="0" conditionals="0" coveredconditionals="0" methods="0" coveredmethods="0"/>
      <file name="ErrorBox.tsx" path="/var/lib/buildkite-agent/builds/buildkite-x86-8core-ac5db0f8-i-0585c5498de529e63-1/terraformation/terraware-web/src/components/common/ErrorBox/ErrorBox.tsx">
        <metrics statements="0" coveredstatements="0" conditionals="0" coveredconditionals="0" methods="0" coveredmethods="0"/>
      </file>
    </package>
    <package name="src.components.common.Select">
      <metrics statements="0" coveredstatements="0" conditionals="0" coveredconditionals="0" methods="0" coveredmethods="0"/>
      <file name="Select.tsx" path="/var/lib/buildkite-agent/builds/buildkite-x86-8core-ac5db0f8-i-0585c5498de529e63-1/terraformation/terraware-web/src/components/common/Select/Select.tsx">
        <metrics statements="0" coveredstatements="0" conditionals="0" coveredconditionals="0" methods="0" coveredmethods="0"/>
      </file>
    </package>
    <package name="src.components.common.Textfield">
      <metrics statements="0" coveredstatements="0" conditionals="0" coveredconditionals="0" methods="0" coveredmethods="0"/>
      <file name="Textfield.tsx" path="/var/lib/buildkite-agent/builds/buildkite-x86-8core-ac5db0f8-i-0585c5498de529e63-1/terraformation/terraware-web/src/components/common/Textfield/Textfield.tsx">
        <metrics statements="0" coveredstatements="0" conditionals="0" coveredconditionals="0" methods="0" coveredmethods="0"/>
      </file>
    </package>
    <package name="src.components.common.button">
      <metrics statements="5" coveredstatements="4" conditionals="2" coveredconditionals="1" methods="1" coveredmethods="1"/>
      <file name="Button.tsx" path="/var/lib/buildkite-agent/builds/buildkite-x86-8core-ac5db0f8-i-0585c5498de529e63-1/terraformation/terraware-web/src/components/common/button/Button.tsx">
        <metrics statements="0" coveredstatements="0" conditionals="0" coveredconditionals="0" methods="0" coveredmethods="0"/>
      </file>
      <file name="TooltipButton.tsx" path="/var/lib/buildkite-agent/builds/buildkite-x86-8core-ac5db0f8-i-0585c5498de529e63-1/terraformation/terraware-web/src/components/common/button/TooltipButton.tsx">
        <metrics statements="5" coveredstatements="4" conditionals="2" coveredconditionals="1" methods="1" coveredmethods="1"/>
        <line num="12" count="1" type="stmt"/>
        <line num="13" count="36" type="stmt"/>
        <line num="15" count="36" type="cond" truecount="1" falsecount="1"/>
        <line num="16" count="36" type="stmt"/>
        <line num="22" count="0" type="stmt"/>
      </file>
    </package>
    <package name="src.components.common.icon">
      <metrics statements="0" coveredstatements="0" conditionals="0" coveredconditionals="0" methods="0" coveredmethods="0"/>
      <file name="Icon.tsx" path="/var/lib/buildkite-agent/builds/buildkite-x86-8core-ac5db0f8-i-0585c5498de529e63-1/terraformation/terraware-web/src/components/common/icon/Icon.tsx">
        <metrics statements="0" coveredstatements="0" conditionals="0" coveredconditionals="0" methods="0" coveredmethods="0"/>
      </file>
    </package>
    <package name="src.components.common.table">
      <metrics statements="97" coveredstatements="65" conditionals="60" coveredconditionals="32" methods="41" coveredmethods="24"/>
      <file name="TableCellRenderer.tsx" path="/var/lib/buildkite-agent/builds/buildkite-x86-8core-ac5db0f8-i-0585c5498de529e63-1/terraformation/terraware-web/src/components/common/table/TableCellRenderer.tsx">
        <metrics statements="1" coveredstatements="1" conditionals="0" coveredconditionals="0" methods="1" coveredmethods="1"/>
        <line num="12" count="855" type="stmt"/>
      </file>
      <file name="TableSettingsButton.tsx" path="/var/lib/buildkite-agent/builds/buildkite-x86-8core-ac5db0f8-i-0585c5498de529e63-1/terraformation/terraware-web/src/components/common/table/TableSettingsButton.tsx">
        <metrics statements="19" coveredstatements="10" conditionals="14" coveredconditionals="4" methods="8" coveredmethods="2"/>
        <line num="18" count="85" type="stmt"/>
        <line num="19" count="85" type="stmt"/>
        <line num="20" count="85" type="stmt"/>
        <line num="22" count="85" type="stmt"/>
        <line num="23" count="0" type="stmt"/>
        <line num="27" count="12" type="stmt"/>
        <line num="44" count="85" type="stmt"/>
        <line num="45" count="0" type="cond" truecount="0" falsecount="2"/>
        <line num="46" count="0" type="stmt"/>
        <line num="48" count="0" type="cond" truecount="0" falsecount="2"/>
        <line num="49" count="0" type="stmt"/>
        <line num="52" count="0" type="stmt"/>
        <line num="55" count="85" type="stmt"/>
        <line num="57" count="85" type="stmt"/>
        <line num="58" count="0" type="stmt"/>
        <line num="60" count="85" type="stmt"/>
        <line num="61" count="0" type="stmt"/>
        <line num="64" count="85" type="stmt"/>
        <line num="69" count="0" type="cond" truecount="0" falsecount="2"/>
      </file>
      <file name="index.tsx" path="/var/lib/buildkite-agent/builds/buildkite-x86-8core-ac5db0f8-i-0585c5498de529e63-1/terraformation/terraware-web/src/components/common/table/index.tsx">
        <metrics statements="63" coveredstatements="44" conditionals="40" coveredconditionals="23" methods="27" coveredmethods="18"/>
        <line num="14" count="85" type="cond" truecount="2" falsecount="0"/>
        <line num="15" count="73" type="stmt"/>
        <line num="17" count="12" type="stmt"/>
        <line num="22" count="0" type="stmt"/>
        <line num="25" count="2" type="stmt"/>
        <line num="27" count="84" type="cond" truecount="2" falsecount="2"/>
        <line num="29" count="15" type="stmt"/>
        <line num="32" count="14" type="stmt"/>
        <line num="35" count="0" type="stmt"/>
        <line num="42" count="0" type="stmt"/>
        <line num="49" count="55" type="stmt"/>
        <line num="52" count="65" type="stmt"/>
        <line num="53" count="19" type="stmt"/>
        <line num="61" count="85" type="stmt"/>
        <line num="63" count="85" type="stmt"/>
        <line num="64" count="12" type="stmt"/>
        <line num="65" count="60" type="cond" truecount="2" falsecount="2"/>
        <line num="66" count="0" type="stmt"/>
        <line num="68" count="60" type="stmt"/>
        <line num="73" count="85" type="stmt"/>
        <line num="102" count="85" type="stmt"/>
        <line num="103" count="85" type="stmt"/>
        <line num="104" count="85" type="stmt"/>
        <line num="105" count="85" type="stmt"/>
        <line num="107" count="12" type="cond" truecount="1" falsecount="1"/>
        <line num="111" count="0" type="stmt"/>
        <line num="112" count="0" type="stmt"/>
        <line num="113" count="0" type="stmt"/>
        <line num="117" count="85" type="stmt"/>
        <line num="118" count="0" type="cond" truecount="0" falsecount="2"/>
        <line num="119" count="0" type="stmt"/>
        <line num="120" count="0" type="stmt"/>
        <line num="121" count="0" type="stmt"/>
        <line num="123" count="0" type="cond" truecount="0" falsecount="2"/>
        <line num="124" count="0" type="stmt"/>
        <line num="129" count="85" type="stmt"/>
        <line num="130" count="81" type="stmt"/>
        <line num="131" count="81" type="cond" truecount="4" falsecount="0"/>
        <line num="132" count="69" type="stmt"/>
        <line num="134" count="12" type="stmt"/>
        <line num="135" count="12" type="cond" truecount="1" falsecount="1"/>
        <line num="138" count="0" type="stmt"/>
        <line num="142" count="0" type="stmt"/>
        <line num="143" count="0" type="stmt"/>
        <line num="145" count="12" type="stmt"/>
        <line num="148" count="81" type="stmt"/>
        <line num="151" count="85" type="stmt"/>
        <line num="155" count="0" type="stmt"/>
        <line num="174" count="85" type="stmt"/>
        <line num="175" count="85" type="cond" truecount="1" falsecount="1"/>
        <line num="176" count="85" type="stmt"/>
        <line num="177" count="85" type="stmt"/>
        <line num="179" count="85" type="stmt"/>
        <line num="180" count="12" type="cond" truecount="1" falsecount="1"/>
        <line num="183" count="180" type="stmt"/>
        <line num="185" count="60" type="stmt"/>
        <line num="187" count="12" type="cond" truecount="1" falsecount="1"/>
        <line num="188" count="0" type="stmt"/>
        <line num="192" count="85" type="stmt"/>
        <line num="194" count="60" type="stmt"/>
        <line num="197" count="12" type="stmt"/>
        <line num="200" count="85" type="stmt"/>
        <line num="204" count="0" type="stmt"/>
      </file>
      <file name="useTableDensity.ts" path="/var/lib/buildkite-agent/builds/buildkite-x86-8core-ac5db0f8-i-0585c5498de529e63-1/terraformation/terraware-web/src/components/common/table/useTableDensity.ts">
        <metrics statements="14" coveredstatements="10" conditionals="6" coveredconditionals="5" methods="5" coveredmethods="3"/>
        <line num="16" count="2" type="stmt"/>
        <line num="17" count="170" type="stmt"/>
        <line num="19" count="170" type="stmt"/>
        <line num="23" count="170" type="stmt"/>
        <line num="25" count="0" type="stmt"/>
        <line num="30" count="170" type="stmt"/>
        <line num="32" count="24" type="cond" truecount="2" falsecount="0"/>
        <line num="33" count="24" type="cond" truecount="1" falsecount="1"/>
        <line num="34" count="0" type="stmt"/>
        <line num="38" count="170" type="stmt"/>
        <line num="40" count="0" type="stmt"/>
        <line num="41" count="0" type="stmt"/>
        <line num="47" count="24" type="stmt"/>
        <line num="54" count="170" type="stmt"/>
      </file>
    </package>
    <package name="src.components.emptyStatePages">
      <metrics statements="7" coveredstatements="7" conditionals="6" coveredconditionals="6" methods="3" coveredmethods="3"/>
      <file name="PlantsDashboardEmptyMessage.tsx" path="/var/lib/buildkite-agent/builds/buildkite-x86-8core-ac5db0f8-i-0585c5498de529e63-1/terraformation/terraware-web/src/components/emptyStatePages/PlantsDashboardEmptyMessage.tsx">
        <metrics statements="7" coveredstatements="7" conditionals="6" coveredconditionals="6" methods="3" coveredmethods="3"/>
        <line num="11" count="5" type="stmt"/>
        <line num="12" count="5" type="stmt"/>
        <line num="13" count="5" type="stmt"/>
        <line num="14" count="5" type="stmt"/>
        <line num="17" count="4" type="stmt"/>
        <line num="21" count="1" type="stmt"/>
        <line num="23" count="5" type="stmt"/>
      </file>
    </package>
    <package name="src.hooks">
      <metrics statements="186" coveredstatements="79" conditionals="78" coveredconditionals="30" methods="98" coveredmethods="30"/>
      <file name="useAcceleratorConsole.ts" path="/var/lib/buildkite-agent/builds/buildkite-x86-8core-ac5db0f8-i-0585c5498de529e63-1/terraformation/terraware-web/src/hooks/useAcceleratorConsole.ts">
        <metrics statements="6" coveredstatements="6" conditionals="2" coveredconditionals="2" methods="1" coveredmethods="1"/>
        <line num="7" count="6" type="stmt"/>
        <line num="8" count="47" type="stmt"/>
        <line num="9" count="47" type="stmt"/>
        <line num="10" count="47" type="stmt"/>
        <line num="12" count="47" type="cond" truecount="2" falsecount="0"/>
        <line num="14" count="47" type="stmt"/>
      </file>
      <file name="useAppVersion.ts" path="/var/lib/buildkite-agent/builds/buildkite-x86-8core-ac5db0f8-i-0585c5498de529e63-1/terraformation/terraware-web/src/hooks/useAppVersion.ts">
        <metrics statements="5" coveredstatements="5" conditionals="2" coveredconditionals="1" methods="2" coveredmethods="2"/>
        <line num="6" count="2" type="stmt"/>
        <line num="10" count="2" type="stmt"/>
        <line num="11" count="153" type="stmt"/>
        <line num="13" count="38" type="cond" truecount="1" falsecount="1"/>
        <line num="15" count="153" type="stmt"/>
      </file>
      <file name="useBotanicalCountries.ts" path="/var/lib/buildkite-agent/builds/buildkite-x86-8core-ac5db0f8-i-0585c5498de529e63-1/terraformation/terraware-web/src/hooks/useBotanicalCountries.ts">
        <metrics statements="8" coveredstatements="1" conditionals="6" coveredconditionals="0" methods="7" coveredmethods="0"/>
        <line num="10" count="1" type="stmt"/>
        <line num="11" count="0" type="stmt"/>
        <line num="13" count="0" type="stmt"/>
        <line num="14" count="0" type="cond" truecount="0" falsecount="4"/>
        <line num="15" count="0" type="stmt"/>
        <line num="19" count="0" type="cond" truecount="0" falsecount="2"/>
        <line num="22" count="0" type="stmt"/>
        <line num="26" count="0" type="stmt"/>
      </file>
      <file name="useNavigateTo.ts" path="/var/lib/buildkite-agent/builds/buildkite-x86-8core-ac5db0f8-i-0585c5498de529e63-1/terraformation/terraware-web/src/hooks/useNavigateTo.ts">
        <metrics statements="93" coveredstatements="5" conditionals="23" coveredconditionals="1" methods="57" coveredmethods="3"/>
        <line num="10" count="5" type="stmt"/>
        <line num="12" count="5" type="stmt"/>
        <line num="13" count="0" type="stmt"/>
        <line num="14" count="0" type="stmt"/>
        <line num="15" count="0" type="cond" truecount="0" falsecount="2"/>
        <line num="16" count="0" type="stmt"/>
        <line num="18" count="0" type="cond" truecount="0" falsecount="2"/>
        <line num="19" count="0" type="stmt"/>
        <line num="21" count="0" type="cond" truecount="0" falsecount="2"/>
        <line num="22" count="0" type="stmt"/>
        <line num="24" count="0" type="stmt"/>
        <line num="27" count="5" type="stmt"/>
        <line num="28" count="5" type="stmt"/>
        <line num="30" count="0" type="stmt"/>
        <line num="34" count="0" type="stmt"/>
        <line num="35" count="0" type="stmt"/>
        <line num="36" count="0" type="stmt"/>
        <line num="43" count="0" type="stmt"/>
        <line num="44" count="0" type="stmt"/>
        <line num="45" count="0" type="stmt"/>
        <line num="55" count="0" type="stmt"/>
        <line num="56" count="0" type="cond" truecount="0" falsecount="2"/>
        <line num="57" count="0" type="stmt"/>
        <line num="59" count="0" type="stmt"/>
        <line num="66" count="0" type="stmt"/>
        <line num="70" count="0" type="stmt"/>
        <line num="79" count="0" type="stmt"/>
        <line num="85" count="0" type="stmt"/>
        <line num="86" count="0" type="cond" truecount="0" falsecount="2"/>
        <line num="87" count="0" type="stmt"/>
        <line num="88" count="0" type="cond" truecount="0" falsecount="2"/>
        <line num="89" count="0" type="stmt"/>
        <line num="92" count="0" type="stmt"/>
        <line num="99" count="0" type="stmt"/>
        <line num="101" count="0" type="stmt"/>
        <line num="104" count="0" type="stmt"/>
        <line num="108" count="0" type="stmt"/>
        <line num="112" count="0" type="stmt"/>
        <line num="116" count="0" type="stmt"/>
        <line num="130" count="0" type="stmt"/>
        <line num="137" count="0" type="stmt"/>
        <line num="141" count="0" type="stmt"/>
        <line num="145" count="0" type="stmt"/>
        <line num="148" count="0" type="stmt"/>
        <line num="156" count="0" type="stmt"/>
        <line num="159" count="0" type="stmt"/>
        <line num="160" count="0" type="stmt"/>
        <line num="167" count="0" type="stmt"/>
        <line num="168" count="0" type="stmt"/>
        <line num="178" count="0" type="stmt"/>
        <line num="179" count="0" type="cond" truecount="0" falsecount="2"/>
        <line num="180" count="0" type="stmt"/>
        <line num="182" count="0" type="stmt"/>
        <line num="189" count="0" type="stmt"/>
        <line num="193" count="0" type="stmt"/>
        <line num="197" count="0" type="stmt"/>
        <line num="203" count="0" type="stmt"/>
        <line num="209" count="0" type="stmt"/>
        <line num="215" count="0" type="stmt"/>
        <line num="221" count="0" type="stmt"/>
        <line num="227" count="0" type="stmt"/>
        <line num="236" count="0" type="stmt"/>
        <line num="249" count="0" type="stmt"/>
        <line num="258" count="0" type="stmt"/>
        <line num="264" count="0" type="stmt"/>
        <line num="272" count="0" type="stmt"/>
        <line num="281" count="0" type="stmt"/>
        <line num="286" count="0" type="stmt"/>
        <line num="291" count="0" type="stmt"/>
        <line num="293" count="0" type="stmt"/>
        <line num="296" count="0" type="stmt"/>
        <line num="300" count="0" type="stmt"/>
        <line num="303" count="0" type="stmt"/>
        <line num="307" count="0" type="stmt"/>
        <line num="312" count="0" type="stmt"/>
        <line num="315" count="0" type="stmt"/>
        <line num="318" count="0" type="stmt"/>
        <line num="319" count="0" type="cond" truecount="0" falsecount="3"/>
        <line num="321" count="0" type="stmt"/>
        <line num="322" count="0" type="stmt"/>
        <line num="324" count="0" type="stmt"/>
        <line num="325" count="0" type="stmt"/>
        <line num="327" count="0" type="stmt"/>
        <line num="330" count="0" type="stmt"/>
        <line num="336" count="0" type="stmt"/>
        <line num="343" count="0" type="stmt"/>
        <line num="348" count="0" type="stmt"/>
        <line num="351" count="0" type="stmt"/>
        <line num="355" count="0" type="stmt"/>
        <line num="356" count="1" type="cond" truecount="1" falsecount="1"/>
        <line num="358" count="0" type="stmt"/>
        <line num="361" count="0" type="stmt"/>
        <line num="364" count="0" type="stmt"/>
      </file>
      <file name="useOrganizationSpecies.ts" path="/var/lib/buildkite-agent/builds/buildkite-x86-8core-ac5db0f8-i-0585c5498de529e63-1/terraformation/terraware-web/src/hooks/useOrganizationSpecies.ts">
        <metrics statements="17" coveredstatements="14" conditionals="20" coveredconditionals="11" methods="8" coveredmethods="6"/>
        <line num="24" count="1" type="stmt"/>
        <line num="25" count="40" type="stmt"/>
        <line num="26" count="40" type="cond" truecount="2" falsecount="0"/>
        <line num="27" count="40" type="stmt"/>
        <line num="28" count="40" type="cond" truecount="2" falsecount="0"/>
        <line num="30" count="40" type="stmt"/>
        <line num="32" count="40" type="stmt"/>
        <line num="33" count="7" type="cond" truecount="3" falsecount="1"/>
        <line num="34" count="7" type="stmt"/>
        <line num="38" count="40" type="stmt"/>
        <line num="39" count="0" type="cond" truecount="0" falsecount="4"/>
        <line num="40" count="0" type="stmt"/>
        <line num="44" count="14" type="cond" truecount="2" falsecount="0"/>
        <line num="47" count="14" type="stmt"/>
        <line num="53" count="0" type="cond" truecount="0" falsecount="4"/>
        <line num="57" count="40" type="stmt"/>
        <line num="58" count="25" type="stmt"/>
      </file>
      <file name="useProjects.ts" path="/var/lib/buildkite-agent/builds/buildkite-x86-8core-ac5db0f8-i-0585c5498de529e63-1/terraformation/terraware-web/src/hooks/useProjects.ts">
        <metrics statements="13" coveredstatements="10" conditionals="15" coveredconditionals="8" methods="6" coveredmethods="3"/>
        <line num="9" count="1" type="stmt"/>
        <line num="10" count="47" type="stmt"/>
        <line num="11" count="47" type="stmt"/>
        <line num="12" count="47" type="stmt"/>
        <line num="14" count="47" type="cond" truecount="1" falsecount="1"/>
        <line num="15" count="47" type="stmt"/>
        <line num="21" count="14" type="cond" truecount="2" falsecount="0"/>
        <line num="22" count="0" type="cond" truecount="0" falsecount="2"/>
        <line num="28" count="0" type="cond" truecount="0" falsecount="3"/>
        <line num="32" count="47" type="stmt"/>
        <line num="35" count="14" type="cond" truecount="3" falsecount="1"/>
        <line num="36" count="0" type="stmt"/>
        <line num="41" count="47" type="stmt"/>
      </file>
      <file name="useSyncNavigate.ts" path="/var/lib/buildkite-agent/builds/buildkite-x86-8core-ac5db0f8-i-0585c5498de529e63-1/terraformation/terraware-web/src/hooks/useSyncNavigate.ts">
        <metrics statements="6" coveredstatements="5" conditionals="2" coveredconditionals="1" methods="2" coveredmethods="2"/>
        <line num="13" count="6" type="stmt"/>
        <line num="14" count="218" type="stmt"/>
        <line num="16" count="218" type="stmt"/>
        <line num="18" count="7" type="cond" truecount="1" falsecount="1"/>
        <line num="19" count="0" type="stmt"/>
        <line num="21" count="7" type="stmt"/>
      </file>
      <file name="useTrackEvent.ts" path="/var/lib/buildkite-agent/builds/buildkite-x86-8core-ac5db0f8-i-0585c5498de529e63-1/terraformation/terraware-web/src/hooks/useTrackEvent.ts">
        <metrics statements="5" coveredstatements="4" conditionals="0" coveredconditionals="0" methods="2" coveredmethods="1"/>
        <line num="24" count="2" type="stmt"/>
        <line num="25" count="121" type="stmt"/>
        <line num="26" count="121" type="stmt"/>
        <line num="28" count="121" type="stmt"/>
        <line num="30" count="0" type="stmt"/>
      </file>
      <file name="useUndoRedoState.ts" path="/var/lib/buildkite-agent/builds/buildkite-x86-8core-ac5db0f8-i-0585c5498de529e63-1/terraformation/terraware-web/src/hooks/useUndoRedoState.ts">
        <metrics statements="25" coveredstatements="25" conditionals="6" coveredconditionals="6" methods="11" coveredmethods="11"/>
        <line num="22" count="29" type="stmt"/>
        <line num="23" count="29" type="stmt"/>
        <line num="25" count="29" type="stmt"/>
        <line num="27" count="29" type="stmt"/>
        <line num="29" count="10" type="cond" truecount="2" falsecount="0"/>
        <line num="30" count="10" type="stmt"/>
        <line num="31" count="10" type="stmt"/>
        <line num="32" count="10" type="stmt"/>
        <line num="33" count="10" type="stmt"/>
        <line num="35" count="10" type="stmt"/>
        <line num="40" count="29" type="stmt"/>
        <line num="41" count="29" type="cond" truecount="2" falsecount="0"/>
        <line num="42" count="15" type="stmt"/>
        <line num="43" count="7" type="stmt"/>
        <line num="44" count="7" type="stmt"/>
        <line num="45" count="7" type="stmt"/>
        <line num="48" count="14" type="stmt"/>
        <line num="52" count="29" type="stmt"/>
        <line num="53" count="29" type="cond" truecount="2" falsecount="0"/>
        <line num="54" count="8" type="stmt"/>
        <line num="55" count="3" type="stmt"/>
        <line num="56" count="3" type="stmt"/>
        <line num="57" count="3" type="stmt"/>
        <line num="60" count="21" type="stmt"/>
        <line num="64" count="29" type="stmt"/>
      </file>
      <file name="useUpdateUserPreferences.ts" path="/var/lib/buildkite-agent/builds/buildkite-x86-8core-ac5db0f8-i-0585c5498de529e63-1/terraformation/terraware-web/src/hooks/useUpdateUserPreferences.ts">
        <metrics statements="8" coveredstatements="4" conditionals="2" coveredconditionals="0" methods="2" coveredmethods="1"/>
        <line num="5" count="6" type="stmt"/>
        <line num="6" count="85" type="stmt"/>
        <line num="7" count="85" type="stmt"/>
        <line num="9" count="85" type="stmt"/>
        <line num="11" count="0" type="stmt"/>
        <line num="12" count="0" type="cond" truecount="0" falsecount="2"/>
        <line num="13" count="0" type="stmt"/>
        <line num="14" count="0" type="stmt"/>
      </file>
    </package>
    <package name="src.providers">
      <metrics statements="189" coveredstatements="16" conditionals="136" coveredconditionals="2" methods="55" coveredmethods="5"/>
      <file name="LocalizationProvider.tsx" path="/var/lib/buildkite-agent/builds/buildkite-x86-8core-ac5db0f8-i-0585c5498de529e63-1/terraformation/terraware-web/src/providers/LocalizationProvider.tsx">
        <metrics statements="41" coveredstatements="0" conditionals="27" coveredconditionals="0" methods="9" coveredmethods="0"/>
        <line num="35" count="0" type="stmt"/>
        <line num="37" count="0" type="stmt"/>
        <line num="38" count="0" type="stmt"/>
        <line num="39" count="0" type="stmt"/>
        <line num="40" count="0" type="stmt"/>
        <line num="44" count="0" type="cond" truecount="0" falsecount="2"/>
        <line num="46" count="0" type="stmt"/>
        <line num="47" count="0" type="stmt"/>
        <line num="49" count="0" type="stmt"/>
        <line num="50" count="0" type="cond" truecount="0" falsecount="2"/>
        <line num="51" count="0" type="stmt"/>
        <line num="53" count="0" type="cond" truecount="0" falsecount="2"/>
        <line num="56" count="0" type="stmt"/>
        <line num="57" count="0" type="cond" truecount="0" falsecount="2"/>
        <line num="58" count="0" type="stmt"/>
        <line num="60" count="0" type="cond" truecount="0" falsecount="2"/>
        <line num="63" count="0" type="stmt"/>
        <line num="64" count="0" type="cond" truecount="0" falsecount="2"/>
        <line num="65" count="0" type="cond" truecount="0" falsecount="2"/>
        <line num="69" count="0" type="stmt"/>
        <line num="70" count="0" type="cond" truecount="0" falsecount="2"/>
        <line num="71" count="0" type="stmt"/>
        <line num="77" count="0" type="cond" truecount="0" falsecount="4"/>
        <line num="78" count="0" type="stmt"/>
        <line num="80" count="0" type="stmt"/>
        <line num="84" count="0" type="stmt"/>
        <line num="85" count="0" type="cond" truecount="0" falsecount="2"/>
        <line num="86" count="0" type="stmt"/>
        <line num="87" count="0" type="stmt"/>
        <line num="96" count="0" type="stmt"/>
        <line num="101" count="0" type="stmt"/>
        <line num="104" count="0" type="stmt"/>
        <line num="105" count="0" type="stmt"/>
        <line num="106" count="0" type="stmt"/>
        <line num="108" count="0" type="stmt"/>
        <line num="109" count="0" type="stmt"/>
        <line num="112" count="0" type="stmt"/>
        <line num="116" count="0" type="cond" truecount="0" falsecount="2"/>
        <line num="117" count="0" type="stmt"/>
        <line num="127" count="0" type="stmt"/>
        <line num="129" count="0" type="stmt"/>
      </file>
      <file name="OrganizationProvider.tsx" path="/var/lib/buildkite-agent/builds/buildkite-x86-8core-ac5db0f8-i-0585c5498de529e63-1/terraformation/terraware-web/src/providers/OrganizationProvider.tsx">
        <metrics statements="74" coveredstatements="6" conditionals="67" coveredconditionals="2" methods="18" coveredmethods="1"/>
        <line num="0" count="6" type="cond" truecount="2" falsecount="0"/>
        <line num="1" count="6" type="stmt"/>
        <line num="24" count="6" type="stmt"/>
        <line num="25" count="6" type="stmt"/>
        <line num="26" count="6" type="stmt"/>
        <line num="27" count="6" type="stmt"/>
        <line num="31" count="0" type="stmt"/>
        <line num="32" count="0" type="stmt"/>
        <line num="33" count="0" type="stmt"/>
        <line num="34" count="0" type="stmt"/>
        <line num="35" count="0" type="stmt"/>
        <line num="36" count="0" type="stmt"/>
        <line num="37" count="0" type="stmt"/>
        <line num="38" count="0" type="stmt"/>
        <line num="39" count="0" type="stmt"/>
        <line num="41" count="0" type="stmt"/>
        <line num="42" count="0" type="stmt"/>
        <line num="43" count="0" type="stmt"/>
        <line num="44" count="0" type="cond" truecount="0" falsecount="2"/>
        <line num="45" count="0" type="stmt"/>
        <line num="46" count="0" type="stmt"/>
        <line num="47" count="0" type="cond" truecount="0" falsecount="2"/>
        <line num="48" count="0" type="stmt"/>
        <line num="49" count="0" type="cond" truecount="0" falsecount="2"/>
        <line num="50" count="0" type="stmt"/>
        <line num="53" count="0" type="cond" truecount="0" falsecount="2"/>
        <line num="54" count="0" type="stmt"/>
        <line num="57" count="0" type="stmt"/>
        <line num="58" count="0" type="stmt"/>
        <line num="62" count="0" type="stmt"/>
        <line num="72" count="0" type="stmt"/>
        <line num="74" count="0" type="cond" truecount="0" falsecount="2"/>
        <line num="76" count="0" type="stmt"/>
        <line num="78" count="0" type="cond" truecount="0" falsecount="4"/>
        <line num="79" count="0" type="cond" truecount="0" falsecount="2"/>
        <line num="85" count="0" type="cond" truecount="0" falsecount="3"/>
        <line num="87" count="0" type="stmt"/>
        <line num="89" count="0" type="stmt"/>
        <line num="94" count="0" type="stmt"/>
        <line num="95" count="0" type="stmt"/>
        <line num="98" count="0" type="stmt"/>
        <line num="99" count="0" type="stmt"/>
        <line num="109" count="0" type="stmt"/>
        <line num="110" count="0" type="cond" truecount="0" falsecount="7"/>
        <line num="111" count="0" type="stmt"/>
        <line num="113" count="0" type="cond" truecount="0" falsecount="2"/>
        <line num="115" count="0" type="cond" truecount="0" falsecount="2"/>
        <line num="116" count="0" type="cond" truecount="0" falsecount="2"/>
        <line num="117" count="0" type="cond" truecount="0" falsecount="4"/>
        <line num="118" count="0" type="stmt"/>
        <line num="120" count="0" type="cond" truecount="0" falsecount="2"/>
        <line num="121" count="0" type="stmt"/>
        <line num="123" count="0" type="cond" truecount="0" falsecount="2"/>
        <line num="124" count="0" type="cond" truecount="0" falsecount="2"/>
        <line num="125" count="0" type="stmt"/>
        <line num="127" count="0" type="cond" truecount="0" falsecount="2"/>
        <line num="128" count="0" type="stmt"/>
        <line num="129" count="0" type="stmt"/>
        <line num="134" count="0" type="cond" truecount="0" falsecount="5"/>
        <line num="136" count="0" type="stmt"/>
        <line num="137" count="0" type="stmt"/>
        <line num="152" count="0" type="stmt"/>
        <line num="153" count="0" type="cond" truecount="0" falsecount="4"/>
        <line num="154" count="0" type="stmt"/>
        <line num="158" count="0" type="stmt"/>
        <line num="160" count="0" type="stmt"/>
        <line num="163" count="0" type="stmt"/>
        <line num="164" count="0" type="cond" truecount="0" falsecount="2"/>
        <line num="165" count="0" type="cond" truecount="0" falsecount="4"/>
        <line num="166" count="0" type="cond" truecount="0" falsecount="2"/>
        <line num="167" count="0" type="stmt"/>
        <line num="170" count="0" type="stmt"/>
        <line num="175" count="0" type="stmt"/>
        <line num="185" count="0" type="stmt"/>
      </file>
      <file name="UserFundingEntityProvider.tsx" path="/var/lib/buildkite-agent/builds/buildkite-x86-8core-ac5db0f8-i-0585c5498de529e63-1/terraformation/terraware-web/src/providers/UserFundingEntityProvider.tsx">
        <metrics statements="18" coveredstatements="0" conditionals="17" coveredconditionals="0" methods="4" coveredmethods="0"/>
        <line num="18" count="0" type="stmt"/>
        <line num="19" count="0" type="stmt"/>
        <line num="20" count="0" type="stmt"/>
        <line num="21" count="0" type="stmt"/>
        <line num="22" count="0" type="stmt"/>
        <line num="27" count="0" type="stmt"/>
        <line num="28" count="0" type="cond" truecount="0" falsecount="5"/>
        <line num="29" count="0" type="stmt"/>
        <line num="33" count="0" type="stmt"/>
        <line num="34" count="0" type="cond" truecount="0" falsecount="4"/>
        <line num="35" count="0" type="stmt"/>
        <line num="42" count="0" type="stmt"/>
        <line num="43" count="0" type="cond" truecount="0" falsecount="2"/>
        <line num="44" count="0" type="cond" truecount="0" falsecount="4"/>
        <line num="45" count="0" type="cond" truecount="0" falsecount="2"/>
        <line num="46" count="0" type="stmt"/>
        <line num="49" count="0" type="stmt"/>
        <line num="54" count="0" type="stmt"/>
      </file>
      <file name="UserProvider.tsx" path="/var/lib/buildkite-agent/builds/buildkite-x86-8core-ac5db0f8-i-0585c5498de529e63-1/terraformation/terraware-web/src/providers/UserProvider.tsx">
        <metrics statements="38" coveredstatements="0" conditionals="25" coveredconditionals="0" methods="10" coveredmethods="0"/>
        <line num="23" count="0" type="stmt"/>
        <line num="24" count="0" type="stmt"/>
        <line num="26" count="0" type="stmt"/>
        <line num="27" count="0" type="stmt"/>
        <line num="29" count="0" type="stmt"/>
        <line num="31" count="0" type="cond" truecount="0" falsecount="4"/>
        <line num="34" count="0" type="stmt"/>
        <line num="36" count="0" type="stmt"/>
        <line num="37" count="0" type="stmt"/>
        <line num="39" count="0" type="stmt"/>
        <line num="41" count="0" type="stmt"/>
        <line num="42" count="0" type="stmt"/>
        <line num="43" count="0" type="stmt"/>
        <line num="45" count="0" type="stmt"/>
        <line num="51" count="0" type="stmt"/>
        <line num="52" count="0" type="stmt"/>
        <line num="55" count="0" type="stmt"/>
        <line num="57" count="0" type="stmt"/>
        <line num="58" count="0" type="stmt"/>
        <line num="63" count="0" type="stmt"/>
        <line num="65" count="0" type="cond" truecount="0" falsecount="4"/>
        <line num="66" count="0" type="stmt"/>
        <line num="69" count="0" type="stmt"/>
        <line num="75" count="0" type="stmt"/>
        <line num="87" count="0" type="stmt"/>
        <line num="88" count="0" type="cond" truecount="0" falsecount="2"/>
        <line num="89" count="0" type="stmt"/>
        <line num="93" count="0" type="stmt"/>
        <line num="94" count="0" type="cond" truecount="0" falsecount="2"/>
        <line num="95" count="0" type="stmt"/>
        <line num="99" count="0" type="stmt"/>
        <line num="100" count="0" type="cond" truecount="0" falsecount="5"/>
        <line num="101" count="0" type="stmt"/>
        <line num="107" count="0" type="stmt"/>
        <line num="108" count="0" type="cond" truecount="0" falsecount="2"/>
        <line num="109" count="0" type="stmt"/>
        <line num="112" count="0" type="cond" truecount="0" falsecount="2"/>
        <line num="116" count="0" type="stmt"/>
      </file>
      <file name="contexts.ts" path="/var/lib/buildkite-agent/builds/buildkite-x86-8core-ac5db0f8-i-0585c5498de529e63-1/terraformation/terraware-web/src/providers/contexts.ts">
        <metrics statements="12" coveredstatements="4" conditionals="0" coveredconditionals="0" methods="8" coveredmethods="0"/>
        <line num="14" count="7" type="stmt"/>
        <line num="17" count="0" type="stmt"/>
        <line num="21" count="0" type="stmt"/>
        <line num="22" count="0" type="stmt"/>
        <line num="24" count="0" type="stmt"/>
        <line num="27" count="7" type="stmt"/>
        <line num="33" count="0" type="stmt"/>
        <line num="38" count="0" type="stmt"/>
        <line num="43" count="0" type="stmt"/>
        <line num="50" count="7" type="stmt"/>
        <line num="54" count="0" type="stmt"/>
        <line num="60" count="7" type="stmt"/>
      </file>
      <file name="hooks.ts" path="/var/lib/buildkite-agent/builds/buildkite-x86-8core-ac5db0f8-i-0585c5498de529e63-1/terraformation/terraware-web/src/providers/hooks.ts">
        <metrics statements="6" coveredstatements="6" conditionals="0" coveredconditionals="0" methods="6" coveredmethods="4"/>
        <line num="6" count="511" type="stmt"/>
        <line num="8" count="6" type="stmt"/>
        <line num="10" count="327" type="stmt"/>
        <line num="12" count="312" type="stmt"/>
        <line num="14" count="6" type="stmt"/>
        <line num="16" count="6" type="stmt"/>
      </file>
      <file name="index.ts" path="/var/lib/buildkite-agent/builds/buildkite-x86-8core-ac5db0f8-i-0585c5498de529e63-1/terraformation/terraware-web/src/providers/index.ts">
        <metrics statements="0" coveredstatements="0" conditionals="0" coveredconditionals="0" methods="0" coveredmethods="0"/>
      </file>
    </package>
    <package name="src.providers.Participant">
      <metrics statements="2" coveredstatements="2" conditionals="0" coveredconditionals="0" methods="2" coveredmethods="1"/>
      <file name="ParticipantContext.tsx" path="/var/lib/buildkite-agent/builds/buildkite-x86-8core-ac5db0f8-i-0585c5498de529e63-1/terraformation/terraware-web/src/providers/Participant/ParticipantContext.tsx">
        <metrics statements="2" coveredstatements="2" conditionals="0" coveredconditionals="0" methods="2" coveredmethods="1"/>
        <line num="18" count="1" type="stmt"/>
        <line num="28" count="47" type="stmt"/>
      </file>
    </package>
    <package name="src.providers.Project">
      <metrics statements="2" coveredstatements="2" conditionals="0" coveredconditionals="0" methods="1" coveredmethods="0"/>
      <file name="ProjectContext.tsx" path="/var/lib/buildkite-agent/builds/buildkite-x86-8core-ac5db0f8-i-0585c5498de529e63-1/terraformation/terraware-web/src/providers/Project/ProjectContext.tsx">
        <metrics statements="2" coveredstatements="2" conditionals="0" coveredconditionals="0" methods="1" coveredmethods="0"/>
        <line num="11" count="6" type="stmt"/>
        <line num="15" count="6" type="stmt"/>
      </file>
    </package>
    <package name="src.queries">
      <metrics statements="112" coveredstatements="92" conditionals="28" coveredconditionals="11" methods="21" coveredmethods="9"/>
      <file name="baseApi.ts" path="/var/lib/buildkite-agent/builds/buildkite-x86-8core-ac5db0f8-i-0585c5498de529e63-1/terraformation/terraware-web/src/queries/baseApi.ts">
        <metrics statements="2" coveredstatements="2" conditionals="0" coveredconditionals="0" methods="1" coveredmethods="1"/>
        <line num="7" count="7" type="stmt"/>
        <line num="11" count="7" type="stmt"/>
      </file>
      <file name="baseQuery.ts" path="/var/lib/buildkite-agent/builds/buildkite-x86-8core-ac5db0f8-i-0585c5498de529e63-1/terraformation/terraware-web/src/queries/baseQuery.ts">
        <metrics statements="39" coveredstatements="20" conditionals="28" coveredconditionals="11" methods="11" coveredmethods="6"/>
        <line num="6" count="0" type="stmt"/>
        <line num="10" count="0" type="stmt"/>
        <line num="12" count="0" type="stmt"/>
        <line num="14" count="0" type="cond" truecount="0" falsecount="2"/>
        <line num="15" count="0" type="stmt"/>
        <line num="18" count="0" type="cond" truecount="0" falsecount="2"/>
        <line num="19" count="0" type="stmt"/>
        <line num="20" count="0" type="cond" truecount="0" falsecount="2"/>
        <line num="23" count="0" type="stmt"/>
        <line num="25" count="0" type="stmt"/>
        <line num="29" count="0" type="stmt"/>
        <line num="32" count="7" type="stmt"/>
        <line num="38" count="52" type="stmt"/>
        <line num="39" count="52" type="cond" truecount="2" falsecount="2"/>
        <line num="40" count="0" type="stmt"/>
        <line num="42" count="52" type="stmt"/>
        <line num="45" count="23" type="stmt"/>
        <line num="46" count="32" type="stmt"/>
        <line num="47" count="32" type="stmt"/>
        <line num="51" count="7" type="stmt"/>
        <line num="56" count="52" type="cond" truecount="1" falsecount="1"/>
[...]
        <line num="13" count="40" type="cond" truecount="4" falsecount="0"/>
        <line num="14" count="16" type="stmt"/>
        <line num="16" count="24" type="cond" truecount="2" falsecount="0"/>
        <line num="17" count="20" type="stmt"/>
        <line num="18" count="20" type="cond" truecount="3" falsecount="1"/>
        <line num="19" count="20" type="cond" truecount="2" falsecount="0"/>
        <line num="22" count="4" type="cond" truecount="3" falsecount="1"/>
        <line num="23" count="4" type="stmt"/>
        <line num="25" count="0" type="stmt"/>
        <line num="28" count="20" type="stmt"/>
        <line num="29" count="20" type="stmt"/>
        <line num="30" count="20" type="cond" truecount="4" falsecount="0"/>
        <line num="31" count="5" type="stmt"/>
        <line num="35" count="15" type="stmt"/>
        <line num="36" count="15" type="stmt"/>
        <line num="37" count="15" type="cond" truecount="2" falsecount="0"/>
        <line num="38" count="2" type="stmt"/>
        <line num="41" count="13" type="stmt"/>
        <line num="42" count="13" type="cond" truecount="4" falsecount="0"/>
        <line num="43" count="2" type="stmt"/>
        <line num="45" count="11" type="cond" truecount="4" falsecount="0"/>
        <line num="46" count="4" type="stmt"/>
        <line num="48" count="7" type="stmt"/>
      </file>
      <file name="text.tsx" path="/var/lib/buildkite-agent/builds/buildkite-x86-8core-ac5db0f8-i-0585c5498de529e63-1/terraformation/terraware-web/src/utils/text.tsx">
        <metrics statements="16" coveredstatements="13" conditionals="6" coveredconditionals="4" methods="4" coveredmethods="1"/>
        <line num="1" count="1" type="stmt"/>
        <line num="2" count="0" type="stmt"/>
        <line num="5" count="1" type="stmt"/>
        <line num="6" count="0" type="stmt"/>
        <line num="9" count="1" type="stmt"/>
        <line num="10" count="0" type="cond" truecount="0" falsecount="2"/>
        <line num="17" count="1" type="stmt"/>
        <line num="18" count="8" type="cond" truecount="2" falsecount="0"/>
        <line num="19" count="2" type="stmt"/>
        <line num="22" count="6" type="stmt"/>
        <line num="23" count="6" type="stmt"/>
        <line num="25" count="6" type="stmt"/>
        <line num="26" count="12" type="stmt"/>
        <line num="28" count="12" type="cond" truecount="2" falsecount="0"/>
        <line num="29" count="5" type="stmt"/>
        <line num="33" count="1" type="stmt"/>
      </file>
      <file name="useDebounce.tsx" path="/var/lib/buildkite-agent/builds/buildkite-x86-8core-ac5db0f8-i-0585c5498de529e63-1/terraformation/terraware-web/src/utils/useDebounce.tsx">
        <metrics statements="10" coveredstatements="7" conditionals="4" coveredconditionals="1" methods="4" coveredmethods="4"/>
        <line num="5" count="85" type="stmt"/>
        <line num="6" count="85" type="stmt"/>
        <line num="8" count="12" type="stmt"/>
        <line num="9" count="10" type="cond" truecount="1" falsecount="1"/>
        <line num="10" count="0" type="stmt"/>
        <line num="11" count="0" type="cond" truecount="0" falsecount="2"/>
        <line num="12" count="0" type="stmt"/>
        <line num="19" count="12" type="stmt"/>
        <line num="20" count="12" type="stmt"/>
        <line num="23" count="85" type="stmt"/>
      </file>
      <file name="useDeviceInfo.ts" path="/var/lib/buildkite-agent/builds/buildkite-x86-8core-ac5db0f8-i-0585c5498de529e63-1/terraformation/terraware-web/src/utils/useDeviceInfo.ts">
        <metrics statements="0" coveredstatements="0" conditionals="0" coveredconditionals="0" methods="0" coveredmethods="0"/>
      </file>
      <file name="useEnvironment.ts" path="/var/lib/buildkite-agent/builds/buildkite-x86-8core-ac5db0f8-i-0585c5498de529e63-1/terraformation/terraware-web/src/utils/useEnvironment.ts">
        <metrics statements="11" coveredstatements="3" conditionals="10" coveredconditionals="0" methods="3" coveredmethods="0"/>
        <line num="3" count="6" type="stmt"/>
        <line num="4" count="0" type="cond" truecount="0" falsecount="2"/>
        <line num="7" count="6" type="stmt"/>
        <line num="8" count="0" type="cond" truecount="0" falsecount="2"/>
        <line num="9" count="0" type="stmt"/>
        <line num="10" count="0" type="stmt"/>
        <line num="15" count="6" type="stmt"/>
        <line num="16" count="0" type="cond" truecount="0" falsecount="2"/>
        <line num="17" count="0" type="cond" truecount="0" falsecount="2"/>
        <line num="18" count="0" type="cond" truecount="0" falsecount="2"/>
        <line num="20" count="0" type="stmt"/>
      </file>
      <file name="useForm.ts" path="/var/lib/buildkite-agent/builds/buildkite-x86-8core-ac5db0f8-i-0585c5498de529e63-1/terraformation/terraware-web/src/utils/useForm.ts">
        <metrics statements="9" coveredstatements="6" conditionals="0" coveredconditionals="0" methods="5" coveredmethods="2"/>
        <line num="6" count="2" type="stmt"/>
        <line num="7" count="81" type="stmt"/>
        <line num="9" count="81" type="stmt"/>
        <line num="10" count="0" type="stmt"/>
        <line num="11" count="0" type="stmt"/>
        <line num="15" count="81" type="stmt"/>
        <line num="17" count="324" type="stmt"/>
        <line num="18" count="0" type="stmt"/>
        <line num="24" count="81" type="stmt"/>
      </file>
      <file name="useNumberFormatter.ts" path="/var/lib/buildkite-agent/builds/buildkite-x86-8core-ac5db0f8-i-0585c5498de529e63-1/terraformation/terraware-web/src/utils/useNumberFormatter.ts">
        <metrics statements="18" coveredstatements="16" conditionals="14" coveredconditionals="8" methods="6" coveredmethods="6"/>
        <line num="8" count="5" type="cond" truecount="2" falsecount="2"/>
        <line num="13" count="1" type="stmt"/>
        <line num="14" count="20" type="stmt"/>
        <line num="16" count="20" type="stmt"/>
        <line num="17" count="5" type="cond" truecount="1" falsecount="1"/>
        <line num="18" count="5" type="cond" truecount="3" falsecount="1"/>
        <line num="19" count="5" type="stmt"/>
        <line num="20" count="5" type="stmt"/>
        <line num="22" count="5" type="stmt"/>
        <line num="25" count="5" type="stmt"/>
        <line num="27" count="20" type="stmt"/>
        <line num="29" count="32" type="cond" truecount="1" falsecount="1"/>
        <line num="30" count="0" type="stmt"/>
        <line num="32" count="32" type="cond" truecount="1" falsecount="1"/>
        <line num="33" count="0" type="stmt"/>
        <line num="38" count="32" type="stmt"/>
        <line num="43" count="20" type="stmt"/>
        <line num="44" count="5" type="stmt"/>
      </file>
      <file name="useQuery.ts" path="/var/lib/buildkite-agent/builds/buildkite-x86-8core-ac5db0f8-i-0585c5498de529e63-1/terraformation/terraware-web/src/utils/useQuery.ts">
        <metrics statements="2" coveredstatements="0" conditionals="0" coveredconditionals="0" methods="2" coveredmethods="0"/>
        <line num="7" count="0" type="stmt"/>
        <line num="9" count="0" type="stmt"/>
      </file>
      <file name="useSnackbar.ts" path="/var/lib/buildkite-agent/builds/buildkite-x86-8core-ac5db0f8-i-0585c5498de529e63-1/terraformation/terraware-web/src/utils/useSnackbar.ts">
        <metrics statements="14" coveredstatements="8" conditionals="2" coveredconditionals="2" methods="12" coveredmethods="6"/>
        <line num="17" count="5" type="stmt"/>
        <line num="20" count="40" type="stmt"/>
        <line num="21" count="9" type="stmt"/>
        <line num="25" count="0" type="stmt"/>
        <line num="26" count="0" type="stmt"/>
        <line num="27" count="5" type="stmt"/>
        <line num="28" count="4" type="cond" truecount="2" falsecount="0"/>
        <line num="32" count="0" type="stmt"/>
        <line num="34" count="0" type="stmt"/>
        <line num="36" count="0" type="stmt"/>
        <line num="38" count="0" type="stmt"/>
        <line num="40" count="40" type="stmt"/>
        <line num="53" count="244" type="stmt"/>
        <line num="54" count="244" type="stmt"/>
      </file>
      <file name="useStateLocation.tsx" path="/var/lib/buildkite-agent/builds/buildkite-x86-8core-ac5db0f8-i-0585c5498de529e63-1/terraformation/terraware-web/src/utils/useStateLocation.tsx">
        <metrics statements="5" coveredstatements="0" conditionals="6" coveredconditionals="0" methods="2" coveredmethods="0"/>
        <line num="9" count="0" type="stmt"/>
        <line num="11" count="0" type="stmt"/>
        <line num="15" count="0" type="cond" truecount="0" falsecount="2"/>
        <line num="16" count="0" type="stmt"/>
        <line num="26" count="0" type="stmt"/>
      </file>
      <file name="useTimeZoneUtils.ts" path="/var/lib/buildkite-agent/builds/buildkite-x86-8core-ac5db0f8-i-0585c5498de529e63-1/terraformation/terraware-web/src/utils/useTimeZoneUtils.ts">
        <metrics statements="34" coveredstatements="12" conditionals="14" coveredconditionals="1" methods="11" coveredmethods="3"/>
        <line num="9" count="1" type="stmt"/>
        <line num="11" count="1" type="stmt"/>
        <line num="12" count="5" type="cond" truecount="1" falsecount="1"/>
        <line num="13" count="0" type="stmt"/>
        <line num="15" count="7" type="stmt"/>
        <line num="21" count="1" type="stmt"/>
        <line num="26" count="0" type="stmt"/>
        <line num="27" count="0" type="cond" truecount="0" falsecount="2"/>
        <line num="29" count="0" type="stmt"/>
        <line num="38" count="1" type="stmt"/>
        <line num="39" count="0" type="cond" truecount="0" falsecount="2"/>
        <line num="45" count="1" type="stmt"/>
        <line num="46" count="0" type="stmt"/>
        <line num="47" count="0" type="stmt"/>
        <line num="48" count="0" type="stmt"/>
        <line num="50" count="0" type="stmt"/>
        <line num="51" count="0" type="stmt"/>
        <line num="53" count="0" type="stmt"/>
        <line num="54" count="0" type="cond" truecount="0" falsecount="2"/>
        <line num="55" count="0" type="stmt"/>
        <line num="58" count="0" type="cond" truecount="0" falsecount="2"/>
        <line num="59" count="0" type="cond" truecount="0" falsecount="2"/>
        <line num="60" count="0" type="stmt"/>
        <line num="63" count="0" type="stmt"/>
        <line num="73" count="1" type="stmt"/>
        <line num="74" count="5" type="stmt"/>
        <line num="75" count="5" type="stmt"/>
        <line num="76" count="5" type="stmt"/>
        <line num="82" count="1" type="stmt"/>
        <line num="83" count="0" type="stmt"/>
        <line num="84" count="0" type="stmt"/>
        <line num="86" count="0" type="stmt"/>
        <line num="87" count="0" type="stmt"/>
        <line num="89" count="0" type="cond" truecount="0" falsecount="2"/>
      </file>
      <file name="user.ts" path="/var/lib/buildkite-agent/builds/buildkite-x86-8core-ac5db0f8-i-0585c5498de529e63-1/terraformation/terraware-web/src/utils/user.ts">
        <metrics statements="10" coveredstatements="3" conditionals="12" coveredconditionals="1" methods="2" coveredmethods="1"/>
        <line num="7" count="9" type="stmt"/>
        <line num="8" count="0" type="cond" truecount="0" falsecount="4"/>
        <line num="9" count="0" type="stmt"/>
        <line num="11" count="0" type="cond" truecount="0" falsecount="2"/>
        <line num="12" count="0" type="stmt"/>
        <line num="14" count="0" type="cond" truecount="0" falsecount="2"/>
        <line num="15" count="0" type="stmt"/>
        <line num="17" count="0" type="cond" truecount="0" falsecount="2"/>
        <line num="20" count="9" type="stmt"/>
        <line num="21" count="1" type="cond" truecount="1" falsecount="1"/>
      </file>
    </package>
    <package name="src.utils.documentProducer">
      <metrics statements="75" coveredstatements="34" conditionals="71" coveredconditionals="28" methods="14" coveredmethods="4"/>
      <file name="variables.ts" path="/var/lib/buildkite-agent/builds/buildkite-x86-8core-ac5db0f8-i-0585c5498de529e63-1/terraformation/terraware-web/src/utils/documentProducer/variables.ts">
        <metrics statements="75" coveredstatements="34" conditionals="71" coveredconditionals="28" methods="14" coveredmethods="4"/>
        <line num="23" count="1" type="stmt"/>
        <line num="24" count="25" type="cond" truecount="1" falsecount="1"/>
        <line num="27" count="0" type="stmt"/>
        <line num="31" count="25" type="stmt"/>
        <line num="34" count="25" type="cond" truecount="1" falsecount="1"/>
        <line num="35" count="0" type="stmt"/>
        <line num="38" count="25" type="stmt"/>
        <line num="40" count="25" type="cond" truecount="2" falsecount="0"/>
        <line num="41" count="7" type="stmt"/>
        <line num="44" count="18" type="cond" truecount="6" falsecount="0"/>
        <line num="46" count="6" type="cond" truecount="4" falsecount="0"/>
        <line num="48" count="2" type="stmt"/>
        <line num="50" count="2" type="cond" truecount="1" falsecount="1"/>
        <line num="52" count="0" type="stmt"/>
        <line num="55" count="2" type="stmt"/>
        <line num="58" count="4" type="cond" truecount="2" falsecount="0"/>
        <line num="59" count="2" type="stmt"/>
        <line num="63" count="2" type="stmt"/>
        <line num="65" count="2" type="stmt"/>
        <line num="67" count="2" type="stmt"/>
        <line num="69" count="2" type="stmt"/>
        <line num="71" count="2" type="stmt"/>
        <line num="73" count="4" type="cond" truecount="2" falsecount="0"/>
        <line num="74" count="2" type="stmt"/>
        <line num="76" count="2" type="cond" truecount="1" falsecount="1"/>
        <line num="77" count="0" type="stmt"/>
        <line num="78" count="0" type="cond" truecount="0" falsecount="4"/>
        <line num="80" count="0" type="stmt"/>
        <line num="82" count="0" type="stmt"/>
        <line num="87" count="2" type="stmt"/>
        <line num="91" count="1" type="stmt"/>
        <line num="92" count="25" type="stmt"/>
        <line num="94" count="25" type="cond" truecount="2" falsecount="0"/>
        <line num="95" count="7" type="stmt"/>
        <line num="98" count="18" type="cond" truecount="3" falsecount="2"/>
        <line num="100" count="12" type="stmt"/>
        <line num="102" count="4" type="stmt"/>
        <line num="104" count="2" type="stmt"/>
        <line num="106" count="0" type="stmt"/>
        <line num="108" count="0" type="stmt"/>
        <line num="115" count="1" type="stmt"/>
        <line num="124" count="0" type="cond" truecount="0" falsecount="6"/>
        <line num="126" count="0" type="stmt"/>
        <line num="128" count="0" type="stmt"/>
        <line num="130" count="0" type="stmt"/>
        <line num="132" count="0" type="stmt"/>
        <line num="134" count="0" type="stmt"/>
        <line num="136" count="0" type="stmt"/>
        <line num="140" count="1" type="stmt"/>
        <line num="145" count="0" type="cond" truecount="0" falsecount="2"/>
        <line num="148" count="0" type="stmt"/>
        <line num="149" count="0" type="cond" truecount="0" falsecount="2"/>
        <line num="150" count="0" type="stmt"/>
        <line num="153" count="0" type="cond" truecount="0" falsecount="4"/>
        <line num="154" count="0" type="stmt"/>
        <line num="157" count="0" type="stmt"/>
        <line num="158" count="0" type="stmt"/>
        <line num="159" count="0" type="cond" truecount="0" falsecount="4"/>
        <line num="160" count="0" type="stmt"/>
        <line num="162" count="0" type="stmt"/>
        <line num="167" count="0" type="stmt"/>
        <line num="168" count="0" type="cond" truecount="0" falsecount="4"/>
        <line num="169" count="0" type="stmt"/>
        <line num="171" count="0" type="cond" truecount="0" falsecount="7"/>
        <line num="177" count="0" type="cond" truecount="0" falsecount="2"/>
        <line num="183" count="0" type="stmt"/>
        <line num="187" count="1" type="stmt"/>
        <line num="188" count="0" type="stmt"/>
        <line num="189" count="0" type="stmt"/>
        <line num="190" count="0" type="stmt"/>
        <line num="191" count="0" type="stmt"/>
        <line num="192" count="0" type="cond" truecount="0" falsecount="2"/>
        <line num="193" count="0" type="stmt"/>
        <line num="197" count="0" type="stmt"/>
        <line num="199" count="0" type="stmt"/>
      </file>
    </package>
    <package name="src.utils.filterHooks">
      <metrics statements="53" coveredstatements="28" conditionals="33" coveredconditionals="21" methods="18" coveredmethods="8"/>
      <file name="index.ts" path="/var/lib/buildkite-agent/builds/buildkite-x86-8core-ac5db0f8-i-0585c5498de529e63-1/terraformation/terraware-web/src/utils/filterHooks/index.ts">
        <metrics statements="53" coveredstatements="28" conditionals="33" coveredconditionals="21" methods="18" coveredmethods="8"/>
        <line num="10" count="1" type="stmt"/>
        <line num="11" count="24" type="cond" truecount="2" falsecount="0"/>
        <line num="12" count="23" type="stmt"/>
        <line num="13" count="35" type="stmt"/>
        <line num="14" count="58" type="stmt"/>
        <line num="16" count="1" type="cond" truecount="1" falsecount="1"/>
        <line num="17" count="0" type="stmt"/>
        <line num="19" count="1" type="stmt"/>
        <line num="23" count="1" type="stmt"/>
        <line num="24" count="7" type="cond" truecount="4" falsecount="0"/>
        <line num="26" count="1" type="stmt"/>
        <line num="27" count="8" type="cond" truecount="5" falsecount="0"/>
        <line num="29" count="1" type="stmt"/>
        <line num="32" count="1" type="stmt"/>
        <line num="36" count="2" type="stmt"/>
        <line num="39" count="4" type="cond" truecount="2" falsecount="0"/>
        <line num="40" count="2" type="stmt"/>
        <line num="42" count="2" type="stmt"/>
        <line num="47" count="12" type="stmt"/>
        <line num="49" count="13" type="cond" truecount="2" falsecount="0"/>
        <line num="51" count="1" type="stmt"/>
        <line num="52" count="4" type="cond" truecount="5" falsecount="1"/>
        <line num="55" count="1" type="stmt"/>
        <line num="56" count="1" type="stmt"/>
        <line num="57" count="1" type="stmt"/>
        <line num="59" count="1" type="stmt"/>
        <line num="60" count="0" type="stmt"/>
        <line num="61" count="0" type="cond" truecount="0" falsecount="2"/>
        <line num="63" count="0" type="stmt"/>
        <line num="67" count="1" type="stmt"/>
        <line num="68" count="0" type="stmt"/>
        <line num="69" count="0" type="stmt"/>
        <line num="75" count="1" type="stmt"/>
        <line num="76" count="0" type="stmt"/>
        <line num="77" count="0" type="stmt"/>
        <line num="79" count="0" type="stmt"/>
        <line num="80" count="0" type="stmt"/>
        <line num="82" count="0" type="stmt"/>
        <line num="83" count="0" type="cond" truecount="0" falsecount="2"/>
        <line num="84" count="0" type="stmt"/>
        <line num="86" count="0" type="stmt"/>
        <line num="89" count="0" type="stmt"/>
        <line num="90" count="0" type="stmt"/>
        <line num="92" count="0" type="cond" truecount="0" falsecount="2"/>
        <line num="93" count="0" type="stmt"/>
        <line num="94" count="0" type="cond" truecount="0" falsecount="2"/>
        <line num="95" count="0" type="stmt"/>
        <line num="98" count="0" type="stmt"/>
        <line num="102" count="0" type="stmt"/>
        <line num="105" count="1" type="stmt"/>
        <line num="106" count="0" type="stmt"/>
        <line num="107" count="0" type="cond" truecount="0" falsecount="2"/>
        <line num="108" count="0" type="stmt"/>
      </file>
    </package>
  </project>
</coverage>
