{"/home/runner/work/terraware-web/terraware-web/src/constants.ts": {"all":false,"path":"/home/runner/work/terraware-web/terraware-web/src/constants.ts","statementMap":{"0":{"start":{"line":1,"column":0},"end":{"line":1,"column":39}},"1":{"start":{"line":1,"column":33},"end":{"line":1,"column":38}},"2":{"start":{"line":2,"column":0},"end":{"line":2,"column":48}},"3":{"start":{"line":2,"column":38},"end":{"line":2,"column":47}},"4":{"start":{"line":3,"column":0},"end":{"line":3,"column":57}},"5":{"start":{"line":3,"column":42},"end":{"line":3,"column":56}},"6":{"start":{"line":4,"column":0},"end":{"line":4,"column":46}},"7":{"start":{"line":4,"column":42},"end":{"line":4,"column":45}},"8":{"start":{"line":6,"column":0},"end":{"line":6,"column":42}},"9":{"start":{"line":6,"column":32},"end":{"line":6,"column":41}},"10":{"start":{"line":8,"column":0},"end":{"line":8,"column":110}},"11":{"start":{"line":8,"column":55},"end":{"line":8,"column":109}},"12":{"start":{"line":9,"column":0},"end":{"line":10,"column":83}},"13":{"start":{"line":10,"column":2},"end":{"line":10,"column":82}},"14":{"start":{"line":11,"column":0},"end":{"line":11,"column":77}},"15":{"start":{"line":11,"column":32},"end":{"line":11,"column":76}},"16":{"start":{"line":14,"column":0},"end":{"line":15,"column":154}},"17":{"start":{"line":15,"column":2},"end":{"line":15,"column":153}},"18":{"start":{"line":1,"column":4294957117},"end":{"line":1,"column":4294957117}},"19":{"start":{"line":18,"column":2},"end":{"line":18,"column":30}},"20":{"start":{"line":19,"column":2},"end":{"line":19,"column":56}},"21":{"start":{"line":20,"column":2},"end":{"line":20,"column":89}},"22":{"start":{"line":21,"column":2},"end":{"line":21,"column":75}},"23":{"start":{"line":22,"column":2},"end":{"line":22,"column":70}},"24":{"start":{"line":23,"column":2},"end":{"line":23,"column":109}},"25":{"start":{"line":24,"column":2},"end":{"line":24,"column":78}},"26":{"start":{"line":25,"column":2},"end":{"line":25,"column":56}},"27":{"start":{"line":26,"column":2},"end":{"line":26,"column":56}},"28":{"start":{"line":27,"column":2},"end":{"line":27,"column":98}},"29":{"start":{"line":28,"column":2},"end":{"line":28,"column":75}},"30":{"start":{"line":29,"column":2},"end":{"line":29,"column":95}},"31":{"start":{"line":30,"column":2},"end":{"line":30,"column":84}},"32":{"start":{"line":31,"column":2},"end":{"line":31,"column":68}},"33":{"start":{"line":32,"column":2},"end":{"line":32,"column":64}},"34":{"start":{"line":33,"column":2},"end":{"line":33,"column":91}},"35":{"start":{"line":34,"column":2},"end":{"line":34,"column":86}},"36":{"start":{"line":35,"column":2},"end":{"line":35,"column":72}},"37":{"start":{"line":36,"column":2},"end":{"line":36,"column":93}},"38":{"start":{"line":37,"column":2},"end":{"line":37,"column":46}},"39":{"start":{"line":38,"column":2},"end":{"line":38,"column":63}},"40":{"start":{"line":39,"column":2},"end":{"line":39,"column":78}},"41":{"start":{"line":40,"column":2},"end":{"line":40,"column":44}},"42":{"start":{"line":41,"column":2},"end":{"line":41,"column":52}},"43":{"start":{"line":42,"column":2},"end":{"line":42,"column":52}},"44":{"start":{"line":43,"column":2},"end":{"line":43,"column":62}},"45":{"start":{"line":44,"column":2},"end":{"line":44,"column":53}},"46":{"start":{"line":45,"column":2},"end":{"line":45,"column":68}},"47":{"start":{"line":46,"column":2},"end":{"line":46,"column":77}},"48":{"start":{"line":47,"column":2},"end":{"line":47,"column":84}},"49":{"start":{"line":48,"column":2},"end":{"line":48,"column":63}},"50":{"start":{"line":49,"column":2},"end":{"line":49,"column":74}},"51":{"start":{"line":50,"column":2},"end":{"line":50,"column":84}},"52":{"start":{"line":51,"column":2},"end":{"line":51,"column":98}},"53":{"start":{"line":52,"column":2},"end":{"line":52,"column":116}},"54":{"start":{"line":53,"column":2},"end":{"line":53,"column":89}},"55":{"start":{"line":54,"column":2},"end":{"line":54,"column":72}},"56":{"start":{"line":55,"column":2},"end":{"line":55,"column":82}},"57":{"start":{"line":56,"column":2},"end":{"line":56,"column":126}},"58":{"start":{"line":57,"column":2},"end":{"line":57,"column":136}},"59":{"start":{"line":58,"column":2},"end":{"line":58,"column":70}},"60":{"start":{"line":59,"column":2},"end":{"line":59,"column":80}},"61":{"start":{"line":60,"column":2},"end":{"line":60,"column":48}},"62":{"start":{"line":61,"column":2},"end":{"line":61,"column":28}},"63":{"start":{"line":62,"column":2},"end":{"line":62,"column":37}},"64":{"start":{"line":63,"column":2},"end":{"line":63,"column":47}},"65":{"start":{"line":64,"column":2},"end":{"line":64,"column":52}},"66":{"start":{"line":65,"column":2},"end":{"line":65,"column":32}},"67":{"start":{"line":66,"column":2},"end":{"line":66,"column":65}},"68":{"start":{"line":67,"column":2},"end":{"line":67,"column":51}},"69":{"start":{"line":68,"column":2},"end":{"line":68,"column":32}},"70":{"start":{"line":69,"column":2},"end":{"line":69,"column":55}},"71":{"start":{"line":70,"column":2},"end":{"line":70,"column":54}},"72":{"start":{"line":71,"column":2},"end":{"line":71,"column":68}},"73":{"start":{"line":72,"column":2},"end":{"line":72,"column":66}},"74":{"start":{"line":73,"column":2},"end":{"line":73,"column":80}},"75":{"start":{"line":74,"column":2},"end":{"line":74,"column":60}},"76":{"start":{"line":75,"column":2},"end":{"line":75,"column":74}},"77":{"start":{"line":76,"column":2},"end":{"line":76,"column":114}},"78":{"start":{"line":77,"column":2},"end":{"line":77,"column":124}},"79":{"start":{"line":78,"column":2},"end":{"line":78,"column":36}},"80":{"start":{"line":79,"column":2},"end":{"line":79,"column":22}},"81":{"start":{"line":80,"column":2},"end":{"line":80,"column":32}},"82":{"start":{"line":81,"column":2},"end":{"line":81,"column":79}},"83":{"start":{"line":82,"column":2},"end":{"line":82,"column":74}},"84":{"start":{"line":83,"column":2},"end":{"line":83,"column":94}},"85":{"start":{"line":84,"column":2},"end":{"line":84,"column":18}},"86":{"start":{"line":85,"column":2},"end":{"line":85,"column":60}},"87":{"start":{"line":86,"column":2},"end":{"line":86,"column":77}},"88":{"start":{"line":87,"column":2},"end":{"line":87,"column":65}},"89":{"start":{"line":88,"column":2},"end":{"line":88,"column":20}},"90":{"start":{"line":89,"column":2},"end":{"line":89,"column":30}},"91":{"start":{"line":90,"column":2},"end":{"line":90,"column":51}},"92":{"start":{"line":91,"column":2},"end":{"line":91,"column":32}},"93":{"start":{"line":92,"column":2},"end":{"line":92,"column":50}},"94":{"start":{"line":93,"column":2},"end":{"line":93,"column":16}},"95":{"start":{"line":94,"column":2},"end":{"line":94,"column":26}},"96":{"start":{"line":95,"column":2},"end":{"line":95,"column":47}},"97":{"start":{"line":96,"column":2},"end":{"line":96,"column":78}},"98":{"start":{"line":97,"column":2},"end":{"line":97,"column":78}},"99":{"start":{"line":98,"column":2},"end":{"line":98,"column":34}},"100":{"start":{"line":99,"column":2},"end":{"line":99,"column":62}},"101":{"start":{"line":100,"column":2},"end":{"line":100,"column":54}},"102":{"start":{"line":101,"column":2},"end":{"line":101,"column":44}},"103":{"start":{"line":102,"column":2},"end":{"line":102,"column":27}},"104":{"start":{"line":103,"column":2},"end":{"line":103,"column":37}},"105":{"start":{"line":104,"column":2},"end":{"line":104,"column":26}},"106":{"start":{"line":105,"column":2},"end":{"line":105,"column":47}},"107":{"start":{"line":106,"column":2},"end":{"line":106,"column":34}},"108":{"start":{"line":107,"column":2},"end":{"line":107,"column":42}},"109":{"start":{"line":108,"column":2},"end":{"line":108,"column":22}},"110":{"start":{"line":109,"column":2},"end":{"line":109,"column":60}},"111":{"start":{"line":110,"column":2},"end":{"line":110,"column":46}},"112":{"start":{"line":111,"column":2},"end":{"line":111,"column":68}},"113":{"start":{"line":112,"column":2},"end":{"line":112,"column":103}},"114":{"start":{"line":113,"column":2},"end":{"line":113,"column":57}},"115":{"start":{"line":114,"column":2},"end":{"line":114,"column":117}},"116":{"start":{"line":115,"column":2},"end":{"line":115,"column":130}},"117":{"start":{"line":116,"column":2},"end":{"line":116,"column":128}},"118":{"start":{"line":117,"column":2},"end":{"line":117,"column":86}},"119":{"start":{"line":118,"column":2},"end":{"line":118,"column":32}},"120":{"start":{"line":119,"column":2},"end":{"line":119,"column":20}},"121":{"start":{"line":120,"column":2},"end":{"line":120,"column":42}},"122":{"start":{"line":121,"column":2},"end":{"line":121,"column":32}},"123":{"start":{"line":122,"column":2},"end":{"line":122,"column":20}},"124":{"start":{"line":123,"column":2},"end":{"line":123,"column":40}},"125":{"start":{"line":124,"column":2},"end":{"line":124,"column":28}},"126":{"start":{"line":125,"column":2},"end":{"line":125,"column":35}},"127":{"start":{"line":126,"column":2},"end":{"line":126,"column":40}},"128":{"start":{"line":127,"column":2},"end":{"line":127,"column":63}},"129":{"start":{"line":128,"column":2},"end":{"line":128,"column":36}},"130":{"start":{"line":129,"column":2},"end":{"line":129,"column":74}},"131":{"start":{"line":130,"column":2},"end":{"line":130,"column":56}},"132":{"start":{"line":131,"column":2},"end":{"line":131,"column":96}},"133":{"start":{"line":132,"column":2},"end":{"line":132,"column":69}},"134":{"start":{"line":133,"column":2},"end":{"line":133,"column":62}},"135":{"start":{"line":134,"column":2},"end":{"line":134,"column":44}},"136":{"start":{"line":135,"column":2},"end":{"line":135,"column":84}},"137":{"start":{"line":136,"column":2},"end":{"line":136,"column":57}},"138":{"start":{"line":137,"column":2},"end":{"line":137,"column":44}},"139":{"start":{"line":138,"column":2},"end":{"line":138,"column":59}},"140":{"start":{"line":139,"column":2},"end":{"line":139,"column":100}},"141":{"start":{"line":140,"column":2},"end":{"line":140,"column":102}},"142":{"start":{"line":141,"column":2},"end":{"line":141,"column":87}},"143":{"start":{"line":142,"column":2},"end":{"line":142,"column":50}},"144":{"start":{"line":143,"column":2},"end":{"line":143,"column":39}},"145":{"start":{"line":144,"column":2},"end":{"line":144,"column":24}},"146":{"start":{"line":145,"column":2},"end":{"line":145,"column":32}},"147":{"start":{"line":146,"column":2},"end":{"line":146,"column":22}},"148":{"start":{"line":147,"column":2},"end":{"line":147,"column":53}},"149":{"start":{"line":148,"column":2},"end":{"line":148,"column":48}},"150":{"start":{"line":149,"column":2},"end":{"line":149,"column":66}},"151":{"start":{"line":150,"column":2},"end":{"line":150,"column":49}},"152":{"start":{"line":151,"column":2},"end":{"line":151,"column":27}},"153":{"start":{"line":152,"column":2},"end":{"line":152,"column":49}},"154":{"start":{"line":153,"column":2},"end":{"line":153,"column":35}},"155":{"start":{"line":154,"column":2},"end":{"line":154,"column":44}},"156":{"start":{"line":155,"column":2},"end":{"line":155,"column":42}},"157":{"start":{"line":156,"column":2},"end":{"line":156,"column":62}},"158":{"start":{"line":157,"column":2},"end":{"line":157,"column":60}},"159":{"start":{"line":158,"column":2},"end":{"line":158,"column":70}},"160":{"start":{"line":159,"column":2},"end":{"line":159,"column":57}},"161":{"start":{"line":160,"column":2},"end":{"line":160,"column":38}},"162":{"start":{"line":161,"column":2},"end":{"line":161,"column":24}},"163":{"start":{"line":162,"column":2},"end":{"line":162,"column":22}},"164":{"start":{"line":163,"column":2},"end":{"line":163,"column":41}},"165":{"start":{"line":164,"column":2},"end":{"line":164,"column":43}},"166":{"start":{"line":165,"column":2},"end":{"line":165,"column":30}},"167":{"start":{"line":166,"column":2},"end":{"line":166,"column":84}},"168":{"start":{"line":167,"column":2},"end":{"line":167,"column":22}},"169":{"start":{"line":0,"column":0},"end":{"line":0,"column":0}}},"fnMap":{"0":{"name":"(anonymous_0)","decl":{"start":{"line":0,"column":0},"end":{"line":0,"column":0}},"loc":{"start":{"line":0,"column":0},"end":{"line":0,"column":0}},"line":0}},"branchMap":{},"s":{"0":1,"1":1,"2":1,"3":1,"4":1,"5":1,"6":1,"7":1,"8":1,"9":1,"10":1,"11":1,"12":1,"13":1,"14":1,"15":1,"16":1,"17":1,"18":1,"19":1,"20":1,"21":1,"22":1,"23":1,"24":1,"25":1,"26":1,"27":1,"28":1,"29":1,"30":1,"31":1,"32":1,"33":1,"34":1,"35":1,"36":1,"37":1,"38":1,"39":1,"40":1,"41":1,"42":1,"43":1,"44":1,"45":1,"46":1,"47":1,"48":1,"49":1,"50":1,"51":1,"52":1,"53":1,"54":1,"55":1,"56":1,"57":1,"58":1,"59":1,"60":1,"61":1,"62":1,"63":1,"64":1,"65":1,"66":1,"67":1,"68":1,"69":1,"70":1,"71":1,"72":1,"73":1,"74":1,"75":1,"76":1,"77":1,"78":1,"79":1,"80":1,"81":1,"82":1,"83":1,"84":1,"85":1,"86":1,"87":1,"88":1,"89":1,"90":1,"91":1,"92":1,"93":1,"94":1,"95":1,"96":1,"97":1,"98":1,"99":1,"100":1,"101":1,"102":1,"103":1,"104":1,"105":1,"106":1,"107":1,"108":1,"109":1,"110":1,"111":1,"112":1,"113":1,"114":1,"115":1,"116":1,"117":1,"118":1,"119":1,"120":1,"121":1,"122":1,"123":1,"124":1,"125":1,"126":1,"127":1,"128":1,"129":1,"130":1,"131":1,"132":1,"133":1,"134":1,"135":1,"136":1,"137":1,"138":1,"139":1,"140":1,"141":1,"142":1,"143":1,"144":1,"145":1,"146":1,"147":1,"148":1,"149":1,"150":1,"151":1,"152":1,"153":1,"154":1,"155":1,"156":1,"157":1,"158":1,"159":1,"160":1,"161":1,"162":1,"163":1,"164":1,"165":1,"166":1,"167":1,"168":1,"169":1},"f":{"0":1},"b":{},"_coverageSchema":"11020577277169172593","hash":"6487089859946209366"}
,"/home/runner/work/terraware-web/terraware-web/src/api/helpers/addQueryParams.ts": {"all":false,"path":"/home/runner/work/terraware-web/terraware-web/src/api/helpers/addQueryParams.ts","statementMap":{"0":{"start":{"line":8,"column":23},"end":{"line":20,"column":1}},"1":{"start":{"line":9,"column":24},"end":{"line":9,"column":32}},"2":{"start":{"line":11,"column":15},"end":{"line":11,"column":34}},"3":{"start":{"line":12,"column":2},"end":{"line":17,"column":5}},"4":{"start":{"line":13,"column":4},"end":{"line":16,"column":5}},"5":{"start":{"line":14,"column":6},"end":{"line":14,"column":114}},"6":{"start":{"line":15,"column":6},"end":{"line":15,"column":82}},"7":{"start":{"line":19,"column":2},"end":{"line":19,"column":25}}},"fnMap":{"0":{"name":"(anonymous_0)","decl":{"start":{"line":8,"column":23},"end":{"line":20,"column":1}},"loc":{"start":{"line":8,"column":86},"end":{"line":20,"column":1}},"line":8},"1":{"name":"(anonymous_1)","decl":{"start":{"line":12,"column":15},"end":{"line":17,"column":3}},"loc":{"start":{"line":12,"column":24},"end":{"line":17,"column":3}},"line":12}},"branchMap":{"0":{"loc":{"start":{"line":13,"column":4},"end":{"line":16,"column":5}},"type":"if","locations":[{"start":{"line":13,"column":4},"end":{"line":16,"column":5}},{"start":{"line":13,"column":4},"end":{"line":16,"column":5}}],"line":13},"1":{"loc":{"start":{"line":14,"column":24},"end":{"line":14,"column":113}},"type":"cond-expr","locations":[{"start":{"line":14,"column":56},"end":{"line":14,"column":83}},{"start":{"line":14,"column":86},"end":{"line":14,"column":113}}],"line":14}},"s":{"0":1,"1":3,"2":3,"3":3,"4":4,"5":4,"6":4,"7":3},"f":{"0":3,"1":4},"b":{"0":[4,0],"1":[2,2]},"_coverageSchema":"11020577277169172593","hash":"15098293077941902556"}
,"/home/runner/work/terraware-web/terraware-web/src/components/DocumentProducer/EditableTableModal/helpers.ts": {"all":false,"path":"/home/runner/work/terraware-web/terraware-web/src/components/DocumentProducer/EditableTableModal/helpers.ts","statementMap":{"0":{"start":{"line":14,"column":0},"end":{"line":19,"column":2}},"1":{"start":{"line":14,"column":29},"end":{"line":19,"column":1}},"2":{"start":{"line":18,"column":2},"end":{"line":18,"column":86}},"3":{"start":{"line":18,"column":51},"end":{"line":18,"column":76}},"4":{"start":{"line":21,"column":0},"end":{"line":54,"column":2}},"5":{"start":{"line":21,"column":33},"end":{"line":54,"column":1}},"6":{"start":{"line":22,"column":2},"end":{"line":53,"column":3}},"7":{"start":{"line":24,"column":6},"end":{"line":29,"column":8}},"8":{"start":{"line":31,"column":6},"end":{"line":36,"column":8}},"9":{"start":{"line":38,"column":6},"end":{"line":43,"column":8}},"10":{"start":{"line":45,"column":6},"end":{"line":50,"column":8}},"11":{"start":{"line":52,"column":6},"end":{"line":52,"column":23}},"12":{"start":{"line":56,"column":0},"end":{"line":71,"column":2}},"13":{"start":{"line":56,"column":25},"end":{"line":71,"column":1}},"14":{"start":{"line":57,"column":2},"end":{"line":70,"column":3}},"15":{"start":{"line":59,"column":6},"end":{"line":59,"column":29}},"16":{"start":{"line":61,"column":6},"end":{"line":61,"column":31}},"17":{"start":{"line":63,"column":6},"end":{"line":63,"column":38}},"18":{"start":{"line":65,"column":6},"end":{"line":65,"column":29}},"19":{"start":{"line":67,"column":6},"end":{"line":67,"column":35}},"20":{"start":{"line":69,"column":6},"end":{"line":69,"column":31}},"21":{"start":{"line":73,"column":0},"end":{"line":83,"column":2}},"22":{"start":{"line":73,"column":36},"end":{"line":83,"column":1}},"23":{"start":{"line":74,"column":2},"end":{"line":82,"column":4}},"24":{"start":{"line":75,"column":4},"end":{"line":81,"column":7}},"25":{"start":{"line":75,"column":34},"end":{"line":81,"column":6}}},"fnMap":{"0":{"name":"(anonymous_0)","decl":{"start":{"line":14,"column":29},"end":{"line":19,"column":1}},"loc":{"start":{"line":17,"column":39},"end":{"line":19,"column":1}},"line":17},"1":{"name":"(anonymous_1)","decl":{"start":{"line":18,"column":42},"end":{"line":18,"column":76}},"loc":{"start":{"line":18,"column":51},"end":{"line":18,"column":76}},"line":18},"2":{"name":"(anonymous_2)","decl":{"start":{"line":21,"column":33},"end":{"line":54,"column":1}},"loc":{"start":{"line":21,"column":117},"end":{"line":54,"column":1}},"line":21},"3":{"name":"(anonymous_3)","decl":{"start":{"line":56,"column":25},"end":{"line":71,"column":1}},"loc":{"start":{"line":56,"column":95},"end":{"line":71,"column":1}},"line":56},"4":{"name":"(anonymous_4)","decl":{"start":{"line":73,"column":36},"end":{"line":83,"column":1}},"loc":{"start":{"line":73,"column":98},"end":{"line":83,"column":1}},"line":73},"5":{"name":"(anonymous_5)","decl":{"start":{"line":74,"column":29},"end":{"line":81,"column":7}},"loc":{"start":{"line":75,"column":4},"end":{"line":81,"column":7}},"line":75},"6":{"name":"(anonymous_6)","decl":{"start":{"line":75,"column":25},"end":{"line":81,"column":6}},"loc":{"start":{"line":75,"column":34},"end":{"line":81,"column":6}},"line":75}},"branchMap":{"0":{"loc":{"start":{"line":22,"column":2},"end":{"line":53,"column":3}},"type":"switch","locations":[{"start":{"line":23,"column":4},"end":{"line":29,"column":8}},{"start":{"line":30,"column":4},"end":{"line":36,"column":8}},{"start":{"line":37,"column":4},"end":{"line":43,"column":8}},{"start":{"line":44,"column":4},"end":{"line":50,"column":8}},{"start":{"line":51,"column":4},"end":{"line":52,"column":23}}],"line":22},"1":{"loc":{"start":{"line":57,"column":2},"end":{"line":70,"column":3}},"type":"switch","locations":[{"start":{"line":58,"column":4},"end":{"line":59,"column":29}},{"start":{"line":60,"column":4},"end":{"line":61,"column":31}},{"start":{"line":62,"column":4},"end":{"line":63,"column":38}},{"start":{"line":64,"column":4},"end":{"line":65,"column":29}},{"start":{"line":66,"column":4},"end":{"line":67,"column":35}},{"start":{"line":68,"column":4},"end":{"line":69,"column":31}}],"line":57},"2":{"loc":{"start":{"line":63,"column":13},"end":{"line":63,"column":37}},"type":"binary-expr","locations":[{"start":{"line":63,"column":13},"end":{"line":63,"column":24}},{"start":{"line":63,"column":28},"end":{"line":63,"column":37}}],"line":63},"3":{"loc":{"start":{"line":69,"column":13},"end":{"line":69,"column":30}},"type":"binary-expr","locations":[{"start":{"line":69,"column":13},"end":{"line":69,"column":24}},{"start":{"line":69,"column":28},"end":{"line":69,"column":30}}],"line":69}},"s":{"0":1,"1":1,"2":0,"3":0,"4":1,"5":1,"6":0,"7":0,"8":0,"9":0,"10":0,"11":0,"12":1,"13":1,"14":0,"15":0,"16":0,"17":0,"18":0,"19":0,"20":0,"21":1,"22":1,"23":0,"24":0,"25":0},"f":{"0":0,"1":0,"2":0,"3":0,"4":0,"5":0,"6":0},"b":{"0":[0,0,0,0,0],"1":[0,0,0,0,0,0],"2":[0,0],"3":[0,0]},"_coverageSchema":"11020577277169172593","hash":"3551900306866565576"}
,"/home/runner/work/terraware-web/terraware-web/src/components/Map/testdata.ts": {"all":false,"path":"/home/runner/work/terraware-web/terraware-web/src/components/Map/testdata.ts","statementMap":{"0":{"start":{"line":5,"column":0},"end":{"line":23,"column":2}},"1":{"start":{"line":5,"column":41},"end":{"line":23,"column":1}},"2":{"start":{"line":25,"column":0},"end":{"line":43,"column":2}},"3":{"start":{"line":25,"column":41},"end":{"line":43,"column":1}},"4":{"start":{"line":45,"column":0},"end":{"line":63,"column":2}},"5":{"start":{"line":45,"column":41},"end":{"line":63,"column":1}},"6":{"start":{"line":65,"column":0},"end":{"line":83,"column":2}},"7":{"start":{"line":65,"column":41},"end":{"line":83,"column":1}},"8":{"start":{"line":85,"column":0},"end":{"line":103,"column":2}},"9":{"start":{"line":85,"column":41},"end":{"line":103,"column":1}},"10":{"start":{"line":105,"column":0},"end":{"line":118,"column":2}},"11":{"start":{"line":105,"column":40},"end":{"line":118,"column":1}},"12":{"start":{"line":120,"column":0},"end":{"line":133,"column":2}},"13":{"start":{"line":120,"column":40},"end":{"line":133,"column":1}},"14":{"start":{"line":135,"column":0},"end":{"line":135,"column":105}},"15":{"start":{"line":135,"column":53},"end":{"line":135,"column":104}},"16":{"start":{"line":136,"column":0},"end":{"line":136,"column":115}},"17":{"start":{"line":136,"column":53},"end":{"line":136,"column":114}},"18":{"start":{"line":137,"column":0},"end":{"line":137,"column":115}},"19":{"start":{"line":137,"column":53},"end":{"line":137,"column":114}},"20":{"start":{"line":139,"column":0},"end":{"line":144,"column":2}},"21":{"start":{"line":139,"column":54},"end":{"line":144,"column":1}},"22":{"start":{"line":145,"column":0},"end":{"line":150,"column":2}},"23":{"start":{"line":145,"column":52},"end":{"line":150,"column":1}}},"fnMap":{},"branchMap":{},"s":{"0":2,"1":2,"2":2,"3":2,"4":2,"5":2,"6":2,"7":2,"8":2,"9":2,"10":2,"11":2,"12":2,"13":2,"14":2,"15":2,"16":2,"17":2,"18":2,"19":2,"20":2,"21":2,"22":2,"23":2},"f":{},"b":{},"_coverageSchema":"11020577277169172593","hash":"16732212431940813858"}
,"/home/runner/work/terraware-web/terraware-web/src/components/Map/utils.tsx": {"all":false,"path":"/home/runner/work/terraware-web/terraware-web/src/components/Map/utils.tsx","statementMap":{"0":{"start":{"line":24,"column":2},"end":{"line":30,"column":3}},"1":{"start":{"line":25,"column":4},"end":{"line":25,"column":20}},"2":{"start":{"line":26,"column":9},"end":{"line":30,"column":3}},"3":{"start":{"line":27,"column":4},"end":{"line":27,"column":73}},"4":{"start":{"line":29,"column":4},"end":{"line":29,"column":16}},"5":{"start":{"line":35,"column":40},"end":{"line":35,"column":72}},"6":{"start":{"line":36,"column":43},"end":{"line":36,"column":56}},"7":{"start":{"line":38,"column":2},"end":{"line":40,"column":3}},"8":{"start":{"line":39,"column":4},"end":{"line":39,"column":16}},"9":{"start":{"line":42,"column":2},"end":{"line":46,"column":5}},"10":{"start":{"line":43,"column":24},"end":{"line":43,"column":40}},"11":{"start":{"line":44,"column":25},"end":{"line":44,"column":82}},"12":{"start":{"line":45,"column":4},"end":{"line":45,"column":32}},"13":{"start":{"line":54,"column":18},"end":{"line":54,"column":36}},"14":{"start":{"line":55,"column":19},"end":{"line":55,"column":84}},"15":{"start":{"line":57,"column":2},"end":{"line":62,"column":4}},"16":{"start":{"line":65,"column":0},"end":{"line":76,"column":2}},"17":{"start":{"line":65,"column":28},"end":{"line":76,"column":1}},"18":{"start":{"line":66,"column":2},"end":{"line":75,"column":3}},"19":{"start":{"line":68,"column":6},"end":{"line":68,"column":59}},"20":{"start":{"line":70,"column":6},"end":{"line":70,"column":56}},"21":{"start":{"line":72,"column":6},"end":{"line":72,"column":55}},"22":{"start":{"line":74,"column":6},"end":{"line":74,"column":30}},"23":{"start":{"line":78,"column":0},"end":{"line":112,"column":3}},"24":{"start":{"line":78,"column":77},"end":{"line":112,"column":2}},"25":{"start":{"line":114,"column":0},"end":{"line":188,"column":2}},"26":{"start":{"line":114,"column":34},"end":{"line":188,"column":1}},"27":{"start":{"line":115,"column":2},"end":{"line":187,"column":4}},"28":{"start":{"line":203,"column":0},"end":{"line":260,"column":2}},"29":{"start":{"line":203,"column":34},"end":{"line":260,"column":1}},"30":{"start":{"line":204,"column":2},"end":{"line":206,"column":3}},"31":{"start":{"line":205,"column":4},"end":{"line":205,"column":16}},"32":{"start":{"line":208,"column":45},"end":{"line":208,"column":72}},"33":{"start":{"line":210,"column":2},"end":{"line":212,"column":3}},"34":{"start":{"line":211,"column":4},"end":{"line":211,"column":16}},"35":{"start":{"line":210,"column":33},"end":{"line":210,"column":43}},"36":{"start":{"line":214,"column":21},"end":{"line":225,"column":4}},"37":{"start":{"line":216,"column":4},"end":{"line":223,"column":5}},"38":{"start":{"line":218,"column":6},"end":{"line":222,"column":7}},"39":{"start":{"line":219,"column":8},"end":{"line":219,"column":20}},"40":{"start":{"line":221,"column":8},"end":{"line":221,"column":32}},"41":{"start":{"line":224,"column":4},"end":{"line":224,"column":15}},"42":{"start":{"line":228,"column":22},"end":{"line":249,"column":29}},"43":{"start":{"line":229,"column":28},"end":{"line":229,"column":41}},"44":{"start":{"line":232,"column":4},"end":{"line":247,"column":5}},"45":{"start":{"line":233,"column":25},"end":{"line":233,"column":58}},"46":{"start":{"line":234,"column":6},"end":{"line":246,"column":7}},"47":{"start":{"line":235,"column":32},"end":{"line":235,"column":67}},"48":{"start":{"line":236,"column":8},"end":{"line":242,"column":9}},"49":{"start":{"line":237,"column":36},"end":{"line":240,"column":11}},"50":{"start":{"line":241,"column":10},"end":{"line":241,"column":45}},"51":{"start":{"line":245,"column":8},"end":{"line":245,"column":19}},"52":{"start":{"line":248,"column":4},"end":{"line":248,"column":37}},"53":{"start":{"line":251,"column":20},"end":{"line":251,"column":75}},"54":{"start":{"line":252,"column":2},"end":{"line":257,"column":3}},"55":{"start":{"line":253,"column":4},"end":{"line":256,"column":26}},"56":{"start":{"line":259,"column":2},"end":{"line":259,"column":61}},"57":{"start":{"line":270,"column":0},"end":{"line":272,"column":2}},"58":{"start":{"line":270,"column":31},"end":{"line":272,"column":1}},"59":{"start":{"line":271,"column":2},"end":{"line":271,"column":50}},"60":{"start":{"line":277,"column":0},"end":{"line":291,"column":2}},"61":{"start":{"line":277,"column":35},"end":{"line":291,"column":1}},"62":{"start":{"line":278,"column":2},"end":{"line":290,"column":7}},"63":{"start":{"line":279,"column":22},"end":{"line":282,"column":6}},"64":{"start":{"line":283,"column":22},"end":{"line":283,"column":33}},"65":{"start":{"line":285,"column":6},"end":{"line":289,"column":7}},"66":{"start":{"line":286,"column":8},"end":{"line":286,"column":49}},"67":{"start":{"line":288,"column":8},"end":{"line":288,"column":49}},"68":{"start":{"line":293,"column":0},"end":{"line":310,"column":2}},"69":{"start":{"line":293,"column":37},"end":{"line":310,"column":1}},"70":{"start":{"line":295,"column":20},"end":{"line":295,"column":35}},"71":{"start":{"line":296,"column":26},"end":{"line":296,"column":58}},"72":{"start":{"line":297,"column":65},"end":{"line":297,"column":78}},"73":{"start":{"line":298,"column":37},"end":{"line":298,"column":53}},"74":{"start":{"line":300,"column":2},"end":{"line":309,"column":4}},"75":{"start":{"line":312,"column":0},"end":{"line":328,"column":2}},"76":{"start":{"line":312,"column":45},"end":{"line":328,"column":1}},"77":{"start":{"line":313,"column":2},"end":{"line":315,"column":3}},"78":{"start":{"line":314,"column":4},"end":{"line":314,"column":16}},"79":{"start":{"line":317,"column":2},"end":{"line":327,"column":5}},"80":{"start":{"line":318,"column":42},"end":{"line":318,"column":108}},"81":{"start":{"line":319,"column":4},"end":{"line":326,"column":6}}},"fnMap":{"0":{"name":"toMultiPolygon","decl":{"start":{"line":23,"column":16},"end":{"line":23,"column":30}},"loc":{"start":{"line":23,"column":72},"end":{"line":31,"column":1}},"line":23},"1":{"name":"unionMultiPolygons","decl":{"start":{"line":33,"column":16},"end":{"line":33,"column":34}},"loc":{"start":{"line":33,"column":94},"end":{"line":47,"column":1}},"line":33},"2":{"name":"(anonymous_2)","decl":{"start":{"line":35,"column":18},"end":{"line":35,"column":72}},"loc":{"start":{"line":35,"column":40},"end":{"line":35,"column":72}},"line":35},"3":{"name":"(anonymous_3)","decl":{"start":{"line":36,"column":12},"end":{"line":36,"column":56}},"loc":{"start":{"line":36,"column":43},"end":{"line":36,"column":56}},"line":36},"4":{"name":"(anonymous_4)","decl":{"start":{"line":42,"column":26},"end":{"line":46,"column":3}},"loc":{"start":{"line":42,"column":83},"end":{"line":46,"column":3}},"line":42},"5":{"name":"toFeature","decl":{"start":{"line":49,"column":16},"end":{"line":49,"column":25}},"loc":{"start":{"line":53,"column":37},"end":{"line":63,"column":1}},"line":53},"6":{"name":"(anonymous_6)","decl":{"start":{"line":65,"column":28},"end":{"line":76,"column":1}},"loc":{"start":{"line":65,"column":119},"end":{"line":76,"column":1}},"line":65},"7":{"name":"(anonymous_7)","decl":{"start":{"line":78,"column":32},"end":{"line":112,"column":2}},"loc":{"start":{"line":78,"column":77},"end":{"line":112,"column":2}},"line":78},"8":{"name":"(anonymous_8)","decl":{"start":{"line":114,"column":34},"end":{"line":188,"column":1}},"loc":{"start":{"line":114,"column":108},"end":{"line":188,"column":1}},"line":114},"9":{"name":"(anonymous_9)","decl":{"start":{"line":203,"column":34},"end":{"line":260,"column":1}},"loc":{"start":{"line":203,"column":113},"end":{"line":260,"column":1}},"line":203},"10":{"name":"(anonymous_10)","decl":{"start":{"line":208,"column":35},"end":{"line":208,"column":72}},"loc":{"start":{"line":208,"column":45},"end":{"line":208,"column":72}},"line":208},"11":{"name":"(anonymous_11)","decl":{"start":{"line":210,"column":26},"end":{"line":210,"column":43}},"loc":{"start":{"line":210,"column":33},"end":{"line":210,"column":43}},"line":210},"12":{"name":"(anonymous_12)","decl":{"start":{"line":214,"column":42},"end":{"line":225,"column":3}},"loc":{"start":{"line":214,"column":57},"end":{"line":225,"column":3}},"line":214},"13":{"name":"(anonymous_13)","decl":{"start":{"line":228,"column":43},"end":{"line":249,"column":3}},"loc":{"start":{"line":228,"column":65},"end":{"line":249,"column":3}},"line":228},"14":{"name":"(anonymous_14)","decl":{"start":{"line":270,"column":31},"end":{"line":272,"column":1}},"loc":{"start":{"line":270,"column":119},"end":{"line":272,"column":1}},"line":270},"15":{"name":"(anonymous_15)","decl":{"start":{"line":277,"column":35},"end":{"line":291,"column":1}},"loc":{"start":{"line":277,"column":118},"end":{"line":291,"column":1}},"line":277},"16":{"name":"(anonymous_16)","decl":{"start":{"line":279,"column":9},"end":{"line":282,"column":6}},"loc":{"start":{"line":279,"column":22},"end":{"line":282,"column":6}},"line":279},"17":{"name":"(anonymous_17)","decl":{"start":{"line":283,"column":12},"end":{"line":283,"column":33}},"loc":{"start":{"line":283,"column":22},"end":{"line":283,"column":33}},"line":283},"18":{"name":"(anonymous_18)","decl":{"start":{"line":284,"column":10},"end":{"line":290,"column":5}},"loc":{"start":{"line":284,"column":28},"end":{"line":290,"column":5}},"line":284},"19":{"name":"(anonymous_19)","decl":{"start":{"line":293,"column":37},"end":{"line":310,"column":1}},"loc":{"start":{"line":293,"column":73},"end":{"line":310,"column":1}},"line":293},"20":{"name":"(anonymous_20)","decl":{"start":{"line":295,"column":13},"end":{"line":295,"column":35}},"loc":{"start":{"line":295,"column":20},"end":{"line":295,"column":35}},"line":295},"21":{"name":"(anonymous_21)","decl":{"start":{"line":296,"column":13},"end":{"line":296,"column":58}},"loc":{"start":{"line":296,"column":26},"end":{"line":296,"column":58}},"line":296},"22":{"name":"(anonymous_22)","decl":{"start":{"line":297,"column":12},"end":{"line":297,"column":78}},"loc":{"start":{"line":297,"column":65},"end":{"line":297,"column":78}},"line":297},"23":{"name":"(anonymous_23)","decl":{"start":{"line":298,"column":13},"end":{"line":298,"column":53}},"loc":{"start":{"line":298,"column":37},"end":{"line":298,"column":53}},"line":298},"24":{"name":"(anonymous_24)","decl":{"start":{"line":312,"column":45},"end":{"line":328,"column":1}},"loc":{"start":{"line":312,"column":92},"end":{"line":328,"column":1}},"line":312},"25":{"name":"(anonymous_25)","decl":{"start":{"line":317,"column":24},"end":{"line":327,"column":3}},"loc":{"start":{"line":317,"column":70},"end":{"line":327,"column":3}},"line":317}},"branchMap":{"0":{"loc":{"start":{"line":24,"column":2},"end":{"line":30,"column":3}},"type":"if","locations":[{"start":{"line":24,"column":2},"end":{"line":30,"column":3}},{"start":{"line":24,"column":2},"end":{"line":30,"column":3}}],"line":24},"1":{"loc":{"start":{"line":26,"column":9},"end":{"line":30,"column":3}},"type":"if","locations":[{"start":{"line":26,"column":9},"end":{"line":30,"column":3}},{"start":{"line":26,"column":9},"end":{"line":30,"column":3}}],"line":26},"2":{"loc":{"start":{"line":38,"column":2},"end":{"line":40,"column":3}},"type":"if","locations":[{"start":{"line":38,"column":2},"end":{"line":40,"column":3}},{"start":{"line":38,"column":2},"end":{"line":40,"column":3}}],"line":38},"3":{"loc":{"start":{"line":44,"column":25},"end":{"line":44,"column":82}},"type":"cond-expr","locations":[{"start":{"line":44,"column":39},"end":{"line":44,"column":75}},{"start":{"line":44,"column":78},"end":{"line":44,"column":82}}],"line":44},"4":{"loc":{"start":{"line":45,"column":11},"end":{"line":45,"column":31}},"type":"binary-expr","locations":[{"start":{"line":45,"column":11},"end":{"line":45,"column":23}},{"start":{"line":45,"column":27},"end":{"line":45,"column":31}}],"line":45},"5":{"loc":{"start":{"line":54,"column":18},"end":{"line":54,"column":36}},"type":"cond-expr","locations":[{"start":{"line":54,"column":30},"end":{"line":54,"column":31}},{"start":{"line":54,"column":34},"end":{"line":54,"column":36}}],"line":54},"6":{"loc":{"start":{"line":55,"column":19},"end":{"line":55,"column":84}},"type":"binary-expr","locations":[{"start":{"line":55,"column":19},"end":{"line":55,"column":39}},{"start":{"line":55,"column":43},"end":{"line":55,"column":84}}],"line":55},"7":{"loc":{"start":{"line":60,"column":37},"end":{"line":60,"column":61}},"type":"binary-expr","locations":[{"start":{"line":60,"column":37},"end":{"line":60,"column":50}},{"start":{"line":60,"column":54},"end":{"line":60,"column":61}}],"line":60},"8":{"loc":{"start":{"line":66,"column":2},"end":{"line":75,"column":3}},"type":"switch","locations":[{"start":{"line":67,"column":4},"end":{"line":68,"column":59}},{"start":{"line":69,"column":4},"end":{"line":70,"column":56}},{"start":{"line":71,"column":4},"end":{"line":72,"column":55}},{"start":{"line":73,"column":4},"end":{"line":74,"column":30}}],"line":66},"9":{"loc":{"start":{"line":68,"column":13},"end":{"line":68,"column":58}},"type":"binary-expr","locations":[{"start":{"line":68,"column":13},"end":{"line":68,"column":38}},{"start":{"line":68,"column":42},"end":{"line":68,"column":58}}],"line":68},"10":{"loc":{"start":{"line":70,"column":13},"end":{"line":70,"column":55}},"type":"binary-expr","locations":[{"start":{"line":70,"column":13},"end":{"line":70,"column":35}},{"start":{"line":70,"column":39},"end":{"line":70,"column":55}}],"line":70},"11":{"loc":{"start":{"line":72,"column":13},"end":{"line":72,"column":54}},"type":"binary-expr","locations":[{"start":{"line":72,"column":13},"end":{"line":72,"column":34}},{"start":{"line":72,"column":38},"end":{"line":72,"column":54}}],"line":72},"12":{"loc":{"start":{"line":149,"column":10},"end":{"line":149,"column":52}},"type":"binary-expr","locations":[{"start":{"line":149,"column":10},"end":{"line":149,"column":32}},{"start":{"line":149,"column":36},"end":{"line":149,"column":52}}],"line":149},"13":{"loc":{"start":{"line":156,"column":10},"end":{"line":156,"column":52}},"type":"binary-expr","locations":[{"start":{"line":156,"column":10},"end":{"line":156,"column":32}},{"start":{"line":156,"column":36},"end":{"line":156,"column":52}}],"line":156},"14":{"loc":{"start":{"line":161,"column":20},"end":{"line":176,"column":12}},"type":"cond-expr","locations":[{"start":{"line":162,"column":8},"end":{"line":175,"column":9}},{"start":{"line":176,"column":8},"end":{"line":176,"column":12}}],"line":161},"15":{"loc":{"start":{"line":177,"column":17},"end":{"line":186,"column":12}},"type":"cond-expr","locations":[{"start":{"line":178,"column":8},"end":{"line":185,"column":9}},{"start":{"line":186,"column":8},"end":{"line":186,"column":12}}],"line":177},"16":{"loc":{"start":{"line":183,"column":28},"end":{"line":183,"column":49}},"type":"binary-expr","locations":[{"start":{"line":183,"column":28},"end":{"line":183,"column":42}},{"start":{"line":183,"column":46},"end":{"line":183,"column":49}}],"line":183},"17":{"loc":{"start":{"line":204,"column":2},"end":{"line":206,"column":3}},"type":"if","locations":[{"start":{"line":204,"column":2},"end":{"line":206,"column":3}},{"start":{"line":204,"column":2},"end":{"line":206,"column":3}}],"line":204},"18":{"loc":{"start":{"line":204,"column":6},"end":{"line":204,"column":73}},"type":"binary-expr","locations":[{"start":{"line":204,"column":6},"end":{"line":204,"column":35}},{"start":{"line":204,"column":39},"end":{"line":204,"column":73}}],"line":204},"19":{"loc":{"start":{"line":210,"column":2},"end":{"line":212,"column":3}},"type":"if","locations":[{"start":{"line":210,"column":2},"end":{"line":212,"column":3}},{"start":{"line":210,"column":2},"end":{"line":212,"column":3}}],"line":210},"20":{"loc":{"start":{"line":216,"column":4},"end":{"line":223,"column":5}},"type":"if","locations":[{"start":{"line":216,"column":4},"end":{"line":223,"column":5}},{"start":{"line":216,"column":4},"end":{"line":223,"column":5}}],"line":216},"21":{"loc":{"start":{"line":218,"column":6},"end":{"line":222,"column":7}},"type":"if","locations":[{"start":{"line":218,"column":6},"end":{"line":222,"column":7}},{"start":{"line":218,"column":6},"end":{"line":222,"column":7}}],"line":218},"22":{"loc":{"start":{"line":232,"column":4},"end":{"line":247,"column":5}},"type":"if","locations":[{"start":{"line":232,"column":4},"end":{"line":247,"column":5}},{"start":{"line":232,"column":4},"end":{"line":247,"column":5}}],"line":232},"23":{"loc":{"start":{"line":234,"column":6},"end":{"line":246,"column":7}},"type":"if","locations":[{"start":{"line":234,"column":6},"end":{"line":246,"column":7}},{"start":{"line":234,"column":6},"end":{"line":246,"column":7}}],"line":234},"24":{"loc":{"start":{"line":236,"column":8},"end":{"line":242,"column":9}},"type":"if","locations":[{"start":{"line":236,"column":8},"end":{"line":242,"column":9}},{"start":{"line":236,"column":8},"end":{"line":242,"column":9}}],"line":236},"25":{"loc":{"start":{"line":232,"column":8},"end":{"line":232,"column":61}},"type":"binary-expr","locations":[{"start":{"line":232,"column":8},"end":{"line":232,"column":21}},{"start":{"line":232,"column":25},"end":{"line":232,"column":61}}],"line":232},"26":{"loc":{"start":{"line":251,"column":20},"end":{"line":251,"column":75}},"type":"cond-expr","locations":[{"start":{"line":251,"column":33},"end":{"line":251,"column":68}},{"start":{"line":251,"column":71},"end":{"line":251,"column":75}}],"line":251},"27":{"loc":{"start":{"line":252,"column":2},"end":{"line":257,"column":3}},"type":"if","locations":[{"start":{"line":252,"column":2},"end":{"line":257,"column":3}},{"start":{"line":252,"column":2},"end":{"line":257,"column":3}}],"line":252},"28":{"loc":{"start":{"line":259,"column":9},"end":{"line":259,"column":60}},"type":"cond-expr","locations":[{"start":{"line":259,"column":42},"end":{"line":259,"column":46}},{"start":{"line":259,"column":49},"end":{"line":259,"column":60}}],"line":259},"29":{"loc":{"start":{"line":271,"column":9},"end":{"line":271,"column":49}},"type":"binary-expr","locations":[{"start":{"line":271,"column":9},"end":{"line":271,"column":41}},{"start":{"line":271,"column":45},"end":{"line":271,"column":49}}],"line":271},"30":{"loc":{"start":{"line":285,"column":6},"end":{"line":289,"column":7}},"type":"if","locations":[{"start":{"line":285,"column":6},"end":{"line":289,"column":7}},{"start":{"line":285,"column":6},"end":{"line":289,"column":7}}],"line":285},"31":{"loc":{"start":{"line":313,"column":2},"end":{"line":315,"column":3}},"type":"if","locations":[{"start":{"line":313,"column":2},"end":{"line":315,"column":3}},{"start":{"line":313,"column":2},"end":{"line":315,"column":3}}],"line":313},"32":{"loc":{"start":{"line":321,"column":9},"end":{"line":321,"column":76}},"type":"binary-expr","locations":[{"start":{"line":321,"column":9},"end":{"line":321,"column":33}},{"start":{"line":321,"column":37},"end":{"line":321,"column":76}}],"line":321},"33":{"loc":{"start":{"line":322,"column":9},"end":{"line":322,"column":82}},"type":"binary-expr","locations":[{"start":{"line":322,"column":9},"end":{"line":322,"column":36}},{"start":{"line":322,"column":40},"end":{"line":322,"column":82}}],"line":322},"34":{"loc":{"start":{"line":323,"column":9},"end":{"line":323,"column":78}},"type":"binary-expr","locations":[{"start":{"line":323,"column":9},"end":{"line":323,"column":34}},{"start":{"line":323,"column":38},"end":{"line":323,"column":78}}],"line":323},"35":{"loc":{"start":{"line":324,"column":9},"end":{"line":324,"column":64}},"type":"binary-expr","locations":[{"start":{"line":324,"column":9},"end":{"line":324,"column":27}},{"start":{"line":324,"column":31},"end":{"line":324,"column":64}}],"line":324}},"s":{"0":10,"1":2,"2":8,"3":8,"4":0,"5":0,"6":0,"7":0,"8":0,"9":0,"10":0,"11":0,"12":0,"13":0,"14":0,"15":0,"16":2,"17":2,"18":4,"19":1,"20":1,"21":1,"22":1,"23":2,"24":0,"25":2,"26":2,"27":1,"28":2,"29":2,"30":6,"31":1,"32":11,"33":5,"34":2,"35":7,"36":3,"37":4,"38":3,"39":0,"40":3,"41":1,"42":3,"43":7,"44":7,"45":6,"46":6,"47":6,"48":6,"49":6,"50":6,"51":0,"52":1,"53":3,"54":3,"55":3,"56":3,"57":2,"58":2,"59":2,"60":2,"61":2,"62":2,"63":2,"64":2,"65":1,"66":0,"67":1,"68":2,"69":2,"70":1,"71":1,"72":1,"73":1,"74":2,"75":2,"76":2,"77":3,"78":2,"79":1,"80":1,"81":1},"f":{"0":10,"1":0,"2":0,"3":0,"4":0,"5":0,"6":4,"7":0,"8":1,"9":6,"10":11,"11":7,"12":4,"13":7,"14":2,"15":2,"16":2,"17":2,"18":1,"19":2,"20":1,"21":1,"22":1,"23":1,"24":3,"25":1},"b":{"0":[2,8],"1":[8,0],"2":[0,0],"3":[0,0],"4":[0,0],"5":[0,0],"6":[0,0],"7":[0,0],"8":[1,1,1,1],"9":[1,1],"10":[1,1],"11":[1,1],"12":[1,1],"13":[1,1],"14":[0,1],"15":[0,1],"16":[0,0],"17":[1,5],"18":[6,6],"19":[2,3],"20":[3,1],"21":[0,3],"22":[6,1],"23":[6,0],"24":[6,0],"25":[7,6],"26":[3,0],"27":[3,0],"28":[0,3],"29":[2,1],"30":[0,1],"31":[2,1],"32":[1,0],"33":[1,0],"34":[1,1],"35":[1,1]},"_coverageSchema":"11020577277169172593","hash":"17975837785425424421"}
,"/home/runner/work/terraware-web/terraware-web/src/hooks/useUndoRedoState.ts": {"all":false,"path":"/home/runner/work/terraware-web/terraware-web/src/hooks/useUndoRedoState.ts","statementMap":{"0":{"start":{"line":22,"column":28},"end":{"line":22,"column":71}},"1":{"start":{"line":23,"column":38},"end":{"line":23,"column":57}},"2":{"start":{"line":25,"column":44},"end":{"line":25,"column":74}},"3":{"start":{"line":27,"column":18},"end":{"line":38,"column":3}},"4":{"start":{"line":29,"column":20},"end":{"line":29,"column":82}},"5":{"start":{"line":30,"column":6},"end":{"line":34,"column":9}},"6":{"start":{"line":31,"column":31},"end":{"line":31,"column":60}},"7":{"start":{"line":32,"column":8},"end":{"line":32,"column":48}},"8":{"start":{"line":33,"column":8},"end":{"line":33,"column":30}},"9":{"start":{"line":35,"column":6},"end":{"line":35,"column":48}},"10":{"start":{"line":35,"column":38},"end":{"line":35,"column":46}},"11":{"start":{"line":40,"column":15},"end":{"line":50,"column":40}},"12":{"start":{"line":41,"column":4},"end":{"line":49,"column":5}},"13":{"start":{"line":42,"column":6},"end":{"line":46,"column":8}},"14":{"start":{"line":43,"column":27},"end":{"line":43,"column":48}},"15":{"start":{"line":44,"column":8},"end":{"line":44,"column":50}},"16":{"start":{"line":44,"column":40},"end":{"line":44,"column":48}},"17":{"start":{"line":45,"column":8},"end":{"line":45,"column":39}},"18":{"start":{"line":48,"column":6},"end":{"line":48,"column":23}},"19":{"start":{"line":52,"column":15},"end":{"line":62,"column":40}},"20":{"start":{"line":53,"column":4},"end":{"line":61,"column":5}},"21":{"start":{"line":54,"column":6},"end":{"line":58,"column":8}},"22":{"start":{"line":55,"column":27},"end":{"line":55,"column":48}},"23":{"start":{"line":56,"column":8},"end":{"line":56,"column":50}},"24":{"start":{"line":56,"column":40},"end":{"line":56,"column":48}},"25":{"start":{"line":57,"column":8},"end":{"line":57,"column":39}},"26":{"start":{"line":60,"column":6},"end":{"line":60,"column":23}},"27":{"start":{"line":64,"column":2},"end":{"line":64,"column":37}}},"fnMap":{"0":{"name":"useUndoRedoState","decl":{"start":{"line":21,"column":24},"end":{"line":21,"column":40}},"loc":{"start":{"line":21,"column":111},"end":{"line":65,"column":1}},"line":21},"1":{"name":"(anonymous_1)","decl":{"start":{"line":25,"column":38},"end":{"line":25,"column":74}},"loc":{"start":{"line":25,"column":44},"end":{"line":25,"column":74}},"line":25},"2":{"name":"(anonymous_2)","decl":{"start":{"line":28,"column":4},"end":{"line":36,"column":5}},"loc":{"start":{"line":28,"column":28},"end":{"line":36,"column":5}},"line":28},"3":{"name":"(anonymous_3)","decl":{"start":{"line":30,"column":15},"end":{"line":34,"column":7}},"loc":{"start":{"line":30,"column":44},"end":{"line":34,"column":7}},"line":30},"4":{"name":"(anonymous_4)","decl":{"start":{"line":35,"column":20},"end":{"line":35,"column":46}},"loc":{"start":{"line":35,"column":38},"end":{"line":35,"column":46}},"line":35},"5":{"name":"(anonymous_5)","decl":{"start":{"line":40,"column":23},"end":{"line":50,"column":3}},"loc":{"start":{"line":40,"column":29},"end":{"line":50,"column":3}},"line":40},"6":{"name":"(anonymous_6)","decl":{"start":{"line":42,"column":13},"end":{"line":46,"column":7}},"loc":{"start":{"line":42,"column":19},"end":{"line":46,"column":7}},"line":42},"7":{"name":"(anonymous_7)","decl":{"start":{"line":44,"column":22},"end":{"line":44,"column":48}},"loc":{"start":{"line":44,"column":40},"end":{"line":44,"column":48}},"line":44},"8":{"name":"(anonymous_8)","decl":{"start":{"line":52,"column":23},"end":{"line":62,"column":3}},"loc":{"start":{"line":52,"column":29},"end":{"line":62,"column":3}},"line":52},"9":{"name":"(anonymous_9)","decl":{"start":{"line":54,"column":13},"end":{"line":58,"column":7}},"loc":{"start":{"line":54,"column":19},"end":{"line":58,"column":7}},"line":54},"10":{"name":"(anonymous_10)","decl":{"start":{"line":56,"column":22},"end":{"line":56,"column":48}},"loc":{"start":{"line":56,"column":40},"end":{"line":56,"column":48}},"line":56}},"branchMap":{"0":{"loc":{"start":{"line":29,"column":20},"end":{"line":29,"column":82}},"type":"cond-expr","locations":[{"start":{"line":29,"column":50},"end":{"line":29,"column":74}},{"start":{"line":29,"column":77},"end":{"line":29,"column":82}}],"line":29},"1":{"loc":{"start":{"line":41,"column":4},"end":{"line":49,"column":5}},"type":"if","locations":[{"start":{"line":41,"column":4},"end":{"line":49,"column":5}},{"start":{"line":41,"column":4},"end":{"line":49,"column":5}}],"line":41},"2":{"loc":{"start":{"line":53,"column":4},"end":{"line":61,"column":5}},"type":"if","locations":[{"start":{"line":53,"column":4},"end":{"line":61,"column":5}},{"start":{"line":53,"column":4},"end":{"line":61,"column":5}}],"line":53}},"s":{"0":29,"1":29,"2":29,"3":29,"4":10,"5":10,"6":10,"7":10,"8":10,"9":10,"10":10,"11":29,"12":29,"13":15,"14":7,"15":7,"16":7,"17":7,"18":14,"19":29,"20":29,"21":8,"22":3,"23":3,"24":3,"25":3,"26":21,"27":29},"f":{"0":29,"1":29,"2":10,"3":10,"4":10,"5":29,"6":7,"7":7,"8":29,"9":3,"10":3},"b":{"0":[1,9],"1":[15,14],"2":[8,21]},"_coverageSchema":"11020577277169172593","hash":"9810028119525158024"}
,"/home/runner/work/terraware-web/terraware-web/src/redux/hooks/useMultiSelectorProcessor/util.ts": {"all":false,"path":"/home/runner/work/terraware-web/terraware-web/src/redux/hooks/useMultiSelectorProcessor/util.ts","statementMap":{"0":{"start":{"line":8,"column":0},"end":{"line":16,"column":4}},"1":{"start":{"line":9,"column":2},"end":{"line":16,"column":3}},"2":{"start":{"line":12,"column":8},"end":{"line":12,"column":89}},"3":{"start":{"line":12,"column":52},"end":{"line":12,"column":89}},"4":{"start":{"line":15,"column":20},"end":{"line":15,"column":27}},"5":{"start":{"line":18,"column":0},"end":{"line":47,"column":5}},"6":{"start":{"line":18,"column":33},"end":{"line":47,"column":4}},"7":{"start":{"line":19,"column":2},"end":{"line":47,"column":4}},"8":{"start":{"line":20,"column":4},"end":{"line":44,"column":5}},"9":{"start":{"line":22,"column":6},"end":{"line":22,"column":21}},"10":{"start":{"line":23,"column":11},"end":{"line":44,"column":5}},"11":{"start":{"line":25,"column":6},"end":{"line":27,"column":7}},"12":{"start":{"line":26,"column":8},"end":{"line":26,"column":20}},"13":{"start":{"line":29,"column":6},"end":{"line":29,"column":17}},"14":{"start":{"line":30,"column":11},"end":{"line":44,"column":5}},"15":{"start":{"line":32,"column":6},"end":{"line":34,"column":7}},"16":{"start":{"line":33,"column":8},"end":{"line":33,"column":19}},"17":{"start":{"line":36,"column":6},"end":{"line":36,"column":18}},"18":{"start":{"line":37,"column":11},"end":{"line":44,"column":5}},"19":{"start":{"line":39,"column":6},"end":{"line":41,"column":7}},"20":{"start":{"line":40,"column":8},"end":{"line":40,"column":20}},"21":{"start":{"line":43,"column":6},"end":{"line":43,"column":17}},"22":{"start":{"line":46,"column":4},"end":{"line":46,"column":15}}},"fnMap":{"0":{"name":"(anonymous_0)","decl":{"start":{"line":8,"column":38},"end":{"line":16,"column":3}},"loc":{"start":{"line":9,"column":2},"end":{"line":16,"column":3}},"line":9},"1":{"name":"(anonymous_1)","decl":{"start":{"line":11,"column":6},"end":{"line":12,"column":89}},"loc":{"start":{"line":12,"column":8},"end":{"line":12,"column":89}},"line":12},"2":{"name":"(anonymous_2)","decl":{"start":{"line":12,"column":8},"end":{"line":12,"column":89}},"loc":{"start":{"line":12,"column":52},"end":{"line":12,"column":89}},"line":12},"3":{"name":"(anonymous_3)","decl":{"start":{"line":15,"column":4},"end":{"line":15,"column":27}},"loc":{"start":{"line":15,"column":20},"end":{"line":15,"column":27}},"line":15},"4":{"name":"(anonymous_4)","decl":{"start":{"line":18,"column":33},"end":{"line":47,"column":4}},"loc":{"start":{"line":19,"column":2},"end":{"line":47,"column":4}},"line":19},"5":{"name":"(anonymous_5)","decl":{"start":{"line":19,"column":18},"end":{"line":47,"column":3}},"loc":{"start":{"line":19,"column":53},"end":{"line":47,"column":3}},"line":19}},"branchMap":{"0":{"loc":{"start":{"line":20,"column":4},"end":{"line":44,"column":5}},"type":"if","locations":[{"start":{"line":20,"column":4},"end":{"line":44,"column":5}},{"start":{"line":20,"column":4},"end":{"line":44,"column":5}}],"line":20},"1":{"loc":{"start":{"line":23,"column":11},"end":{"line":44,"column":5}},"type":"if","locations":[{"start":{"line":23,"column":11},"end":{"line":44,"column":5}},{"start":{"line":23,"column":11},"end":{"line":44,"column":5}}],"line":23},"2":{"loc":{"start":{"line":25,"column":6},"end":{"line":27,"column":7}},"type":"if","locations":[{"start":{"line":25,"column":6},"end":{"line":27,"column":7}},{"start":{"line":25,"column":6},"end":{"line":27,"column":7}}],"line":25},"3":{"loc":{"start":{"line":30,"column":11},"end":{"line":44,"column":5}},"type":"if","locations":[{"start":{"line":30,"column":11},"end":{"line":44,"column":5}},{"start":{"line":30,"column":11},"end":{"line":44,"column":5}}],"line":30},"4":{"loc":{"start":{"line":32,"column":6},"end":{"line":34,"column":7}},"type":"if","locations":[{"start":{"line":32,"column":6},"end":{"line":34,"column":7}},{"start":{"line":32,"column":6},"end":{"line":34,"column":7}}],"line":32},"5":{"loc":{"start":{"line":37,"column":11},"end":{"line":44,"column":5}},"type":"if","locations":[{"start":{"line":37,"column":11},"end":{"line":44,"column":5}},{"start":{"line":37,"column":11},"end":{"line":44,"column":5}}],"line":37},"6":{"loc":{"start":{"line":39,"column":6},"end":{"line":41,"column":7}},"type":"if","locations":[{"start":{"line":39,"column":6},"end":{"line":41,"column":7}},{"start":{"line":39,"column":6},"end":{"line":41,"column":7}}],"line":39}},"s":{"0":1,"1":0,"2":0,"3":0,"4":0,"5":1,"6":1,"7":9,"8":13,"9":2,"10":11,"11":2,"12":1,"13":1,"14":9,"15":4,"16":3,"17":1,"18":5,"19":5,"20":2,"21":3,"22":0},"f":{"0":0,"1":0,"2":0,"3":0,"4":9,"5":13},"b":{"0":[2,11],"1":[2,9],"2":[1,1],"3":[4,5],"4":[3,1],"5":[5,0],"6":[2,3]},"_coverageSchema":"11020577277169172593","hash":"15237639579657303258"}
,"/home/runner/work/terraware-web/terraware-web/src/scenes/AcceleratorRouter/Documents/PreviewView/util/markdown-table.ts": {"all":false,"path":"/home/runner/work/terraware-web/terraware-web/src/scenes/AcceleratorRouter/Documents/PreviewView/util/markdown-table.ts","statementMap":{"0":{"start":{"line":9,"column":0},"end":{"line":11,"column":43}},"1":{"start":{"line":11,"column":2},"end":{"line":11,"column":42}},"2":{"start":{"line":13,"column":30},"end":{"line":13,"column":61}},"3":{"start":{"line":13,"column":36},"end":{"line":13,"column":61}},"4":{"start":{"line":14,"column":0},"end":{"line":14,"column":119}},"5":{"start":{"line":14,"column":75},"end":{"line":14,"column":118}},"6":{"start":{"line":16,"column":35},"end":{"line":25,"column":1}},"7":{"start":{"line":17,"column":27},"end":{"line":17,"column":29}},"8":{"start":{"line":20,"column":16},"end":{"line":20,"column":39}},"9":{"start":{"line":21,"column":2},"end":{"line":23,"column":3}},"10":{"start":{"line":22,"column":4},"end":{"line":22,"column":33}},"11":{"start":{"line":24,"column":2},"end":{"line":24,"column":16}},"12":{"start":{"line":39,"column":0},"end":{"line":42,"column":2}},"13":{"start":{"line":39,"column":30},"end":{"line":42,"column":1}},"14":{"start":{"line":40,"column":15},"end":{"line":40,"column":20}},"15":{"start":{"line":41,"column":2},"end":{"line":41,"column":93}},"16":{"start":{"line":48,"column":28},"end":{"line":162,"column":1}},"17":{"start":{"line":53,"column":49},"end":{"line":61,"column":3}},"18":{"start":{"line":63,"column":23},"end":{"line":63,"column":39}},"19":{"start":{"line":66,"column":2},"end":{"line":159,"column":3}},"20":{"start":{"line":69,"column":4},"end":{"line":71,"column":5}},"21":{"start":{"line":70,"column":6},"end":{"line":70,"column":26}},"22":{"start":{"line":74,"column":29},"end":{"line":74,"column":70}},"23":{"start":{"line":75,"column":4},"end":{"line":158,"column":5}},"24":{"start":{"line":77,"column":6},"end":{"line":77,"column":45}},"25":{"start":{"line":78,"column":6},"end":{"line":78,"column":36}},"26":{"start":{"line":79,"column":11},"end":{"line":158,"column":5}},"27":{"start":{"line":82,"column":35},"end":{"line":82,"column":37}},"28":{"start":{"line":85,"column":22},"end":{"line":85,"column":55}},"29":{"start":{"line":86,"column":6},"end":{"line":91,"column":7}},"30":{"start":{"line":87,"column":8},"end":{"line":89,"column":9}},"31":{"start":{"line":88,"column":10},"end":{"line":88,"column":19}},"32":{"start":{"line":90,"column":8},"end":{"line":90,"column":60}},"33":{"start":{"line":92,"column":6},"end":{"line":95,"column":7}},"34":{"start":{"line":94,"column":8},"end":{"line":94,"column":36}},"35":{"start":{"line":97,"column":6},"end":{"line":157,"column":7}},"36":{"start":{"line":99,"column":8},"end":{"line":156,"column":9}},"37":{"start":{"line":101,"column":10},"end":{"line":101,"column":49}},"38":{"start":{"line":102,"column":10},"end":{"line":102,"column":61}},"39":{"start":{"line":105,"column":10},"end":{"line":109,"column":11}},"40":{"start":{"line":106,"column":12},"end":{"line":106,"column":40}},"41":{"start":{"line":108,"column":12},"end":{"line":108,"column":34}},"42":{"start":{"line":112,"column":10},"end":{"line":117,"column":11}},"43":{"start":{"line":113,"column":12},"end":{"line":113,"column":42}},"44":{"start":{"line":115,"column":12},"end":{"line":115,"column":33}},"45":{"start":{"line":116,"column":12},"end":{"line":116,"column":21}},"46":{"start":{"line":118,"column":15},"end":{"line":156,"column":9}},"47":{"start":{"line":120,"column":10},"end":{"line":120,"column":61}},"48":{"start":{"line":123,"column":10},"end":{"line":144,"column":11}},"49":{"start":{"line":124,"column":31},"end":{"line":124,"column":61}},"50":{"start":{"line":127,"column":12},"end":{"line":127,"column":44}},"51":{"start":{"line":129,"column":12},"end":{"line":143,"column":13}},"52":{"start":{"line":131,"column":14},"end":{"line":131,"column":38}},"53":{"start":{"line":132,"column":14},"end":{"line":132,"column":31}},"54":{"start":{"line":135,"column":14},"end":{"line":137,"column":15}},"55":{"start":{"line":136,"column":16},"end":{"line":136,"column":46}},"56":{"start":{"line":139,"column":14},"end":{"line":139,"column":23}},"57":{"start":{"line":142,"column":14},"end":{"line":142,"column":23}},"58":{"start":{"line":147,"column":10},"end":{"line":147,"column":80}},"59":{"start":{"line":150,"column":10},"end":{"line":152,"column":11}},"60":{"start":{"line":151,"column":12},"end":{"line":151,"column":42}},"61":{"start":{"line":155,"column":10},"end":{"line":155,"column":16}},"62":{"start":{"line":161,"column":2},"end":{"line":161,"column":22}},"63":{"start":{"line":164,"column":26},"end":{"line":165,"column":75}},"64":{"start":{"line":165,"column":2},"end":{"line":165,"column":75}},"65":{"start":{"line":165,"column":39},"end":{"line":165,"column":74}},"66":{"start":{"line":167,"column":29},"end":{"line":215,"column":1}},"67":{"start":{"line":169,"column":23},"end":{"line":181,"column":4}},"68":{"start":{"line":170,"column":4},"end":{"line":172,"column":5}},"69":{"start":{"line":171,"column":6},"end":{"line":171,"column":19}},"70":{"start":{"line":174,"column":4},"end":{"line":180,"column":10}},"71":{"start":{"line":176,"column":24},"end":{"line":176,"column":35}},"72":{"start":{"line":177,"column":21},"end":{"line":180,"column":8}},"73":{"start":{"line":183,"column":52},"end":{"line":183,"column":54}},"74":{"start":{"line":186,"column":2},"end":{"line":212,"column":3}},"75":{"start":{"line":188,"column":4},"end":{"line":190,"column":5}},"76":{"start":{"line":189,"column":6},"end":{"line":189,"column":15}},"77":{"start":{"line":193,"column":4},"end":{"line":195,"column":5}},"78":{"start":{"line":194,"column":6},"end":{"line":194,"column":15}},"79":{"start":{"line":198,"column":4},"end":{"line":200,"column":5}},"80":{"start":{"line":199,"column":6},"end":{"line":199,"column":15}},"81":{"start":{"line":203,"column":25},"end":{"line":203,"column":45}},"82":{"start":{"line":204,"column":4},"end":{"line":208,"column":5}},"83":{"start":{"line":206,"column":6},"end":{"line":206,"column":63}},"84":{"start":{"line":207,"column":6},"end":{"line":207,"column":15}},"85":{"start":{"line":211,"column":4},"end":{"line":211,"column":83}},"86":{"start":{"line":214,"column":2},"end":{"line":214,"column":23}},"87":{"start":{"line":217,"column":24},"end":{"line":221,"column":1}},"88":{"start":{"line":218,"column":26},"end":{"line":218,"column":49}},"89":{"start":{"line":219,"column":22},"end":{"line":219,"column":69}},"90":{"start":{"line":220,"column":2},"end":{"line":220,"column":21}},"91":{"start":{"line":223,"column":23},"end":{"line":227,"column":1}},"92":{"start":{"line":224,"column":24},"end":{"line":224,"column":55}},"93":{"start":{"line":225,"column":18},"end":{"line":225,"column":60}},"94":{"start":{"line":226,"column":2},"end":{"line":226,"column":17}},"95":{"start":{"line":266,"column":0},"end":{"line":317,"column":2}},"96":{"start":{"line":266,"column":39},"end":{"line":317,"column":1}},"97":{"start":{"line":267,"column":52},"end":{"line":267,"column":85}},"98":{"start":{"line":269,"column":51},"end":{"line":269,"column":53}},"99":{"start":{"line":270,"column":23},"end":{"line":270,"column":39}},"100":{"start":{"line":272,"column":14},"end":{"line":272,"column":15}},"101":{"start":{"line":273,"column":2},"end":{"line":314,"column":3}},"102":{"start":{"line":275,"column":24},"end":{"line":275,"column":70}},"103":{"start":{"line":278,"column":4},"end":{"line":309,"column":5}},"104":{"start":{"line":279,"column":6},"end":{"line":282,"column":7}},"105":{"start":{"line":280,"column":31},"end":{"line":280,"column":98}},"106":{"start":{"line":281,"column":8},"end":{"line":281,"column":70}},"107":{"start":{"line":285,"column":49},"end":{"line":285,"column":80}},"108":{"start":{"line":286,"column":6},"end":{"line":290,"column":9}},"109":{"start":{"line":291,"column":6},"end":{"line":296,"column":7}},"110":{"start":{"line":292,"column":8},"end":{"line":295,"column":9}},"111":{"start":{"line":293,"column":33},"end":{"line":293,"column":99}},"112":{"start":{"line":294,"column":10},"end":{"line":294,"column":72}},"113":{"start":{"line":297,"column":6},"end":{"line":297,"column":14}},"114":{"start":{"line":298,"column":6},"end":{"line":298,"column":15}},"115":{"start":{"line":299,"column":11},"end":{"line":309,"column":5}},"116":{"start":{"line":300,"column":6},"end":{"line":305,"column":7}},"117":{"start":{"line":301,"column":8},"end":{"line":304,"column":9}},"118":{"start":{"line":302,"column":33},"end":{"line":302,"column":99}},"119":{"start":{"line":303,"column":10},"end":{"line":303,"column":72}},"120":{"start":{"line":307,"column":6},"end":{"line":307,"column":14}},"121":{"start":{"line":308,"column":6},"end":{"line":308,"column":15}},"122":{"start":{"line":312,"column":4},"end":{"line":312,"column":12}},"123":{"start":{"line":313,"column":4},"end":{"line":313,"column":62}},"124":{"start":{"line":316,"column":2},"end":{"line":316,"column":22}}},"fnMap":{"0":{"name":"(anonymous_0)","decl":{"start":{"line":9,"column":50},"end":{"line":11,"column":42}},"loc":{"start":{"line":11,"column":2},"end":{"line":11,"column":42}},"line":11},"1":{"name":"(anonymous_1)","decl":{"start":{"line":13,"column":30},"end":{"line":13,"column":61}},"loc":{"start":{"line":13,"column":36},"end":{"line":13,"column":61}},"line":13},"2":{"name":"(anonymous_2)","decl":{"start":{"line":14,"column":35},"end":{"line":14,"column":118}},"loc":{"start":{"line":14,"column":75},"end":{"line":14,"column":118}},"line":14},"3":{"name":"(anonymous_3)","decl":{"start":{"line":16,"column":35},"end":{"line":25,"column":1}},"loc":{"start":{"line":16,"column":64},"end":{"line":25,"column":1}},"line":16},"4":{"name":"(anonymous_4)","decl":{"start":{"line":39,"column":30},"end":{"line":42,"column":1}},"loc":{"start":{"line":39,"column":73},"end":{"line":42,"column":1}},"line":39},"5":{"name":"(anonymous_5)","decl":{"start":{"line":48,"column":28},"end":{"line":162,"column":1}},"loc":{"start":{"line":52,"column":31},"end":{"line":162,"column":1}},"line":52},"6":{"name":"(anonymous_6)","decl":{"start":{"line":164,"column":26},"end":{"line":165,"column":75}},"loc":{"start":{"line":165,"column":2},"end":{"line":165,"column":75}},"line":165},"7":{"name":"(anonymous_7)","decl":{"start":{"line":165,"column":21},"end":{"line":165,"column":74}},"loc":{"start":{"line":165,"column":39},"end":{"line":165,"column":74}},"line":165},"8":{"name":"(anonymous_8)","decl":{"start":{"line":167,"column":29},"end":{"line":215,"column":1}},"loc":{"start":{"line":167,"column":96},"end":{"line":215,"column":1}},"line":167},"9":{"name":"(anonymous_9)","decl":{"start":{"line":169,"column":48},"end":{"line":181,"column":3}},"loc":{"start":{"line":169,"column":102},"end":{"line":181,"column":3}},"line":169},"10":{"name":"(anonymous_10)","decl":{"start":{"line":176,"column":14},"end":{"line":176,"column":35}},"loc":{"start":{"line":176,"column":24},"end":{"line":176,"column":35}},"line":176},"11":{"name":"(anonymous_11)","decl":{"start":{"line":177,"column":11},"end":{"line":180,"column":8}},"loc":{"start":{"line":177,"column":21},"end":{"line":180,"column":8}},"line":177},"12":{"name":"(anonymous_12)","decl":{"start":{"line":217,"column":24},"end":{"line":221,"column":1}},"loc":{"start":{"line":217,"column":48},"end":{"line":221,"column":1}},"line":217},"13":{"name":"(anonymous_13)","decl":{"start":{"line":223,"column":23},"end":{"line":227,"column":1}},"loc":{"start":{"line":223,"column":47},"end":{"line":227,"column":1}},"line":223},"14":{"name":"(anonymous_14)","decl":{"start":{"line":266,"column":39},"end":{"line":317,"column":1}},"loc":{"start":{"line":266,"column":106},"end":{"line":317,"column":1}},"line":266},"15":{"name":"(anonymous_15)","decl":{"start":{"line":275,"column":6},"end":{"line":275,"column":70}},"loc":{"start":{"line":275,"column":24},"end":{"line":275,"column":70}},"line":275}},"branchMap":{"0":{"loc":{"start":{"line":11,"column":30},"end":{"line":11,"column":41}},"type":"binary-expr","locations":[{"start":{"line":11,"column":30},"end":{"line":11,"column":35}},{"start":{"line":11,"column":39},"end":{"line":11,"column":41}}],"line":11},"1":{"loc":{"start":{"line":14,"column":106},"end":{"line":14,"column":117}},"type":"binary-expr","locations":[{"start":{"line":14,"column":106},"end":{"line":14,"column":111}},{"start":{"line":14,"column":115},"end":{"line":14,"column":117}}],"line":14},"2":{"loc":{"start":{"line":41,"column":12},"end":{"line":41,"column":91}},"type":"binary-expr","locations":[{"start":{"line":41,"column":12},"end":{"line":41,"column":32}},{"start":{"line":41,"column":36},"end":{"line":41,"column":63}},{"start":{"line":41,"column":67},"end":{"line":41,"column":91}}],"line":41},"3":{"loc":{"start":{"line":69,"column":4},"end":{"line":71,"column":5}},"type":"if","locations":[{"start":{"line":69,"column":4},"end":{"line":71,"column":5}},{"start":{"line":69,"column":4},"end":{"line":71,"column":5}}],"line":69},"4":{"loc":{"start":{"line":75,"column":4},"end":{"line":158,"column":5}},"type":"if","locations":[{"start":{"line":75,"column":4},"end":{"line":158,"column":5}},{"start":{"line":75,"column":4},"end":{"line":158,"column":5}}],"line":75},"5":{"loc":{"start":{"line":79,"column":11},"end":{"line":158,"column":5}},"type":"if","locations":[{"start":{"line":79,"column":11},"end":{"line":158,"column":5}},{"start":{"line":79,"column":11},"end":{"line":158,"column":5}}],"line":79},"6":{"loc":{"start":{"line":87,"column":8},"end":{"line":89,"column":9}},"type":"if","locations":[{"start":{"line":87,"column":8},"end":{"line":89,"column":9}},{"start":{"line":87,"column":8},"end":{"line":89,"column":9}}],"line":87},"7":{"loc":{"start":{"line":92,"column":6},"end":{"line":95,"column":7}},"type":"if","locations":[{"start":{"line":92,"column":6},"end":{"line":95,"column":7}},{"start":{"line":92,"column":6},"end":{"line":95,"column":7}}],"line":92},"8":{"loc":{"start":{"line":97,"column":13},"end":{"line":97,"column":107}},"type":"binary-expr","locations":[{"start":{"line":97,"column":13},"end":{"line":97,"column":55}},{"start":{"line":97,"column":59},"end":{"line":97,"column":107}}],"line":97},"9":{"loc":{"start":{"line":99,"column":8},"end":{"line":156,"column":9}},"type":"if","locations":[{"start":{"line":99,"column":8},"end":{"line":156,"column":9}},{"start":{"line":99,"column":8},"end":{"line":156,"column":9}}],"line":99},"10":{"loc":{"start":{"line":105,"column":10},"end":{"line":109,"column":11}},"type":"if","locations":[{"start":{"line":105,"column":10},"end":{"line":109,"column":11}},{"start":{"line":105,"column":10},"end":{"line":109,"column":11}}],"line":105},"11":{"loc":{"start":{"line":112,"column":10},"end":{"line":117,"column":11}},"type":"if","locations":[{"start":{"line":112,"column":10},"end":{"line":117,"column":11}},{"start":{"line":112,"column":10},"end":{"line":117,"column":11}}],"line":112},"12":{"loc":{"start":{"line":118,"column":15},"end":{"line":156,"column":9}},"type":"if","locations":[{"start":{"line":118,"column":15},"end":{"line":156,"column":9}},{"start":{"line":118,"column":15},"end":{"line":156,"column":9}}],"line":118},"13":{"loc":{"start":{"line":123,"column":10},"end":{"line":144,"column":11}},"type":"if","locations":[{"start":{"line":123,"column":10},"end":{"line":144,"column":11}},{"start":{"line":123,"column":10},"end":{"line":144,"column":11}}],"line":123},"14":{"loc":{"start":{"line":129,"column":12},"end":{"line":143,"column":13}},"type":"if","locations":[{"start":{"line":129,"column":12},"end":{"line":143,"column":13}},{"start":{"line":129,"column":12},"end":{"line":143,"column":13}}],"line":129},"15":{"loc":{"start":{"line":135,"column":14},"end":{"line":137,"column":15}},"type":"if","locations":[{"start":{"line":135,"column":14},"end":{"line":137,"column":15}},{"start":{"line":135,"column":14},"end":{"line":137,"column":15}}],"line":135},"16":{"loc":{"start":{"line":150,"column":10},"end":{"line":152,"column":11}},"type":"if","locations":[{"start":{"line":150,"column":10},"end":{"line":152,"column":11}},{"start":{"line":150,"column":10},"end":{"line":152,"column":11}}],"line":150},"17":{"loc":{"start":{"line":170,"column":4},"end":{"line":172,"column":5}},"type":"if","locations":[{"start":{"line":170,"column":4},"end":{"line":172,"column":5}},{"start":{"line":170,"column":4},"end":{"line":172,"column":5}}],"line":170},"18":{"loc":{"start":{"line":188,"column":4},"end":{"line":190,"column":5}},"type":"if","locations":[{"start":{"line":188,"column":4},"end":{"line":190,"column":5}},{"start":{"line":188,"column":4},"end":{"line":190,"column":5}}],"line":188},"19":{"loc":{"start":{"line":193,"column":4},"end":{"line":195,"column":5}},"type":"if","locations":[{"start":{"line":193,"column":4},"end":{"line":195,"column":5}},{"start":{"line":193,"column":4},"end":{"line":195,"column":5}}],"line":193},"20":{"loc":{"start":{"line":198,"column":4},"end":{"line":200,"column":5}},"type":"if","locations":[{"start":{"line":198,"column":4},"end":{"line":200,"column":5}},{"start":{"line":198,"column":4},"end":{"line":200,"column":5}}],"line":198},"21":{"loc":{"start":{"line":204,"column":4},"end":{"line":208,"column":5}},"type":"if","locations":[{"start":{"line":204,"column":4},"end":{"line":208,"column":5}},{"start":{"line":204,"column":4},"end":{"line":208,"column":5}}],"line":204},"22":{"loc":{"start":{"line":204,"column":8},"end":{"line":204,"column":112}},"type":"binary-expr","locations":[{"start":{"line":204,"column":8},"end":{"line":204,"column":49}},{"start":{"line":204,"column":53},"end":{"line":204,"column":112}}],"line":204},"23":{"loc":{"start":{"line":278,"column":4},"end":{"line":309,"column":5}},"type":"if","locations":[{"start":{"line":278,"column":4},"end":{"line":309,"column":5}},{"start":{"line":278,"column":4},"end":{"line":309,"column":5}}],"line":278},"24":{"loc":{"start":{"line":279,"column":6},"end":{"line":282,"column":7}},"type":"if","locations":[{"start":{"line":279,"column":6},"end":{"line":282,"column":7}},{"start":{"line":279,"column":6},"end":{"line":282,"column":7}}],"line":279},"25":{"loc":{"start":{"line":279,"column":10},"end":{"line":279,"column":84}},"type":"binary-expr","locations":[{"start":{"line":279,"column":10},"end":{"line":279,"column":43}},{"start":{"line":279,"column":47},"end":{"line":279,"column":84}}],"line":279},"26":{"loc":{"start":{"line":291,"column":6},"end":{"line":296,"column":7}},"type":"if","locations":[{"start":{"line":291,"column":6},"end":{"line":296,"column":7}},{"start":{"line":291,"column":6},"end":{"line":296,"column":7}}],"line":291},"27":{"loc":{"start":{"line":292,"column":8},"end":{"line":295,"column":9}},"type":"if","locations":[{"start":{"line":292,"column":8},"end":{"line":295,"column":9}},{"start":{"line":292,"column":8},"end":{"line":295,"column":9}}],"line":292},"28":{"loc":{"start":{"line":292,"column":12},"end":{"line":292,"column":85}},"type":"binary-expr","locations":[{"start":{"line":292,"column":12},"end":{"line":292,"column":45}},{"start":{"line":292,"column":49},"end":{"line":292,"column":85}}],"line":292},"29":{"loc":{"start":{"line":299,"column":11},"end":{"line":309,"column":5}},"type":"if","locations":[{"start":{"line":299,"column":11},"end":{"line":309,"column":5}},{"start":{"line":299,"column":11},"end":{"line":309,"column":5}}],"line":299},"30":{"loc":{"start":{"line":300,"column":6},"end":{"line":305,"column":7}},"type":"if","locations":[{"start":{"line":300,"column":6},"end":{"line":305,"column":7}},{"start":{"line":300,"column":6},"end":{"line":305,"column":7}}],"line":300},"31":{"loc":{"start":{"line":301,"column":8},"end":{"line":304,"column":9}},"type":"if","locations":[{"start":{"line":301,"column":8},"end":{"line":304,"column":9}},{"start":{"line":301,"column":8},"end":{"line":304,"column":9}}],"line":301},"32":{"loc":{"start":{"line":301,"column":12},"end":{"line":301,"column":85}},"type":"binary-expr","locations":[{"start":{"line":301,"column":12},"end":{"line":301,"column":45}},{"start":{"line":301,"column":49},"end":{"line":301,"column":85}}],"line":301}},"s":{"0":1,"1":12,"2":1,"3":44,"4":1,"5":21,"6":1,"7":23,"8":23,"9":23,"10":54,"11":23,"12":1,"13":1,"14":0,"15":0,"16":1,"17":6,"18":6,"19":6,"20":17,"21":0,"22":17,"23":17,"24":8,"25":8,"26":9,"27":9,"28":9,"29":9,"30":12,"31":0,"32":12,"33":9,"34":8,"35":9,"36":15,"37":8,"38":8,"39":8,"40":7,"41":1,"42":8,"43":1,"44":1,"45":1,"46":7,"47":7,"48":7,"49":7,"50":7,"51":7,"52":5,"53":5,"54":5,"55":5,"56":5,"57":2,"58":0,"59":0,"60":0,"61":0,"62":6,"63":1,"64":83,"65":68,"66":1,"67":6,"68":41,"69":11,"70":30,"71":55,"72":43,"73":6,"74":6,"75":48,"76":30,"77":18,"78":3,"79":15,"80":9,"81":6,"82":6,"83":0,"84":0,"85":6,"86":6,"87":1,"88":6,"89":6,"90":6,"91":1,"92":3,"93":3,"94":3,"95":1,"96":1,"97":6,"98":6,"99":6,"100":6,"101":6,"102":41,"103":41,"104":6,"105":0,"106":0,"107":6,"108":6,"109":6,"110":0,"111":0,"112":0,"113":6,"114":6,"115":35,"116":20,"117":3,"118":0,"119":0,"120":20,"121":20,"122":15,"123":15,"124":6},"f":{"0":12,"1":44,"2":21,"3":23,"4":0,"5":6,"6":83,"7":68,"8":6,"9":41,"10":55,"11":43,"12":6,"13":3,"14":6,"15":41},"b":{"0":[12,2],"1":[21,2],"2":[0,0,0],"3":[0,17],"4":[8,9],"5":[9,0],"6":[0,12],"7":[8,1],"8":[24,18],"9":[8,7],"10":[7,1],"11":[1,7],"12":[7,0],"13":[7,0],"14":[5,2],"15":[5,0],"16":[0,0],"17":[11,30],"18":[30,18],"19":[3,15],"20":[9,6],"21":[0,6],"22":[6,6],"23":[6,35],"24":[0,6],"25":[6,6],"26":[0,6],"27":[0,0],"28":[0,0],"29":[20,15],"30":[3,17],"31":[0,3],"32":[3,3]},"_coverageSchema":"11020577277169172593","hash":"9702767758698627804"}
,"/home/runner/work/terraware-web/terraware-web/src/scenes/PlantingSitesRouter/edit/editor/utils.ts": {"all":false,"path":"/home/runner/work/terraware-web/terraware-web/src/scenes/PlantingSitesRouter/edit/editor/utils.ts","statementMap":{"0":{"start":{"line":15,"column":0},"end":{"line":34,"column":2}},"1":{"start":{"line":15,"column":37},"end":{"line":34,"column":1}},"2":{"start":{"line":16,"column":56},"end":{"line":16,"column":63}},"3":{"start":{"line":17,"column":25},"end":{"line":17,"column":79}},"4":{"start":{"line":19,"column":2},"end":{"line":33,"column":4}},"5":{"start":{"line":39,"column":0},"end":{"line":48,"column":2}},"6":{"start":{"line":39,"column":27},"end":{"line":48,"column":1}},"7":{"start":{"line":41,"column":16},"end":{"line":41,"column":28}},"8":{"start":{"line":42,"column":20},"end":{"line":42,"column":30}},"9":{"start":{"line":43,"column":22},"end":{"line":43,"column":36}},"10":{"start":{"line":45,"column":2},"end":{"line":47,"column":4}},"11":{"start":{"line":46,"column":4},"end":{"line":46,"column":20}},"12":{"start":{"line":54,"column":0},"end":{"line":66,"column":2}},"13":{"start":{"line":54,"column":37},"end":{"line":66,"column":1}},"14":{"start":{"line":59,"column":21},"end":{"line":59,"column":88}},"15":{"start":{"line":60,"column":21},"end":{"line":64,"column":3}},"16":{"start":{"line":65,"column":2},"end":{"line":65,"column":53}},"17":{"start":{"line":72,"column":0},"end":{"line":75,"column":5}},"18":{"start":{"line":73,"column":2},"end":{"line":75,"column":4}},"19":{"start":{"line":81,"column":0},"end":{"line":84,"column":2}},"20":{"start":{"line":81,"column":32},"end":{"line":84,"column":1}},"21":{"start":{"line":82,"column":56},"end":{"line":82,"column":63}},"22":{"start":{"line":83,"column":2},"end":{"line":83,"column":70}},"23":{"start":{"line":90,"column":0},"end":{"line":93,"column":2}},"24":{"start":{"line":90,"column":35},"end":{"line":93,"column":1}},"25":{"start":{"line":91,"column":33},"end":{"line":91,"column":43}},"26":{"start":{"line":92,"column":2},"end":{"line":92,"column":47}},"27":{"start":{"line":100,"column":0},"end":{"line":111,"column":2}},"28":{"start":{"line":100,"column":28},"end":{"line":111,"column":1}},"29":{"start":{"line":101,"column":19},"end":{"line":101,"column":36}},"30":{"start":{"line":102,"column":13},"end":{"line":102,"column":15}},"31":{"start":{"line":104,"column":2},"end":{"line":108,"column":25}},"32":{"start":{"line":105,"column":4},"end":{"line":105,"column":18}},"33":{"start":{"line":106,"column":4},"end":{"line":106,"column":66}},"34":{"start":{"line":107,"column":4},"end":{"line":107,"column":41}},"35":{"start":{"line":110,"column":2},"end":{"line":110,"column":14}},"36":{"start":{"line":121,"column":0},"end":{"line":131,"column":2}},"37":{"start":{"line":121,"column":39},"end":{"line":131,"column":1}},"38":{"start":{"line":122,"column":22},"end":{"line":122,"column":23}},"39":{"start":{"line":123,"column":17},"end":{"line":123,"column":19}},"40":{"start":{"line":125,"column":2},"end":{"line":128,"column":36}},"41":{"start":{"line":126,"column":30},"end":{"line":126,"column":59}},"42":{"start":{"line":127,"column":4},"end":{"line":127,"column":77}},"43":{"start":{"line":130,"column":2},"end":{"line":130,"column":18}},"44":{"start":{"line":137,"column":0},"end":{"line":147,"column":2}},"45":{"start":{"line":137,"column":36},"end":{"line":147,"column":1}},"46":{"start":{"line":138,"column":22},"end":{"line":138,"column":23}},"47":{"start":{"line":139,"column":17},"end":{"line":139,"column":19}},"48":{"start":{"line":141,"column":2},"end":{"line":144,"column":49}},"49":{"start":{"line":142,"column":23},"end":{"line":142,"column":60}},"50":{"start":{"line":143,"column":4},"end":{"line":143,"column":63}},"51":{"start":{"line":146,"column":2},"end":{"line":146,"column":18}},"52":{"start":{"line":152,"column":0},"end":{"line":154,"column":2}},"53":{"start":{"line":152,"column":36},"end":{"line":154,"column":1}},"54":{"start":{"line":153,"column":2},"end":{"line":153,"column":87}},"55":{"start":{"line":159,"column":0},"end":{"line":159,"column":100}},"56":{"start":{"line":159,"column":54},"end":{"line":159,"column":99}},"57":{"start":{"line":169,"column":0},"end":{"line":179,"column":2}},"58":{"start":{"line":169,"column":32},"end":{"line":179,"column":1}},"59":{"start":{"line":176,"column":41},"end":{"line":176,"column":91}},"60":{"start":{"line":176,"column":75},"end":{"line":176,"column":90}},"61":{"start":{"line":178,"column":2},"end":{"line":178,"column":42}},"62":{"start":{"line":204,"column":0},"end":{"line":230,"column":2}},"63":{"start":{"line":204,"column":40},"end":{"line":230,"column":1}},"64":{"start":{"line":209,"column":75},"end":{"line":209,"column":79}},"65":{"start":{"line":210,"column":2},"end":{"line":213,"column":3}},"66":{"start":{"line":211,"column":4},"end":{"line":211,"column":16}},"67":{"start":{"line":212,"column":4},"end":{"line":212,"column":11}},"68":{"start":{"line":2
[...]
"if","locations":[{"start":{"line":168,"column":4},"end":{"line":170,"column":5}},{"start":{"line":168,"column":4},"end":{"line":170,"column":5}}],"line":168},"23":{"loc":{"start":{"line":168,"column":8},"end":{"line":168,"column":38}},"type":"binary-expr","locations":[{"start":{"line":168,"column":8},"end":{"line":168,"column":15}},{"start":{"line":168,"column":19},"end":{"line":168,"column":38}}],"line":168},"24":{"loc":{"start":{"line":171,"column":4},"end":{"line":181,"column":5}},"type":"switch","locations":[{"start":{"line":172,"column":6},"end":{"line":172,"column":20}},{"start":{"line":173,"column":6},"end":{"line":173,"column":18}},{"start":{"line":174,"column":6},"end":{"line":174,"column":20}},{"start":{"line":175,"column":6},"end":{"line":175,"column":18}},{"start":{"line":176,"column":6},"end":{"line":177,"column":83}},{"start":{"line":178,"column":6},"end":{"line":178,"column":19}},{"start":{"line":179,"column":6},"end":{"line":179,"column":21}}],"line":171},"25":{"loc":{"start":{"line":177,"column":15},"end":{"line":177,"column":82}},"type":"binary-expr","locations":[{"start":{"line":177,"column":15},"end":{"line":177,"column":50}},{"start":{"line":177,"column":54},"end":{"line":177,"column":82}}],"line":177},"26":{"loc":{"start":{"line":192,"column":4},"end":{"line":194,"column":5}},"type":"if","locations":[{"start":{"line":192,"column":4},"end":{"line":194,"column":5}},{"start":{"line":192,"column":4},"end":{"line":194,"column":5}}],"line":192}},"s":{"0":1,"1":1,"2":25,"3":0,"4":25,"5":25,"6":0,"7":25,"8":25,"9":7,"10":18,"11":6,"12":2,"13":2,"14":0,"15":2,"16":4,"17":2,"18":2,"19":2,"20":2,"21":2,"22":2,"23":4,"24":2,"25":2,"26":0,"27":0,"28":0,"29":0,"30":2,"31":1,"32":1,"33":25,"34":25,"35":7,"36":18,"37":12,"38":4,"39":2,"40":0,"41":0,"42":1,"43":1,"44":0,"45":0,"46":0,"47":0,"48":0,"49":0,"50":0,"51":1,"52":1,"53":0,"54":0,"55":0,"56":0,"57":0,"58":0,"59":0,"60":0,"61":0,"62":0,"63":0,"64":0,"65":0,"66":0,"67":0,"68":0,"69":0,"70":1,"71":1,"72":0,"73":0,"74":0,"75":0,"76":0,"77":0,"78":0,"79":0,"80":0},"f":{"0":25,"1":25,"2":2,"3":0,"4":25,"5":0,"6":0,"7":0,"8":0,"9":0,"10":0,"11":0,"12":0,"13":0},"b":{"0":[0,25],"1":[25,25,25],"2":[0,25],"3":[7,18],"4":[6,2,2,2,2,4],"5":[2,4],"6":[0,2],"7":[6,2],"8":[2,2],"9":[2,2],"10":[0,2],"11":[0,0],"12":[0,0],"13":[7,18],"14":[12,4,2,0,0],"15":[0,0,0,0,0,0],"16":[0,0],"17":[0,0],"18":[0,0],"19":[0,0],"20":[0,0],"21":[0,0],"22":[0,0],"23":[0,0],"24":[0,0,0,0,0,0,0],"25":[0,0],"26":[0,0]},"_coverageSchema":"11020577277169172593","hash":"4191436661060021887"}
,"/home/runner/work/terraware-web/terraware-web/src/utils/filterHooks/index.ts": {"all":false,"path":"/home/runner/work/terraware-web/terraware-web/src/utils/filterHooks/index.ts","statementMap":{"0":{"start":{"line":10,"column":0},"end":{"line":21,"column":2}},"1":{"start":{"line":10,"column":30},"end":{"line":21,"column":1}},"2":{"start":{"line":11,"column":2},"end":{"line":20,"column":3}},"3":{"start":{"line":12,"column":4},"end":{"line":15,"column":17}},"4":{"start":{"line":13,"column":32},"end":{"line":13,"column":70}},"5":{"start":{"line":14,"column":23},"end":{"line":14,"column":34}},"6":{"start":{"line":16,"column":9},"end":{"line":20,"column":3}},"7":{"start":{"line":17,"column":4},"end":{"line":17,"column":14}},"8":{"start":{"line":19,"column":4},"end":{"line":19,"column":22}},"9":{"start":{"line":23,"column":26},"end":{"line":24,"column":85}},"10":{"start":{"line":24,"column":2},"end":{"line":24,"column":85}},"11":{"start":{"line":26,"column":0},"end":{"line":45,"column":2}},"12":{"start":{"line":26,"column":32},"end":{"line":45,"column":1}},"13":{"start":{"line":27,"column":2},"end":{"line":44,"column":3}},"14":{"start":{"line":29,"column":6},"end":{"line":29,"column":18}},"15":{"start":{"line":32,"column":6},"end":{"line":32,"column":19}},"16":{"start":{"line":36,"column":6},"end":{"line":36,"column":18}},"17":{"start":{"line":39,"column":6},"end":{"line":41,"column":7}},"18":{"start":{"line":40,"column":8},"end":{"line":40,"column":55}},"19":{"start":{"line":42,"column":6},"end":{"line":42,"column":40}},"20":{"start":{"line":47,"column":25},"end":{"line":47,"column":100}},"21":{"start":{"line":47,"column":61},"end":{"line":47,"column":100}},"22":{"start":{"line":49,"column":21},"end":{"line":49,"column":76}},"23":{"start":{"line":49,"column":45},"end":{"line":49,"column":76}},"24":{"start":{"line":51,"column":0},"end":{"line":53,"column":103}},"25":{"start":{"line":52,"column":2},"end":{"line":53,"column":102}},"26":{"start":{"line":55,"column":0},"end":{"line":55,"column":110}},"27":{"start":{"line":55,"column":68},"end":{"line":55,"column":109}},"28":{"start":{"line":56,"column":0},"end":{"line":56,"column":83}},"29":{"start":{"line":56,"column":47},"end":{"line":56,"column":82}},"30":{"start":{"line":57,"column":0},"end":{"line":57,"column":104}},"31":{"start":{"line":57,"column":70},"end":{"line":57,"column":103}},"32":{"start":{"line":58,"column":0},"end":{"line":58,"column":93}},"33":{"start":{"line":58,"column":65},"end":{"line":58,"column":92}},"34":{"start":{"line":60,"column":0},"end":{"line":66,"column":2}},"35":{"start":{"line":60,"column":37},"end":{"line":66,"column":1}},"36":{"start":{"line":61,"column":2},"end":{"line":65,"column":3}},"37":{"start":{"line":62,"column":4},"end":{"line":62,"column":93}},"38":{"start":{"line":64,"column":4},"end":{"line":64,"column":14}},"39":{"start":{"line":68,"column":0},"end":{"line":74,"column":2}},"40":{"start":{"line":68,"column":37},"end":{"line":74,"column":1}},"41":{"start":{"line":69,"column":2},"end":{"line":73,"column":3}},"42":{"start":{"line":70,"column":4},"end":{"line":70,"column":91}},"43":{"start":{"line":76,"column":0},"end":{"line":104,"column":2}},"44":{"start":{"line":76,"column":35},"end":{"line":104,"column":1}},"45":{"start":{"line":77,"column":36},"end":{"line":77,"column":38}},"46":{"start":{"line":78,"column":30},"end":{"line":78,"column":32}},"47":{"start":{"line":80,"column":19},"end":{"line":80,"column":31}},"48":{"start":{"line":81,"column":15},"end":{"line":81,"column":30}},"49":{"start":{"line":83,"column":2},"end":{"line":88,"column":3}},"50":{"start":{"line":84,"column":4},"end":{"line":86,"column":5}},"51":{"start":{"line":85,"column":6},"end":{"line":85,"column":35}},"52":{"start":{"line":87,"column":4},"end":{"line":87,"column":29}},"53":{"start":{"line":90,"column":2},"end":{"line":101,"column":7}},"54":{"start":{"line":91,"column":20},"end":{"line":91,"column":38}},"55":{"start":{"line":93,"column":6},"end":{"line":100,"column":7}},"56":{"start":{"line":94,"column":22},"end":{"line":94,"column":36}},"57":{"start":{"line":95,"column":8},"end":{"line":97,"column":9}},"58":{"start":{"line":96,"column":10},"end":{"line":96,"column":17}},"59":{"start":{"line":99,"column":8},"end":{"line":99,"column":68}},"60":{"start":{"line":103,"column":2},"end":{"line":103,"column":22}},"61":{"start":{"line":106,"column":0},"end":{"line":115,"column":2}},"62":{"start":{"line":106,"column":35},"end":{"line":115,"column":1}},"63":{"start":{"line":107,"column":2},"end":{"line":114,"column":5}},"64":{"start":{"line":108,"column":18},"end":{"line":108,"column":30}},"65":{"start":{"line":109,"column":4},"end":{"line":111,"column":5}},"66":{"start":{"line":110,"column":6},"end":{"line":110,"column":13}},"67":{"start":{"line":113,"column":4},"end":{"line":113,"column":73}},"68":{"start":{"line":117,"column":0},"end":{"line":123,"column":2}},"69":{"start":{"line":117,"column":26},"end":{"line":123,"column":1}},"70":{"start":{"line":118,"column":2},"end":{"line":122,"column":5}},"71":{"start":{"line":119,"column":4},"end":{"line":121,"column":5}},"72":{"start":{"line":120,"column":6},"end":{"line":120,"column":24}}},"fnMap":{"0":{"name":"(anonymous_0)","decl":{"start":{"line":10,"column":30},"end":{"line":21,"column":1}},"loc":{"start":{"line":10,"column":62},"end":{"line":21,"column":1}},"line":10},"1":{"name":"(anonymous_1)","decl":{"start":{"line":13,"column":12},"end":{"line":13,"column":70}},"loc":{"start":{"line":13,"column":32},"end":{"line":13,"column":70}},"line":13},"2":{"name":"(anonymous_2)","decl":{"start":{"line":14,"column":11},"end":{"line":14,"column":34}},"loc":{"start":{"line":14,"column":23},"end":{"line":14,"column":34}},"line":14},"3":{"name":"(anonymous_3)","decl":{"start":{"line":23,"column":26},"end":{"line":24,"column":85}},"loc":{"start":{"line":24,"column":2},"end":{"line":24,"column":85}},"line":24},"4":{"name":"(anonymous_4)","decl":{"start":{"line":26,"column":32},"end":{"line":45,"column":1}},"loc":{"start":{"line":26,"column":64},"end":{"line":45,"column":1}},"line":26},"5":{"name":"(anonymous_5)","decl":{"start":{"line":47,"column":25},"end":{"line":47,"column":100}},"loc":{"start":{"line":47,"column":61},"end":{"line":47,"column":100}},"line":47},"6":{"name":"(anonymous_6)","decl":{"start":{"line":49,"column":21},"end":{"line":49,"column":76}},"loc":{"start":{"line":49,"column":45},"end":{"line":49,"column":76}},"line":49},"7":{"name":"(anonymous_7)","decl":{"start":{"line":51,"column":28},"end":{"line":53,"column":102}},"loc":{"start":{"line":52,"column":2},"end":{"line":53,"column":102}},"line":52},"8":{"name":"(anonymous_8)","decl":{"start":{"line":55,"column":27},"end":{"line":55,"column":109}},"loc":{"start":{"line":55,"column":68},"end":{"line":55,"column":109}},"line":55},"9":{"name":"(anonymous_9)","decl":{"start":{"line":56,"column":30},"end":{"line":56,"column":82}},"loc":{"start":{"line":56,"column":47},"end":{"line":56,"column":82}},"line":56},"10":{"name":"(anonymous_10)","decl":{"start":{"line":57,"column":29},"end":{"line":57,"column":103}},"loc":{"start":{"line":57,"column":70},"end":{"line":57,"column":103}},"line":57},"11":{"name":"(anonymous_11)","decl":{"start":{"line":58,"column":37},"end":{"line":58,"column":92}},"loc":{"start":{"line":58,"column":65},"end":{"line":58,"column":92}},"line":58},"12":{"name":"(anonymous_12)","decl":{"start":{"line":60,"column":37},"end":{"line":66,"column":1}},"loc":{"start":{"line":60,"column":78},"end":{"line":66,"column":1}},"line":60},"13":{"name":"(anonymous_13)","decl":{"start":{"line":68,"column":37},"end":{"line":74,"column":1}},"loc":{"start":{"line":68,"column":93},"end":{"line":74,"column":1}},"line":68},"14":{"name":"(anonymous_14)","decl":{"start":{"line":76,"column":35},"end":{"line":104,"column":1}},"loc":{"start":{"line":76,"column":100},"end":{"line":104,"column":1}},"line":76},"15":{"name":"(anonymous_15)","decl":{"start":{"line":91,"column":10},"end":{"line":91,"column":38}},"loc":{"start":{"line":91,"column":20},"end":{"line":91,"column":38}},"line":91},"16":{"name":"(anonymous_16)","decl":{"start":{"line":92,"column":13},"end":{"line":101,"column":5}},"loc":{"start":{"line":92,"column":22},"end":{"line":101,"column":5}},"line":92},"17":{"name":"(anonymous_17)","decl":{"start":{"line":106,"column":35},"end":{"line":115,"column":1}},"loc":{"start":{"line":106,"column":115},"end":{"line":115,"column":1}},"line":106},"18":{"name":"(anonymous_18)","decl":{"start":{"line":107,"column":31},"end":{"line":114,"column":3}},"loc":{"start":{"line":107,"column":40},"end":{"line":114,"column":3}},"line":107},"19":{"name":"(anonymous_19)","decl":{"start":{"line":117,"column":26},"end":{"line":123,"column":1}},"loc":{"start":{"line":117,"column":84},"end":{"line":123,"column":1}},"line":117},"20":{"name":"(anonymous_20)","decl":{"start":{"line":118,"column":16},"end":{"line":122,"column":3}},"loc":{"start":{"line":118,"column":32},"end":{"line":122,"column":3}},"line":118}},"branchMap":{"0":{"loc":{"start":{"line":11,"column":2},"end":{"line":20,"column":3}},"type":"if","locations":[{"start":{"line":11,"column":2},"end":{"line":20,"column":3}},{"start":{"line":11,"column":2},"end":{"line":20,"column":3}}],"line":11},"1":{"loc":{"start":{"line":16,"column":9},"end":{"line":20,"column":3}},"type":"if","locations":[{"start":{"line":16,"column":9},"end":{"line":20,"column":3}},{"start":{"line":16,"column":9},"end":{"line":20,"column":3}}],"line":16},"2":{"loc":{"start":{"line":24,"column":2},"end":{"line":24,"column":85}},"type":"cond-expr","locations":[{"start":{"line":24,"column":60},"end":{"line":24,"column":77}},{"start":{"line":24,"column":80},"end":{"line":24,"column":85}}],"line":24},"3":{"loc":{"start":{"line":24,"column":2},"end":{"line":24,"column":57}},"type":"binary-expr","locations":[{"start":{"line":24,"column":2},"end":{"line":24,"column":25}},{"start":{"line":24,"column":29},"end":{"line":24,"column":57}}],"line":24},"4":{"loc":{"start":{"line":27,"column":2},"end":{"line":44,"column":3}},"type":"switch","locations":[{"start":{"line":28,"column":4},"end":{"line":30,"column":5}},{"start":{"line":31,"column":4},"end":{"line":33,"column":5}},{"start":{"line":34,"column":4},"end":{"line":34,"column":12}},{"start":{"line":35,"column":4},"end":{"line":37,"column":5}},{"start":{"line":38,"column":4},"end":{"line":43,"column":5}}],"line":27},"5":{"loc":{"start":{"line":39,"column":6},"end":{"line":41,"column":7}},"type":"if","locations":[{"start":{"line":39,"column":6},"end":{"line":41,"column":7}},{"start":{"line":39,"column":6},"end":{"line":41,"column":7}}],"line":39},"6":{"loc":{"start":{"line":49,"column":45},"end":{"line":49,"column":76}},"type":"binary-expr","locations":[{"start":{"line":49,"column":45},"end":{"line":49,"column":59}},{"start":{"line":49,"column":63},"end":{"line":49,"column":76}}],"line":49},"7":{"loc":{"start":{"line":52,"column":2},"end":{"line":53,"column":102}},"type":"binary-expr","locations":[{"start":{"line":52,"column":33},"end":{"line":52,"column":53}},{"start":{"line":52,"column":57},"end":{"line":52,"column":64}},{"start":{"line":52,"column":69},"end":{"line":52,"column":101}},{"start":{"line":53,"column":33},"end":{"line":53,"column":53}},{"start":{"line":53,"column":57},"end":{"line":53,"column":64}},{"start":{"line":53,"column":69},"end":{"line":53,"column":101}}],"line":52},"8":{"loc":{"start":{"line":62,"column":22},"end":{"line":62,"column":91}},"type":"binary-expr","locations":[{"start":{"line":62,"column":22},"end":{"line":62,"column":83}},{"start":{"line":62,"column":87},"end":{"line":62,"column":91}}],"line":62},"9":{"loc":{"start":{"line":84,"column":4},"end":{"line":86,"column":5}},"type":"if","locations":[{"start":{"line":84,"column":4},"end":{"line":86,"column":5}},{"start":{"line":84,"column":4},"end":{"line":86,"column":5}}],"line":84},"10":{"loc":{"start":{"line":93,"column":6},"end":{"line":100,"column":7}},"type":"if","locations":[{"start":{"line":93,"column":6},"end":{"line":100,"column":7}},{"start":{"line":93,"column":6},"end":{"line":100,"column":7}}],"line":93},"11":{"loc":{"start":{"line":95,"column":8},"end":{"line":97,"column":9}},"type":"if","locations":[{"start":{"line":95,"column":8},"end":{"line":97,"column":9}},{"start":{"line":95,"column":8},"end":{"line":97,"column":9}}],"line":95},"12":{"loc":{"start":{"line":109,"column":4},"end":{"line":111,"column":5}},"type":"if","locations":[{"start":{"line":109,"column":4},"end":{"line":111,"column":5}},{"start":{"line":109,"column":4},"end":{"line":111,"column":5}}],"line":109},"13":{"loc":{"start":{"line":109,"column":8},"end":{"line":109,"column":56}},"type":"binary-expr","locations":[{"start":{"line":109,"column":8},"end":{"line":109,"column":14}},{"start":{"line":109,"column":19},"end":{"line":109,"column":33}},{"start":{"line":109,"column":37},"end":{"line":109,"column":55}}],"line":109},"14":{"loc":{"start":{"line":119,"column":4},"end":{"line":121,"column":5}},"type":"if","locations":[{"start":{"line":119,"column":4},"end":{"line":121,"column":5}},{"start":{"line":119,"column":4},"end":{"line":121,"column":5}}],"line":119}},"s":{"0":1,"1":1,"2":24,"3":23,"4":35,"5":58,"6":1,"7":0,"8":1,"9":1,"10":7,"11":1,"12":1,"13":8,"14":1,"15":1,"16":2,"17":4,"18":2,"19":2,"20":1,"21":12,"22":1,"23":13,"24":1,"25":4,"26":1,"27":0,"28":1,"29":0,"30":1,"31":0,"32":1,"33":0,"34":1,"35":1,"36":0,"37":0,"38":0,"39":1,"40":1,"41":0,"42":0,"43":1,"44":1,"45":0,"46":0,"47":0,"48":0,"49":0,"50":0,"51":0,"52":0,"53":0,"54":0,"55":0,"56":0,"57":0,"58":0,"59":0,"60":0,"61":1,"62":1,"63":0,"64":0,"65":0,"66":0,"67":0,"68":1,"69":1,"70":0,"71":0,"72":0},"f":{"0":24,"1":35,"2":58,"3":7,"4":8,"5":12,"6":13,"7":4,"8":0,"9":0,"10":0,"11":0,"12":0,"13":0,"14":0,"15":0,"16":0,"17":0,"18":0,"19":0,"20":0},"b":{"0":[23,1],"1":[0,1],"2":[4,3],"3":[7,4],"4":[1,1,1,2,4],"5":[2,2],"6":[13,13],"7":[9,1,8,4,0,4],"8":[0,0],"9":[0,0],"10":[0,0],"11":[0,0],"12":[0,0],"13":[0,0,0],"14":[0,0]},"_coverageSchema":"11020577277169172593","hash":"4754549994019255531"}
,"/home/runner/work/terraware-web/terraware-web/src/utils/useMapboxToken/storage.ts": {"all":false,"path":"/home/runner/work/terraware-web/terraware-web/src/utils/useMapboxToken/storage.ts","statementMap":{"0":{"start":{"line":4,"column":0},"end":{"line":4,"column":50}},"1":{"start":{"line":4,"column":35},"end":{"line":4,"column":49}},"2":{"start":{"line":5,"column":0},"end":{"line":5,"column":49}},"3":{"start":{"line":5,"column":34},"end":{"line":5,"column":48}},"4":{"start":{"line":12,"column":23},"end":{"line":15,"column":1}},"5":{"start":{"line":13,"column":20},"end":{"line":13,"column":25}},"6":{"start":{"line":14,"column":2},"end":{"line":14,"column":72}},"7":{"start":{"line":18,"column":0},"end":{"line":30,"column":2}},"8":{"start":{"line":18,"column":35},"end":{"line":30,"column":1}},"9":{"start":{"line":19,"column":2},"end":{"line":29,"column":3}},"10":{"start":{"line":20,"column":25},"end":{"line":20,"column":85}},"11":{"start":{"line":22,"column":4},"end":{"line":24,"column":5}},"12":{"start":{"line":23,"column":6},"end":{"line":23,"column":16}},"13":{"start":{"line":26,"column":4},"end":{"line":26,"column":30}},"14":{"start":{"line":28,"column":4},"end":{"line":28,"column":14}},"15":{"start":{"line":32,"column":0},"end":{"line":43,"column":2}},"16":{"start":{"line":32,"column":35},"end":{"line":43,"column":1}},"17":{"start":{"line":33,"column":2},"end":{"line":42,"column":3}},"18":{"start":{"line":34,"column":39},"end":{"line":37,"column":5}},"19":{"start":{"line":39,"column":4},"end":{"line":39,"column":77}}},"fnMap":{"0":{"name":"(anonymous_0)","decl":{"start":{"line":12,"column":23},"end":{"line":15,"column":1}},"loc":{"start":{"line":12,"column":66},"end":{"line":15,"column":1}},"line":12},"1":{"name":"(anonymous_1)","decl":{"start":{"line":18,"column":35},"end":{"line":30,"column":1}},"loc":{"start":{"line":18,"column":49},"end":{"line":30,"column":1}},"line":18},"2":{"name":"(anonymous_2)","decl":{"start":{"line":32,"column":35},"end":{"line":43,"column":1}},"loc":{"start":{"line":32,"column":60},"end":{"line":43,"column":1}},"line":32}},"branchMap":{"0":{"loc":{"start":{"line":14,"column":12},"end":{"line":14,"column":70}},"type":"binary-expr","locations":[{"start":{"line":14,"column":12},"end":{"line":14,"column":41}},{"start":{"line":14,"column":45},"end":{"line":14,"column":70}}],"line":14},"1":{"loc":{"start":{"line":20,"column":36},"end":{"line":20,"column":84}},"type":"binary-expr","locations":[{"start":{"line":20,"column":36},"end":{"line":20,"column":78}},{"start":{"line":20,"column":82},"end":{"line":20,"column":84}}],"line":20},"2":{"loc":{"start":{"line":22,"column":4},"end":{"line":24,"column":5}},"type":"if","locations":[{"start":{"line":22,"column":4},"end":{"line":24,"column":5}},{"start":{"line":22,"column":4},"end":{"line":24,"column":5}}],"line":22},"3":{"loc":{"start":{"line":22,"column":8},"end":{"line":22,"column":76}},"type":"binary-expr","locations":[{"start":{"line":22,"column":8},"end":{"line":22,"column":37}},{"start":{"line":22,"column":41},"end":{"line":22,"column":76}}],"line":22}},"s":{"0":1,"1":1,"2":1,"3":1,"4":1,"5":6,"6":6,"7":1,"8":1,"9":8,"10":8,"11":6,"12":4,"13":2,"14":2,"15":1,"16":1,"17":1,"18":1,"19":1},"f":{"0":6,"1":8,"2":1},"b":{"0":[6,5],"1":[8,1],"2":[4,2],"3":[6,3]},"_coverageSchema":"11020577277169172593","hash":"7474824837746600726"}
}
