TN:
SF:src/App.tsx
FN:20,(anonymous_0)
FN:21,(anonymous_1)
FN:27,(anonymous_2)
FN:37,(anonymous_3)
FN:39,(anonymous_4)
FN:46,(anonymous_5)
FN:47,(anonymous_6)
FN:48,(anonymous_7)
FN:50,(anonymous_8)
FN:56,(anonymous_9)
FN:62,AppContent
FN:73,(anonymous_11)
FN:106,App
FNF:13
FNH:0
FNDA:0,(anonymous_0)
FNDA:0,(anonymous_1)
FNDA:0,(anonymous_2)
FNDA:0,(anonymous_3)
FNDA:0,(anonymous_4)
FNDA:0,(anonymous_5)
FNDA:0,(anonymous_6)
FNDA:0,(anonymous_7)
FNDA:0,(anonymous_8)
FNDA:0,(anonymous_9)
FNDA:0,AppContent
FNDA:0,(anonymous_11)
FNDA:0,App
DA:20,0
DA:21,0
DA:27,0
DA:38,0
DA:40,0
DA:46,0
DA:47,0
DA:48,0
DA:50,0
DA:56,0
DA:64,0
DA:66,0
DA:67,0
DA:68,0
DA:69,0
DA:71,0
DA:73,0
DA:74,0
DA:75,0
DA:77,0
DA:83,0
DA:85,0
DA:107,0
LF:23
LH:0
BRDA:38,0,0,0
BRDA:38,0,1,0
BRDA:40,1,0,0
BRDA:40,1,1,0
BRDA:46,2,0,0
BRDA:46,2,1,0
BRDA:47,3,0,0
BRDA:47,3,1,0
BRDA:48,4,0,0
BRDA:48,4,1,0
BRDA:50,5,0,0
BRDA:50,5,1,0
BRDA:56,6,0,0
BRDA:56,6,1,0
BRDA:74,7,0,0
BRDA:74,7,1,0
BRDA:74,8,0,0
BRDA:74,8,1,0
BRDA:95,9,0,0
BRDA:95,9,1,0
BRDA:95,10,0,0
BRDA:95,10,1,0
BRDA:95,10,2,0
BRF:23
BRH:0
end_of_record
TN:
SF:src/AppBootstrap.tsx
FN:18,BlockingBootstrap
FN:25,(anonymous_1)
FN:43,AppBootstrap
FNF:3
FNH:0
FNDA:0,BlockingBootstrap
FNDA:0,(anonymous_1)
FNDA:0,AppBootstrap
DA:19,0
DA:20,0
DA:21,0
DA:22,0
DA:23,0
DA:25,0
DA:26,0
DA:32,0
DA:33,0
DA:36,0
DA:44,0
DA:45,0
DA:47,0
LF:13
LH:0
BRDA:27,0,0,0
BRDA:27,0,1,0
BRDA:27,0,2,0
BRDA:27,0,3,0
BRDA:28,1,0,0
BRDA:28,1,1,0
BRDA:32,2,0,0
BRDA:32,2,1,0
BRF:8
BRH:0
end_of_record
TN:
SF:src/AppError.tsx
FN:12,AppError
FN:29,QueryParamsError
FNF:2
FNH:0
FNDA:0,AppError
FNDA:0,QueryParamsError
DA:13,0
DA:30,0
DA:32,0
LF:3
LH:0
BRF:0
BRH:0
end_of_record
TN:
SF:src/ErrorBoundary.tsx
FN:21,(anonymous_0)
FN:28,(anonymous_1)
FN:35,(anonymous_2)
FNF:3
FNH:0
FNDA:0,(anonymous_0)
FNDA:0,(anonymous_1)
FNDA:0,(anonymous_2)
DA:16,0
DA:24,0
DA:30,0
DA:31,0
DA:36,0
DA:37,0
DA:38,0
DA:40,0
DA:41,0
DA:43,0
DA:47,0
LF:11
LH:0
BRDA:30,0,0,0
BRDA:30,0,1,0
BRDA:36,1,0,0
BRDA:36,1,1,0
BRDA:37,2,0,0
BRDA:37,2,1,0
BRDA:40,3,0,0
BRDA:40,3,1,0
BRF:8
BRH:0
end_of_record
TN:
SF:src/ErrorContent.tsx
FN:17,(anonymous_0)
FN:20,(anonymous_1)
FN:36,ErrorContent
FN:54,(anonymous_3)
FN:61,(anonymous_4)
FNF:5
FNH:0
FNDA:0,(anonymous_0)
FNDA:0,(anonymous_1)
FNDA:0,ErrorContent
FNDA:0,(anonymous_3)
FNDA:0,(anonymous_4)
DA:17,0
DA:20,0
DA:37,0
DA:38,0
DA:39,0
DA:40,0
DA:42,0
DA:54,0
DA:61,0
LF:9
LH:0
BRDA:20,0,0,0
BRDA:20,0,1,0
BRDA:48,1,0,0
BRDA:48,1,1,0
BRF:4
BRH:0
end_of_record
TN:
SF:src/constants.ts
FNF:0
FNH:0
DA:1,0
DA:3,0
DA:5,0
LF:3
LH:0
BRF:0
BRH:0
end_of_record
TN:
SF:src/docLinks.ts
FN:47,(anonymous_0)
FNF:1
FNH:0
FNDA:0,(anonymous_0)
DA:16,0
DA:47,0
DA:48,0
DA:50,0
DA:51,0
LF:5
LH:0
BRDA:50,0,0,0
BRDA:50,0,1,0
BRF:2
BRH:0
end_of_record
TN:
SF:src/features.ts
FN:72,(anonymous_0)
FN:79,isEnabled
FN:108,isRouteEnabled
FNF:3
FNH:0
FNDA:0,(anonymous_0)
FNDA:0,isEnabled
FNDA:0,isRouteEnabled
DA:23,0
DA:69,0
DA:72,0
DA:73,0
DA:80,0
DA:81,0
DA:83,0
DA:84,0
DA:87,0
DA:88,0
DA:91,0
DA:92,0
DA:95,0
DA:97,0
DA:100,0
DA:102,0
DA:105,0
DA:109,0
DA:110,0
DA:112,0
DA:113,0
DA:116,0
DA:117,0
DA:120,0
LF:24
LH:0
BRDA:83,0,0,0
BRDA:83,0,1,0
BRDA:87,1,0,0
BRDA:87,1,1,0
BRDA:91,2,0,0
BRDA:91,2,1,0
BRDA:91,3,0,0
BRDA:91,3,1,0
BRDA:95,4,0,0
BRDA:95,4,1,0
BRDA:97,5,0,0
BRDA:97,5,1,0
BRDA:102,6,0,0
BRDA:102,6,1,0
BRDA:105,7,0,0
BRDA:105,7,1,0
BRDA:112,8,0,0
BRDA:112,8,1,0
BRDA:116,9,0,0
BRDA:116,9,1,0
BRDA:116,10,0,0
BRDA:116,10,1,0
BRDA:120,11,0,0
BRDA:120,11,1,0
BRDA:120,11,2,0
BRF:25
BRH:0
end_of_record
TN:
SF:src/index.tsx
FNF:0
FNH:0
DA:15,0
DA:40,0
LF:2
LH:0
BRF:0
BRH:0
end_of_record
TN:
SF:src/reportWebVitals.js
FN:1,(anonymous_0)
FN:3,(anonymous_1)
FNF:2
FNH:0
FNDA:0,(anonymous_0)
FNDA:0,(anonymous_1)
DA:1,0
DA:2,0
DA:3,0
DA:4,0
DA:5,0
DA:6,0
DA:7,0
DA:8,0
LF:8
LH:0
BRDA:2,0,0,0
BRDA:2,0,1,0
BRDA:2,1,0,0
BRDA:2,1,1,0
BRF:4
BRH:0
end_of_record
TN:
SF:src/setupProxy.js
FN:3,(anonymous_0)
FN:6,(anonymous_1)
FNF:2
FNH:0
FNDA:0,(anonymous_0)
FNDA:0,(anonymous_1)
DA:1,0
DA:3,0
DA:4,0
DA:6,0
DA:7,0
LF:5
LH:0
BRF:0
BRH:0
end_of_record
TN:
SF:src/theme.ts
FNF:0
FNH:0
LF:0
LH:0
BRF:0
BRH:0
end_of_record
TN:
SF:src/units.ts
FN:12,weightUnits
FN:22,weightUnitsV2
FN:41,usePreferredWeightUnits
FN:46,weightSystems
FN:53,weightSystemsNames
FN:66,getUnitsForSystem
FN:80,convertValue
FN:104,convertUnits
FN:208,isUnitInPreferredSystem
FN:210,(anonymous_9)
FN:214,getUnitName
FN:237,(anonymous_11)
FNF:12
FNH:0
FNDA:0,weightUnits
FNDA:0,weightUnitsV2
FNDA:0,usePreferredWeightUnits
FNDA:0,weightSystems
FNDA:0,weightSystemsNames
FNDA:0,getUnitsForSystem
FNDA:0,convertValue
FNDA:0,convertUnits
FNDA:0,isUnitInPreferredSystem
FNDA:0,(anonymous_9)
FNDA:0,getUnitName
FNDA:0,(anonymous_11)
DA:13,0
DA:23,0
DA:24,0
DA:32,0
DA:42,0
DA:43,0
DA:47,0
DA:54,0
DA:67,0
DA:68,0
DA:73,0
DA:82,0
DA:84,0
DA:87,0
DA:90,0
DA:93,0
DA:96,0
DA:99,0
DA:106,0
DA:108,0
DA:110,0
DA:113,0
DA:116,0
DA:119,0
DA:122,0
DA:127,0
DA:129,0
DA:132,0
DA:135,0
DA:138,0
DA:141,0
DA:146,0
DA:148,0
DA:151,0
DA:154,0
DA:157,0
DA:160,0
DA:165,0
DA:167,0
DA:170,0
DA:173,0
DA:176,0
DA:179,0
DA:184,0
DA:186,0
DA:189,0
DA:192,0
DA:195,0
DA:198,0
DA:203,0
DA:209,0
DA:210,0
DA:211,0
DA:215,0
DA:217,0
DA:220,0
DA:223,0
DA:226,0
DA:229,0
DA:232,0
DA:237,0
LF:61
LH:0
BRDA:23,0,0,0
BRDA:23,0,1,0
BRDA:67,1,0,0
BRDA:67,1,1,0
BRDA:82,2,0,0
BRDA:82,2,1,0
BRDA:82,2,2,0
BRDA:82,2,3,0
BRDA:82,2,4,0
BRDA:82,2,5,0
BRDA:106,3,0,0
BRDA:106,3,1,0
BRDA:106,3,2,0
BRDA:106,3,3,0
BRDA:106,3,4,0
BRDA:106,3,5,0
BRDA:108,4,0,0
BRDA:108,4,1,0
BRDA:108,4,2,0
BRDA:108,4,3,0
BRDA:108,4,4,0
BRDA:127,5,0,0
BRDA:127,5,1,0
BRDA:127,5,2,0
BRDA:127,5,3,0
BRDA:127,5,4,0
BRDA:146,6,0,0
BRDA:146,6,1,0
BRDA:146,6,2,0
BRDA:146,6,3,0
BRDA:146,6,4,0
BRDA:165,7,0,0
BRDA:165,7,1,0
BRDA:165,7,2,0
BRDA:165,7,3,0
BRDA:165,7,4,0
BRDA:184,8,0,0
BRDA:184,8,1,0
BRDA:184,8,2,0
BRDA:184,8,3,0
BRDA:184,8,4,0
BRDA:215,9,0,0
BRDA:215,9,1,0
BRDA:215,9,2,0
BRDA:215,9,3,0
BRDA:215,9,4,0
BRDA:215,9,5,0
BRF:47
BRH:0
end_of_record
TN:
SF:src/api/index.ts
FNF:0
FNH:0
LF:0
LH:0
BRF:0
BRH:0
end_of_record
TN:
SF:src/api/utils.ts
FN:1,(anonymous_0)
FNF:1
FNH:0
FNDA:0,(anonymous_0)
DA:1,0
DA:2,0
LF:2
LH:0
BRF:0
BRH:0
end_of_record
TN:
SF:src/api/device/device.ts
FN:22,(anonymous_0)
FN:33,(anonymous_1)
FN:62,(anonymous_2)
FN:101,(anonymous_3)
FNF:4
FNH:0
FNDA:0,(anonymous_0)
FNDA:0,(anonymous_1)
FNDA:0,(anonymous_2)
FNDA:0,(anonymous_3)
DA:7,0
DA:8,0
DA:22,0
DA:23,0
DA:28,0
DA:29,0
DA:30,0
DA:31,0
DA:33,0
DA:47,0
DA:50,0
DA:62,0
DA:63,0
DA:67,0
DA:68,0
DA:81,0
DA:83,0
DA:86,0
DA:93,0
DA:101,0
DA:102,0
DA:106,0
DA:107,0
DA:108,0
DA:110,0
DA:112,0
DA:115,0
LF:27
LH:0
BRF:0
BRH:0
end_of_record
TN:
SF:src/api/deviceManager/deviceManager.ts
FN:26,(anonymous_0)
FN:61,(anonymous_1)
FN:91,(anonymous_2)
FNF:3
FNH:0
FNDA:0,(anonymous_0)
FNDA:0,(anonymous_1)
FNDA:0,(anonymous_2)
DA:7,0
DA:26,0
DA:30,0
DA:35,0
DA:36,0
DA:37,0
DA:38,0
DA:40,0
DA:42,0
DA:45,0
DA:52,0
DA:61,0
DA:62,0
DA:67,0
DA:68,0
DA:69,0
DA:71,0
DA:72,0
DA:74,0
DA:77,0
DA:84,0
DA:91,0
DA:92,0
DA:96,0
DA:97,0
DA:98,0
DA:100,0
DA:102,0
DA:105,0
LF:29
LH:0
BRF:0
BRH:0
end_of_record
TN:
SF:src/api/facility/facility.ts
FN:17,listFacilityDevices
FN:21,listFacilityDevicesById
FN:49,markSensorKitConfigured
FNF:3
FNH:0
FNDA:0,listFacilityDevices
FNDA:0,listFacilityDevicesById
FNDA:0,markSensorKitConfigured
DA:8,0
DA:18,0
DA:22,0
DA:27,0
DA:28,0
DA:31,0
DA:33,0
DA:36,0
DA:43,0
DA:50,0
DA:54,0
DA:55,0
DA:57,0
DA:60,0
LF:14
LH:0
BRF:0
BRH:0
end_of_record
TN:
SF:src/api/helpers/addQueryParams.ts
FN:8,(anonymous_0)
FN:12,(anonymous_1)
FNF:2
FNH:2
FNDA:3,(anonymous_0)
FNDA:4,(anonymous_1)
DA:8,1
DA:9,3
DA:11,3
DA:12,3
DA:13,4
DA:14,4
DA:15,4
DA:19,3
LF:8
LH:8
BRDA:13,0,0,4
BRDA:13,0,1,0
BRDA:14,1,0,2
BRDA:14,1,1,2
BRF:4
BRH:3
end_of_record
TN:
SF:src/api/species/getColorsBySpeciesId.ts
FN:3,(anonymous_0)
FN:7,getColorsBySpeciesId
FN:20,(anonymous_2)
FNF:3
FNH:0
FNDA:0,(anonymous_0)
FNDA:0,getColorsBySpeciesId
FNDA:0,(anonymous_2)
DA:1,0
DA:3,0
DA:4,0
DA:8,0
DA:9,0
DA:10,0
DA:11,0
DA:15,0
DA:16,0
DA:19,0
DA:20,0
DA:21,0
DA:22,0
DA:26,0
DA:29,0
LF:15
LH:0
BRDA:10,0,0,0
BRDA:10,0,1,0
BRDA:15,1,0,0
BRDA:15,1,1,0
BRDA:19,2,0,0
BRDA:19,2,1,0
BRDA:21,3,0,0
BRDA:21,3,1,0
BRF:8
BRH:0
end_of_record
TN:
SF:src/api/timeseries/timeseries.ts
FN:19,(anonymous_0)
FN:30,(anonymous_1)
FN:62,(anonymous_2)
FNF:3
FNH:0
FNDA:0,(anonymous_0)
FNDA:0,(anonymous_1)
FNDA:0,(anonymous_2)
DA:9,0
DA:19,0
DA:20,0
DA:25,0
DA:26,0
DA:27,0
DA:28,0
DA:30,0
DA:39,0
DA:42,0
DA:45,0
DA:62,0
DA:68,0
DA:73,0
DA:80,0
DA:81,0
DA:85,0
DA:87,0
DA:90,0
LF:19
LH:0
BRF:0
BRH:0
end_of_record
TN:
SF:src/api/types/generated-schema.ts
FNF:0
FNH:0
LF:0
LH:0
BRF:0
BRH:0
end_of_record
TN:
SF:src/api/types/tests.ts
FNF:0
FNH:0
LF:0
LH:0
BRF:0
BRH:0
end_of_record
TN:
SF:src/components/AddNewOrganizationModal.tsx
FN:32,(anonymous_0)
FN:45,AddNewOrganizationModal
FN:68,(anonymous_2)
FN:73,(anonymous_3)
FN:79,(anonymous_4)
FN:84,(anonymous_5)
FN:90,(anonymous_6)
FN:99,(anonymous_7)
FN:105,(anonymous_8)
FN:112,(anonymous_9)
FN:149,(anonymous_10)
FN:164,(anonymous_11)
FN:169,(anonymous_12)
FN:200,(anonymous_13)
FN:213,(anonymous_14)
FN:220,(anonymous_15)
FN:221,(anonymous_16)
FN:227,(anonymous_17)
FN:252,(anonymous_18)
FN:260,(anonymous_19)
FN:260,(anonymous_20)
FN:283,(anonymous_21)
FN:298,(anonymous_22)
FNF:23
FNH:0
FNDA:0,(anonymous_0)
FNDA:0,AddNewOrganizationModal
FNDA:0,(anonymous_2)
FNDA:0,(anonymous_3)
FNDA:0,(anonymous_4)
FNDA:0,(anonymous_5)
FNDA:0,(anonymous_6)
FNDA:0,(anonymous_7)
FNDA:0,(anonymous_8)
FNDA:0,(anonymous_9)
FNDA:0,(anonymous_10)
FNDA:0,(anonymous_11)
FNDA:0,(anonymous_12)
FNDA:0,(anonymous_13)
FNDA:0,(anonymous_14)
FNDA:0,(anonymous_15)
FNDA:0,(anonymous_16)
FNDA:0,(anonymous_17)
FNDA:0,(anonymous_18)
FNDA:0,(anonymous_19)
FNDA:0,(anonymous_20)
FNDA:0,(anonymous_21)
FNDA:0,(anonymous_22)
DA:32,0
DA:46,0
DA:47,0
DA:48,0
DA:49,0
DA:50,0
DA:51,0
DA:52,0
DA:53,0
DA:54,0
DA:55,0
DA:56,0
DA:57,0
DA:58,0
DA:59,0
DA:60,0
DA:61,0
DA:68,0
DA:69,0
DA:70,0
DA:73,0
DA:79,0
DA:80,0
DA:81,0
DA:84,0
DA:90,0
DA:91,0
DA:97,0
DA:99,0
DA:105,0
DA:106,0
DA:107,0
DA:108,0
DA:112,0
DA:113,0
DA:115,0
DA:116,0
DA:117,0
DA:120,0
DA:121,0
DA:122,0
DA:125,0
DA:126,0
DA:127,0
DA:130,0
DA:131,0
DA:132,0
DA:135,0
DA:136,0
DA:137,0
DA:138,0
DA:139,0
DA:140,0
DA:143,0
DA:144,0
DA:147,0
DA:149,0
DA:151,0
DA:152,0
DA:153,0
DA:154,0
DA:159,0
DA:161,0
DA:164,0
DA:165,0
DA:166,0
DA:169,0
DA:170,0
DA:171,0
DA:172,0
DA:173,0
DA:176,0
DA:201,0
DA:202,0
DA:213,0
DA:221,0
DA:222,0
DA:224,0
DA:225,0
DA:228,0
DA:229,0
DA:253,0
DA:260,0
DA:284,0
DA:285,0
DA:298,0
LF:86
LH:0
BRDA:69,0,0,0
BRDA:69,0,1,0
BRDA:74,1,0,0
BRDA:74,1,1,0
BRDA:80,2,0,0
BRDA:80,2,1,0
BRDA:85,3,0,0
BRDA:85,3,1,0
BRDA:106,4,0,0
BRDA:106,4,1,0
BRDA:115,5,0,0
BRDA:115,5,1,0
BRDA:120,6,0,0
BRDA:120,6,1,0
BRDA:125,7,0,0
BRDA:125,7,1,0
BRDA:130,8,0,0
BRDA:130,8,1,0
BRDA:130,9,0,0
BRDA:130,9,1,0
BRDA:135,10,0,0
BRDA:135,10,1,0
BRDA:138,11,0,0
BRDA:138,11,1,0
BRDA:138,12,0,0
BRDA:138,12,1,0
BRDA:143,13,0,0
BRDA:143,13,1,0
BRDA:151,14,0,0
BRDA:151,14,1,0
BRDA:151,15,0,0
BRDA:151,15,1,0
BRDA:155,16,0,0
BRDA:155,16,1,0
BRDA:275,17,0,0
BRDA:275,17,1,0
BRF:36
BRH:0
end_of_record
TN:
SF:src/components/ConvertedValue.tsx
FN:14,ConvertedValue
FNF:1
FNH:0
FNDA:0,ConvertedValue
DA:15,0
DA:16,0
LF:2
LH:0
BRDA:19,0,0,0
BRDA:19,0,1,0
BRDA:22,1,0,0
BRDA:22,1,1,0
BRF:4
BRH:0
end_of_record
TN:
SF:src/components/LocaleSelector.tsx
FN:19,(anonymous_0)
FN:27,LocaleSelector
FN:35,(anonymous_2)
FN:43,(anonymous_3)
FN:44,(anonymous_4)
FN:51,(anonymous_5)
FN:68,(anonymous_6)
FNF:7
FNH:0
FNDA:0,(anonymous_0)
FNDA:0,LocaleSelector
FNDA:0,(anonymous_2)
FNDA:0,(anonymous_3)
FNDA:0,(anonymous_4)
FNDA:0,(anonymous_5)
FNDA:0,(anonymous_6)
DA:19,0
DA:33,0
DA:34,0
DA:35,0
DA:39,0
DA:41,0
DA:44,0
DA:45,0
DA:46,0
DA:47,0
DA:50,0
DA:51,0
DA:52,0
DA:53,0
DA:56,0
DA:60,0
DA:62,0
DA:68,0
LF:18
LH:0
BRDA:46,0,0,0
BRDA:46,0,1,0
BRDA:50,1,0,0
BRDA:50,1,1,0
BRDA:50,2,0,0
BRDA:50,2,1,0
BRDA:60,3,0,0
BRDA:60,3,1,0
BRDA:64,4,0,0
BRDA:64,4,1,0
BRDA:75,5,0,0
BRDA:75,5,1,0
BRF:12
BRH:0
end_of_record
TN:
SF:src/components/LocationTimeZoneSelector.tsx
FN:29,LocationTimeZoneSelector
FN:38,(anonymous_1)
FN:46,(anonymous_2)
FN:55,(anonymous_3)
FN:65,(anonymous_4)
FN:85,(anonymous_5)
FN:97,(anonymous_6)
FNF:7
FNH:0
FNDA:0,LocationTimeZoneSelector
FNDA:0,(anonymous_1)
FNDA:0,(anonymous_2)
FNDA:0,(anonymous_3)
FNDA:0,(anonymous_4)
FNDA:0,(anonymous_5)
FNDA:0,(anonymous_6)
DA:30,0
DA:31,0
DA:32,0
DA:33,0
DA:34,0
DA:35,0
DA:37,0
DA:39,0
DA:40,0
DA:46,0
DA:47,0
DA:48,0
DA:49,0
DA:50,0
DA:51,0
DA:55,0
DA:56,0
DA:57,0
DA:58,0
DA:60,0
DA:61,0
DA:65,0
DA:66,0
DA:67,0
DA:68,0
DA:69,0
DA:70,0
DA:71,0
DA:73,0
DA:74,0
DA:75,0
DA:76,0
DA:77,0
DA:81,0
DA:86,0
DA:87,0
DA:88,0
DA:89,0
DA:97,0
LF:39
LH:0
BRDA:39,0,0,0
BRDA:39,0,1,0
BRDA:47,1,0,0
BRDA:47,1,1,0
BRDA:47,2,0,0
BRDA:47,2,1,0
BRDA:47,2,2,0
BRDA:47,2,3,0
BRDA:56,3,0,0
BRDA:56,3,1,0
BRDA:57,4,0,0
BRDA:57,4,1,0
BRDA:60,5,0,0
BRDA:60,5,1,0
BRDA:66,6,0,0
BRDA:66,6,1,0
BRF:16
BRH:0
end_of_record
TN:
SF:src/components/MainPaper.tsx
FN:6,(anonymous_0)
FN:20,MainPaper
FNF:2
FNH:0
FNDA:0,(anonymous_0)
FNDA:0,MainPaper
DA:6,0
DA:21,0
DA:23,0
LF:3
LH:0
BRDA:23,0,0,0
BRDA:23,0,1,0
BRF:2
BRH:0
end_of_record
TN:
SF:src/components/NotificationIcon.tsx
FN:9,(anonymous_0)
FN:35,NotificationIcon
FNF:2
FNH:0
FNDA:0,(anonymous_0)
FNDA:0,NotificationIcon
DA:9,0
DA:36,0
DA:37,0
DA:38,0
DA:44,0
DA:45,0
DA:52,0
LF:7
LH:0
BRDA:37,0,0,0
BRDA:37,0,1,0
BRDA:44,1,0,0
BRDA:44,1,1,0
BRF:4
BRH:0
end_of_record
TN:
SF:src/components/NotificationsDropdown.tsx
FN:29,(anonymous_0)
FN:77,(anonymous_1)
FN:92,(anonymous_2)
FN:153,NotificationsDropdown
FN:165,(anonymous_4)
FN:171,(anonymous_5)
FN:180,(anonymous_6)
FN:186,(anonymous_7)
FN:197,(anonymous_8)
FN:202,(anonymous_9)
FN:211,(anonymous_10)
FN:213,(anonymous_11)
FN:215,(anonymous_12)
FN:223,(anonymous_13)
FN:228,(anonymous_14)
FN:232,(anonymous_15)
FN:237,(anonymous_16)
FN:245,(anonymous_17)
FN:262,(anonymous_18)
FN:266,(anonymous_19)
FN:301,(anonymous_20)
FN:330,NotificationItem
FN:338,(anonymous_22)
FN:346,(anonymous_23)
FN:350,(anonymous_24)
FN:354,(anonymous_25)
FN:372,(anonymous_26)
FN:407,NotificationItemMenu
FN:414,(anonymous_28)
FN:421,(anonymous_29)
FN:426,(anonymous_30)
FN:430,(anonymous_31)
FN:441,(anonymous_32)
FN:445,(anonymous_33)
FN:453,(anonymous_34)
FNF:35
FNH:0
FNDA:0,(anonymous_0)
FNDA:0,(anonymous_1)
FNDA:0,(anonymous_2)
FNDA:0,NotificationsDropdown
FNDA:0,(anonymous_4)
FNDA:0,(anonymous_5)
FNDA:0,(anonymous_6)
FNDA:0,(anonymous_7)
FNDA:0,(anonymous_8)
FNDA:0,(anonymous_9)
FNDA:0,(anonymous_10)
FNDA:0,(anonymous_11)
FNDA:0,(anonymous_12)
FNDA:0,(anonymous_13)
FNDA:0,(anonymous_14)
FNDA:0,(anonymous_15)
FNDA:0,(anonymous_16)
FNDA:0,(anonymous_17)
FNDA:0,(anonymous_18)
FNDA:0,(anonymous_19)
FNDA:0,(anonymous_20)
FNDA:0,NotificationItem
FNDA:0,(anonymous_22)
FNDA:0,(anonymous_23)
FNDA:0,(anonymous_24)
FNDA:0,(anonymous_25)
FNDA:0,(anonymous_26)
FNDA:0,NotificationItemMenu
FNDA:0,(anonymous_28)
FNDA:0,(anonymous_29)
FNDA:0,(anonymous_30)
FNDA:0,(anonymous_31)
FNDA:0,(anonymous_32)
FNDA:0,(anonymous_33)
FNDA:0,(anonymous_34)
DA:29,0
DA:77,0
DA:92,0
DA:154,0
DA:155,0
DA:156,0
DA:158,0
DA:159,0
DA:160,0
DA:161,0
DA:163,0
DA:165,0
DA:166,0
DA:167,0
DA:168,0
DA:169,0
DA:171,0
DA:172,0
DA:173,0
DA:174,0
DA:177,0
DA:180,0
DA:181,0
DA:183,0
DA:186,0
DA:188,0
DA:192,0
DA:193,0
DA:197,0
DA:198,0
DA:202,0
DA:203,0
DA:204,0
DA:205,0
DA:206,0
DA:207,0
DA:211,0
DA:213,0
DA:214,0
DA:215,0
DA:216,0
DA:217,0
DA:220,0
DA:223,0
DA:224,0
DA:225,0
DA:228,0
DA:229,0
DA:232,0
DA:233,0
DA:234,0
DA:237,0
DA:238,0
DA:239,0
DA:240,0
DA:242,0
DA:245,0
DA:246,0
DA:247,0
DA:248,0
DA:249,0
DA:251,0
DA:252,0
DA:254,0
DA:255,0
DA:256,0
DA:257,0
DA:262,0
DA:263,0
DA:266,0
DA:267,0
DA:268,0
DA:273,0
DA:277,0
DA:302,0
DA:331,0
DA:332,0
DA:333,0
DA:334,0
DA:335,0
DA:336,0
DA:338,0
DA:339,0
DA:340,0
DA:341,0
DA:343,0
DA:346,0
DA:347,0
DA:350,0
DA:351,0
DA:354,0
DA:355,0
DA:357,0
DA:359,0
DA:361,0
DA:363,0
DA:367,0
DA:372,0
DA:411,0
DA:412,0
DA:414,0
DA:415,0
DA:416,0
DA:418,0
DA:421,0
DA:422,0
DA:423,0
DA:426,0
DA:427,0
DA:430,0
DA:436,0
DA:437,0
DA:438,0
DA:441,0
DA:442,0
DA:445,0
DA:446,0
DA:449,0
DA:453,0
LF:119
LH:0
BRDA:77,0,0,0
BRDA:77,0,1,0
BRDA:92,1,0,0
BRDA:92,1,1,0
BRDA:167,2,0,0
BRDA:167,2,1,0
BRDA:192,3,0,0
BRDA:192,3,1,0
BRDA:203,4,0,0
BRDA:203,4,1,0
BRDA:206,5,0,0
BRDA:206,5,1,0
BRDA:206,6,0,0
BRDA:206,6,1,0
BRDA:214,7,0,0
BRDA:214,7,1,0
BRDA:216,8,0,0
BRDA:216,8,1,0
BRDA:239,9,0,0
BRDA:239,9,1,0
BRDA:246,10,0,0
BRDA:246,10,1,0
BRDA:251,11,0,0
BRDA:251,11,1,0
BRDA:256,12,0,0
BRDA:256,12,1,0
BRDA:267,13,0,0
BRDA:267,13,1,0
BRDA:283,14,0,0
BRDA:283,14,1,0
BRDA:295,15,0,0
BRDA:295,15,1,0
BRDA:295,15,2,0
BRDA:295,15,3,0
BRDA:300,16,0,0
BRDA:300,16,1,0
BRDA:309,17,0,0
BRDA:309,17,1,0
BRDA:339,18,0,0
BRDA:339,18,1,0
BRDA:339,19,0,0
BRDA:339,19,1,0
BRDA:341,20,0,0
BRDA:341,20,1,0
BRDA:355,21,0,0
BRDA:355,21,1,0
BRDA:355,21,2,0
BRDA:355,21,3,0
BRDA:371,22,0,0
BRDA:371,22,1,0
BRDA:371,23,0,0
BRDA:371,23,1,0
BRDA:384,24,0,0
BRDA:384,24,1,0
BRDA:388,25,0,0
BRDA:388,25,1,0
BRDA:393,26,0,0
BRDA:393,26,1,0
BRDA:393,26,2,0
BRDA:394,27,0,0
BRDA:394,27,1,0
BRDA:394,27,2,0
BRDA:394,27,3,0
BRDA:415,28,0,0
BRDA:415,28,1,0
BRDA:453,29,0,0
BRDA:453,29,1,0
BRDA:476,30,0,0
BRDA:476,30,1,0
BRF:69
BRH:0
end_of_record
TN:
SF:src/components/OrganizationsDropdown.tsx
FN:14,(anonymous_0)
FN:20,OrganizationsDropdown
FN:26,(anonymous_2)
FN:27,(anonymous_3)
FN:35,(anonymous_4)
FN:39,(anonymous_5)
FN:43,(anonymous_6)
FN:47,(anonymous_7)
FN:60,(anonymous_8)
FNF:9
FNH:0
FNDA:0,(anonymous_0)
FNDA:0,OrganizationsDropdown
FNDA:0,(anonymous_2)
FNDA:0,(anonymous_3)
FNDA:0,(anonymous_4)
FNDA:0,(anonymous_5)
FNDA:0,(anonymous_6)
FNDA:0,(anonymous_7)
FNDA:0,(anonymous_8)
DA:14,0
DA:21,0
DA:22,0
DA:23,0
DA:24,0
DA:26,0
DA:27,0
DA:28,0
DA:29,0
DA:31,0
DA:35,0
DA:36,0
DA:39,0
DA:40,0
DA:43,0
DA:44,0
DA:45,0
DA:47,0
DA:48,0
DA:49,0
DA:54,0
DA:60,0
LF:22
LH:0
BRDA:28,0,0,0
BRDA:28,0,1,0
BRDA:44,1,0,0
BRDA:44,1,1,0
BRDA:48,2,0,0
BRDA:48,2,1,0
BRDA:60,3,0,0
BRDA:60,3,1,0
BRF:8
BRH:0
end_of_record
TN:
SF:src/components/PageSnackbar.tsx
FN:21,(anonymous_0)
FN:32,(anonymous_1)
FN:33,(anonymous_2)
FN:43,PageSnackbar
FN:49,(anonymous_4)
FN:53,(anonymous_5)
FN:57,(anonymous_6)
FN:64,(anonymous_7)
FN:75,(anonymous_8)
FN:95,SnackbarMessage
FNF:10
FNH:0
FNDA:0,(anonymous_0)
FNDA:0,(anonymous_1)
FNDA:0,(anonymous_2)
FNDA:0,PageSnackbar
FNDA:0,(anonymous_4)
FNDA:0,(anonymous_5)
FNDA:0,(anonymous_6)
FNDA:0,(anonymous_7)
FNDA:0,(anonymous_8)
FNDA:0,SnackbarMessage
DA:21,0
DA:32,0
DA:33,0
DA:44,0
DA:45,0
DA:46,0
DA:47,0
DA:49,0
DA:50,0
DA:53,0
DA:54,0
DA:57,0
DA:58,0
DA:60,0
DA:64,0
DA:65,0
DA:66,0
DA:75,0
DA:76,0
DA:77,0
DA:78,0
DA:82,0
DA:96,0
DA:97,0
DA:99,0
LF:25
LH:0
BRDA:32,0,0,0
BRDA:32,0,1,0
BRDA:33,1,0,0
BRDA:33,1,1,0
BRDA:54,2,0,0
BRDA:54,2,1,0
BRDA:58,3,0,0
BRDA:58,3,1,0
BRDA:65,4,0,0
BRDA:65,4,1,0
BRDA:76,5,0,0
BRDA:76,5,1,0
BRDA:109,6,0,0
BRDA:109,6,1,0
BRDA:118,7,0,0
BRDA:118,7,1,0
BRF:16
BRH:0
end_of_record
TN:
SF:src/components/PanelTitle.tsx
FN:7,(anonymous_0)
FN:23,PanelTitle
FNF:2
FNH:0
FNDA:0,(anonymous_0)
FNDA:0,PanelTitle
DA:7,0
DA:24,0
DA:26,0
LF:3
LH:0
BRDA:31,0,0,0
BRDA:31,0,1,0
BRF:2
BRH:0
end_of_record
TN:
SF:src/components/SmallDeviceUserMenu.tsx
FN:32,(anonymous_0)
FN:100,SmallDeviceUserMenu
FN:115,(anonymous_2)
FN:119,(anonymous_3)
FN:120,(anonymous_4)
FN:123,(anonymous_5)
FN:134,(anonymous_6)
FN:142,(anonymous_7)
FN:146,(anonymous_8)
FN:147,(anonymous_9)
FN:224,(anonymous_10)
FN:233,(anonymous_11)
FN:256,(anonymous_12)
FN:259,(anonymous_13)
FN:277,(anonymous_14)
FN:289,(anonymous_15)
FNF:16
FNH:0
FNDA:0,(anonymous_0)
FNDA:0,SmallDeviceUserMenu
FNDA:0,(anonymous_2)
FNDA:0,(anonymous_3)
FNDA:0,(anonymous_4)
FNDA:0,(anonymous_5)
FNDA:0,(anonymous_6)
FNDA:0,(anonymous_7)
FNDA:0,(anonymous_8)
FNDA:0,(anonymous_9)
FNDA:0,(anonymous_10)
FNDA:0,(anonymous_11)
FNDA:0,(anonymous_12)
FNDA:0,(anonymous_13)
FNDA:0,(anonymous_14)
FNDA:0,(anonymous_15)
DA:32,0
DA:104,0
DA:105,0
DA:106,0
DA:107,0
DA:108,0
DA:109,0
DA:110,0
DA:111,0
DA:112,0
DA:113,0
DA:115,0
DA:116,0
DA:119,0
DA:120,0
DA:123,0
DA:124,0
DA:125,0
DA:127,0
DA:128,0
DA:133,0
DA:134,0
DA:135,0
DA:136,0
DA:139,0
DA:142,0
DA:143,0
DA:146,0
DA:147,0
DA:148,0
DA:149,0
DA:151,0
DA:155,0
DA:225,0
DA:226,0
DA:234,0
DA:235,0
DA:257,0
DA:260,0
DA:261,0
DA:278,0
DA:279,0
DA:290,0
DA:291,0
LF:44
LH:0
BRDA:113,0,0,0
BRDA:113,0,1,0
BRDA:113,0,2,0
BRDA:124,1,0,0
BRDA:124,1,1,0
BRDA:124,2,0,0
BRDA:124,2,1,0
BRDA:135,3,0,0
BRDA:135,3,1,0
BRDA:135,4,0,0
BRDA:135,4,1,0
BRDA:148,5,0,0
BRDA:148,5,1,0
BRDA:156,6,0,0
BRDA:156,6,1,0
BRDA:254,7,0,0
BRDA:254,7,1,0
BRDA:264,8,0,0
BRDA:264,8,1,0
BRDA:286,9,0,0
BRDA:286,9,1,0
BRDA:286,10,0,0
BRDA:286,10,1,0
BRF:23
BRH:0
end_of_record
TN:
SF:src/components/TimeZoneSelector.tsx
FN:19,TimeZoneSelector
FN:23,(anonymous_1)
FN:26,(anonymous_2)
FN:27,(anonymous_3)
FN:31,(anonymous_4)
FN:40,(anonymous_5)
FN:41,(anonymous_6)
FN:46,(anonymous_7)
FN:46,(anonymous_8)
FN:48,(anonymous_9)
FN:55,(anonymous_10)
FN:58,(anonymous_11)
FN:59,(anonymous_12)
FN:65,(anonymous_13)
FN:84,(anonymous_14)
FNF:15
FNH:0
FNDA:0,TimeZoneSelector
FNDA:0,(anonymous_1)
FNDA:0,(anonymous_2)
FNDA:0,(anonymous_3)
FNDA:0,(anonymous_4)
FNDA:0,(anonymous_5)
FNDA:0,(anonymous_6)
FNDA:0,(anonymous_7)
FNDA:0,(anonymous_8)
FNDA:0,(anonymous_9)
FNDA:0,(anonymous_10)
FNDA:0,(anonymous_11)
FNDA:0,(anonymous_12)
FNDA:0,(anonymous_13)
FNDA:0,(anonymous_14)
DA:20,0
DA:21,0
DA:23,0
DA:24,0
DA:26,0
DA:27,0
DA:28,0
DA:31,0
DA:32,0
DA:33,0
DA:35,0
DA:37,0
DA:38,0
DA:40,0
DA:41,0
DA:43,0
DA:45,0
DA:46,0
DA:48,0
DA:55,0
DA:58,0
DA:59,0
DA:60,0
DA:61,0
DA:65,0
DA:66,0
DA:69,0
DA:84,0
LF:28
LH:0
BRDA:24,0,0,0
BRDA:24,0,1,0
BRDA:28,1,0,0
BRDA:28,1,1,0
BRDA:32,2,0,0
BRDA:32,2,1,0
BRDA:38,3,0,0
BRDA:38,3,1,0
BRDA:43,4,0,0
BRDA:43,4,1,0
BRDA:60,5,0,0
BRDA:60,5,1,0
BRDA:69,6,0,0
BRDA:69,6,1,0
BRDA:74,7,0,0
BRDA:74,7,1,0
BRDA:88,8,0,0
BRDA:88,8,1,0
BRF:18
BRH:0
end_of_record
TN:
SF:src/components/ToastSnackbar.tsx
FN:14,(anonymous_0)
FN:28,ToastSnackbar
FN:35,(anonymous_2)
FN:39,(anonymous_3)
FNF:4
FNH:0
FNDA:0,(anonymous_0)
FNDA:0,ToastSnackbar
FNDA:0,(anonymous_2)
FNDA:0,(anonymous_3)
DA:14,0
DA:29,0
DA:30,0
DA:31,0
DA:32,0
DA:33,0
DA:35,0
DA:36,0
DA:39,0
DA:40,0
DA:43,0
LF:11
LH:0
BRDA:40,0,0,0
BRDA:40,0,1,0
BRDA:45,1,0,0
BRDA:45,1,1,0
BRDA:53,2,0,0
BRDA:53,2,1,0
BRF:6
BRH:0
end_of_record
TN:
SF:src/components/UserMenu.tsx
FN:15,(anonymous_0)
FN:27,UserMenu
FN:34,(anonymous_2)
FN:38,(anonymous_3)
FN:55,(anonymous_4)
FNF:5
FNH:0
FNDA:0,(anonymous_0)
FNDA:0,UserMenu
FNDA:0,(anonymous_2)
FNDA:0,(anonymous_3)
FNDA:0,(anonymous_4)
DA:15,0
DA:28,0
DA:29,0
DA:30,0
DA:31,0
DA:32,0
DA:34,0
DA:35,0
DA:38,0
DA:39,0
DA:41,0
DA:42,0
DA:45,0
DA:46,0
DA:49,0
DA:50,0
DA:55,0
DA:56,0
DA:62,0
DA:63,0
DA:66,0
DA:69,0
LF:22
LH:0
BRDA:39,0,0,0
BRDA:39,0,1,0
BRDA:39,0,2,0
BRDA:62,1,0,0
BRDA:62,1,1,0
BRF:5
BRH:0
end_of_record
TN:
SF:src/components/WeightSystemSelector.tsx
FN:12,WeightSystemSelector
FN:16,(anonymous_1)
FNF:2
FNH:0
FNDA:0,WeightSystemSelector
FNDA:0,(anonymous_1)
DA:13,0
DA:14,0
DA:16,0
LF:3
LH:0
BRF:0
BRH:0
end_of_record
TN:
SF:src/components/BatchWithdrawFlow/EmptyBatchesInfoModal.tsx
FN:12,EmptyBatchesInfoModal
FNF:1
FNH:0
FNDA:0,EmptyBatchesInfoModal
DA:13,0
DA:15,0
LF:2
LH:0
BRF:0
BRH:0
end_of_record
TN:
SF:src/components/BatchWithdrawFlow/index.tsx
FN:32,BatchWithdrawFlow
FN:49,(anonymous_1)
FN:50,(anonymous_2)
FN:53,(anonymous_3)
FN:58,(anonymous_4)
FN:69,(anonymous_5)
FN:78,(anonymous_6)
FN:83,(anonymous_7)
FN:86,(anonymous_8)
FN:98,(anonymous_9)
FN:128,(anonymous_10)
FN:131,(anonymous_11)
FN:147,(anonymous_12)
FN:157,(anonymous_13)
FN:159,(anonymous_14)
FN:182,(anonymous_15)
FN:223,(anonymous_16)
FNF:17
FNH:0
FNDA:0,BatchWithdrawFlow
FNDA:0,(anonymous_1)
FNDA:0,(anonymous_2)
FNDA:0,(anonymous_3)
FNDA:0,(anonymous_4)
FNDA:0,(anonymous_5)
FNDA:0,(anonymous_6)
FNDA:0,(anonymous_7)
FNDA:0,(anonymous_8)
FNDA:0,(anonymous_9)
FNDA:0,(anonymous_10)
FNDA:0,(anonymous_11)
FNDA:0,(anonymous_12)
FNDA:0,(anonymous_13)
FNDA:0,(anonymous_14)
FNDA:0,(anonymous_15)
FNDA:0,(anonymous_16)
DA:33,0
DA:34,0
DA:35,0
DA:36,0
DA:37,0
DA:43,0
DA:44,0
DA:45,0
DA:46,0
DA:47,0
DA:49,0
DA:50,0
DA:51,0
DA:53,0
DA:56,0
DA:57,0
DA:58,0
DA:60,0
DA:61,0
DA:63,0
DA:66,0
DA:69,0
DA:70,0
DA:71,0
DA:72,0
DA:74,0
DA:78,0
DA:79,0
DA:80,0
DA:83,0
DA:85,0
DA:87,0
DA:89,0
DA:99,0
DA:107,0
DA:108,0
DA:109,0
DA:112,0
DA:113,0
DA:114,0
DA:115,0
DA:118,0
DA:119,0
DA:121,0
DA:124,0
DA:125,0
DA:128,0
DA:130,0
DA:131,0
DA:132,0
DA:140,0
DA:141,0
DA:143,0
DA:147,0
DA:148,0
DA:149,0
DA:151,0
DA:154,0
DA:157,0
DA:158,0
DA:159,0
DA:160,0
DA:161,0
DA:162,0
DA:164,0
DA:165,0
DA:167,0
DA:168,0
DA:170,0
DA:173,0
DA:182,0
DA:183,0
DA:184,0
DA:186,0
DA:190,0
DA:191,0
DA:194,0
DA:223,0
LF:78
LH:0
BRDA:40,0,0,0
BRDA:40,0,1,0
BRDA:56,1,0,0
BRDA:56,1,1,0
BRDA:60,2,0,0
BRDA:60,2,1,0
BRDA:71,3,0,0
BRDA:71,3,1,0
BRDA:91,4,0,0
BRDA:91,4,1,0
BRDA:92,5,0,0
BRDA:92,5,1,0
BRDA:95,6,0,0
BRDA:95,6,1,0
BRDA:95,7,0,0
BRDA:95,7,1,0
BRDA:102,8,0,0
BRDA:102,8,1,0
BRDA:107,9,0,0
BRDA:107,9,1,0
BRDA:113,10,0,0
BRDA:113,10,1,0
BRDA:119,11,0,0
BRDA:119,11,1,0
BRDA:124,12,0,0
BRDA:124,12,1,0
BRDA:131,13,0,0
BRDA:131,13,1,0
BRDA:133,14,0,0
BRDA:133,14,1,0
BRDA:133,14,2,0
BRDA:133,14,3,0
BRDA:140,15,0,0
BRDA:140,15,1,0
BRDA:149,16,0,0
BRDA:149,16,1,0
BRDA:161,17,0,0
BRDA:161,17,1,0
BRDA:164,18,0,0
BRDA:164,18,1,0
BRDA:167,19,0,0
BRDA:167,19,1,0
BRDA:176,20,0,0
BRDA:176,20,1,0
BRDA:178,21,0,0
BRDA:178,21,1,0
BRDA:183,22,0,0
BRDA:183,22,1,0
BRDA:183,23,0,0
BRDA:183,23,1,0
BRDA:190,24,0,0
BRDA:190,24,1,0
BRDA:200,25,0,0
BRDA:200,25,1,0
BRDA:210,26,0,0
BRDA:210,26,1,0
BRDA:220,27,0,0
BRDA:220,27,1,0
BRF:58
BRH:0
end_of_record
TN:
SF:src/components/BatchWithdrawFlow/flow/AddPhotos.tsx
FN:15,AddPhotos
FN:21,(anonymous_1)
FN:25,(anonymous_2)
FNF:3
FNH:0
FNDA:0,AddPhotos
FNDA:0,(anonymous_1)
FNDA:0,(anonymous_2)
DA:16,0
DA:17,0
DA:18,0
DA:19,0
DA:21,0
DA:22,0
DA:25,0
DA:26,0
DA:29,0
LF:9
LH:0
BRDA:42,0,0,0
BRDA:42,0,1,0
BRDA:43,1,0,0
BRDA:43,1,1,0
BRDA:44,2,0,0
BRDA:44,2,1,0
BRF:6
BRH:0
end_of_record
TN:
SF:src/components/BatchWithdrawFlow/flow/SelectBatchesWithdrawnQuantity.tsx
FN:47,(anonymous_0)
FN:55,(anonymous_1)
FN:90,(anonymous_2)
FN:116,SelectBatches
FN:128,(anonymous_4)
FN:129,(anonymous_5)
FN:132,(anonymous_6)
FN:133,(anonymous_7)
FN:174,(anonymous_8)
FN:175,(anonymous_9)
FN:176,(anonymous_10)
FN:190,(anonymous_11)
FN:192,(anonymous_12)
FN:197,(anonymous_13)
FN:226,(anonymous_14)
FN:302,(anonymous_15)
FN:306,(anonymous_16)
FN:345,(anonymous_17)
FN:360,(anonymous_18)
FN:363,(anonymous_19)
FNF:20
FNH:0
FNDA:0,(anonymous_0)
FNDA:0,(anonymous_1)
FNDA:0,(anonymous_2)
FNDA:0,SelectBatches
FNDA:0,(anonymous_4)
FNDA:0,(anonymous_5)
FNDA:0,(anonymous_6)
FNDA:0,(anonymous_7)
FNDA:0,(anonymous_8)
FNDA:0,(anonymous_9)
FNDA:0,(anonymous_10)
FNDA:0,(anonymous_11)
FNDA:0,(anonymous_12)
FNDA:0,(anonymous_13)
FNDA:0,(anonymous_14)
FNDA:0,(anonymous_15)
FNDA:0,(anonymous_16)
FNDA:0,(anonymous_17)
FNDA:0,(anonymous_18)
FNDA:0,(anonymous_19)
DA:47,0
DA:55,0
DA:90,0
DA:114,0
DA:117,0
DA:119,0
DA:120,0
DA:121,0
DA:122,0
DA:123,0
DA:125,0
DA:126,0
DA:128,0
DA:129,0
DA:130,0
DA:132,0
DA:133,0
DA:135,0
DA:136,0
DA:156,0
DA:157,0
DA:164,0
DA:167,0
DA:168,0
DA:171,0
DA:174,0
DA:175,0
DA:176,0
DA:177,0
DA:178,0
DA:179,0
DA:181,0
DA:182,0
DA:183,0
DA:184,0
DA:186,0
DA:190,0
DA:192,0
DA:193,0
DA:194,0
DA:195,0
DA:196,0
DA:197,0
DA:198,0
DA:199,0
DA:200,0
DA:201,0
DA:202,0
DA:204,0
DA:205,0
DA:206,0
DA:208,0
DA:212,0
DA:215,0
DA:216,0
DA:217,0
DA:219,0
DA:222,0
DA:225,0
DA:226,0
DA:227,0
DA:228,0
DA:229,0
DA:231,0
DA:232,0
DA:233,0
DA:234,0
DA:236,0
DA:237,0
DA:238,0
DA:240,0
DA:244,0
DA:247,0
DA:248,0
DA:249,0
DA:250,0
DA:252,0
DA:253,0
DA:254,0
DA:256,0
DA:260,0
DA:263,0
DA:264,0
DA:265,0
DA:266,0
DA:268,0
DA:269,0
DA:270,0
DA:272,0
DA:276,0
DA:279,0
DA:280,0
DA:281,0
DA:283,0
DA:286,0
DA:297,0
DA:299,0
DA:302,0
DA:303,0
DA:305,0
DA:306,0
DA:307,0
DA:315,0
DA:319,0
DA:346,0
DA:361,0
DA:363,0
LF:107
LH:0
BRDA:135,0,0,0
BRDA:135,0,1,0
BRDA:135,1,0,0
BRDA:135,1,1,0
BRDA:135,2,0,0
BRDA:135,2,1,0
BRDA:138,3,0,0
BRDA:138,3,1,0
BRDA:156,4,0,0
BRDA:156,4,1,0
BRDA:177,5,0,0
BRDA:177,5,1,0
BRDA:177,6,0,0
BRDA:177,6,1,0
BRDA:178,7,0,0
BRDA:178,7,1,0
BRDA:190,8,0,0
BRDA:190,8,1,0
BRDA:195,9,0,0
BRDA:195,9,1,0
BRDA:199,10,0,0
BRDA:199,10,1,0
BRDA:200,11,0,0
BRDA:200,11,1,0
BRDA:204,12,0,0
BRDA:204,12,1,0
BRDA:215,13,0,0
BRDA:215,13,1,0
BRDA:231,14,0,0
BRDA:231,14,1,0
BRDA:232,15,0,0
BRDA:232,15,1,0
BRDA:236,16,0,0
BRDA:236,16,1,0
BRDA:247,17,0,0
BRDA:247,17,1,0
BRDA:248,18,0,0
BRDA:248,18,1,0
BRDA:252,19,0,0
BRDA:252,19,1,0
BRDA:263,20,0,0
BRDA:263,20,1,0
BRDA:264,21,0,0
BRDA:264,21,1,0
BRDA:268,22,0,0
BRDA:268,22,1,0
BRDA:279,23,0,0
BRDA:279,23,1,0
BRDA:305,24,0,0
BRDA:305,24,1,0
BRDA:327,25,0,0
BRDA:327,25,1,0
BRDA:336,26,0,0
BRDA:336,26,1,0
BRDA:344,27,0,0
BRDA:344,27,1,0
BRDA:353,28,0,0
BRDA:353,28,1,0
BRDA:357,29,0,0
BRDA:357,29,1,0
BRDA:359,30,0,0
BRDA:359,30,1,0
BRDA:361,31,0,0
BRDA:361,31,1,0
BRF:64
BRH:0
end_of_record
TN:
SF:src/components/BatchWithdrawFlow/flow/SelectPurposeForm.tsx
FN:42,(anonymous_0)
FN:76,SelectPurposeForm
FN:113,(anonymous_2)
FN:116,(anonymous_3)
FN:117,(anonymous_4)
FN:119,(anonymous_5)
FN:129,(anonymous_6)
FN:135,(anonymous_7)
FN:136,(anonymous_8)
FN:144,(anonymous_9)
FN:145,(anonymous_10)
FN:151,(anonymous_11)
FN:162,(anonymous_12)
FN:167,(anonymous_13)
FN:172,(anonymous_14)
FN:177,(anonymous_15)
FN:184,(anonymous_16)
FN:189,(anonymous_17)
FN:190,(anonymous_18)
FN:196,(anonymous_19)
FN:212,(anonymous_20)
FN:220,(anonymous_21)
FN:232,(anonymous_22)
FN:242,(anonymous_23)
FN:263,(anonymous_24)
FN:320,(anonymous_25)
FN:349,(anonymous_26)
FN:375,(anonymous_27)
FN:382,(anonymous_28)
FN:396,(anonymous_29)
FN:401,(anonymous_30)
FN:403,(anonymous_31)
FN:409,(anonymous_32)
FN:416,(anonymous_33)
FN:426,(anonymous_34)
FN:430,(anonymous_35)
FN:436,(anonymous_36)
FN:438,(anonymous_37)
FN:441,(anonymous_38)
FN:444,(anonymous_39)
FN:448,(anonymous_40)
FN:456,(anonymous_41)
FN:458,(anonymous_42)
FN:475,(anonymous_43)
FN:476,(anonymous_44)
FN:478,(anonymous_45)
FN:491,(anonymous_46)
FN:492,(anonymous_47)
FN:495,(anonymous_48)
FN:496,(anonymous_49)
FN:498,(anonymous_50)
FN:501,(anonymous_51)
FN:502,(anonymous_52)
FN:505,(anonymous_53)
FN:517,(anonymous_54)
FN:528,(anonymous_55)
FN:536,(anonymous_56)
FN:543,(anonymous_57)
FN:634,(anonymous_58)
FN:650,(anonymous_59)
FN:665,(anonymous_60)
FN:687,(anonymous_61)
FN:717,(anonymous_62)
FN:744,(anonymous_63)
FN:759,(anonymous_64)
FN:773,(anonymous_65)
FN:783,(anonymous_66)
FN:795,(anonymous_67)
FN:810,(anonymous_68)
FN:820,(anonymous_69)
FNF:70
FNH:0
FNDA:0,(anonymous_0)
FNDA:0,SelectPurposeForm
FNDA:0,(anonymous_2)
FNDA:0,(anonymous_3)
FNDA:0,(anonymous_4)
FNDA:0,(anonymous_5)
FNDA:0,(anonymous_6)
FNDA:0,(anonymous_7)
FNDA:0,(anonymous_8)
FNDA:0,(anonymous_9)
FNDA:0,(anonymous_10)
FNDA:0,(anonymous_11)
FNDA:0,(anonymous_12)
FNDA:0,(anonymous_13)
FNDA:0,(anonymous_14)
FNDA:0,(anonymous_15)
FNDA:0,(anonymous_16)
FNDA:0,(anonymous_17)
FNDA:0,(anonymous_18)
FNDA:0,(anonymous_19)
FNDA:0,(anonymous_20)
FNDA:0,(anonymous_21)
FNDA:0,(anonymous_22)
FNDA:0,(anonymous_23)
FNDA:0,(anonymous_24)
FNDA:0,(anonymous_25)
FNDA:0,(anonymous_26)
FNDA:0,(anonymous_27)
FNDA:0,(anonymous_28)
FNDA:0,(anonymous_29)
FNDA:0,(anonymous_30)
FNDA:0,(anonymous_31)
FNDA:0,(anonymous_32)
FNDA:0,(anonymous_33)
FNDA:0,(anonymous_34)
FNDA:0,(anonymous_35)
FNDA:0,(anonymous_36)
FNDA:0,(anonymous_37)
FNDA:0,(anonymous_38)
FNDA:0,(anonymous_39)
FNDA:0,(anonymous_40)
FNDA:0,(anonymous_41)
FNDA:0,(anonymous_42)
FNDA:0,(anonymous_43)
FNDA:0,(anonymous_44)
FNDA:0,(anonymous_45)
FNDA:0,(anonymous_46)
FNDA:0,(anonymous_47)
FNDA:0,(anonymous_48)
FNDA:0,(anonymous_49)
FNDA:0,(anonymous_50)
FNDA:0,(anonymous_51)
FNDA:0,(anonymous_52)
FNDA:0,(anonymous_53)
FNDA:0,(anonymous_54)
FNDA:0,(anonymous_55)
FNDA:0,(anonymous_56)
FNDA:0,(anonymous_57)
FNDA:0,(anonymous_58)
FNDA:0,(anonymous_59)
FNDA:0,(anonymous_60)
FNDA:0,(anonymous_61)
FNDA:0,(anonymous_62)
FNDA:0,(anonymous_63)
FNDA:0,(anonymous_64)
FNDA:0,(anonymous_65)
FNDA:0,(anonymous_66)
FNDA:0,(anonymous_67)
FNDA:0,(anonymous_68)
FNDA:0,(anonymous_69)
DA:42,0
DA:74,0
DA:77,0
DA:79,0
DA:80,0
DA:81,0
DA:82,0
DA:83,0
DA:84,0
DA:85,0
DA:86,0
DA:88,0
DA:89,0
DA:91,0
DA:92,0
DA:93,0
DA:94,0
DA:95,0
DA:96,0
DA:97,0
DA:98,0
DA:99,0
DA:100,0
DA:101,0
DA:102,0
DA:103,0
DA:104,0
DA:105,0
DA:106,0
DA:107,0
DA:108,0
DA:110,0
DA:111,0
DA:113,0
DA:115,0
DA:117,0
DA:118,0
DA:121,0
DA:129,0
DA:130,0
DA:131,0
DA:135,0
DA:136,0
DA:137,0
DA:144,0
DA:145,0
DA:151,0
DA:152,0
DA:153,0
DA:154,0
DA:156,0
DA:158,0
DA:159,0
DA:162,0
DA:163,0
DA:164,0
DA:167,0
DA:168,0
DA:169,0
DA:170,0
DA:171,0
DA:172,0
DA:173,0
DA:174,0
DA:177,0
DA:178,0
DA:179,0
DA:180,0
DA:181,0
DA:184,0
DA:185,0
DA:186,0
DA:189,0
DA:190,0
DA:196,0
DA:197,0
DA:198,0
DA:199,0
DA:200,0
DA:201,0
DA:202,0
DA:203,0
DA:204,0
DA:205,0
DA:207,0
DA:208,0
DA:212,0
DA:213,0
DA:214,0
DA:215,0
DA:216,0
DA:220,0
DA:221,0
DA:222,0
DA:223,0
DA:224,0
DA:226,0
DA:229,0
DA:232,0
DA:233,0
DA:234,0
DA:235,0
DA:237,0
DA:238,0
DA:242,0
DA:243,0
DA:244,0
DA:245,0
DA:246,0
DA:247,0
DA:249,0
DA:250,0
DA:251,0
DA:255,0
DA:256,0
DA:259,0
DA:260,0
DA:263,0
DA:264,0
DA:265,0
DA:266,0
DA:267,0
DA:268,0
DA:270,0
DA:271,0
DA:272,0
DA:274,0
DA:275,0
DA:276,0
DA:278,0
DA:283,0
DA:284,0
DA:285,0
DA:287,0
DA:288,0
DA:289,0
DA:291,0
DA:292,0
DA:293,0
DA:295,0
DA:300,0
DA:301,0
DA:302,0
DA:304,0
DA:305,0
DA:306,0
DA:308,0
DA:309,0
DA:310,0
DA:312,0
DA:317,0
DA:320,0
DA:321,0
DA:322,0
DA:323,0
DA:325,0
DA:326,0
DA:329,0
DA:330,0
DA:333,0
DA:335,0
DA:338,0
DA:339,0
DA:342,0
DA:343,0
DA:346,0
DA:349,0
DA:350,0
DA:351,0
DA:352,0
DA:353,0
DA:354,0
DA:355,0
DA:363,0
DA:366,0
DA:368,0
DA:376,0
DA:382,0
DA:396,0
DA:397,0
DA:398,0
DA:401,0
DA:402,0
DA:404,0
DA:405,0
DA:407,0
DA:410,0
DA:411,0
DA:413,0
DA:416,0
DA:417,0
DA:420,0
DA:421,0
DA:423,0
DA:426,0
DA:427,0
DA:428,0
DA:430,0
DA:436,0
DA:438,0
DA:439,0
DA:440,0
DA:441,0
DA:443,0
DA:444,0
DA:448,0
DA:449,0
DA:456,0
DA:457,0
DA:458,0
DA:459,0
DA:460,0
DA:462,0
DA:465,0
DA:466,0
DA:467,0
DA:468,0
DA:470,0
DA:475,0
DA:476,0
DA:477,0
DA:478,0
DA:479,0
DA:480,0
DA:485,0
DA:488,0
DA:491,0
DA:492,0
DA:495,0
DA:496,0
DA:497,0
DA:498,0
DA:501,0
DA:502,0
DA:505,0
DA:506,0
DA:517,0
DA:518,0
DA:528,0
DA:529,0
DA:530,0
DA:533,0
DA:536,0
DA:537,0
DA:538,0
DA:540,0
DA:543,0
DA:544,0
DA:545,0
DA:546,0
DA:547,0
DA:551,0
DA:634,0
DA:650,0
DA:666,0
DA:667,0
DA:668,0
DA:669,0
DA:687,0
DA:717,0
DA:744,0
DA:759,0
DA:773,0
DA:783,0
DA:795,0
DA:810,0
DA:820,0
LF:267
LH:0
BRDA:91,0,0,0
BRDA:91,0,1,0
BRDA:121,1,0,0
BRDA:121,1,1,0
BRDA:123,2,0,0
BRDA:123,2,1,0
BRDA:130,3,0,0
BRDA:130,3,1,0
BRDA:153,4,0,0
BRDA:153,4,1,0
BRDA:172,5,0,0
BRDA:172,5,1,0
BRDA:173,6,0,0
BRDA:173,6,1,0
BRDA:197,7,0,0
BRDA:197,7,1,0
BRDA:200,8,0,0
BRDA:200,8,1,0
BRDA:203,9,0,0
BRDA:203,9,1,0
BRDA:213,10,0,0
BRDA:213,10,1,0
BRDA:215,11,0,0
BRDA:215,11,1,0
BRDA:221,12,0,0
BRDA:221,12,1,0
BRDA:222,13,0,0
BRDA:222,13,1,0
BRDA:233,14,0,0
BRDA:233,14,1,0
BRDA:243,15,0,0
BRDA:243,15,1,0
BRDA:243,16,0,0
BRDA:243,16,1,0
BRDA:244,17,0,0
BRDA:244,17,1,0
BRDA:245,18,0,0
BRDA:245,18,1,0
BRDA:249,19,0,0
BRDA:249,19,1,0
BRDA:265,20,0,0
BRDA:265,20,1,0
BRDA:265,21,0,0
BRDA:265,21,1,0
BRDA:266,22,0,0
BRDA:266,22,1,0
BRDA:266,23,0,0
BRDA:266,23,1,0
BRDA:270,24,0,0
BRDA:270,24,1,0
BRDA:274,25,0,0
BRDA:274,25,1,0
BRDA:283,26,0,0
BRDA:283,26,1,0
BRDA:283,27,0,0
BRDA:283,27,1,0
BRDA:287,28,0,0
BRDA:287,28,1,0
BRDA:291,29,0,0
BRDA:291,29,1,0
BRDA:300,30,0,0
BRDA:300,30,1,0
BRDA:300,31,0,0
BRDA:300,31,1,0
BRDA:304,32,0,0
BRDA:304,32,1,0
BRDA:308,33,0,0
BRDA:308,33,1,0
BRDA:325,34,0,0
BRDA:325,34,1,0
BRDA:329,35,0,0
BRDA:329,35,1,0
BRDA:333,36,0,0
BRDA:333,36,1,0
BRDA:338,37,0,0
BRDA:338,37,1,0
BRDA:342,38,0,0
BRDA:342,38,1,0
BRDA:346,39,0,0
BRDA:346,39,1,0
BRDA:355,40,0,0
BRDA:355,40,1,0
BRDA:356,41,0,0
BRDA:356,41,1,0
BRDA:356,41,2,0
BRDA:356,41,3,0
BRDA:356,41,4,0
BRDA:356,41,5,0
BRDA:366,42,0,0
BRDA:366,42,1,0
BRDA:370,43,0,0
BRDA:370,43,1,0
BRDA:371,44,0,0
BRDA:371,44,1,0
BRDA:372,45,0,0
BRDA:372,45,1,0
BRDA:373,46,0,0
BRDA:373,46,1,0
BRDA:377,47,0,0
BRDA:377,47,1,0
BRDA:377,47,2,0
BRDA:384,48,0,0
BRDA:384,48,1,0
BRDA:384,49,0,0
BRDA:384,49,1,0
BRDA:384,50,0,0
BRDA:384,50,1,0
BRDA:385,51,0,0
BRDA:385,51,1,0
BRDA:385,52,0,0
BRDA:385,52,1,0
BRDA:385,53,0,0
BRDA:385,53,1,0
BRDA:386,54,0,0
BRDA:386,54,1,0
BRDA:387,55,0,0
BRDA:387,55,1,0
BRDA:388,56,0,0
BRDA:388,56,1,0
BRDA:389,57,0,0
BRDA:389,57,1,0
BRDA:404,58,0,0
BRDA:404,58,1,0
BRDA:410,59,0,0
BRDA:410,59,1,0
BRDA:420,60,0,0
BRDA:420,60,1,0
BRDA:420,61,0,0
BRDA:420,61,1,0
BRDA:427,62,0,0
BRDA:427,62,1,0
BRDA:436,63,0,0
BRDA:436,63,1,0
BRDA:450,64,0,0
BRDA:450,64,1,0
BRDA:451,65,0,0
BRDA:451,65,1,0
BRDA:452,66,0,0
BRDA:452,66,1,0
BRDA:457,67,0,0
BRDA:457,67,1,0
BRDA:459,68,0,0
BRDA:459,68,1,0
BRDA:459,69,0,0
BRDA:459,69,1,0
BRDA:465,70,0,0
BRDA:465,70,1,0
BRDA:466,71,0,0
BRDA:466,71,1,0
BRDA:478,72,0,0
BRDA:478,72,1,0
BRDA:482,73,0,0
BRDA:482,73,1,0
BRDA:492,74,0,0
BRDA:492,74,1,0
BRDA:498,75,0,0
BRDA:498,75,1,0
BRDA:502,76,0,0
BRDA:502,76,1,0
BRDA:509,77,0,0
BRDA:509,77,1,0
BRDA:510,78,0,0
BRDA:510,78,1,0
BRDA:510,78,2,0
BRDA:521,79,0,0
BRDA:521,79,1,0
BRDA:529,80,0,0
BRDA:529,80,1,0
BRDA:529,81,0,0
BRDA:529,81,1,0
BRDA:537,82,0,0
BRDA:537,82,1,0
BRDA:544,83,0,0
BRDA:544,83,1,0
BRDA:544,84,0,0
BRDA:544,84,1,0
BRDA:546,85,0,0
BRDA:546,85,1,0
BRDA:546,86,0,0
BRDA:546,86,1,0
BRDA:564,87,0,0
BRDA:564,87,1,0
BRDA:565,88,0,0
BRDA:565,88,1,0
BRDA:566,89,0,0
BRDA:566,89,1,0
BRDA:572,90,0,0
BRDA:572,90,1,0
BRDA:606,91,0,0
BRDA:606,91,1,0
BRDA:632,92,0,0
BRDA:632,92,1,0
BRDA:641,93,0,0
BRDA:641,93,1,0
BRDA:642,94,0,0
BRDA:642,94,1,0
BRDA:658,95,0,0
BRDA:658,95,1,0
BRDA:658,95,2,0
BRDA:658,96,0,0
BRDA:658,96,1,0
BRDA:659,97,0,0
BRDA:659,97,1,0
BRDA:668,98,0,0
BRDA:668,98,1,0
BRDA:677,99,0,0
BRDA:677,99,1,0
BRDA:697,100,0,0
BRDA:697,100,1,0
BRDA:710,101,0,0
BRDA:710,101,1,0
BRDA:711,102,0,0
BRDA:711,102,1,0
BRDA:711,102,2,0
BRDA:724,103,0,0
BRDA:724,103,1,0
BRDA:737,104,0,0
BRDA:737,104,1,0
BRDA:737,104,2,0
BRDA:739,105,0,0
BRDA:739,105,1,0
BRDA:754,106,0,0
BRDA:754,106,1,0
BRDA:755,107,0,0
BRDA:755,107,1,0
BRDA:767,108,0,0
BRDA:767,108,1,0
BRDA:778,109,0,0
BRDA:778,109,1,0
BRDA:791,110,0,0
BRDA:791,110,1,0
BRF:231
BRH:0
end_of_record
TN:
SF:src/components/BatchWithdrawFlow/flow/WithdrawalBatchesCellRenderer.tsx
FN:14,(anonymous_0)
FN:36,WithdrawalBatchesCellRenderer
FN:42,(anonymous_2)
FN:53,(anonymous_3)
FN:60,(anonymous_4)
FN:75,(anonymous_5)
FN:81,(anonymous_6)
FNF:7
FNH:0
FNDA:0,(anonymous_0)
FNDA:0,WithdrawalBatchesCellRenderer
FNDA:0,(anonymous_2)
FNDA:0,(anonymous_3)
FNDA:0,(anonymous_4)
FNDA:0,(anonymous_5)
FNDA:0,(anonymous_6)
DA:14,0
DA:37,0
DA:38,0
DA:39,0
DA:40,0
DA:42,0
DA:43,0
DA:53,0
DA:54,0
DA:55,0
DA:60,0
DA:75,0
DA:76,0
DA:77,0
DA:81,0
DA:92,0
DA:93,0
DA:104,0
DA:105,0
DA:116,0
DA:117,0
DA:128,0
DA:129,0
DA:140,0
DA:141,0
DA:144,0
DA:145,0
DA:158,0
DA:159,0
DA:170,0
LF:30
LH:0
BRDA:54,0,0,0
BRDA:54,0,1,0
BRDA:56,1,0,0
BRDA:56,1,1,0
BRDA:67,2,0,0
BRDA:67,2,1,0
BRDA:76,3,0,0
BRDA:76,3,1,0
BRDA:92,4,0,0
BRDA:92,4,1,0
BRDA:104,5,0,0
BRDA:104,5,1,0
BRDA:116,6,0,0
BRDA:116,6,1,0
BRDA:128,7,0,0
BRDA:128,7,1,0
BRDA:140,8,0,0
BRDA:140,8,1,0
BRDA:144,9,0,0
BRDA:144,9,1,0
BRDA:158,10,0,0
BRDA:158,10,1,0
BRF:22
BRH:0
end_of_record
TN:
SF:src/components/BreadCrumbs/index.tsx
FN:18,BreadCrumbs
FN:24,(anonymous_1)
FN:27,(anonymous_2)
FN:34,(anonymous_3)
FNF:4
FNH:0
FNDA:0,BreadCrumbs
FNDA:0,(anonymous_1)
FNDA:0,(anonymous_2)
FNDA:0,(anonymous_3)
DA:19,0
DA:21,0
DA:25,0
DA:27,0
DA:29,0
DA:32,0
DA:35,0
LF:7
LH:0
BRDA:21,0,0,0
BRDA:21,0,1,0
BRDA:36,1,0,0
BRDA:36,1,1,0
BRDA:43,2,0,0
BRDA:43,2,1,0
BRF:6
BRH:0
end_of_record
TN:
SF:src/components/DeliverableView/DeliverableStatusBadge.tsx
FN:16,(anonymous_0)
FN:22,(anonymous_1)
FNF:2
FNH:0
FNDA:0,(anonymous_0)
FNDA:0,(anonymous_1)
DA:16,0
DA:17,0
DA:18,0
DA:19,0
DA:20,0
DA:22,0
DA:23,0
DA:24,0
DA:27,0
DA:29,0
DA:36,0
DA:43,0
DA:50,0
DA:57,0
DA:64,0
DA:71,0
DA:75,0
LF:17
LH:0
BRDA:23,0,0,0
BRDA:23,0,1,0
BRDA:27,1,0,0
BRDA:27,1,1,0
BRDA:27,1,2,0
BRDA:27,1,3,0
BRDA:27,1,4,0
BRDA:27,1,5,0
BRDA:27,1,6,0
BRDA:47,2,0,0
BRDA:47,2,1,0
BRDA:75,3,0,0
BRDA:75,3,1,0
BRF:13
BRH:0
end_of_record
TN:
SF:src/components/DeliverableView/DocumentCellRenderer.tsx
FN:8,DocumentCellRenderer
FNF:1
FNH:0
FNDA:0,DocumentCellRenderer
DA:9,0
DA:11,0
DA:12,0
DA:32,0
LF:4
LH:0
BRDA:11,0,0,0
BRDA:11,0,1,0
BRF:2
BRH:0
end_of_record
TN:
SF:src/components/DeliverableView/DocumentsList.tsx
FN:18,(anonymous_0)
FN:25,(anonymous_1)
FN:32,(anonymous_2)
FN:33,(anonymous_3)
FN:46,(anonymous_4)
FNF:5
FNH:0
FNDA:0,(anonymous_0)
FNDA:0,(anonymous_1)
FNDA:0,(anonymous_2)
FNDA:0,(anonymous_3)
FNDA:0,(anonymous_4)
DA:18,0
DA:19,0
DA:20,0
DA:25,0
DA:26,0
DA:31,0
DA:33,0
DA:41,0
DA:46,0
LF:9
LH:0
BRDA:28,0,0,0
BRDA:28,0,1,0
BRDA:45,1,0,0
BRDA:45,1,1,0
BRDA:49,2,0,0
BRDA:49,2,1,0
BRF:6
BRH:0
end_of_record
TN:
SF:src/components/DeliverableView/DocumentsUploader.tsx
FN:19,(anonymous_0)
FN:28,(anonymous_1)
FN:36,(anonymous_2)
FN:51,(anonymous_3)
FN:56,(anonymous_4)
FNF:5
FNH:0
FNDA:0,(anonymous_0)
FNDA:0,(anonymous_1)
FNDA:0,(anonymous_2)
FNDA:0,(anonymous_3)
FNDA:0,(anonymous_4)
DA:19,0
DA:24,0
DA:25,0
DA:26,0
DA:28,0
DA:29,0
DA:30,0
DA:32,0
DA:36,0
DA:38,0
DA:39,0
DA:43,0
DA:44,0
DA:48,0
DA:51,0
DA:52,0
DA:53,0
DA:56,0
DA:57,0
DA:60,0
LF:20
LH:0
BRDA:29,0,0,0
BRDA:29,0,1,0
BRDA:29,1,0,0
BRDA:29,1,1,0
BRDA:38,2,0,0
BRDA:38,2,1,0
BRDA:43,3,0,0
BRDA:43,3,1,0
BRDA:62,4,0,0
BRDA:62,4,1,0
BRDA:63,5,0,0
BRDA:63,5,1,0
BRF:12
BRH:0
end_of_record
TN:
SF:src/components/DeliverableView/FileUploadDialog.tsx
FN:17,(anonymous_0)
FN:44,FileUploadDialog
FN:47,(anonymous_2)
FN:54,(anonymous_3)
FN:66,(anonymous_4)
FN:68,(anonymous_5)
FN:72,(anonymous_6)
FN:82,(anonymous_7)
FN:83,(anonymous_8)
FN:91,(anonymous_9)
FN:101,(anonymous_10)
FN:128,(anonymous_11)
FN:136,(anonymous_12)
FNF:13
FNH:0
FNDA:0,(anonymous_0)
FNDA:0,FileUploadDialog
FNDA:0,(anonymous_2)
FNDA:0,(anonymous_3)
FNDA:0,(anonymous_4)
FNDA:0,(anonymous_5)
FNDA:0,(anonymous_6)
FNDA:0,(anonymous_7)
FNDA:0,(anonymous_8)
FNDA:0,(anonymous_9)
FNDA:0,(anonymous_10)
FNDA:0,(anonymous_11)
FNDA:0,(anonymous_12)
DA:17,0
DA:45,0
DA:46,0
DA:47,0
DA:48,0
DA:49,0
DA:50,0
DA:51,0
DA:52,0
DA:54,0
DA:55,0
DA:56,0
DA:58,0
DA:59,0
DA:62,0
DA:63,0
DA:66,0
DA:67,0
DA:68,0
DA:69,0
DA:71,0
DA:72,0
DA:78,0
DA:79,0
DA:82,0
DA:83,0
DA:84,0
DA:85,0
DA:86,0
DA:90,0
DA:91,0
DA:99,0
DA:101,0
DA:129,0
DA:136,0
LF:35
LH:0
BRDA:55,0,0,0
BRDA:55,0,1,0
BRDA:55,1,0,0
BRDA:55,1,1,0
BRDA:58,2,0,0
BRDA:58,2,1,0
BRDA:68,3,0,0
BRDA:68,3,1,0
BRDA:101,4,0,0
BRDA:101,4,1,0
BRDA:127,5,0,0
BRDA:127,5,1,0
BRDA:129,6,0,0
BRDA:129,6,1,0
BRDA:133,7,0,0
BRDA:133,7,1,0
BRDA:133,8,0,0
BRDA:133,8,1,0
BRF:18
BRH:0
end_of_record
TN:
SF:src/components/DeliverableView/InternalComment.tsx
FN:15,(anonymous_0)
FN:26,(anonymous_1)
FN:34,(anonymous_2)
FN:35,(anonymous_3)
FN:38,(anonymous_4)
FN:42,(anonymous_5)
FN:68,(anonymous_6)
FN:96,(anonymous_7)
FNF:8
FNH:0
FNDA:0,(anonymous_0)
FNDA:0,(anonymous_1)
FNDA:0,(anonymous_2)
FNDA:0,(anonymous_3)
FNDA:0,(anonymous_4)
FNDA:0,(anonymous_5)
FNDA:0,(anonymous_6)
FNDA:0,(anonymous_7)
DA:15,0
DA:26,0
DA:27,0
DA:28,0
DA:29,0
DA:31,0
DA:32,0
DA:34,0
DA:35,0
DA:38,0
DA:39,0
DA:42,0
DA:43,0
DA:44,0
DA:45,0
DA:46,0
DA:47,0
DA:51,0
DA:68,0
DA:96,0
LF:20
LH:0
BRDA:32,0,0,0
BRDA:32,0,1,0
BRDA:43,1,0,0
BRDA:43,1,1,0
BRDA:46,2,0,0
BRDA:46,2,1,0
BRDA:71,3,0,0
BRDA:71,3,1,0
BRF:8
BRH:0
end_of_record
TN:
SF:src/components/DeliverableView/Metadata.tsx
FN:11,(anonymous_0)
FNF:1
FNH:0
FNDA:0,(anonymous_0)
DA:11,0
DA:12,0
DA:13,0
DA:14,0
DA:16,0
LF:5
LH:0
BRDA:18,0,0,0
BRDA:18,0,1,0
BRDA:25,1,0,0
BRDA:25,1,1,0
BRDA:35,2,0,0
BRDA:35,2,1,0
BRDA:35,2,2,0
BRDA:41,3,0,0
BRDA:41,3,1,0
BRF:9
BRH:0
end_of_record
TN:
SF:src/components/DeliverableView/MobileMessage.tsx
FN:9,(anonymous_0)
FNF:1
FNH:0
FNDA:0,(anonymous_0)
DA:9,0
DA:10,0
LF:2
LH:0
BRF:0
BRH:0
end_of_record
TN:
SF:src/components/DeliverableView/StatusChangeConfirmationDialog.tsx
FN:11,StatusChangeConfirmationDialog
FNF:1
FNH:0
FNDA:0,StatusChangeConfirmationDialog
DA:15,0
DA:17,0
LF:2
LH:0
BRF:0
BRH:0
end_of_record
TN:
SF:src/components/DeliverableView/TitleBar.tsx
FN:8,(anonymous_0)
FNF:1
FNH:0
FNDA:0,(anonymous_0)
DA:8,0
DA:9,0
DA:10,0
DA:12,0
LF:4
LH:0
BRDA:22,0,0,0
BRDA:22,0,1,0
BRF:2
BRH:0
end_of_record
TN:
SF:src/components/DeliverableView/types.ts
FNF:0
FNH:0
LF:0
LH:0
BRF:0
BRH:0
end_of_record
TN:
SF:src/components/DeliverableView/useFetchDeliverable.ts
FN:31,useFetchDeliverable
FN:43,(anonymous_1)
FN:47,(anonymous_2)
FN:56,(anonymous_3)
FN:65,(anonymous_4)
FN:72,(anonymous_5)
FNF:6
FNH:0
FNDA:0,useFetchDeliverable
FNDA:0,(anonymous_1)
FNDA:0,(anonymous_2)
FNDA:0,(anonymous_3)
FNDA:0,(anonymous_4)
FNDA:0,(anonymous_5)
DA:32,0
DA:33,0
DA:34,0
DA:35,0
DA:37,0
DA:38,0
DA:40,0
DA:41,0
DA:43,0
DA:44,0
DA:47,0
DA:48,0
DA:49,0
DA:50,0
DA:52,0
DA:56,0
DA:57,0
DA:58,0
DA:59,0
DA:60,0
DA:61,0
DA:65,0
DA:66,0
DA:67,0
DA:71,0
DA:72,0
LF:26
LH:0
BRDA:44,0,0,0
BRDA:44,0,1,0
BRDA:48,1,0,0
BRDA:48,1,1,0
BRDA:57,2,0,0
BRDA:57,2,1,0
BRDA:60,3,0,0
BRDA:60,3,1,0
BRDA:60,4,0,0
BRDA:60,4,1,0
BRDA:66,5,0,0
BRDA:66,5,1,0
BRDA:73,6,0,0
BRDA:73,6,1,0
BRF:14
BRH:0
end_of_record
TN:
SF:src/components/DeliverableView/useUpdateDeliverable.ts
FN:24,useUpdateDeliverable
FN:32,(anonymous_1)
FN:41,(anonymous_2)
FN:62,(anonymous_3)
FNF:4
FNH:0
FNDA:0,useUpdateDeliverable
FNDA:0,(anonymous_1)
FNDA:0,(anonymous_2)
FNDA:0,(anonymous_3)
DA:25,0
DA:26,0
DA:27,0
DA:28,0
DA:29,0
DA:31,0
DA:33,0
DA:34,0
DA:35,0
DA:36,0
DA:41,0
DA:42,0
DA:43,0
DA:46,0
DA:47,0
DA:48,0
DA:50,0
DA:51,0
DA:52,0
DA:53,0
DA:54,0
DA:56,0
DA:61,0
DA:62,0
LF:24
LH:0
BRDA:42,0,0,0
BRDA:42,0,1,0
BRDA:46,1,0,0
BRDA:46,1,1,0
BRDA:48,2,0,0
BRDA:48,2,1,0
BRDA:51,3,0,0
BRDA:51,3,1,0
BRDA:53,4,0,0
BRDA:53,4,1,0
BRF:10
BRH:0
end_of_record
TN:
SF:src/components/DeliverablesTable/DeliverableCellRenderer.tsx
FN:14,(anonymous_0)
FN:23,DeliverableCellRenderer
FN:29,(anonymous_2)
FNF:3
FNH:0
FNDA:0,(anonymous_0)
FNDA:0,DeliverableCellRenderer
FNDA:0,(anonymous_2)
DA:14,0
DA:24,0
DA:25,0
DA:26,0
DA:27,0
DA:29,0
DA:30,0
DA:31,0
DA:32,0
DA:35,0
DA:36,0
DA:47,0
DA:48,0
DA:58,0
LF:14
LH:0
BRDA:30,0,0,0
BRDA:30,0,1,0
BRDA:35,1,0,0
BRDA:35,1,1,0
BRDA:47,2,0,0
BRDA:47,2,1,0
BRDA:52,3,0,0
BRDA:52,3,1,0
BRF:8
BRH:0
end_of_record
TN:
SF:src/components/DeliverablesTable/index.tsx
FN:37,(anonymous_0)
FN:54,(anonymous_1)
FN:77,(anonymous_2)
FN:78,(anonymous_3)
FN:82,(anonymous_4)
FN:85,(anonymous_5)
FN:93,(anonymous_6)
FN:113,(anonymous_7)
FNF:8
FNH:0
FNDA:0,(anonymous_0)
FNDA:0,(anonymous_1)
FNDA:0,(anonymous_2)
FNDA:0,(anonymous_3)
FNDA:0,(anonymous_4)
FNDA:0,(anonymous_5)
FNDA:0,(anonymous_6)
FNDA:0,(anonymous_7)
DA:31,0
DA:32,0
DA:37,0
DA:46,0
DA:47,0
DA:48,0
DA:50,0
DA:51,0
DA:52,0
DA:54,0
DA:55,0
DA:74,0
DA:75,0
DA:77,0
DA:78,0
DA:82,0
DA:85,0
DA:89,0
DA:92,0
DA:94,0
DA:95,0
DA:96,0
DA:99,0
DA:108,0
DA:113,0
DA:115,0
DA:116,0
DA:120,0
LF:28
LH:0
BRDA:74,0,0,0
BRDA:74,0,1,0
BRDA:77,1,0,0
BRDA:77,1,1,0
BRDA:82,2,0,0
BRDA:82,2,1,0
BRDA:89,3,0,0
BRDA:89,3,1,0
BRDA:95,4,0,0
BRDA:95,4,1,0
BRDA:115,5,0,0
BRDA:115,5,1,0
BRDA:115,6,0,0
BRDA:115,6,1,0
BRF:14
BRH:0
end_of_record
TN:
SF:src/components/FeatureNotification/OrganizationNotification.tsx
FN:16,OrganizationNotification
FN:26,(anonymous_1)
FN:27,(anonymous_2)
FN:31,(anonymous_3)
FN:36,(anonymous_4)
FN:48,(anonymous_5)
FN:76,(anonymous_6)
FN:97,(anonymous_7)
FNF:8
FNH:0
FNDA:0,OrganizationNotification
FNDA:0,(anonymous_1)
FNDA:0,(anonymous_2)
FNDA:0,(anonymous_3)
FNDA:0,(anonymous_4)
FNDA:0,(anonymous_5)
FNDA:0,(anonymous_6)
FNDA:0,(anonymous_7)
DA:17,0
DA:19,0
DA:20,0
DA:21,0
DA:23,0
DA:24,0
DA:26,0
DA:27,0
DA:28,0
DA:31,0
DA:32,0
DA:33,0
DA:36,0
DA:37,0
DA:38,0
DA:39,0
DA:41,0
DA:42,0
DA:44,0
DA:48,0
DA:49,0
DA:50,0
DA:53,0
DA:54,0
DA:55,0
DA:58,0
DA:60,0
DA:61,0
DA:64,0
DA:65,0
DA:68,0
DA:69,0
DA:73,0
DA:76,0
DA:77,0
DA:78,0
DA:98,0
DA:102,0
DA:107,0
LF:39
LH:0
BRDA:28,0,0,0
BRDA:28,0,1,0
BRDA:37,1,0,0
BRDA:37,1,1,0
BRDA:41,2,0,0
BRDA:41,2,1,0
BRDA:49,3,0,0
BRDA:49,3,1,0
BRDA:54,4,0,0
BRDA:54,4,1,0
BRDA:60,5,0,0
BRDA:60,5,1,0
BRDA:64,6,0,0
BRDA:64,6,1,0
BRDA:68,7,0,0
BRDA:68,7,1,0
BRDA:77,8,0,0
BRDA:77,8,1,0
BRDA:86,9,0,0
BRDA:86,9,1,0
BRF:20
BRH:0
end_of_record
TN:
SF:src/components/FeatureNotification/UserNotification.tsx
FN:19,UserNotification
FN:30,(anonymous_1)
FN:31,(anonymous_2)
FN:35,(anonymous_3)
FN:40,(anonymous_4)
FN:52,(anonymous_5)
FN:74,(anonymous_6)
FN:75,(anonymous_7)
FN:97,(anonymous_8)
FN:110,(anonymous_9)
FN:117,(anonymous_10)
FN:130,(anonymous_11)
FNF:12
FNH:0
FNDA:0,UserNotification
FNDA:0,(anonymous_1)
FNDA:0,(anonymous_2)
FNDA:0,(anonymous_3)
FNDA:0,(anonymous_4)
FNDA:0,(anonymous_5)
FNDA:0,(anonymous_6)
FNDA:0,(anonymous_7)
FNDA:0,(anonymous_8)
FNDA:0,(anonymous_9)
FNDA:0,(anonymous_10)
FNDA:0,(anonymous_11)
DA:20,0
DA:21,0
DA:22,0
DA:23,0
DA:24,0
DA:25,0
DA:26,0
DA:27,0
DA:28,0
DA:30,0
DA:31,0
DA:32,0
DA:35,0
DA:36,0
DA:37,0
DA:40,0
DA:41,0
DA:42,0
DA:43,0
DA:45,0
DA:46,0
DA:48,0
DA:52,0
DA:53,0
DA:54,0
DA:57,0
DA:58,0
DA:59,0
DA:62,0
DA:63,0
DA:66,0
DA:67,0
DA:71,0
DA:74,0
DA:75,0
DA:76,0
DA:77,0
DA:78,0
DA:81,0
DA:82,0
DA:85,0
DA:86,0
DA:88,0
DA:91,0
DA:94,0
DA:97,0
DA:98,0
DA:99,0
DA:110,0
DA:117,0
DA:131,0
DA:136,0
DA:141,0
LF:53
LH:0
BRDA:32,0,0,0
BRDA:32,0,1,0
BRDA:41,1,0,0
BRDA:41,1,1,0
BRDA:45,2,0,0
BRDA:45,2,1,0
BRDA:53,3,0,0
BRDA:53,3,1,0
BRDA:58,4,0,0
BRDA:58,4,1,0
BRDA:62,5,0,0
BRDA:62,5,1,0
BRDA:66,6,0,0
BRDA:66,6,1,0
BRDA:77,7,0,0
BRDA:77,7,1,0
BRDA:81,8,0,0
BRDA:81,8,1,0
BRDA:85,9,0,0
BRDA:85,9,1,0
BRDA:98,10,0,0
BRDA:98,10,1,0
BRDA:98,11,0,0
BRDA:98,11,1,0
BRDA:110,12,0,0
BRDA:110,12,1,0
BRDA:113,13,0,0
BRDA:113,13,1,0
BRDA:117,14,0,0
BRDA:117,14,1,0
BRDA:128,15,0,0
BRDA:128,15,1,0
BRF:32
BRH:0
end_of_record
TN:
SF:src/components/FeatureNotification/index.tsx
FN:8,useFeatureNotifications
FN:13,(anonymous_1)
FN:18,(anonymous_2)
FNF:3
FNH:0
FNDA:0,useFeatureNotifications
FNDA:0,(anonymous_1)
FNDA:0,(anonymous_2)
DA:9,0
DA:10,0
DA:12,0
DA:14,0
DA:18,0
LF:5
LH:0
BRF:0
BRH:0
end_of_record
TN:
SF:src/components/ListMapView/index.tsx
FN:22,ListMapView
FN:26,(anonymous_1)
FNF:2
FNH:0
FNDA:0,ListMapView
FNDA:0,(anonymous_1)
DA:23,0
DA:24,0
DA:26,0
DA:27,0
DA:28,0
DA:29,0
DA:33,0
LF:7
LH:0
BRDA:28,0,0,0
BRDA:28,0,1,0
BRDA:46,1,0,0
BRDA:46,1,1,0
BRDA:48,2,0,0
BRDA:48,2,1,0
BRDA:51,3,0,0
BRDA:51,3,1,0
BRF:8
BRH:0
end_of_record
TN:
SF:src/components/Map/EditableMap.tsx
FN:25,instructionsForMode
FN:50,EditableMap
FN:60,(anonymous_2)
FN:64,(anonymous_3)
FN:68,(anonymous_4)
FNF:5
FNH:0
FNDA:0,instructionsForMode
FNDA:0,EditableMap
FNDA:0,(anonymous_2)
FNDA:0,(anonymous_3)
FNDA:0,(anonymous_4)
DA:22,0
DA:23,0
DA:26,0
DA:28,0
DA:29,0
DA:30,0
DA:31,0
DA:32,0
DA:33,0
DA:34,0
DA:35,0
DA:36,0
DA:37,0
DA:38,0
DA:39,0
DA:40,0
DA:41,0
DA:44,0
DA:51,0
DA:52,0
DA:53,0
DA:54,0
DA:55,0
DA:56,0
DA:57,0
DA:58,0
DA:60,0
DA:64,0
DA:67,0
DA:69,0
DA:70,0
DA:76,0
DA:84,0
LF:33
LH:0
BRDA:28,0,0,0
BRDA:28,0,1,0
BRDA:30,1,0,0
BRDA:30,1,1,0
BRDA:32,2,0,0
BRDA:32,2,1,0
BRDA:34,3,0,0
BRDA:34,3,1,0
BRDA:36,4,0,0
BRDA:36,4,1,0
BRDA:38,5,0,0
BRDA:38,5,1,0
BRDA:40,6,0,0
BRDA:40,6,1,0
BRDA:64,7,0,0
BRDA:64,7,1,0
BRDA:69,8,0,0
BRDA:69,8,1,0
BRDA:69,9,0,0
BRDA:69,9,1,0
BRDA:77,10,0,0
BRDA:77,10,1,0
BRDA:86,11,0,0
BRDA:86,11,1,0
BRF:24
BRH:0
end_of_record
TN:
SF:src/components/Map/EditableMapDraw.tsx
FN:47,featureHasCoordinates
FN:68,toMultiPolygon
FN:92,EditableMapDraw
FN:98,(anonymous_3)
FN:99,(anonymous_4)
FN:107,(anonymous_5)
FN:109,(anonymous_6)
FN:110,(anonymous_7)
FN:116,(anonymous_8)
FN:135,(anonymous_9)
FN:147,(anonymous_10)
FN:176,(anonymous_11)
FN:184,(anonymous_12)
FN:192,(anonymous_13)
FN:204,(anonymous_14)
FN:216,(anonymous_15)
FN:227,(anonymous_16)
FNF:17
FNH:0
FNDA:0,featureHasCoordinates
FNDA:0,toMultiPolygon
FNDA:0,EditableMapDraw
FNDA:0,(anonymous_3)
FNDA:0,(anonymous_4)
FNDA:0,(anonymous_5)
FNDA:0,(anonymous_6)
FNDA:0,(anonymous_7)
FNDA:0,(anonymous_8)
FNDA:0,(anonymous_9)
FNDA:0,(anonymous_10)
FNDA:0,(anonymous_11)
FNDA:0,(anonymous_12)
FNDA:0,(anonymous_13)
FNDA:0,(anonymous_14)
FNDA:0,(anonymous_15)
FNDA:0,(anonymous_16)
DA:35,0
DA:48,0
DA:49,0
DA:52,0
DA:54,0
DA:57,0
DA:60,0
DA:62,0
DA:65,0
DA:69,0
DA:70,0
DA:71,0
DA:72,0
DA:74,0
DA:93,0
DA:94,0
DA:95,0
DA:96,0
DA:98,0
DA:99,0
DA:100,0
DA:101,0
DA:103,0
DA:107,0
DA:108,0
DA:109,0
DA:110,0
DA:111,0
DA:115,0
DA:118,0
DA:120,0
DA:122,0
DA:124,0
DA:126,0
DA:128,0
DA:130,0
DA:131,0
DA:133,0
DA:137,0
DA:139,0
DA:141,0
DA:143,0
DA:147,0
DA:148,0
DA:149,0
DA:150,0
DA:152,0
DA:153,0
DA:154,0
DA:156,0
DA:158,0
DA:159,0
DA:160,0
DA:161,0
DA:162,0
DA:164,0
DA:166,0
DA:167,0
DA:168,0
DA:170,0
DA:176,0
DA:178,0
DA:179,0
DA:180,0
DA:184,0
DA:185,0
DA:186,0
DA:187,0
DA:188,0
DA:192,0
DA:193,0
DA:194,0
DA:195,0
DA:196,0
DA:197,0
DA:200,0
DA:204,0
DA:205,0
DA:206,0
DA:208,0
DA:211,0
DA:212,0
DA:215,0
DA:217,0
DA:227,0
DA:229,0
LF:86
LH:0
BRDA:48,0,0,0
BRDA:48,0,1,0
BRDA:48,1,0,0
BRDA:48,1,1,0
BRDA:54,2,0,0
BRDA:54,2,1,0
BRDA:60,3,0,0
BRDA:60,3,1,0
BRDA:62,4,0,0
BRDA:62,4,1,0
BRDA:62,4,2,0
BRDA:69,5,0,0
BRDA:69,5,1,0
BRDA:71,6,0,0
BRDA:71,6,1,0
BRDA:100,7,0,0
BRDA:100,7,1,0
BRDA:108,8,0,0
BRDA:108,8,1,0
BRDA:109,9,0,0
BRDA:109,9,1,0
BRDA:111,10,0,0
BRDA:111,10,1,0
BRDA:128,11,0,0
BRDA:128,11,1,0
BRDA:148,12,0,0
BRDA:148,12,1,0
BRDA:148,13,0,0
BRDA:148,13,1,0
BRDA:150,14,0,0
BRDA:150,14,1,0
BRDA:152,15,0,0
BRDA:152,15,1,0
BRDA:153,16,0,0
BRDA:153,16,1,0
BRDA:158,17,0,0
BRDA:158,17,1,0
BRDA:159,18,0,0
BRDA:159,18,1,0
BRDA:161,19,0,0
BRDA:161,19,1,0
BRDA:166,20,0,0
BRDA:166,20,1,0
BRDA:167,21,0,0
BRDA:167,21,1,0
BRDA:179,22,0,0
BRDA:179,22,1,0
BRDA:186,23,0,0
BRDA:186,23,1,0
BRDA:193,24,0,0
BRDA:193,24,1,0
BRDA:194,25,0,0
BRDA:194,25,1,0
BRDA:205,26,0,0
BRDA:205,26,1,0
BRF:55
BRH:0
end_of_record
TN:
SF:src/components/Map/EditableMapDrawV2.tsx
FN:51,featureHasCoordinates
FN:86,EditableMapDraw
FN:102,(anonymous_2)
FN:111,(anonymous_3)
FN:114,(anonymous_4)
FN:125,(anonymous_5)
FN:129,(anonymous_6)
FN:129,(anonymous_7)
FN:139,(anonymous_8)
FN:151,(anonymous_9)
FN:156,(anonymous_10)
FN:160,(anonymous_11)
FN:162,(anonymous_12)
FN:169,(anonymous_13)
FN:178,(anonymous_14)
FN:181,(anonymous_15)
FN:206,(anonymous_16)
FN:214,(anonymous_17)
FN:217,(anonymous_18)
FN:229,(anonymous_19)
FN:233,(anonymous_20)
FN:239,(anonymous_21)
FNF:22
FNH:0
FNDA:0,featureHasCoordinates
FNDA:0,EditableMapDraw
FNDA:0,(anonymous_2)
FNDA:0,(anonymous_3)
FNDA:0,(anonymous_4)
FNDA:0,(anonymous_5)
FNDA:0,(anonymous_6)
FNDA:0,(anonymous_7)
FNDA:0,(anonymous_8)
FNDA:0,(anonymous_9)
FNDA:0,(anonymous_10)
FNDA:0,(anonymous_11)
FNDA:0,(anonymous_12)
FNDA:0,(anonymous_13)
FNDA:0,(anonymous_14)
FNDA:0,(anonymous_15)
FNDA:0,(anonymous_16)
FNDA:0,(anonymous_17)
FNDA:0,(anonymous_18)
FNDA:0,(anonymous_19)
FNDA:0,(anonymous_20)
FNDA:0,(anonymous_21)
DA:39,0
DA:52,0
DA:53,0
DA:56,0
DA:58,0
DA:61,0
DA:64,0
DA:66,0
DA:69,0
DA:94,0
DA:95,0
DA:96,0
DA:97,0
DA:98,0
DA:102,0
DA:103,0
DA:105,0
DA:106,0
DA:108,0
DA:111,0
DA:113,0
DA:115,0
DA:116,0
DA:118,0
DA:124,0
DA:126,0
DA:129,0
DA:132,0
DA:133,0
DA:138,0
DA:140,0
DA:141,0
DA:144,0
DA:145,0
DA:150,0
DA:151,0
DA:155,0
DA:156,0
DA:160,0
DA:162,0
DA:163,0
DA:164,0
DA:165,0
DA:166,0
DA:167,0
DA:169,0
DA:170,0
DA:171,0
DA:172,0
DA:173,0
DA:174,0
DA:178,0
DA:179,0
DA:180,0
DA:181,0
DA:182,0
DA:183,0
DA:184,0
DA:186,0
DA:188,0
DA:189,0
DA:190,0
DA:191,0
DA:192,0
DA:194,0
DA:196,0
DA:197,0
DA:198,0
DA:200,0
DA:206,0
DA:207,0
DA:208,0
DA:209,0
DA:210,0
DA:214,0
DA:215,0
DA:216,0
DA:217,0
DA:218,0
DA:220,0
DA:221,0
DA:224,0
DA:225,0
DA:229,0
DA:230,0
DA:231,0
DA:233,0
DA:236,0
DA:239,0
DA:240,0
DA:241,0
DA:245,0
LF:92
LH:0
BRDA:52,0,0,0
BRDA:52,0,1,0
BRDA:52,1,0,0
BRDA:52,1,1,0
BRDA:58,2,0,0
BRDA:58,2,1,0
BRDA:64,3,0,0
BRDA:64,3,1,0
BRDA:66,4,0,0
BRDA:66,4,1,0
BRDA:66,4,2,0
BRDA:115,5,0,0
BRDA:115,5,1,0
BRDA:133,6,0,0
BRDA:133,6,1,0
BRDA:140,7,0,0
BRDA:140,7,1,0
BRDA:160,8,0,0
BRDA:160,8,1,0
BRDA:179,9,0,0
BRDA:179,9,1,0
BRDA:179,10,0,0
BRDA:179,10,1,0
BRDA:181,11,0,0
BRDA:181,11,1,0
BRDA:182,12,0,0
BRDA:182,12,1,0
BRDA:183,13,0,0
BRDA:183,13,1,0
BRDA:188,14,0,0
BRDA:188,14,1,0
BRDA:189,15,0,0
BRDA:189,15,1,0
BRDA:191,16,0,0
BRDA:191,16,1,0
BRDA:196,17,0,0
BRDA:196,17,1,0
BRDA:197,18,0,0
BRDA:197,18,1,0
BRDA:208,19,0,0
BRDA:208,19,1,0
BRDA:216,20,0,0
BRDA:216,20,1,0
BRDA:217,21,0,0
BRDA:217,21,1,0
BRDA:220,22,0,0
BRDA:220,22,1,0
BRDA:224,23,0,0
BRDA:224,23,1,0
BRDA:230,24,0,0
BRDA:230,24,1,0
BRDA:240,25,0,0
BRDA:240,25,1,0
BRF:53
BRH:0
end_of_record
TN:
SF:src/components/Map/EditableMapV2.tsx
FN:39,(anonymous_0)
FN:77,EditableMap
FN:108,(anonymous_2)
FN:121,(anonymous_3)
FN:122,(anonymous_4)
FN:123,(anonymous_5)
FN:124,(anonymous_6)
FN:135,(anonymous_7)
FN:140,(anonymous_8)
FN:153,(anonymous_9)
FN:169,(anonymous_10)
FN:170,(anonymous_11)
FN:182,(anonymous_12)
FN:192,(anonymous_13)
FN:201,(anonymous_14)
FN:221,(anonymous_15)
FN:242,(anonymous_16)
FN:252,(anonymous_17)
FN:259,(anonymous_18)
FN:265,(anonymous_19)
FN:266,(anonymous_20)
FN:267,(anonymous_21)
FN:273,(anonymous_22)
FN:280,(anonymous_23)
FN:282,(anonymous_24)
FN:288,(anonymous_25)
FN:292,(anonymous_26)
FN:295,(anonymous_27)
FN:300,(anonymous_28)
FN:300,(anonymous_29)
FN:306,(anonymous_30)
FN:317,(anonymous_31)
FN:329,(anonymous_32)
FNF:33
FNH:0
FNDA:0,(anonymous_0)
FNDA:0,EditableMap
FNDA:0,(anonymous_2)
FNDA:0,(anonymous_3)
FNDA:0,(anonymous_4)
FNDA:0,(anonymous_5)
FNDA:0,(anonymous_6)
FNDA:0,(anonymous_7)
FNDA:0,(anonymous_8)
FNDA:0,(anonymous_9)
FNDA:0,(anonymous_10)
FNDA:0,(anonymous_11)
FNDA:0,(anonymous_12)
FNDA:0,(anonymous_13)
FNDA:0,(anonymous_14)
FNDA:0,(anonymous_15)
FNDA:0,(anonymous_16)
FNDA:0,(anonymous_17)
FNDA:0,(anonymous_18)
FNDA:0,(anonymous_19)
FNDA:0,(anonymous_20)
FNDA:0,(anonymous_21)
FNDA:0,(anonymous_22)
FNDA:0,(anonymous_23)
FNDA:0,(anonymous_24)
FNDA:0,(anonymous_25)
FNDA:0,(anonymous_26)
FNDA:0,(anonymous_27)
FNDA:0,(anonymous_28)
FNDA:0,(anonymous_29)
FNDA:0,(anonymous_30)
FNDA:0,(anonymous_31)
FNDA:0,(anonymous_32)
DA:39,0
DA:92,0
DA:93,0
DA:94,0
DA:95,0
DA:96,0
DA:97,0
DA:98,0
DA:99,0
DA:100,0
DA:101,0
DA:102,0
DA:103,0
DA:104,0
DA:105,0
DA:107,0
DA:109,0
DA:110,0
DA:116,0
DA:121,0
DA:122,0
DA:123,0
DA:124,0
DA:135,0
DA:136,0
DA:137,0
DA:140,0
DA:141,0
DA:142,0
DA:153,0
DA:154,0
DA:155,0
DA:169,0
DA:170,0
DA:171,0
DA:172,0
DA:174,0
DA:176,0
DA:181,0
DA:183,0
DA:185,0
DA:186,0
DA:192,0
DA:193,0
DA:194,0
DA:196,0
DA:200,0
DA:202,0
DA:203,0
DA:204,0
DA:206,0
DA:207,0
DA:210,0
DA:211,0
DA:214,0
DA:216,0
DA:217,0
DA:218,0
DA:219,0
DA:221,0
DA:222,0
DA:225,0
DA:241,0
DA:243,0
DA:244,0
DA:245,0
DA:251,0
DA:253,0
DA:258,0
DA:260,0
DA:265,0
DA:266,0
DA:267,0
DA:268,0
DA:269,0
DA:273,0
DA:274,0
DA:275,0
DA:276,0
DA:280,0
DA:282,0
DA:283,0
DA:284,0
DA:288,0
DA:292,0
DA:295,0
DA:296,0
DA:298,0
DA:300,0
DA:306,0
DA:307,0
DA:308,0
DA:317,0
DA:318,0
DA:319,0
DA:320,0
DA:322,0
DA:323,0
DA:329,0
DA:331,0
LF:100
LH:0
BRDA:109,0,0,0
BRDA:109,0,1,0
BRDA:109,1,0,0
BRDA:109,1,1,0
BRDA:117,2,0,0
BRDA:117,2,1,0
BRDA:126,3,0,0
BRDA:126,3,1,0
BRDA:136,4,0,0
BRDA:136,4,1,0
BRDA:144,5,0,0
BRDA:144,5,1,0
BRDA:145,6,0,0
BRDA:145,6,1,0
BRDA:146,7,0,0
BRDA:146,7,1,0
BRDA:147,8,0,0
BRDA:147,8,1,0
BRDA:159,9,0,0
BRDA:159,9,1,0
BRDA:161,10,0,0
BRDA:161,10,1,0
BRDA:162,11,0,0
BRDA:162,11,1,0
BRDA:163,12,0,0
BRDA:163,12,1,0
BRDA:171,13,0,0
BRDA:171,13,1,0
BRDA:193,14,0,0
BRDA:193,14,1,0
BRDA:193,15,0,0
BRDA:193,15,1,0
BRDA:202,16,0,0
BRDA:202,16,1,0
BRDA:203,17,0,0
BRDA:203,17,1,0
BRDA:210,18,0,0
BRDA:210,18,1,0
BRDA:216,19,0,0
BRDA:216,19,1,0
BRDA:216,20,0,0
BRDA:216,20,1,0
BRDA:221,21,0,0
BRDA:221,21,1,0
BRDA:243,22,0,0
BRDA:243,22,1,0
BRDA:274,23,0,0
BRDA:274,23,1,0
BRDA:275,24,0,0
BRDA:275,24,1,0
BRDA:283,25,0,0
BRDA:283,25,1,0
BRDA:292,26,0,0
BRDA:292,26,1,0
BRDA:296,27,0,0
BRDA:296,27,1,0
BRDA:296,28,0,0
BRDA:296,28,1,0
BRDA:296,28,2,0
BRDA:307,29,0,0
BRDA:307,29,1,0
BRDA:318,30,0,0
BRDA:318,30,1,0
BRDA:318,31,0,0
BRDA:318,31,1,0
BRDA:318,31,2,0
BRDA:319,32,0,0
BRDA:319,32,1,0
BRDA:333,33,0,0
BRDA:333,33,1,0
BRDA:348,34,0,0
BRDA:348,34,1,0
BRDA:366,35,0,0
BRDA:366,35,1,0
BRDA:388,36,0,0
BRDA:388,36,1,0
BRDA:388,36,2,0
BRDA:388,36,3,0
BRDA:390,37,0,0
BRDA:390,37,1,0
BRF:80
BRH:0
end_of_record
TN:
SF:src/components/Map/GenericMap.tsx
FN:25,GenericMap
FNF:1
FNH:0
FNDA:0,GenericMap
DA:8,0
DA:26,0
DA:27,0
DA:29,0
DA:31,0
DA:32,0
DA:39,0
LF:7
LH:0
BRDA:31,0,0,0
BRDA:31,0,1,0
BRDA:43,1,0,0
BRDA:43,1,1,0
BRF:4
BRH:0
end_of_record
TN:
SF:src/components/Map/Map.tsx
FN:46,(anonymous_0)
FN:109,Map
FN:132,(anonymous_2)
FN:133,(anonymous_3)
FN:134,(anonymous_4)
FN:141,(anonymous_5)
FN:145,(anonymous_6)
FN:149,(anonymous_7)
FN:156,(anonymous_8)
FN:158,(anonymous_9)
FN:172,(anonymous_10)
FN:184,(anonymous_11)
FN:187,(anonymous_12)
FN:188,(anonymous_13)
FN:197,(anonymous_14)
FN:207,(anonymous_15)
FN:220,(anonymous_16)
FN:238,(anonymous_17)
FN:247,(anonymous_18)
FN:251,(anonymous_19)
FN:255,(anonymous_20)
FN:256,(anonymous_21)
FN:263,(anonymous_22)
FN:271,(anonymous_23)
FN:276,(anonymous_24)
FN:291,(anonymous_25)
FN:292,(anonymous_26)
FN:295,(anonymous_27)
FN:306,(anonymous_28)
FN:307,(anonymous_29)
FN:310,(anonymous_30)
FN:316,(anonymous_31)
FN:320,(anonymous_32)
FN:325,(anonymous_33)
FN:326,(anonymous_34)
FN:330,(anonymous_35)
FN:337,(anonymous_36)
FN:348,(anonymous_37)
FN:358,(anonymous_38)
FN:360,(anonymous_39)
FN:365,(anonymous_40)
FN:375,(anonymous_41)
FN:376,(anonymous_42)
FN:383,(anonymous_43)
FN:386,(anonymous_44)
FN:386,(anonymous_45)
FN:390,(anonymous_46)
FN:394,(anonymous_47)
FN:406,(anonymous_48)
FN:416,(anonymous_49)
FN:426,(anonymous_50)
FN:427,(anonymous_51)
FN:430,(anonymous_52)
FN:458,(anonymous_53)
FN:462,(anonymous_54)
FN:480,(anonymous_55)
FN:505,(anonymous_56)
FNF:57
FNH:0
FNDA:0,(anonymous_0)
FNDA:0,Map
FNDA:0,(anonymous_2)
FNDA:0,(anonymous_3)
FNDA:0,(anonymous_4)
FNDA:0,(anonymous_5)
FNDA:0,(anonymous_6)
FNDA:0,(anonymous_7)
FNDA:0,(anonymous_8)
FNDA:0,(anonymous_9)
FNDA:0,(anonymous_10)
FNDA:0,(anonymous_11)
FNDA:0,(anonymous_12)
FNDA:0,(anonymous_13)
FNDA:0,(anonymous_14)
FNDA:0,(anonymous_15)
FNDA:0,(anonymous_16)
FNDA:0,(anonymous_17)
FNDA:0,(anonymous_18)
FNDA:0,(anonymous_19)
FNDA:0,(anonymous_20)
FNDA:0,(anonymous_21)
FNDA:0,(anonymous_22)
FNDA:0,(anonymous_23)
FNDA:0,(anonymous_24)
FNDA:0,(anonymous_25)
FNDA:0,(anonymous_26)
FNDA:0,(anonymous_27)
FNDA:0,(anonymous_28)
FNDA:0,(anonymous_29)
FNDA:0,(anonymous_30)
FNDA:0,(anonymous_31)
FNDA:0,(anonymous_32)
FNDA:0,(anonymous_33)
FNDA:0,(anonymous_34)
FNDA:0,(anonymous_35)
FNDA:0,(anonymous_36)
FNDA:0,(anonymous_37)
FNDA:0,(anonymous_38)
FNDA:0,(anonymous_39)
FNDA:0,(anonymous_40)
FNDA:0,(anonymous_41)
FNDA:0,(anonymous_42)
FNDA:0,(anonymous_43)
FNDA:0,(anonymous_44)
FNDA:0,(anonymous_45)
FNDA:0,(anonymous_46)
FNDA:0,(anonymous_47)
FNDA:0,(anonymous_48)
FNDA:0,(anonymous_49)
FNDA:0,(anonymous_50)
FNDA:0,(anonymous_51)
FNDA:0,(anonymous_52)
FNDA:0,(anonymous_53)
FNDA:0,(anonymous_54)
FNDA:0,(anonymous_55)
FNDA:0,(anonymous_56)
DA:41,0
DA:44,0
DA:46,0
DA:88,0
DA:123,0
DA:124,0
DA:125,0
DA:126,0
DA:127,0
DA:128,0
DA:129,0
DA:130,0
DA:131,0
DA:132,0
DA:133,0
DA:134,0
DA:135,0
DA:136,0
DA:137,0
DA:138,0
DA:139,0
DA:141,0
DA:145,0
DA:148,0
DA:150,0
DA:151,0
DA:156,0
DA:157,0
DA:158,0
DA:159,0
DA:160,0
DA:162,0
DA:171,0
DA:173,0
DA:175,0
DA:176,0
DA:177,0
DA:184,0
DA:185,0
DA:187,0
DA:188,0
DA:189,0
DA:190,0
DA:193,0
DA:197,0
DA:198,0
DA:199,0
DA:200,0
DA:204,0
DA:207,0
DA:208,0
DA:209,0
DA:210,0
DA:212,0
DA:213,0
DA:214,0
DA:219,0
DA:221,0
DA:222,0
DA:223,0
DA:224,0
DA:225,0
DA:231,0
DA:237,0
DA:239,0
DA:240,0
DA:242,0
DA:243,0
DA:244,0
DA:246,0
DA:247,0
DA:248,0
DA:249,0
DA:251,0
DA:252,0
DA:253,0
DA:255,0
DA:256,0
DA:257,0
DA:260,0
DA:261,0
DA:263,0
DA:264,0
DA:271,0
DA:272,0
DA:273,0
DA:276,0
DA:277,0
DA:278,0
DA:279,0
DA:281,0
DA:283,0
DA:284,0
DA:285,0
DA:287,0
DA:290,0
DA:291,0
DA:293,0
DA:294,0
DA:296,0
DA:297,0
DA:299,0
DA:300,0
DA:305,0
DA:306,0
DA:308,0
DA:309,0
DA:311,0
DA:316,0
DA:317,0
DA:318,0
DA:320,0
DA:321,0
DA:322,0
DA:325,0
DA:326,0
DA:327,0
DA:328,0
DA:330,0
DA:331,0
DA:332,0
DA:337,0
DA:338,0
DA:339,0
DA:340,0
DA:342,0
DA:343,0
DA:344,0
DA:348,0
DA:349,0
DA:357,0
DA:359,0
DA:361,0
DA:362,0
DA:363,0
DA:365,0
DA:375,0
DA:376,0
DA:378,0
DA:383,0
DA:384,0
DA:385,0
DA:386,0
DA:390,0
DA:391,0
DA:392,0
DA:394,0
DA:395,0
DA:403,0
DA:406,0
DA:407,0
DA:408,0
DA:409,0
DA:411,0
DA:416,0
DA:417,0
DA:418,0
DA:419,0
DA:421,0
DA:426,0
DA:427,0
DA:430,0
DA:431,0
DA:432,0
DA:434,0
DA:438,0
DA:440,0
DA:459,0
DA:463,0
DA:464,0
DA:465,0
DA:481,0
DA:482,0
DA:484,0
DA:485,0
DA:505,0
DA:506,0
DA:508,0
LF:178
LH:0
BRDA:145,0,0,0
BRDA:145,0,1,0
BRDA:150,1,0,0
BRDA:150,1,1,0
BRDA:157,2,0,0
BRDA:157,2,1,0
BRDA:159,3,0,0
BRDA:159,3,1,0
BRDA:159,4,0,0
BRDA:159,4,1,0
BRDA:160,5,0,0
BRDA:160,5,1,0
BRDA:173,6,0,0
BRDA:173,6,1,0
BRDA:176,7,0,0
BRDA:176,7,1,0
BRDA:185,8,0,0
BRDA:185,8,1,0
BRDA:189,9,0,0
BRDA:189,9,1,0
BRDA:189,10,0,0
BRDA:189,10,1,0
BRDA:198,11,0,0
BRDA:198,11,1,0
BRDA:199,12,0,0
BRDA:199,12,1,0
BRDA:209,13,0,0
BRDA:209,13,1,0
BRDA:212,14,0,0
BRDA:212,14,1,0
BRDA:222,15,0,0
BRDA:222,15,1,0
BRDA:239,16,0,0
BRDA:239,16,1,0
BRDA:243,17,0,0
BRDA:243,17,1,0
BRDA:248,18,0,0
BRDA:248,18,1,0
BRDA:248,19,0,0
BRDA:248,19,1,0
BRDA:251,20,0,0
BRDA:251,20,1,0
BRDA:252,21,0,0
BRDA:252,21,1,0
BRDA:252,22,0,0
BRDA:252,22,1,0
BRDA:260,23,0,0
BRDA:260,23,1,0
BRDA:277,24,0,0
BRDA:277,24,1,0
BRDA:278,25,0,0
BRDA:278,25,1,0
BRDA:285,26,0,0
BRDA:285,26,1,0
BRDA:296,27,0,0
BRDA:296,27,1,0
BRDA:296,28,0,0
BRDA:296,28,1,0
BRDA:338,29,0,0
BRDA:338,29,1,0
BRDA:342,30,0,0
BRDA:342,30,1,0
BRDA:362,31,0,0
BRDA:362,31,1,0
BRDA:385,32,0,0
BRDA:385,32,1,0
BRDA:391,33,0,0
BRDA:391,33,1,0
BRDA:396,34,0,0
BRDA:396,34,1,0
BRDA:397,35,0,0
BRDA:397,35,1,0
BRDA:398,36,0,0
BRDA:398,36,1,0
BRDA:399,37,0,0
BRDA:399,37,1,0
BRDA:407,38,0,0
BRDA:407,38,1,0
BRDA:408,39,0,0
BRDA:408,39,1,0
BRDA:408,40,0,0
BRDA:408,40,1,0
BRDA:417,41,0,0
BRDA:417,41,1,0
BRDA:418,42,0,0
BRDA:418,42,1,0
BRDA:418,43,0,0
BRDA:418,43,1,0
BRDA:431,44,0,0
BRDA:431,44,1,0
BRDA:431,45,0,0
BRDA:431,45,1,0
BRDA:442,46,0,0
BRDA:442,46,1,0
BRDA:443,47,0,0
BRDA:443,47,1,0
BRDA:449,48,0,0
BRDA:449,48,1,0
BRDA:450,49,0,0
BRDA:450,49,1,0
BRDA:463,50,0,0
BRDA:463,50,1,0
BRDA:471,51,0,0
BRDA:471,51,1,0
BRDA:475,52,0,0
BRDA:475,52,1,0
BRDA:475,52,2,0
BRDA:475,52,3,0
BRDA:477,53,0,0
BRDA:477,53,1,0
BRDA:481,54,0,0
BRDA:481,54,1,0
BRDA:493,55,0,0
BRDA:493,55,1,0
BRDA:494,56,0,0
BRDA:494,56,1,0
BRF:116
BRH:0
end_of_record
TN:
SF:src/components/Map/MapBanner.tsx
FN:10,MapBanner
FN:30,(anonymous_1)
FNF:2
FNH:0
FNDA:0,MapBanner
FNDA:0,(anonymous_1)
DA:11,0
DA:13,0
DA:14,0
DA:30,0
DA:35,0
LF:5
LH:0
BRDA:13,0,0,0
BRDA:13,0,1,0
BRF:2
BRH:0
end_of_record
TN:
SF:src/components/Map/MapIcon.tsx
FN:5,(anonymous_0)
FN:27,MapIcon
FNF:2
FNH:0
FNDA:0,(anonymous_0)
FNDA:0,MapIcon
DA:5,0
DA:28,0
DA:29,0
DA:31,0
DA:32,0
DA:35,0
DA:36,0
DA:39,0
LF:8
LH:0
BRDA:29,0,0,0
BRDA:29,0,1,0
BRDA:31,1,0,0
BRDA:31,1,1,0
BRDA:35,2,0,0
BRDA:35,2,1,0
BRF:6
BRH:0
end_of_record
TN:
SF:src/components/Map/MapRenderUtils.tsx
FN:11,(anonymous_0)
FN:35,(anonymous_1)
FN:50,useSpeciesPlantsRenderer
FN:62,(anonymous_3)
FN:76,(anonymous_4)
FN:89,useMapPortalContainer
FN:93,(anonymous_6)
FN:121,MapTooltip
FN:153,(anonymous_8)
FN:182,(anonymous_9)
FNF:10
FNH:0
FNDA:0,(anonymous_0)
FNDA:0,(anonymous_1)
FNDA:0,useSpeciesPlantsRenderer
FNDA:0,(anonymous_3)
FNDA:0,(anonymous_4)
FNDA:0,useMapPortalContainer
FNDA:0,(anonymous_6)
FNDA:0,MapTooltip
FNDA:0,(anonymous_8)
FNDA:0,(anonymous_9)
DA:11,0
DA:35,0
DA:51,0
DA:52,0
DA:54,0
DA:60,0
DA:63,0
DA:64,0
DA:66,0
DA:67,0
DA:74,0
DA:76,0
DA:90,0
DA:91,0
DA:93,0
DA:94,0
DA:95,0
DA:97,0
DA:101,0
DA:103,0
DA:105,0
DA:122,0
DA:124,0
DA:132,0
DA:138,0
DA:144,0
DA:154,0
DA:182,0
DA:183,0
DA:184,0
DA:185,0
DA:187,0
LF:32
LH:0
BRDA:66,0,0,0
BRDA:66,0,1,0
BRDA:94,1,0,0
BRDA:94,1,1,0
BRDA:146,2,0,0
BRDA:146,2,1,0
BRDA:211,3,0,0
BRDA:211,3,1,0
BRDA:222,4,0,0
BRDA:222,4,1,0
BRF:10
BRH:0
end_of_record
TN:
SF:src/components/Map/MapViewStyleControl.tsx
FN:13,(anonymous_0)
FN:19,(anonymous_1)
FN:27,(anonymous_2)
FN:32,(anonymous_3)
FN:56,(anonymous_4)
FN:62,(anonymous_5)
FN:67,(anonymous_6)
FNF:7
FNH:0
FNDA:0,(anonymous_0)
FNDA:0,(anonymous_1)
FNDA:0,(anonymous_2)
FNDA:0,(anonymous_3)
FNDA:0,(anonymous_4)
FNDA:0,(anonymous_5)
FNDA:0,(anonymous_6)
DA:13,0
DA:14,0
DA:18,0
DA:20,0
DA:21,0
DA:26,0
DA:27,0
DA:32,0
DA:56,0
DA:57,0
DA:58,0
DA:59,0
DA:60,0
DA:62,0
DA:63,0
DA:64,0
DA:67,0
DA:68,0
DA:69,0
DA:71,0
DA:77,0
DA:78,0
DA:81,0
LF:23
LH:0
BRDA:15,0,0,0
BRDA:15,0,1,0
BRDA:63,1,0,0
BRDA:63,1,1,0
BRDA:68,2,0,0
BRDA:68,2,1,0
BRDA:77,3,0,0
BRDA:77,3,1,0
BRDA:99,4,0,0
BRDA:99,4,1,0
BRF:10
BRH:0
end_of_record
TN:
SF:src/components/Map/PlantingSiteMap.tsx
FN:42,PlantingSiteMap
FN:51,(anonymous_1)
FN:52,(anonymous_2)
FN:57,(anonymous_3)
FN:163,(anonymous_4)
FNF:5
FNH:0
FNDA:0,PlantingSiteMap
FNDA:0,(anonymous_1)
FNDA:0,(anonymous_2)
FNDA:0,(anonymous_3)
FNDA:0,(anonymous_4)
DA:22,0
DA:43,0
DA:44,0
DA:45,0
DA:46,0
DA:47,0
DA:48,0
DA:51,0
DA:52,0
DA:53,0
DA:57,0
DA:58,0
DA:59,0
DA:60,0
DA:61,0
DA:74,0
DA:75,0
DA:89,0
DA:90,0
DA:103,0
DA:104,0
DA:134,0
DA:135,0
DA:149,0
DA:154,0
DA:155,0
DA:159,0
DA:162,0
DA:163,0
DA:170,0
DA:171,0
DA:178,0
LF:32
LH:0
BRDA:58,0,0,0
BRDA:58,0,1,0
BRDA:58,1,0,0
BRDA:58,1,1,0
BRDA:60,2,0,0
BRDA:60,2,1,0
BRDA:60,3,0,0
BRDA:60,3,1,0
BRDA:64,4,0,0
BRDA:64,4,1,0
BRDA:74,5,0,0
BRDA:74,5,1,0
BRDA:74,6,0,0
BRDA:74,6,1,0
BRDA:78,7,0,0
BRDA:78,7,1,0
BRDA:89,8,0,0
BRDA:89,8,1,0
BRDA:89,9,0,0
BRDA:89,9,1,0
BRDA:89,9,2,0
BRDA:93,10,0,0
BRDA:93,10,1,0
BRDA:103,11,0,0
BRDA:103,11,1,0
BRDA:103,12,0,0
BRDA:103,12,1,0
BRDA:103,12,2,0
BRDA:107,13,0,0
BRDA:107,13,1,0
BRDA:114,14,0,0
BRDA:114,14,1,0
BRDA:134,15,0,0
BRDA:134,15,1,0
BRDA:134,16,0,0
BRDA:134,16,1,0
BRDA:134,16,2,0
BRDA:138,17,0,0
BRDA:138,17,1,0
BRDA:154,18,0,0
BRDA:154,18,1,0
BRDA:170,19,0,0
BRDA:170,19,1,0
BRF:43
BRH:0
end_of_record
TN:
SF:src/components/Map/PlantingSiteMapEditor.tsx
FN:14,PlantingSiteMapEditor
FNF:1
FNH:0
FNDA:0,PlantingSiteMapEditor
DA:19,0
DA:21,0
LF:2
LH:0
BRF:0
BRH:0
end_of_record
TN:
SF:src/components/Map/UndoRedoControl.tsx
FN:5,(anonymous_0)
FN:24,(anonymous_1)
FN:42,(anonymous_2)
FN:44,(anonymous_3)
FNF:4
FNH:0
FNDA:0,(anonymous_0)
FNDA:0,(anonymous_1)
FNDA:0,(anonymous_2)
FNDA:0,(anonymous_3)
DA:5,0
DA:24,0
DA:25,0
DA:26,0
DA:28,0
DA:42,0
DA:44,0
LF:7
LH:0
BRF:0
BRH:0
end_of_record
TN:
SF:src/components/Map/index.tsx
FNF:0
FNH:0
LF:0
LH:0
BRF:0
BRH:0
end_of_record
TN:
SF:src/components/Map/testdata.ts
FNF:0
FNH:0
DA:5,2
DA:25,2
DA:45,2
DA:65,2
DA:85,2
DA:105,2
DA:120,2
DA:135,2
DA:136,2
DA:137,2
DA:139,2
DA:145,2
LF:12
LH:12
BRF:0
BRH:0
end_of_record
TN:
SF:src/components/Map/types.ts
FNF:0
FNH:0
LF:0
LH:0
BRF:0
BRH:0
end_of_record
TN:
SF:src/components/Map/useRenderAttributes.ts
FN:8,useRenderAttributes
FN:12,(anonymous_1)
FNF:2
FNH:0
FNDA:0,useRenderAttributes
FNDA:0,(anonymous_1)
DA:9,0
DA:11,0
DA:13,0
DA:14,0
DA:22,0
DA:23,0
DA:31,0
DA:32,0
DA:42,0
DA:43,0
DA:51,0
DA:52,0
DA:62,0
DA:63,0
DA:73,0
DA:92,0
LF:16
LH:0
BRDA:13,0,0,0
BRDA:13,0,1,0
BRDA:22,1,0,0
BRDA:22,1,1,0
BRDA:31,2,0,0
BRDA:31,2,1,0
BRDA:42,3,0,0
BRDA:42,3,1,0
BRDA:51,4,0,0
BRDA:51,4,1,0
BRDA:62,5,0,0
BRDA:62,5,1,0
BRF:12
BRH:0
end_of_record
TN:
SF:src/components/Map/utils.ts
FN:17,toMultiPolygon
FN:27,unionMultiPolygons
FN:29,(anonymous_2)
FN:30,(anonymous_3)
FN:36,(anonymous_4)
FN:43,toFeature
FN:59,(anonymous_6)
FN:72,(anonymous_7)
FN:105,(anonymous_8)
FN:191,(anonymous_9)
FN:196,(anonymous_10)
FN:197,(anonymous_11)
FN:201,(anonymous_12)
FN:209,(anonymous_13)
FN:234,(anonymous_14)
FN:241,(anonymous_15)
FN:243,(anonymous_16)
FN:247,(anonymous_17)
FN:248,(anonymous_18)
FNF:19
FNH:11
FNDA:6,toMultiPolygon
FNDA:0,unionMultiPolygons
FNDA:0,(anonymous_2)
FNDA:0,(anonymous_3)
FNDA:0,(anonymous_4)
FNDA:0,toFeature
FNDA:0,(anonymous_6)
FNDA:0,(anonymous_7)
FNDA:0,(anonymous_8)
FNDA:6,(anonymous_9)
FNDA:11,(anonymous_10)
FNDA:7,(anonymous_11)
FNDA:7,(anonymous_12)
FNDA:6,(anonymous_13)
FNDA:2,(anonymous_14)
FNDA:2,(anonymous_15)
FNDA:2,(anonymous_16)
FNDA:2,(anonymous_17)
FNDA:1,(anonymous_18)
DA:18,6
DA:19,0
DA:20,6
DA:21,6
DA:23,0
DA:28,0
DA:29,0
DA:30,0
DA:32,0
DA:33,0
DA:36,0
DA:37,0
DA:38,0
DA:39,0
DA:48,0
DA:49,0
DA:51,0
DA:59,2
DA:60,0
DA:62,0
DA:64,0
DA:66,0
DA:68,0
DA:72,2
DA:105,2
DA:106,0
DA:191,2
DA:192,6
DA:193,1
DA:196,11
DA:197,7
DA:198,2
DA:201,3
DA:202,7
DA:203,7
DA:204,6
DA:205,6
DA:206,6
DA:207,6
DA:209,6
DA:210,6
DA:211,6
DA:216,6
DA:220,1
DA:223,3
DA:234,2
DA:235,2
DA:241,2
DA:242,2
DA:243,2
DA:247,2
DA:249,1
DA:250,0
DA:252,1
LF:54
LH:33
BRDA:18,0,0,0
BRDA:18,0,1,6
BRDA:20,1,0,6
BRDA:20,1,1,0
BRDA:32,2,0,0
BRDA:32,2,1,0
BRDA:38,3,0,0
BRDA:38,3,1,0
BRDA:39,4,0,0
BRDA:39,4,1,0
BRDA:48,5,0,0
BRDA:48,5,1,0
BRDA:49,6,0,0
BRDA:49,6,1,0
BRDA:54,7,0,0
BRDA:54,7,1,0
BRDA:60,8,0,0
BRDA:60,8,1,0
BRDA:60,8,2,0
BRDA:60,8,3,0
BRDA:62,9,0,0
BRDA:62,9,1,0
BRDA:64,10,0,0
BRDA:64,10,1,0
BRDA:66,11,0,0
BRDA:66,11,1,0
BRDA:140,12,0,0
BRDA:140,12,1,0
BRDA:147,13,0,0
BRDA:147,13,1,0
BRDA:152,14,0,0
BRDA:152,14,1,0
BRDA:168,15,0,0
BRDA:168,15,1,0
BRDA:174,16,0,0
BRDA:174,16,1,0
BRDA:192,17,0,1
BRDA:192,17,1,5
BRDA:192,18,0,6
BRDA:192,18,1,6
BRDA:197,19,0,2
BRDA:197,19,1,3
BRDA:203,20,0,6
BRDA:203,20,1,1
BRDA:204,21,0,0
BRDA:204,21,1,6
BRDA:205,22,0,6
BRDA:205,22,1,0
BRDA:207,23,0,6
BRDA:207,23,1,0
BRDA:207,24,0,6
BRDA:207,24,1,6
BRDA:210,25,0,6
BRDA:210,25,1,0
BRDA:223,26,0,0
BRDA:223,26,1,3
BRDA:235,27,0,2
BRDA:235,27,1,1
BRDA:249,28,0,0
BRDA:249,28,1,1
BRF:60
BRH:20
end_of_record
TN:
SF:src/components/Monitoring/SeedBankMonitoring.tsx
FN:16,(anonymous_0)
FN:48,Monitoring
FN:55,(anonymous_2)
FN:60,(anonymous_3)
FN:76,(anonymous_4)
FNF:5
FNH:0
FNDA:0,(anonymous_0)
FNDA:0,Monitoring
FNDA:0,(anonymous_2)
FNDA:0,(anonymous_3)
FNDA:0,(anonymous_4)
DA:16,0
DA:49,0
DA:50,0
DA:51,0
DA:52,0
DA:53,0
DA:55,0
DA:56,0
DA:57,0
DA:60,0
DA:61,0
DA:64,0
DA:76,0
LF:13
LH:0
BRDA:66,0,0,0
BRDA:66,0,1,0
BRDA:66,0,2,0
BRDA:68,1,0,0
BRDA:68,1,1,0
BRDA:89,2,0,0
BRDA:89,2,1,0
BRDA:89,2,2,0
BRDA:100,3,0,0
BRDA:100,3,1,0
BRF:10
BRH:0
end_of_record
TN:
SF:src/components/Monitoring/SensorKitSetup.tsx
FN:27,(anonymous_0)
FN:50,(anonymous_1)
FN:68,SensorKitSetup
FN:77,(anonymous_3)
FN:79,(anonymous_4)
FN:83,(anonymous_5)
FN:84,(anonymous_6)
FN:92,(anonymous_7)
FN:102,(anonymous_8)
FN:103,(anonymous_9)
FN:119,(anonymous_10)
FN:120,(anonymous_11)
FN:123,(anonymous_12)
FN:127,(anonymous_13)
FN:145,(anonymous_14)
FN:163,(anonymous_15)
FN:183,(anonymous_16)
FN:192,(anonymous_17)
FNF:18
FNH:0
FNDA:0,(anonymous_0)
FNDA:0,(anonymous_1)
FNDA:0,SensorKitSetup
FNDA:0,(anonymous_3)
FNDA:0,(anonymous_4)
FNDA:0,(anonymous_5)
FNDA:0,(anonymous_6)
FNDA:0,(anonymous_7)
FNDA:0,(anonymous_8)
FNDA:0,(anonymous_9)
FNDA:0,(anonymous_10)
FNDA:0,(anonymous_11)
FNDA:0,(anonymous_12)
FNDA:0,(anonymous_13)
FNDA:0,(anonymous_14)
FNDA:0,(anonymous_15)
FNDA:0,(anonymous_16)
FNDA:0,(anonymous_17)
DA:27,0
DA:50,0
DA:69,0
DA:70,0
DA:71,0
DA:72,0
DA:73,0
DA:74,0
DA:75,0
DA:77,0
DA:78,0
DA:79,0
DA:80,0
DA:83,0
DA:84,0
DA:85,0
DA:86,0
DA:88,0
DA:89,0
DA:90,0
DA:92,0
DA:93,0
DA:94,0
DA:95,0
DA:97,0
DA:99,0
DA:102,0
DA:103,0
DA:104,0
DA:105,0
DA:109,0
DA:110,0
DA:111,0
DA:114,0
DA:116,0
DA:119,0
DA:120,0
DA:121,0
DA:123,0
DA:124,0
DA:125,0
DA:127,0
DA:128,0
DA:129,0
DA:130,0
DA:138,0
DA:142,0
DA:145,0
DA:147,0
DA:148,0
DA:149,0
DA:150,0
DA:153,0
DA:163,0
DA:184,0
DA:185,0
DA:192,0
LF:57
LH:0
BRDA:50,0,0,0
BRDA:50,0,1,0
BRDA:85,1,0,0
BRDA:85,1,1,0
BRDA:88,2,0,0
BRDA:88,2,1,0
BRDA:88,3,0,0
BRDA:88,3,1,0
BRDA:104,4,0,0
BRDA:104,4,1,0
BRDA:110,5,0,0
BRDA:110,5,1,0
BRDA:128,6,0,0
BRDA:128,6,1,0
BRDA:154,7,0,0
BRDA:154,7,1,0
BRF:16
BRH:0
end_of_record
TN:
SF:src/components/Monitoring/dashboard/Common.tsx
FN:8,timePeriods
FN:34,(anonymous_1)
FN:71,(anonymous_2)
FN:76,(anonymous_3)
FN:131,(anonymous_4)
FNF:5
FNH:0
FNDA:0,timePeriods
FNDA:0,(anonymous_1)
FNDA:0,(anonymous_2)
FNDA:0,(anonymous_3)
FNDA:0,(anonymous_4)
DA:9,0
DA:34,0
DA:35,0
DA:37,0
DA:39,0
DA:45,0
DA:51,0
DA:57,0
DA:63,0
DA:71,0
DA:72,0
DA:73,0
DA:76,0
DA:77,0
DA:78,0
DA:80,0
DA:102,0
DA:131,0
DA:132,0
LF:19
LH:0
BRDA:37,0,0,0
BRDA:37,0,1,0
BRDA:37,0,2,0
BRDA:37,0,3,0
BRDA:37,0,4,0
BRDA:77,1,0,0
BRDA:77,1,1,0
BRF:7
BRH:0
end_of_record
TN:
SF:src/components/Monitoring/dashboard/PVBatteryChart.tsx
FN:40,(anonymous_0)
FN:67,(anonymous_1)
FN:70,(anonymous_2)
FN:73,(anonymous_3)
FN:79,(anonymous_4)
FN:91,PVBatteryChart
FN:98,(anonymous_6)
FN:100,(anonymous_7)
FN:106,(anonymous_8)
FN:107,(anonymous_9)
FN:120,(anonymous_10)
FN:130,(anonymous_11)
FN:147,(anonymous_12)
FN:178,(anonymous_13)
FN:194,(anonymous_14)
FN:214,(anonymous_15)
FN:244,(anonymous_16)
FNF:17
FNH:0
FNDA:0,(anonymous_0)
FNDA:0,(anonymous_1)
FNDA:0,(anonymous_2)
FNDA:0,(anonymous_3)
FNDA:0,(anonymous_4)
FNDA:0,PVBatteryChart
FNDA:0,(anonymous_6)
FNDA:0,(anonymous_7)
FNDA:0,(anonymous_8)
FNDA:0,(anonymous_9)
FNDA:0,(anonymous_10)
FNDA:0,(anonymous_11)
FNDA:0,(anonymous_12)
FNDA:0,(anonymous_13)
FNDA:0,(anonymous_14)
FNDA:0,(anonymous_15)
FNDA:0,(anonymous_16)
DA:40,0
DA:67,0
DA:70,0
DA:73,0
DA:79,0
DA:92,0
DA:93,0
DA:94,0
DA:95,0
DA:96,0
DA:97,0
DA:98,0
DA:100,0
DA:101,0
DA:102,0
DA:106,0
DA:107,0
DA:112,0
DA:113,0
DA:114,0
DA:115,0
DA:121,0
DA:131,0
DA:148,0
DA:179,0
DA:195,0
DA:197,0
DA:198,0
DA:200,0
DA:201,0
DA:203,0
DA:214,0
DA:215,0
DA:216,0
DA:217,0
DA:218,0
DA:219,0
DA:220,0
DA:230,0
DA:231,0
DA:232,0
DA:234,0
DA:239,0
DA:240,0
DA:244,0
DA:245,0
DA:246,0
DA:249,0
DA:251,0
LF:49
LH:0
BRDA:67,0,0,0
BRDA:67,0,1,0
BRDA:70,1,0,0
BRDA:70,1,1,0
BRDA:73,2,0,0
BRDA:73,2,1,0
BRDA:79,3,0,0
BRDA:79,3,1,0
BRDA:101,4,0,0
BRDA:101,4,1,0
BRDA:113,5,0,0
BRDA:113,5,1,0
BRDA:113,6,0,0
BRDA:113,6,1,0
BRDA:113,6,2,0
BRDA:161,7,0,0
BRDA:161,7,1,0
BRDA:165,8,0,0
BRDA:165,8,1,0
BRDA:197,9,0,0
BRDA:197,9,1,0
BRDA:200,10,0,0
BRDA:200,10,1,0
BRDA:215,11,0,0
BRDA:215,11,1,0
BRDA:219,12,0,0
BRDA:219,12,1,0
BRDA:230,13,0,0
BRDA:230,13,1,0
BRDA:231,14,0,0
BRDA:231,14,1,0
BRDA:239,15,0,0
BRDA:239,15,1,0
BRF:33
BRH:0
end_of_record
TN:
SF:src/components/Monitoring/dashboard/SeedBankDashboard.tsx
FN:26,(anonymous_0)
FN:59,SeedBankDashboard
FN:76,(anonymous_2)
FN:82,(anonymous_3)
FN:89,(anonymous_4)
FN:94,(anonymous_5)
FN:103,(anonymous_6)
FN:133,(anonymous_7)
FN:146,(anonymous_8)
FN:153,(anonymous_9)
FN:182,(anonymous_10)
FN:183,(anonymous_11)
FN:186,(anonymous_12)
FN:192,(anonymous_13)
FN:193,(anonymous_14)
FN:204,(anonymous_15)
FN:205,(anonymous_16)
FN:206,(anonymous_17)
FN:212,(anonymous_18)
FN:255,(anonymous_19)
FN:256,(anonymous_20)
FN:266,(anonymous_21)
FNF:22
FNH:0
FNDA:0,(anonymous_0)
FNDA:0,SeedBankDashboard
FNDA:0,(anonymous_2)
FNDA:0,(anonymous_3)
FNDA:0,(anonymous_4)
FNDA:0,(anonymous_5)
FNDA:0,(anonymous_6)
FNDA:0,(anonymous_7)
FNDA:0,(anonymous_8)
FNDA:0,(anonymous_9)
FNDA:0,(anonymous_10)
FNDA:0,(anonymous_11)
FNDA:0,(anonymous_12)
FNDA:0,(anonymous_13)
FNDA:0,(anonymous_14)
FNDA:0,(anonymous_15)
FNDA:0,(anonymous_16)
FNDA:0,(anonymous_17)
FNDA:0,(anonymous_18)
FNDA:0,(anonymous_19)
FNDA:0,(anonymous_20)
FNDA:0,(anonymous_21)
DA:26,0
DA:60,0
DA:61,0
DA:62,0
DA:63,0
DA:64,0
DA:65,0
DA:66,0
DA:67,0
DA:68,0
DA:69,0
DA:70,0
DA:71,0
DA:72,0
DA:73,0
DA:74,0
DA:76,0
DA:77,0
DA:78,0
DA:82,0
DA:83,0
DA:84,0
DA:86,0
DA:89,0
DA:90,0
DA:91,0
DA:94,0
DA:95,0
DA:96,0
DA:98,0
DA:99,0
DA:102,0
DA:103,0
DA:104,0
DA:105,0
DA:106,0
DA:108,0
DA:109,0
DA:110,0
DA:112,0
DA:117,0
DA:133,0
DA:134,0
DA:135,0
DA:137,0
DA:138,0
DA:141,0
DA:144,0
DA:145,0
DA:146,0
DA:147,0
DA:151,0
DA:152,0
DA:153,0
DA:157,0
DA:158,0
DA:159,0
DA:162,0
DA:163,0
DA:164,0
DA:165,0
DA:166,0
DA:170,0
DA:171,0
DA:174,0
DA:175,0
DA:182,0
DA:183,0
DA:184,0
DA:185,0
DA:186,0
DA:189,0
DA:192,0
DA:193,0
DA:194,0
DA:195,0
DA:196,0
DA:197,0
DA:201,0
DA:204,0
DA:205,0
DA:206,0
DA:207,0
DA:208,0
DA:209,0
DA:210,0
DA:211,0
DA:212,0
DA:213,0
DA:214,0
DA:219,0
DA:222,0
DA:255,0
DA:257,0
DA:266,0
LF:95
LH:0
BRDA:77,0,0,0
BRDA:77,0,1,0
BRDA:83,1,0,0
BRDA:83,1,1,0
BRDA:95,2,0,0
BRDA:95,2,1,0
BRDA:95,3,0,0
BRDA:95,3,1,0
BRDA:95,3,2,0
BRDA:98,4,0,0
BRDA:98,4,1,0
BRDA:104,5,0,0
BRDA:104,5,1,0
BRDA:105,6,0,0
BRDA:105,6,1,0
BRDA:106,7,0,0
BRDA:106,7,1,0
BRDA:112,8,0,0
BRDA:112,8,1,0
BRDA:113,9,0,0
BRDA:113,9,1,0
BRDA:113,9,2,0
BRDA:134,10,0,0
BRDA:134,10,1,0
BRDA:144,11,0,0
[...]
BRF:11
BRH:0
end_of_record
TN:
SF:src/types/Organization.ts
FN:46,roleName
FN:66,managedLocationTypeLabel
FN:77,organizationTypeLabel
FNF:3
FNH:0
FNDA:0,roleName
FNDA:0,managedLocationTypeLabel
FNDA:0,organizationTypeLabel
DA:8,1
DA:12,1
DA:40,1
DA:47,0
DA:49,0
DA:51,0
DA:53,0
DA:55,0
DA:57,0
DA:67,0
DA:69,0
DA:71,0
DA:73,0
DA:78,0
DA:80,0
DA:82,0
DA:84,0
DA:86,0
DA:88,0
DA:90,0
LF:20
LH:3
BRDA:47,0,0,0
BRDA:47,0,1,0
BRDA:47,0,2,0
BRDA:47,0,3,0
BRDA:47,0,4,0
BRDA:67,1,0,0
BRDA:67,1,1,0
BRDA:67,1,2,0
BRDA:78,2,0,0
BRDA:78,2,1,0
BRDA:78,2,2,0
BRDA:78,2,3,0
BRDA:78,2,4,0
BRDA:78,2,5,0
BRF:14
BRH:0
end_of_record
TN:
SF:src/types/Participant.ts
FNF:0
FNH:0
LF:0
LH:0
BRF:0
BRH:0
end_of_record
TN:
SF:src/types/PlantingSite.ts
FNF:0
FNH:0
LF:0
LH:0
BRF:0
BRH:0
end_of_record
TN:
SF:src/types/Project.ts
FNF:0
FNH:0
LF:0
LH:0
BRF:0
BRH:0
end_of_record
TN:
SF:src/types/Report.ts
FN:22,statusName
FNF:1
FNH:0
FNDA:0,statusName
DA:23,0
DA:25,0
DA:27,0
DA:29,0
DA:31,0
DA:35,0
LF:6
LH:0
BRDA:23,0,0,0
BRDA:23,0,1,0
BRDA:23,0,2,0
BRDA:23,0,3,0
BRF:4
BRH:0
end_of_record
TN:
SF:src/types/Score.ts
FN:25,(anonymous_0)
FN:44,(anonymous_1)
FN:59,(anonymous_2)
FNF:3
FNH:0
FNDA:0,(anonymous_0)
FNDA:0,(anonymous_1)
FNDA:0,(anonymous_2)
DA:20,0
DA:23,0
DA:25,0
DA:26,0
DA:28,0
DA:30,0
DA:32,0
DA:34,0
DA:36,0
DA:38,0
DA:40,0
DA:44,0
DA:45,0
DA:47,0
DA:49,0
DA:51,0
DA:53,0
DA:55,0
DA:59,0
DA:63,0
DA:65,0
DA:71,0
DA:77,0
DA:83,0
DA:89,0
DA:95,0
LF:26
LH:0
BRDA:26,0,0,0
BRDA:26,0,1,0
BRDA:26,0,2,0
BRDA:26,0,3,0
BRDA:26,0,4,0
BRDA:26,0,5,0
BRDA:26,0,6,0
BRDA:45,1,0,0
BRDA:45,1,1,0
BRDA:45,1,2,0
BRDA:45,1,3,0
BRDA:45,1,4,0
BRDA:63,2,0,0
BRDA:63,2,1,0
BRDA:63,2,2,0
BRDA:63,2,3,0
BRDA:63,2,4,0
BRDA:63,2,5,0
BRF:18
BRH:0
end_of_record
TN:
SF:src/types/Search.ts
FN:22,(anonymous_0)
FN:23,(anonymous_1)
FN:24,(anonymous_2)
FN:25,(anonymous_3)
FNF:4
FNH:4
FNDA:32,(anonymous_0)
FNDA:53,(anonymous_1)
FNDA:47,(anonymous_2)
FNDA:41,(anonymous_3)
DA:22,32
DA:23,53
DA:24,47
DA:25,41
LF:4
LH:4
BRF:0
BRH:0
end_of_record
TN:
SF:src/types/Snackbar.ts
FNF:0
FNH:0
LF:0
LH:0
BRF:0
BRH:0
end_of_record
TN:
SF:src/types/Species.ts
FN:65,conservationCategories
FN:79,growthForms
FN:96,(anonymous_2)
FN:99,storageBehaviors
FN:117,ecosystemTypes
FN:148,getGrowthFormString
FNF:6
FNH:0
FNDA:0,conservationCategories
FNDA:0,growthForms
FNDA:0,(anonymous_2)
FNDA:0,storageBehaviors
FNDA:0,ecosystemTypes
FNDA:0,getGrowthFormString
DA:66,0
DA:80,0
DA:82,0
DA:96,0
DA:100,0
DA:118,0
DA:149,0
DA:150,0
DA:152,0
DA:154,0
DA:156,0
DA:158,0
DA:160,0
DA:162,0
DA:164,0
DA:166,0
DA:168,0
DA:170,0
DA:172,0
DA:174,0
DA:176,0
DA:179,0
LF:22
LH:0
BRDA:80,0,0,0
BRDA:80,0,1,0
BRDA:99,1,0,0
BRDA:101,2,0,0
BRDA:101,2,1,0
BRDA:102,3,0,0
BRDA:102,3,1,0
BRDA:103,4,0,0
BRDA:103,4,1,0
BRDA:104,5,0,0
BRDA:104,5,1,0
BRDA:107,6,0,0
BRDA:107,6,1,0
BRDA:111,7,0,0
BRDA:111,7,1,0
BRDA:113,8,0,0
BRDA:113,8,1,0
BRDA:149,9,0,0
BRDA:149,9,1,0
BRDA:150,10,0,0
BRDA:150,10,1,0
BRDA:150,10,2,0
BRDA:150,10,3,0
BRDA:150,10,4,0
BRDA:150,10,5,0
BRDA:150,10,6,0
BRDA:150,10,7,0
BRDA:150,10,8,0
BRDA:150,10,9,0
BRDA:150,10,10,0
BRDA:150,10,11,0
BRDA:150,10,12,0
BRF:32
BRH:0
end_of_record
TN:
SF:src/types/TimeZones.ts
FNF:0
FNH:0
LF:0
LH:0
BRF:0
BRH:0
end_of_record
TN:
SF:src/types/Timeseries.ts
FNF:0
FNH:0
LF:0
LH:0
BRF:0
BRH:0
end_of_record
TN:
SF:src/types/Tracking.ts
FNF:0
FNH:0
LF:0
LH:0
BRF:0
BRH:0
end_of_record
TN:
SF:src/types/User.ts
FNF:0
FNH:0
LF:0
LH:0
BRF:0
BRH:0
end_of_record
TN:
SF:src/types/Votes.ts
FNF:0
FNH:0
LF:0
LH:0
BRF:0
BRH:0
end_of_record
TN:
SF:src/types/utils.ts
FN:3,(anonymous_0)
FN:6,(anonymous_1)
FN:8,(anonymous_2)
FN:10,(anonymous_3)
FN:12,(anonymous_4)
FN:14,(anonymous_5)
FN:16,(anonymous_6)
FN:19,(anonymous_7)
FNF:8
FNH:2
FNDA:0,(anonymous_0)
FNDA:0,(anonymous_1)
FNDA:0,(anonymous_2)
FNDA:0,(anonymous_3)
FNDA:0,(anonymous_4)
FNDA:113,(anonymous_5)
FNDA:76,(anonymous_6)
FNDA:0,(anonymous_7)
DA:3,2
DA:4,0
DA:6,2
DA:8,2
DA:10,2
DA:12,2
DA:14,113
DA:16,2
DA:17,76
DA:19,2
DA:20,0
LF:11
LH:9
BRDA:4,0,0,0
BRDA:4,0,1,0
BRDA:17,1,0,76
BRDA:17,1,1,56
BRDA:20,2,0,0
BRDA:20,2,1,0
BRDA:20,2,2,0
BRF:7
BRH:2
end_of_record
TN:
SF:src/utils/acl.ts
FN:53,(anonymous_0)
FN:54,(anonymous_1)
FN:57,(anonymous_2)
FN:70,(anonymous_3)
FN:81,(anonymous_4)
FN:104,(anonymous_5)
FN:116,(anonymous_6)
FNF:7
FNH:6
FNDA:16,(anonymous_0)
FNDA:12,(anonymous_1)
FNDA:16,(anonymous_2)
FNDA:20,(anonymous_3)
FNDA:0,(anonymous_4)
FNDA:76,(anonymous_5)
FNDA:116,(anonymous_6)
DA:48,1
DA:49,1
DA:50,1
DA:51,1
DA:53,16
DA:54,12
DA:57,1
DA:58,16
DA:60,4
DA:61,12
DA:63,4
DA:65,8
DA:70,1
DA:75,20
DA:76,4
DA:78,16
DA:81,1
DA:82,0
DA:85,1
DA:104,1
DA:109,76
DA:110,76
DA:111,0
DA:115,76
DA:116,116
DA:119,20
LF:26
LH:24
BRDA:58,0,0,4
BRDA:58,0,1,12
BRDA:61,1,0,4
BRDA:61,1,1,8
BRDA:75,2,0,4
BRDA:75,2,1,16
BRDA:110,3,0,0
BRDA:110,3,1,76
BRDA:115,4,0,56
BRDA:115,4,1,20
BRF:10
BRH:9
end_of_record
TN:
SF:src/utils/batch.ts
FN:3,(anonymous_0)
FN:6,(anonymous_1)
FNF:2
FNH:0
FNDA:0,(anonymous_0)
FNDA:0,(anonymous_1)
DA:3,0
DA:4,0
DA:6,0
LF:3
LH:0
BRDA:5,0,0,0
BRDA:5,0,1,0
BRF:2
BRH:0
end_of_record
TN:
SF:src/utils/boolean.ts
FN:7,isTrue
FNF:1
FNH:0
FNDA:0,isTrue
DA:8,0
LF:1
LH:0
BRDA:8,0,0,0
BRDA:8,0,1,0
BRDA:8,0,2,0
BRF:3
BRH:0
end_of_record
TN:
SF:src/utils/color.ts
FN:3,(anonymous_0)
FNF:1
FNH:0
FNDA:0,(anonymous_0)
DA:3,0
DA:4,0
DA:5,0
DA:6,0
LF:4
LH:0
BRF:0
BRH:0
end_of_record
TN:
SF:src/utils/country.tsx
FN:3,getCountryByCode
FN:4,(anonymous_1)
FN:7,getSubdivisionByCode
FN:13,(anonymous_3)
FNF:4
FNH:0
FNDA:0,getCountryByCode
FNDA:0,(anonymous_1)
FNDA:0,getSubdivisionByCode
FNDA:0,(anonymous_3)
DA:4,0
DA:12,0
DA:13,0
LF:3
LH:0
BRF:0
BRH:0
end_of_record
TN:
SF:src/utils/dateFormatter.ts
FN:4,(anonymous_0)
FN:9,(anonymous_1)
FN:17,(anonymous_2)
FNF:3
FNH:0
FNDA:0,(anonymous_0)
FNDA:0,(anonymous_1)
FNDA:0,(anonymous_2)
DA:4,0
DA:5,0
DA:9,0
DA:10,0
DA:17,0
DA:18,0
LF:6
LH:0
BRDA:5,0,0,0
BRDA:5,0,1,0
BRDA:10,1,0,0
BRDA:10,1,1,0
BRDA:18,2,0,0
BRDA:18,2,1,0
BRDA:18,3,0,0
BRDA:18,3,1,0
BRF:8
BRH:0
end_of_record
TN:
SF:src/utils/dateUtils.ts
FN:7,(anonymous_0)
FNF:1
FNH:0
FNDA:0,(anonymous_0)
DA:7,0
DA:8,0
DA:9,0
DA:10,0
DA:12,0
DA:15,0
DA:16,0
DA:19,0
DA:20,0
DA:23,0
LF:10
LH:0
BRDA:8,0,0,0
BRDA:8,0,1,0
BRDA:8,1,0,0
BRDA:8,1,1,0
BRDA:15,2,0,0
BRDA:15,2,1,0
BRDA:15,3,0,0
BRDA:15,3,1,0
BRDA:19,4,0,0
BRDA:19,4,1,0
BRDA:19,5,0,0
BRDA:19,5,1,0
BRF:12
BRH:0
end_of_record
TN:
SF:src/utils/draftPlantingSiteUtils.ts
FN:10,(anonymous_0)
FN:38,(anonymous_1)
FN:57,(anonymous_2)
FNF:3
FNH:3
FNDA:2,(anonymous_0)
FNDA:2,(anonymous_1)
FNDA:2,(anonymous_2)
DA:10,1
DA:25,2
DA:28,2
DA:37,2
DA:38,2
DA:40,2
DA:53,2
DA:57,1
DA:58,2
DA:60,2
DA:61,2
DA:62,2
DA:63,2
DA:64,2
DA:65,2
DA:67,2
DA:83,2
LF:17
LH:17
BRF:0
BRH:0
end_of_record
TN:
SF:src/utils/featureNotifications.tsx
FN:3,(anonymous_0)
FNF:1
FNH:0
FNDA:0,(anonymous_0)
DA:3,0
DA:4,0
LF:2
LH:0
BRDA:4,0,0,0
BRDA:4,0,1,0
BRF:2
BRH:0
end_of_record
TN:
SF:src/utils/generateRandomColor.tsx
FN:3,(anonymous_0)
FN:15,(anonymous_1)
FN:19,(anonymous_2)
FN:20,(anonymous_3)
FN:26,(anonymous_4)
FN:28,(anonymous_5)
FNF:6
FNH:0
FNDA:0,(anonymous_0)
FNDA:0,(anonymous_1)
FNDA:0,(anonymous_2)
FNDA:0,(anonymous_3)
FNDA:0,(anonymous_4)
FNDA:0,(anonymous_5)
DA:3,0
DA:15,0
DA:16,0
DA:19,0
DA:20,0
DA:21,0
DA:23,0
DA:26,0
DA:27,0
DA:28,0
DA:29,0
DA:30,0
DA:31,0
DA:33,0
LF:14
LH:0
BRDA:31,0,0,0
BRDA:31,0,1,0
BRF:2
BRH:0
end_of_record
TN:
SF:src/utils/organization.tsx
FN:6,(anonymous_0)
FN:10,(anonymous_1)
FN:11,(anonymous_2)
FN:16,(anonymous_3)
FN:20,(anonymous_4)
FN:21,(anonymous_5)
FN:24,(anonymous_6)
FN:28,(anonymous_7)
FN:32,(anonymous_8)
FN:34,(anonymous_9)
FN:38,(anonymous_10)
FN:42,(anonymous_11)
FN:44,(anonymous_12)
FN:48,(anonymous_13)
FN:50,(anonymous_14)
FN:52,(anonymous_15)
FNF:16
FNH:0
FNDA:0,(anonymous_0)
FNDA:0,(anonymous_1)
FNDA:0,(anonymous_2)
FNDA:0,(anonymous_3)
FNDA:0,(anonymous_4)
FNDA:0,(anonymous_5)
FNDA:0,(anonymous_6)
FNDA:0,(anonymous_7)
FNDA:0,(anonymous_8)
FNDA:0,(anonymous_9)
FNDA:0,(anonymous_10)
FNDA:0,(anonymous_11)
FNDA:0,(anonymous_12)
FNDA:0,(anonymous_13)
FNDA:0,(anonymous_14)
FNDA:0,(anonymous_15)
DA:6,1
DA:7,0
DA:8,0
DA:9,0
DA:10,0
DA:11,0
DA:13,0
DA:16,1
DA:17,0
DA:20,1
DA:21,0
DA:24,1
DA:25,0
DA:28,1
DA:29,0
DA:32,1
DA:34,1
DA:35,0
DA:38,1
DA:39,0
DA:42,1
DA:43,0
DA:44,0
DA:45,0
DA:48,1
DA:50,1
DA:51,0
DA:52,0
DA:53,0
DA:56,0
LF:30
LH:11
BRDA:8,0,0,0
BRDA:8,0,1,0
BRDA:8,1,0,0
BRDA:8,1,1,0
BRDA:25,2,0,0
BRDA:25,2,1,0
BRDA:29,3,0,0
BRDA:29,3,1,0
BRDA:48,4,0,0
BRDA:48,4,1,0
BRDA:51,5,0,0
BRDA:51,5,1,0
BRDA:51,6,0,0
BRDA:51,6,1,0
BRF:14
BRH:0
end_of_record
TN:
SF:src/utils/preventDefaultEvent.tsx
FNF:0
FNH:0
LF:0
LH:0
BRF:0
BRH:0
end_of_record
TN:
SF:src/utils/renderUser.tsx
FN:3,(anonymous_0)
FNF:1
FNH:0
FNDA:0,(anonymous_0)
DA:3,0
DA:4,0
DA:5,0
DA:6,0
DA:8,0
DA:9,0
DA:10,0
DA:11,0
DA:13,0
LF:9
LH:0
BRDA:4,0,0,0
BRDA:4,0,1,0
BRDA:5,1,0,0
BRDA:5,1,1,0
BRDA:6,2,0,0
BRDA:6,2,1,0
BRDA:8,3,0,0
BRDA:8,3,1,0
BRDA:8,4,0,0
BRDA:8,4,1,0
BRDA:10,5,0,0
BRDA:10,5,1,0
BRDA:10,6,0,0
BRDA:10,6,1,0
BRDA:13,7,0,0
BRDA:13,7,1,0
BRF:16
BRH:0
end_of_record
TN:
SF:src/utils/requestsId.tsx
FN:7,(anonymous_0)
FN:12,(anonymous_1)
FNF:2
FNH:0
FNDA:0,(anonymous_0)
FNDA:0,(anonymous_1)
DA:5,0
DA:7,0
DA:8,0
DA:9,0
DA:12,0
LF:5
LH:0
BRDA:8,0,0,0
BRDA:8,0,1,0
BRDA:12,1,0,0
BRDA:12,1,1,0
BRF:4
BRH:0
end_of_record
TN:
SF:src/utils/search.ts
FN:4,escapeRegExp
FN:11,(anonymous_1)
FNF:2
FNH:0
FNDA:0,escapeRegExp
FNDA:0,(anonymous_1)
DA:5,0
DA:11,0
DA:12,0
DA:13,0
LF:4
LH:0
BRF:0
BRH:0
end_of_record
TN:
SF:src/utils/searchAndSort.ts
FN:16,(anonymous_0)
FN:24,(anonymous_1)
FN:43,(anonymous_2)
FN:49,(anonymous_3)
FN:51,(anonymous_4)
FN:57,(anonymous_5)
FN:58,(anonymous_6)
FN:61,(anonymous_7)
FN:63,(anonymous_8)
FN:66,(anonymous_9)
FN:76,(anonymous_10)
FN:85,(anonymous_11)
FN:97,(anonymous_12)
FN:99,(anonymous_13)
FN:127,(anonymous_14)
FN:135,(anonymous_15)
FN:160,(anonymous_16)
FN:195,(anonymous_17)
FNF:18
FNH:18
FNDA:12,(anonymous_0)
FNDA:13,(anonymous_1)
FNDA:53,(anonymous_2)
FNDA:13,(anonymous_3)
FNDA:16,(anonymous_4)
FNDA:36,(anonymous_5)
FNDA:36,(anonymous_6)
FNDA:24,(anonymous_7)
FNDA:10,(anonymous_8)
FNDA:50,(anonymous_9)
FNDA:44,(anonymous_10)
FNDA:9,(anonymous_11)
FNDA:22,(anonymous_12)
FNDA:5,(anonymous_13)
FNDA:15,(anonymous_14)
FNDA:18,(anonymous_15)
FNDA:6,(anonymous_16)
FNDA:3,(anonymous_17)
DA:16,1
DA:17,12
DA:21,12
DA:24,13
DA:26,12
DA:27,13
DA:29,13
DA:32,13
DA:33,95
DA:34,69
DA:35,69
DA:40,12
DA:43,1
DA:46,53
DA:47,6
DA:48,47
DA:49,13
DA:50,41
DA:51,16
DA:52,32
DA:55,32
DA:56,32
DA:57,36
DA:58,36
DA:60,32
DA:61,24
DA:62,10
DA:63,10
DA:65,10
DA:66,50
DA:72,0
DA:76,1
DA:77,44
DA:78,44
DA:79,84
DA:80,44
DA:85,1
DA:91,9
DA:93,9
DA:94,9
DA:96,9
DA:97,22
DA:99,5
DA:102,9
DA:103,4
DA:106,9
DA:127,1
DA:132,15
DA:134,15
DA:135,18
DA:138,15
DA:139,9
DA:140,9
DA:143,15
DA:160,1
DA:164,6
DA:165,0
DA:168,6
DA:170,6
DA:171,2
DA:172,0
DA:175,2
DA:176,1
DA:180,1
DA:181,1
DA:186,4
DA:187,1
DA:188,1
DA:192,3
DA:193,3
DA:195,3
DA:199,0
LF:72
LH:68
BRDA:33,0,0,69
BRDA:33,0,1,26
BRDA:46,1,0,6
BRDA:46,1,1,47
BRDA:48,2,0,6
BRDA:48,2,1,41
BRDA:50,3,0,9
BRDA:50,3,1,32
BRDA:52,4,0,32
BRDA:52,4,1,0
BRDA:60,5,0,22
BRDA:60,5,1,10
BRDA:62,6,0,10
BRDA:62,6,1,0
BRDA:79,7,0,44
BRDA:79,7,1,40
BRDA:94,8,0,9
BRDA:94,8,1,0
BRDA:96,9,0,6
BRDA:96,9,1,3
BRDA:99,10,0,5
BRDA:99,10,1,0
BRDA:99,11,0,5
BRDA:99,11,1,0
BRDA:99,12,0,5
BRDA:99,12,1,0
BRDA:102,13,0,4
BRDA:102,13,1,5
BRDA:134,14,0,6
BRDA:134,14,1,9
BRDA:138,15,0,9
BRDA:138,15,1,6
BRDA:164,16,0,0
BRDA:164,16,1,6
BRDA:170,17,0,2
BRDA:170,17,1,4
BRDA:171,18,0,0
BRDA:171,18,1,2
BRDA:171,19,0,2
BRDA:171,19,1,1
BRDA:175,20,0,1
BRDA:175,20,1,1
BRDA:180,21,0,1
BRDA:180,21,1,0
BRDA:186,22,0,1
BRDA:186,22,1,3
BRDA:190,23,0,1
BRDA:190,23,1,0
BRDA:192,24,0,3
BRDA:192,24,1,0
BRF:50
BRH:39
end_of_record
TN:
SF:src/utils/stopPropagationEvent.tsx
FN:3,(anonymous_0)
FNF:1
FNH:0
FNDA:0,(anonymous_0)
DA:3,0
LF:1
LH:0
BRF:0
BRH:0
end_of_record
TN:
SF:src/utils/text.tsx
FN:3,(anonymous_0)
FN:7,(anonymous_1)
FN:11,(anonymous_2)
FNF:3
FNH:0
FNDA:0,(anonymous_0)
FNDA:0,(anonymous_1)
FNDA:0,(anonymous_2)
DA:3,0
DA:4,0
DA:7,0
DA:8,0
DA:11,0
DA:12,0
LF:6
LH:0
BRDA:11,0,0,0
BRDA:12,1,0,0
BRDA:12,1,1,0
BRF:3
BRH:0
end_of_record
TN:
SF:src/utils/useDebounce.tsx
FN:3,useDebounce
FN:6,(anonymous_1)
FN:8,(anonymous_2)
FN:19,(anonymous_3)
FNF:4
FNH:0
FNDA:0,useDebounce
FNDA:0,(anonymous_1)
FNDA:0,(anonymous_2)
FNDA:0,(anonymous_3)
DA:5,0
DA:6,0
DA:8,0
DA:9,0
DA:10,0
DA:11,0
DA:12,0
DA:19,0
DA:20,0
DA:23,0
LF:10
LH:0
BRDA:9,0,0,0
BRDA:9,0,1,0
BRDA:11,1,0,0
BRDA:11,1,1,0
BRF:4
BRH:0
end_of_record
TN:
SF:src/utils/useDeviceInfo.ts
FNF:0
FNH:0
LF:0
LH:0
BRF:0
BRH:0
end_of_record
TN:
SF:src/utils/useEnvironment.ts
FN:3,(anonymous_0)
FN:7,(anonymous_1)
FN:15,(anonymous_2)
FNF:3
FNH:0
FNDA:0,(anonymous_0)
FNDA:0,(anonymous_1)
FNDA:0,(anonymous_2)
DA:3,0
DA:4,0
DA:7,0
DA:8,0
DA:9,0
DA:10,0
DA:15,0
DA:16,0
DA:17,0
DA:18,0
DA:20,0
LF:11
LH:0
BRDA:4,0,0,0
BRDA:4,0,1,0
BRDA:8,1,0,0
BRDA:8,1,1,0
BRDA:16,2,0,0
BRDA:16,2,1,0
BRDA:17,3,0,0
BRDA:17,3,1,0
BRDA:18,4,0,0
BRDA:18,4,1,0
BRF:10
BRH:0
end_of_record
TN:
SF:src/utils/useForm.ts
FN:5,(anonymous_0)
FN:8,(anonymous_1)
FN:9,(anonymous_2)
FNF:3
FNH:0
FNDA:0,(anonymous_0)
FNDA:0,(anonymous_1)
FNDA:0,(anonymous_2)
DA:5,0
DA:6,0
DA:8,0
DA:9,0
DA:10,0
DA:14,0
LF:6
LH:0
BRF:0
BRH:0
end_of_record
TN:
SF:src/utils/useMapboxToken.ts
FN:23,useMapboxToken
FN:30,(anonymous_1)
FN:40,(anonymous_2)
FN:45,(anonymous_3)
FN:52,(anonymous_4)
FNF:5
FNH:0
FNDA:0,useMapboxToken
FNDA:0,(anonymous_1)
FNDA:0,(anonymous_2)
FNDA:0,(anonymous_3)
FNDA:0,(anonymous_4)
DA:24,0
DA:25,0
DA:26,0
DA:27,0
DA:30,0
DA:31,0
DA:32,0
DA:33,0
DA:34,0
DA:36,0
DA:40,0
DA:41,0
DA:42,0
DA:45,0
DA:46,0
DA:47,0
DA:49,0
DA:52,0
DA:53,0
DA:56,0
LF:20
LH:0
BRDA:32,0,0,0
BRDA:32,0,1,0
BRDA:46,1,0,0
BRDA:46,1,1,0
BRF:4
BRH:0
end_of_record
TN:
SF:src/utils/useNumber.ts
FN:5,(anonymous_0)
FN:10,(anonymous_1)
FN:11,(anonymous_2)
FN:18,(anonymous_3)
FN:23,(anonymous_4)
FNF:5
FNH:0
FNDA:0,(anonymous_0)
FNDA:0,(anonymous_1)
FNDA:0,(anonymous_2)
FNDA:0,(anonymous_3)
FNDA:0,(anonymous_4)
DA:5,0
DA:10,0
DA:11,0
DA:12,0
DA:13,0
DA:14,0
DA:15,0
DA:17,0
DA:18,0
DA:20,0
DA:23,0
LF:11
LH:0
BRDA:5,0,0,0
BRDA:5,0,1,0
BRDA:5,1,0,0
BRDA:5,1,1,0
BRDA:13,2,0,0
BRDA:13,2,1,0
BRDA:13,3,0,0
BRDA:13,3,1,0
BRF:8
BRH:0
end_of_record
TN:
SF:src/utils/useQuery.ts
FN:6,useQuery
FN:9,(anonymous_1)
FNF:2
FNH:0
FNDA:0,useQuery
FNDA:0,(anonymous_1)
DA:7,0
DA:9,0
LF:2
LH:0
BRF:0
BRH:0
end_of_record
TN:
SF:src/utils/useSnackbar.ts
FN:17,snackbarFns
FN:18,(anonymous_1)
FN:23,(anonymous_2)
FN:24,(anonymous_3)
FN:25,(anonymous_4)
FN:26,(anonymous_5)
FN:29,(anonymous_6)
FN:31,(anonymous_7)
FN:33,(anonymous_8)
FN:35,(anonymous_9)
FN:50,useSnackbar
FN:52,(anonymous_11)
FNF:12
FNH:0
FNDA:0,snackbarFns
FNDA:0,(anonymous_1)
FNDA:0,(anonymous_2)
FNDA:0,(anonymous_3)
FNDA:0,(anonymous_4)
FNDA:0,(anonymous_5)
FNDA:0,(anonymous_6)
FNDA:0,(anonymous_7)
FNDA:0,(anonymous_8)
FNDA:0,(anonymous_9)
FNDA:0,useSnackbar
FNDA:0,(anonymous_11)
DA:15,0
DA:18,0
DA:19,0
DA:23,0
DA:24,0
DA:25,0
DA:26,0
DA:29,0
DA:30,0
DA:31,0
DA:32,0
DA:33,0
DA:34,0
DA:35,0
DA:36,0
DA:38,0
DA:51,0
DA:52,0
LF:18
LH:0
BRDA:26,0,0,0
BRDA:26,0,1,0
BRF:2
BRH:0
end_of_record
TN:
SF:src/utils/useStateLocation.tsx
FN:10,useStateLocation
FN:18,getLocation
FNF:2
FNH:0
FNDA:0,useStateLocation
FNDA:0,getLocation
DA:11,0
DA:15,0
DA:19,0
DA:20,0
DA:28,0
LF:5
LH:0
BRDA:19,0,0,0
BRDA:19,0,1,0
BRF:2
BRH:0
end_of_record
TN:
SF:src/utils/useTimeZoneUtils.ts
FN:11,(anonymous_0)
FN:15,(anonymous_1)
FN:21,(anonymous_2)
FN:38,(anonymous_3)
FN:45,(anonymous_4)
FN:51,(anonymous_5)
FN:52,(anonymous_6)
FN:73,(anonymous_7)
FN:82,(anonymous_8)
FN:87,(anonymous_9)
FN:88,(anonymous_10)
FN:98,(anonymous_11)
FNF:12
FNH:0
FNDA:0,(anonymous_0)
FNDA:0,(anonymous_1)
FNDA:0,(anonymous_2)
FNDA:0,(anonymous_3)
FNDA:0,(anonymous_4)
FNDA:0,(anonymous_5)
FNDA:0,(anonymous_6)
FNDA:0,(anonymous_7)
FNDA:0,(anonymous_8)
FNDA:0,(anonymous_9)
FNDA:0,(anonymous_10)
FNDA:0,(anonymous_11)
DA:9,0
DA:11,0
DA:12,0
DA:13,0
DA:15,0
DA:21,0
DA:26,0
DA:27,0
DA:29,0
DA:38,0
DA:39,0
DA:45,0
DA:46,0
DA:47,0
DA:48,0
DA:50,0
DA:51,0
DA:53,0
DA:54,0
DA:55,0
DA:58,0
DA:59,0
DA:60,0
DA:63,0
DA:73,0
DA:74,0
DA:75,0
DA:76,0
DA:82,0
DA:83,0
DA:84,0
DA:86,0
DA:87,0
DA:89,0
DA:98,0
DA:100,0
DA:108,0
DA:111,0
LF:38
LH:0
BRDA:12,0,0,0
BRDA:12,0,1,0
BRDA:27,1,0,0
BRDA:27,1,1,0
BRDA:39,2,0,0
BRDA:39,2,1,0
BRDA:54,3,0,0
BRDA:54,3,1,0
BRDA:58,4,0,0
BRDA:58,4,1,0
BRDA:59,5,0,0
BRDA:59,5,1,0
BRDA:89,6,0,0
BRDA:89,6,1,0
BRF:14
BRH:0
end_of_record
TN:
SF:src/utils/user.ts
FN:7,(anonymous_0)
FNF:1
FNH:0
FNDA:0,(anonymous_0)
DA:7,0
DA:8,0
DA:9,0
DA:11,0
DA:12,0
DA:14,0
DA:15,0
DA:17,0
LF:8
LH:0
BRDA:8,0,0,0
BRDA:8,0,1,0
BRDA:8,1,0,0
BRDA:8,1,1,0
BRDA:11,2,0,0
BRDA:11,2,1,0
BRDA:14,3,0,0
BRDA:14,3,1,0
BRDA:17,4,0,0
BRDA:17,4,1,0
BRF:10
BRH:0
end_of_record
TN:
SF:src/utils/viabilityTest.tsx
FN:4,(anonymous_0)
FN:14,(anonymous_1)
FNF:2
FNH:0
FNDA:0,(anonymous_0)
FNDA:0,(anonymous_1)
DA:4,0
DA:5,0
DA:6,0
DA:7,0
DA:8,0
DA:10,0
DA:14,0
DA:15,0
DA:16,0
DA:17,0
DA:18,0
DA:20,0
LF:12
LH:0
BRDA:5,0,0,0
BRDA:5,0,1,0
BRDA:7,1,0,0
BRDA:7,1,1,0
BRDA:15,2,0,0
BRDA:15,2,1,0
BRDA:17,3,0,0
BRDA:17,3,1,0
BRF:8
BRH:0
end_of_record
TN:
SF:src/utils/withdrawalPurposes.tsx
FN:3,withdrawalPurposes
FNF:1
FNH:0
FNDA:0,withdrawalPurposes
DA:4,0
LF:1
LH:0
BRF:0
BRH:0
end_of_record
TN:
SF:src/utils/filterHooks/index.ts
FN:10,(anonymous_0)
FN:13,(anonymous_1)
FN:14,(anonymous_2)
FN:23,(anonymous_3)
FN:26,(anonymous_4)
FN:47,(anonymous_5)
FN:49,(anonymous_6)
FN:51,(anonymous_7)
FN:52,(anonymous_8)
FN:53,(anonymous_9)
FN:55,(anonymous_10)
FN:56,(anonymous_11)
FN:57,(anonymous_12)
FN:58,(anonymous_13)
FN:60,(anonymous_14)
FN:68,(anonymous_15)
FN:75,(anonymous_16)
FN:90,(anonymous_17)
FN:91,(anonymous_18)
FN:105,(anonymous_19)
FN:106,(anonymous_20)
FN:116,(anonymous_21)
FN:117,(anonymous_22)
FNF:23
FNH:10
FNDA:24,(anonymous_0)
FNDA:35,(anonymous_1)
FNDA:58,(anonymous_2)
FNDA:7,(anonymous_3)
FNDA:8,(anonymous_4)
FNDA:12,(anonymous_5)
FNDA:13,(anonymous_6)
FNDA:4,(anonymous_7)
FNDA:9,(anonymous_8)
FNDA:4,(anonymous_9)
FNDA:0,(anonymous_10)
FNDA:0,(anonymous_11)
FNDA:0,(anonymous_12)
FNDA:0,(anonymous_13)
FNDA:0,(anonymous_14)
FNDA:0,(anonymous_15)
FNDA:0,(anonymous_16)
FNDA:0,(anonymous_17)
FNDA:0,(anonymous_18)
FNDA:0,(anonymous_19)
FNDA:0,(anonymous_20)
FNDA:0,(anonymous_21)
FNDA:0,(anonymous_22)
DA:10,1
DA:11,24
DA:12,23
DA:13,35
DA:14,58
DA:16,1
DA:17,0
DA:19,1
DA:23,1
DA:24,7
DA:26,1
DA:27,8
DA:29,1
DA:32,1
DA:36,2
DA:39,4
DA:40,2
DA:42,2
DA:47,12
DA:49,13
DA:51,1
DA:52,9
DA:53,4
DA:55,1
DA:56,1
DA:57,1
DA:58,1
DA:60,1
DA:61,0
DA:62,0
DA:64,0
DA:68,1
DA:69,0
DA:70,0
DA:75,1
DA:76,0
DA:77,0
DA:79,0
DA:80,0
DA:82,0
DA:83,0
DA:84,0
DA:86,0
DA:89,0
DA:90,0
DA:92,0
DA:93,0
DA:94,0
DA:95,0
DA:98,0
DA:102,0
DA:105,1
DA:106,0
DA:107,0
DA:108,0
DA:109,0
DA:112,0
DA:116,1
DA:117,0
DA:118,0
DA:119,0
LF:61
LH:31
BRDA:11,0,0,23
BRDA:11,0,1,1
BRDA:16,1,0,0
BRDA:16,1,1,1
BRDA:24,2,0,4
BRDA:24,2,1,3
BRDA:24,3,0,7
BRDA:24,3,1,4
BRDA:27,4,0,1
BRDA:27,4,1,1
BRDA:27,4,2,1
BRDA:27,4,3,2
BRDA:27,4,4,4
BRDA:39,5,0,2
BRDA:39,5,1,2
BRDA:49,6,0,13
BRDA:49,6,1,13
BRDA:52,7,0,4
BRDA:52,7,1,2
BRDA:52,8,0,9
BRDA:52,8,1,1
BRDA:52,8,2,8
BRDA:53,9,0,4
BRDA:53,9,1,0
BRDA:53,9,2,4
BRDA:62,10,0,0
BRDA:62,10,1,0
BRDA:83,11,0,0
BRDA:83,11,1,0
BRDA:92,12,0,0
BRDA:92,12,1,0
BRDA:94,13,0,0
BRDA:94,13,1,0
BRDA:108,14,0,0
BRDA:108,14,1,0
BRDA:108,15,0,0
BRDA:108,15,1,0
BRDA:108,15,2,0
BRDA:118,16,0,0
BRDA:118,16,1,0
BRF:40
BRH:23
end_of_record
TN:
SF:src/utils/filterHooks/useSessionFilters.ts
FN:15,(anonymous_0)
FN:25,(anonymous_1)
FN:38,(anonymous_2)
FN:61,(anonymous_3)
FNF:4
FNH:0
FNDA:0,(anonymous_0)
FNDA:0,(anonymous_1)
FNDA:0,(anonymous_2)
FNDA:0,(anonymous_3)
DA:15,0
DA:16,0
DA:17,0
DA:18,0
DA:20,0
DA:21,0
DA:24,0
DA:26,0
DA:28,0
DA:30,0
DA:31,0
DA:32,0
DA:38,0
DA:39,0
DA:40,0
DA:43,0
DA:44,0
DA:46,0
DA:51,0
DA:53,0
DA:55,0
DA:56,0
DA:58,0
DA:61,0
DA:62,0
DA:63,0
DA:66,0
DA:67,0
DA:70,0
LF:29
LH:0
BRDA:15,0,0,0
BRDA:39,1,0,0
BRDA:39,1,1,0
BRDA:62,2,0,0
BRDA:62,2,1,0
BRF:5
BRH:0
end_of_record
